[2016.02.29-03.32.52:454][  0]Log file open, 02/28/16 20:32:52
[2016.02.29-03.32.52:454][  0]LogInit:Display: Running engine for game: Star_Traders
[2016.02.29-03.32.52:454][  0]LogPlatformFile: Not using cached read wrapper
[2016.02.29-03.32.52:454][  0]LogInit:Display: RandInit(-1786475403) SRandInit(-1786475389).
[2016.02.29-03.32.52:454][  0]LogTaskGraph: Started task graph with 4 named threads and 6 total threads.
[2016.02.29-03.32.52:454][  0]LogStats: Stats thread started at 0.079733
[2016.02.29-03.32.52:454][  0]LogInit: Version: 4.10.4-2872498+++depot+UE4-Releases+4.10
[2016.02.29-03.32.52:454][  0]LogInit: API Version: 2758231
[2016.02.29-03.32.52:454][  0]LogInit: Compiled (64-bit): Feb 18 2016 15:47:04
[2016.02.29-03.32.52:454][  0]LogInit: Compiled with Visual C++: 19.00.23026.00
[2016.02.29-03.32.52:454][  0]LogInit: Build Configuration: Development
[2016.02.29-03.32.52:454][  0]LogInit: Branch Name: ++depot+UE4-Releases+4.10
[2016.02.29-03.32.52:454][  0]LogInit: Command line: -EpicPortal 
[2016.02.29-03.32.52:454][  0]LogInit: Base directory: D:/Program Files/Epic Games/4.10/Engine/Binaries/Win64/
[2016.02.29-03.32.52:454][  0]LogInit: Rocket: 1
[2016.02.29-03.32.52:462][  0]LogInit: Using libcurl 7.41.0
[2016.02.29-03.32.52:462][  0]LogInit:  - built for x86_64-pc-win32
[2016.02.29-03.32.52:462][  0]LogInit:  - supports SSL with WinSSL
[2016.02.29-03.32.52:462][  0]LogInit:  - other features:
[2016.02.29-03.32.52:462][  0]LogInit:      CURL_VERSION_SSL
[2016.02.29-03.32.52:463][  0]LogInit:      CURL_VERSION_IPV6
[2016.02.29-03.32.52:463][  0]LogInit:      CURL_VERSION_ASYNCHDNS
[2016.02.29-03.32.52:463][  0]LogInit:      CURL_VERSION_LARGEFILE
[2016.02.29-03.32.52:463][  0]LogInit:      CURL_VERSION_IDN
[2016.02.29-03.32.52:463][  0]LogInit:  CurlRequestOptions (configurable via config and command line):
[2016.02.29-03.32.52:463][  0]LogInit:  - bVerifyPeer = true  - Libcurl will verify peer certificate
[2016.02.29-03.32.52:463][  0]LogInit:  - bUseHttpProxy = false  - Libcurl will NOT use HTTP proxy
[2016.02.29-03.32.52:463][  0]LogInit:  - bDontReuseConnections = false  - Libcurl will reuse connections
[2016.02.29-03.32.52:463][  0]LogInit:  - CertBundlePath = nullptr  - Libcurl will use whatever was configured at build time.
[2016.02.29-03.32.52:472][  0]LogInit: Presizing for 0 objects not considered by GC, pre-allocating 0 bytes.
[2016.02.29-03.32.52:481][  0]LogInit: Object subsystem initialized
[2016.02.29-03.32.52:482][  0]LogInit: Selected Device Profile: [Windows]
[2016.02.29-03.32.52:482][  0]LogInit: Applying CVar settings loaded from the selected device profile: [Windows]
[2016.02.29-03.32.52:493][  0]LogInit: Computer: ATLAS
[2016.02.29-03.32.52:493][  0]LogInit: User: Robert
[2016.02.29-03.32.52:493][  0]LogInit: CPU Page size=4096, Cores=3
[2016.02.29-03.32.52:493][  0]LogInit: High frequency timer resolution =14.318180 MHz
[2016.02.29-03.32.52:493][  0]LogMemory: Memory total: Physical=8.0GB (8GB approx)
[2016.02.29-03.32.52:493][  0]LogMemory: Platform Memory Stats for Windows
[2016.02.29-03.32.52:493][  0]LogMemory: Process Physical Memory: 55.79 MB used, 55.79 MB peak
[2016.02.29-03.32.52:493][  0]LogMemory: Process Virtual Memory: 57.50 MB used, 57.50 MB peak
[2016.02.29-03.32.52:493][  0]LogMemory: Physical Memory: 4619.61 MB used, 8156.63 MB total
[2016.02.29-03.32.52:493][  0]LogMemory: Virtual Memory: 365.06 MB used, 134217728.00 MB total
[2016.02.29-03.32.52:546][  0]LogTextLocalizationManager: No specific translations for ('en-US') exist, so ('en') translations will be used.
[2016.02.29-03.32.53:111][  0]LogD3D11RHI: Found D3D11 adapter 0: AMD Radeon R9 200 Series (Feature Level 11_0)
[2016.02.29-03.32.53:111][  0]LogD3D11RHI: Adapter has 2030MB of dedicated video memory, 0MB of dedicated system memory, and 4078MB of shared system memory, 2 output[s]
[2016.02.29-03.32.53:114][  0]LogD3D11RHI: Found D3D11 adapter 1: Microsoft Basic Render Driver (Feature Level 11_0)
[2016.02.29-03.32.53:114][  0]LogD3D11RHI: Adapter has 0MB of dedicated video memory, 0MB of dedicated system memory, and 4078MB of shared system memory, 0 output[s]
[2016.02.29-03.32.53:114][  0]LogD3D11RHI: Chosen D3D11 Adapter Id = 0
[2016.02.29-03.32.53:123][  0]LogD3D11RHI: !Direct3DDevice
[2016.02.29-03.32.53:123][  0]LogRHI: Texture pool is 1361 MB (70% of 1945 MB)
[2016.02.29-03.32.53:132][  0]LogD3D11RHI: Async texture creation disabled: no driver support
[2016.02.29-03.32.53:142][  0]LogShaderCompilers: Guid format shader working directory is -12 characters bigger than the processId version (C:/Users/Robert/Documents/GitHub/Star_Traders/Star_Traders/Intermediate/Shaders/WorkingDirectory/19900/).
[2016.02.29-03.32.53:143][  0]LogShaderCompilers: Cleaned the shader compiler working directory 'C:/Users/Robert/AppData/Local/Temp/UnrealShaderWorkingDir/CEF233634D4492D62A2313AEEF309397/'.
[2016.02.29-03.32.53:143][  0]LogShaderCompilers:Display: Using Local Shader Compiler.
[2016.02.29-03.32.54:449][  0]LogTemp:Display: Loaded TP AllDesktopTargetPlatform
[2016.02.29-03.32.54:455][  0]LogTemp:Display: Loaded TP WindowsClientTargetPlatform
[2016.02.29-03.32.54:461][  0]LogTemp:Display: Loaded TP WindowsNoEditorTargetPlatform
[2016.02.29-03.32.54:468][  0]LogTemp:Display: Loaded TP WindowsServerTargetPlatform
[2016.02.29-03.32.54:475][  0]LogTemp:Display: Loaded TP WindowsTargetPlatform
[2016.02.29-03.32.54:479][  0]LogTemp:Display: Loaded TP AndroidTargetPlatform
[2016.02.29-03.32.54:484][  0]LogTemp:Display: Loaded TP Android_ASTCTargetPlatform
[2016.02.29-03.32.54:488][  0]LogTemp:Display: Loaded TP Android_ATCTargetPlatform
[2016.02.29-03.32.54:492][  0]LogTemp:Display: Loaded TP Android_DXTTargetPlatform
[2016.02.29-03.32.54:496][  0]LogTemp:Display: Loaded TP Android_ETC1TargetPlatform
[2016.02.29-03.32.54:501][  0]LogTemp:Display: Loaded TP Android_ETC2TargetPlatform
[2016.02.29-03.32.54:510][  0]LogTemp:Display: Loaded TP Android_MultiTargetPlatform
[2016.02.29-03.32.54:510][  0]LogTemp:Display: Loaded TP Android_PVRTCTargetPlatform
[2016.02.29-03.32.54:511][  0]LogTemp:Display: Loaded TP HTML5TargetPlatform
[2016.02.29-03.32.54:531][  0]LogTemp:Display: Loaded TP IOSTargetPlatform
[2016.02.29-03.32.54:535][  0]LogTemp:Display: Loaded TP LinuxNoEditorTargetPlatform
[2016.02.29-03.32.54:539][  0]LogTemp:Display: Loaded TP LinuxServerTargetPlatform
[2016.02.29-03.32.54:543][  0]LogTemp:Display: Loaded TP LinuxTargetPlatform
[2016.02.29-03.32.54:543][  0]LogTargetPlatformManager:Display: Building Assets For Windows
[2016.02.29-03.32.54:646][  0]LogDerivedDataCache:Display: Max Cache Size: 512 MB
[2016.02.29-03.32.54:727][  0]LogDerivedDataCache: Loaded boot cache 0.08s 41MB C:/Users/Robert/AppData/Local/UnrealEngine/4.10/DerivedDataCache/Boot.ddc.
[2016.02.29-03.32.54:727][  0]LogDerivedDataCache:Display: Loaded Boot cache: C:/Users/Robert/AppData/Local/UnrealEngine/4.10/DerivedDataCache/Boot.ddc
[2016.02.29-03.32.54:727][  0]LogDerivedDataCache: FDerivedDataBackendGraph:  Pak pak cache file C:/Users/Robert/Documents/GitHub/Star_Traders/Star_Traders/DerivedDataCache/DDC.ddp not found, will not use a pak cache.
[2016.02.29-03.32.54:727][  0]LogDerivedDataCache: Unable to find inner node Pak for hierarchical cache Hierarchy.
[2016.02.29-03.32.54:728][  0]LogDerivedDataCache: FDerivedDataBackendGraph:  CompressedPak pak cache file C:/Users/Robert/Documents/GitHub/Star_Traders/Star_Traders/DerivedDataCache/Compressed.ddp not found, will not use a pak cache.
[2016.02.29-03.32.54:728][  0]LogDerivedDataCache: Unable to find inner node CompressedPak for hierarchical cache Hierarchy.
[2016.02.29-03.32.54:798][  0]LogDerivedDataCache:Display: Pak cache opened for reading ../../../Engine/DerivedDataCache/Compressed.ddp.
[2016.02.29-03.32.54:810][  0]LogDerivedDataCache: Using Local data cache path C:/Users/Robert/AppData/Local/UnrealEngine/Common/DerivedDataCache: Writable
[2016.02.29-03.32.55:101][  0]LogInit: Selected Device Profile: [Windows]
[2016.02.29-03.32.55:105][  0]LogContentStreaming: Texture pool size is 0.000000MB
[2016.02.29-03.32.55:245][  0]LogMeshUtilities: No automatic mesh reduction module available
[2016.02.29-03.32.55:246][  0]LogMeshUtilities: No automatic mesh merging module available
[2016.02.29-03.32.55:588][  0]LogInit: WinSock: version 1.1 (2.2), MaxSocks=32767, MaxUdp=65467
[2016.02.29-03.32.56:965][  0]UdpMessaging: Initializing bridge on interface 0.0.0.0:0 to multicast group 230.0.0.1:6666.
[2016.02.29-03.32.57:095][  0]LogAssetRegistry: FAssetRegistry took 0.0110 seconds to start up
[2016.02.29-03.32.57:347][  0]SourceControl: Info Source control is disabled
[2016.02.29-03.32.57:601][  0]SourceControl: Info Source control is disabled
[2016.02.29-03.32.57:627][  0]SourceControl: Info Source control is disabled
[2016.02.29-03.32.57:651][  0]SourceControl: Info Source control is disabled
[2016.02.29-03.32.58:161][  0]LogObj: 28633 objects as part of root set at end of initial load.
[2016.02.29-03.32.58:161][  0]LogUObjectAllocator: 6099752 out of 0 bytes used by permanent object pool.
[2016.02.29-03.32.58:240][  0]LogEngine: Initializing Engine...
[2016.02.29-03.32.58:244][  0]LogHMD: Can't find Oculus library dev build: is proper Runtime installed? Version: 0.8.0.0
[2016.02.29-03.32.58:250][  0]LogHMD: SteamVR failed to initialize.  Err: 108
[2016.02.29-03.32.58:414][  0]LogAIModule: Creating AISystem for world NewWorld
[2016.02.29-03.32.58:452][  0]LogInit: XAudio2 using 'Speakers (VIA HD Audio)' : 2 channels at 48 kHz using 32 bits per sample (channel mask 0x3)
[2016.02.29-03.32.58:475][  0]LogInit: FAudioDevice initialized.
[2016.02.29-03.32.58:512][  0]LogDerivedDataCache: Saved boot cache 0.04s 41MB C:/Users/Robert/AppData/Local/UnrealEngine/4.10/DerivedDataCache/Boot.ddc.
[2016.02.29-03.32.58:522][  0]LogInit: Texture streaming: Enabled
[2016.02.29-03.32.58:528][  0]LogAnalytics: Creating configured Analytics provider AnalyticsET
[2016.02.29-03.32.58:528][  0]LogAnalytics: [UEEditor.Rocket.Release] APIServer = http://et2.epicgames.com/ET2/. AppVersion = 4.10.4-2872498+++depot+UE4-Releases+4.10
[2016.02.29-03.32.58:528][  0]LogAnalytics: [UEEditor.Rocket.Release] SetUserId 8db196c34d32d074ad89b8876b1d2e24|066614d967444ca3b197be692feedf20|47d2baad-93fb-43c6-adb9-2ae6a75b67fc
[2016.02.29-03.32.58:528][  0]LogAnalytics: [UEEditor.Rocket.Release] AnalyticsET::StartSession
[2016.02.29-03.32.58:539][  0]LogInit: Transaction tracking system initialized
[2016.02.29-03.32.58:570][  0]BlueprintLog: New page: Editor Load
[2016.02.29-03.32.58:663][  0]LocalizationService: Info Localization service is disabled
[2016.02.29-03.32.58:753][  0]LogConsoleResponse:Display: 
[2016.02.29-03.32.58:912][  0]LogCook:Display: Done creating registry. It took  0.00s.
[2016.02.29-03.32.59:009][  0]LogFileCache: Scanning file cache for directory 'C:/Users/Robert/Documents/GitHub/Star_Traders/Star_Traders/Content/' took 0.02s
[2016.02.29-03.32.59:009][  0]SourceControl: Info Source control is disabled
[2016.02.29-03.32.59:009][  0]Cmd: MAP LOAD FILE="C:/Users/Robert/Documents/GitHub/Star_Traders/Star_Traders/Content/Star_Traders_Resorces/Star_Planet_earth_sun_scale.umap" TEMPLATE=0 SHOWPROGRESS=1 FEATURELEVEL=3
[2016.02.29-03.32.59:010][  0]LightingResults: New page: Lighting Build
[2016.02.29-03.32.59:015][  0]MapCheck: New page: Map Check
[2016.02.29-03.32.59:015][  0]LightingResults: New page: Lighting Build
[2016.02.29-03.32.59:033][  0]LogParticles: Destroying 0 GPU particle simulations for FXSystem 0x0000003081E17B00
[2016.02.29-03.32.59:301][  0]LogMaterial: Missing cached shader map for material StarTest0, compiling. 
[2016.02.29-03.32.59:331][  0]LogTexture:Display: Building textures: HQ_Lightmap1_1 (AutoDXT)
[2016.02.29-03.32.59:332][  0]LogTexture:Display: Building textures: LQ_Lightmap_1_1 (DXT1)
[2016.02.29-03.32.59:332][  0]LogTexture:Display: Building textures: ShadowMapTexture2D_19 (G8)
[2016.02.29-03.32.59:334][  0]LogAIModule: Creating AISystem for world Star_Planet_earth_sun_scale
[2016.02.29-03.32.59:339][  0]LogEditorServer: Finished looking for orphan Actors (0.000 secs)
[2016.02.29-03.32.59:339][  0]Cmd: MAP CHECKDEP NOCLEARLOG
[2016.02.29-03.32.59:471][  0]MapCheck: Info Map check complete: 0 Error(s), 0 Warning(s), took 130.963ms to complete.
[2016.02.29-03.32.59:471][  0]LogFileHelpers: Loading map 'Star_Planet_earth_sun_scale' took 0.461
[2016.02.29-03.32.59:847][  0]LogCollectionManager: Loaded 0 collections in 0.002543 seconds
[2016.02.29-03.32.59:903][  0]LogFileCache: Scanning file cache for directory 'C:/Users/Robert/Documents/GitHub/Star_Traders/Star_Traders/Saved/Collections/' took 0.01s
[2016.02.29-03.32.59:903][  0]LogFileCache: Scanning file cache for directory 'C:/Users/Robert/Documents/GitHub/Star_Traders/Star_Traders/Content/Developers/Robert/Collections/' took 0.01s
[2016.02.29-03.32.59:903][  0]LogFileCache: Scanning file cache for directory 'C:/Users/Robert/Documents/GitHub/Star_Traders/Star_Traders/Content/Collections/' took 0.01s
[2016.02.29-03.32.59:903][  0]LogCollectionManager: Rebuilt the GUID cache for 0 collections in 0.000003 seconds
[2016.02.29-03.32.59:916][  0]LogContentBrowser: Native class hierarchy populated in 0.0129 seconds. Added 1893 classes and 338 folders.
[2016.02.29-03.32.59:927][  0]LogContentBrowser: Native class hierarchy updated for 'WidgetCarousel' in 0.0006 seconds. Added 0 classes and 0 folders.
[2016.02.29-03.33.00:955][  0]LogContentBrowser: Native class hierarchy updated for 'AddContentDialog' in 0.0006 seconds. Added 0 classes and 0 folders.
[2016.02.29-03.33.01:012][  0]LogContentBrowser: Native class hierarchy updated for 'SceneOutliner' in 0.0007 seconds. Added 1 classes and 2 folders.
[2016.02.29-03.33.01:076][  0]LogCrashTracker: Crashtracker disabled due to settings.
[2016.02.29-03.33.01:106][  0]LogWindowsTextInputMethodSystem:Display: IME system now deactivated.
[2016.02.29-03.33.01:107][  0]LogWindowsTextInputMethodSystem:Display: IME system now deactivated.
[2016.02.29-03.33.01:200][  0]LogLoad: Full Startup: 9.34 seconds (BP compile: 0.01 seconds)
[2016.02.29-03.33.01:214][  0]LogOcInput: Can't find Oculus library dev build: is proper Runtime installed? Version: 0.8.0.0
[2016.02.29-03.33.01:394][  0]LogContentStreaming: Texture pool size now 1000 MB
[2016.02.29-03.33.01:635][  0]LogRenderer: Reallocating scene render targets to support 1208x572 (Frame:2).
[2016.02.29-03.33.02:135][  5]LogAssetRegistry: Asset discovery search completed in 5.0508 seconds
[2016.02.29-03.33.02:135][  5]LogCollectionManager: Rebuilt the object cache for 0 collections in 0.000002 seconds (found 0 objects)
[2016.02.29-03.33.02:135][  5]LogCollectionManager: Fixed up redirectors for 0 collections in 0.000044 seconds (updated 0 objects)
[2016.02.29-03.33.17:872][661]LogLinker:Warning: Asset '../../../Engine/Content/ArtTools/RenderToTexture/Macros/RenderToTextureMacros.uasset' has been saved with empty engine version. The asset will be loaded but may be incompatible.
[2016.02.29-03.33.18:596][661]LogContentBrowser: Native class hierarchy updated for 'BlueprintGraph' in 0.0009 seconds. Added 107 classes and 0 folders.
[2016.02.29-03.33.37:126][721]LogEditorViewport: Clicking Background
[2016.02.29-03.35.06:823][521]Running D:/Program Files/Epic Games/4.10/Engine/Binaries/DotNET/UnrealBuildTool.exe  -projectfiles -project="C:/Users/Robert/Documents/GitHub/Star_Traders/Star_Traders/Star_Traders.uproject" -game -rocket -progress -2015
[2016.02.29-03.35.07:362][521]Discovering modules, targets and source code for game...
[2016.02.29-03.35.33:594][521]LogHotReload: Recompiling module Star_Traders...
[2016.02.29-03.35.33:601][521]LogVSAccessor:Warning: Couldn't access Visual Studio
[2016.02.29-03.35.33:634][521]Recompiling Star_Traders...
[2016.02.29-03.35.33:634][521]Launching UnrealBuildTool... [D:/Program Files/Epic Games/4.10/Engine/Binaries/DotNET/UnrealBuildTool.exe Star_Traders -Module Star_Traders Win64 Development -editorrecompile -canskiplink "C:/Users/Robert/Documents/GitHub/Star_Traders/Star_Traders/Star_Traders.uproject" -rocket  -rocket -2015]
[2016.02.29-03.36.43:744][521]Performing full C++ include scan (hot reloading a new target)
Creating makefile for hot reloading Star_Traders (no existing makefile)
Compiling game modules for hot reload
Parsing headers for Star_TradersEditor
  Running UnrealHeaderTool "C:/Users/Robert/Documents/GitHub/Star_Traders/Star_Traders/Star_Traders.uproject" "C:\Users\Robert\Documents\GitHub\Star_Traders\Star_Traders\Intermediate\Build\Win64\Star_TradersEditor\Development\UnrealHeaderTool.manifest" -LogCmds="loginit warning, logexit warning, logdatabase error" -rocket -installed
Reflection code generated for Star_TradersEditor in 10.0057714 seconds
Performing 7 actions (3 in parallel)
[3/7] Resource ModuleVersionResource.rc.inl
[2/7] Resource PCLaunch.rc
PCH.Star_Traders.h.cpp
Star_Traders.generated.cpp
Star_Traders.cpp
Ship.cpp
[7/7] Link UE4Editor-Star_Traders.dll
   Creating library C:\Users\Robert\Documents\GitHub\Star_Traders\Star_Traders\Intermediate/Build/Win64\UE4Editor\Development\UE4Editor-Star_Traders.lib and object C:\Users\Robert\Documents\GitHub\Star_Traders\Star_Traders\Intermediate/Build/Win64\UE4Editor\Development\UE4Editor-Star_Traders.exp
-------- End Detailed Actions Stats -----------------------------------------------------------
Total build time: 69.94 seconds

[2016.02.29-03.36.43:744][521]CompilerResultsLog: New page: Compilation - Feb 28, 2016, 1:36:43 PM
[2016.02.29-03.36.43:745][521]CompilerResultsLog: Info Performing full C++ include scan (hot reloading a new target)
[2016.02.29-03.36.43:745][521]CompilerResultsLog: Info Creating makefile for hot reloading Star_Traders (no existing makefile)
[2016.02.29-03.36.43:745][521]CompilerResultsLog: Info Compiling game modules for hot reload
[2016.02.29-03.36.43:745][521]CompilerResultsLog: Info Parsing headers for Star_TradersEditor
[2016.02.29-03.36.43:745][521]CompilerResultsLog: Info   Running UnrealHeaderTool "C:/Users/Robert/Documents/GitHub/Star_Traders/Star_Traders/Star_Traders.uproject" "C:\Users\Robert\Documents\GitHub\Star_Traders\Star_Traders\Intermediate\Build\Win64\Star_TradersEditor\Development\UnrealHeaderTool.manifest" -LogCmds="loginit warning, logexit warning, logdatabase error" -rocket -installed
[2016.02.29-03.36.43:745][521]CompilerResultsLog: Info Reflection code generated for Star_TradersEditor in 10.0057714 seconds
[2016.02.29-03.36.43:745][521]CompilerResultsLog: Info Performing 7 actions (3 in parallel)
[2016.02.29-03.36.43:745][521]CompilerResultsLog: Info [3/7] Resource ModuleVersionResource.rc.inl
[2016.02.29-03.36.43:745][521]CompilerResultsLog: Info [2/7] Resource PCLaunch.rc
[2016.02.29-03.36.43:745][521]CompilerResultsLog: Info PCH.Star_Traders.h.cpp
[2016.02.29-03.36.43:745][521]CompilerResultsLog: Info Star_Traders.generated.cpp
[2016.02.29-03.36.43:745][521]CompilerResultsLog: Info Star_Traders.cpp
[2016.02.29-03.36.43:745][521]CompilerResultsLog: Info Ship.cpp
[2016.02.29-03.36.43:745][521]CompilerResultsLog: Info [7/7] Link UE4Editor-Star_Traders.dll
[2016.02.29-03.36.43:745][521]CompilerResultsLog: Info    Creating library C:\Users\Robert\Documents\GitHub\Star_Traders\Star_Traders\Intermediate/Build/Win64\UE4Editor\Development\UE4Editor-Star_Traders.lib and object C:\Users\Robert\Documents\GitHub\Star_Traders\Star_Traders\Intermediate/Build/Win64\UE4Editor\Development\UE4Editor-Star_Traders.exp
[2016.02.29-03.36.43:745][521]CompilerResultsLog: Info -------- End Detailed Actions Stats -----------------------------------------------------------
[2016.02.29-03.36.43:745][521]CompilerResultsLog: Info Total build time: 69.94 seconds
[2016.02.29-03.36.43:745][521]LogMainFrame: MainFrame: Module compiling took 70.144 seconds
[2016.02.29-03.36.43:745][521]Reloading module after successful compile.
[2016.02.29-03.36.43:809][521]LogContentBrowser: Native class hierarchy updated for 'Star_Traders' in 0.0021 seconds. Added 1 classes and 2 folders.
[2016.02.29-03.36.44:141][521]LogContentBrowser: Native class hierarchy populated in 0.0125 seconds. Added 1895 classes and 342 folders.
[2016.02.29-03.37.00:000][390]LogParticles: Destroying 0 GPU particle simulations for FXSystem 0x0000003092EA3240
[2016.02.29-03.37.00:115][390]LogWindowsTextInputMethodSystem:Display: IME system now deactivated.
[2016.02.29-03.37.00:116][390]LogWindowsTextInputMethodSystem:Display: IME system now deactivated.
[2016.02.29-03.37.00:321][391]Cmd: QUIT_EDITOR
[2016.02.29-03.37.00:495][391]LogExit: Preparing to exit.
[2016.02.29-03.37.01:170][391]LogExit: Editor shut down
[2016.02.29-03.37.01:171][391]LogExit: Transaction tracking system shut down
[2016.02.29-03.37.01:172][391]LogParticles: Destroying 0 GPU particle simulations for FXSystem 0x00000030EDFFCEA0
[2016.02.29-03.37.01:172][391]LogParticles: Destroying 0 GPU particle simulations for FXSystem 0x00000030F0104CC0
[2016.02.29-03.37.01:172][391]LogParticles: Destroying 0 GPU particle simulations for FXSystem 0x000000308FD1A5C0
[2016.02.29-03.37.01:173][391]LogParticles: Destroying 0 GPU particle simulations for FXSystem 0x00000030855DA2A0
[2016.02.29-03.37.01:396][391]LogExit: Object subsystem successfully closed.
[2016.02.29-03.37.01:411][391]LogD3D11RHI: Shutdown
[2016.02.29-03.37.01:411][391]LogD3D11RHI: CleanupD3DDevice
[2016.02.29-03.37.01:515][391]LogD3D11RHI: ~FD3D11DynamicRHI
[2016.02.29-03.37.01:537][391]LogModuleManager: Shutting down and abandoning module Star_Traders (201)
[2016.02.29-03.37.01:537][391]LogModuleManager: Shutting down and abandoning module BlueprintGraph (200)
[2016.02.29-03.37.01:537][391]LogModuleManager: Shutting down and abandoning module CrashTracker (199)
[2016.02.29-03.37.01:537][391]LogModuleManager: Shutting down and abandoning module SceneOutliner (198)
[2016.02.29-03.37.01:537][391]LogModuleManager: Shutting down and abandoning module SuperSearch (197)
[2016.02.29-03.37.01:537][391]LogModuleManager: Shutting down and abandoning module WidgetCarousel (196)
[2016.02.29-03.37.01:537][391]LogModuleManager: Shutting down and abandoning module AddContentDialog (195)
[2016.02.29-03.37.01:539][391]LogModuleManager: Shutting down and abandoning module EditorWidgets (194)
[2016.02.29-03.37.01:539][391]LogModuleManager: Shutting down and abandoning module CollectionManager (193)
[2016.02.29-03.37.01:539][391]LogModuleManager: Shutting down and abandoning module StatsViewer (192)
[2016.02.29-03.37.01:539][391]LogModuleManager: Shutting down and abandoning module FoliageEdit (191)
[2016.02.29-03.37.01:539][391]LogModuleManager: Shutting down and abandoning module LandscapeEditor (190)
[2016.02.29-03.37.01:539][391]LogModuleManager: Shutting down and abandoning module ActorPickerMode (189)
[2016.02.29-03.37.01:539][391]LogModuleManager: Shutting down and abandoning module GeometryMode (188)
[2016.02.29-03.37.01:539][391]LogModuleManager: Shutting down and abandoning module TextureAlignMode (187)
[2016.02.29-03.37.01:539][391]LogModuleManager: Shutting down and abandoning module BspMode (186)
[2016.02.29-03.37.01:539][391]LogModuleManager: Shutting down and abandoning module PlacementMode (185)
[2016.02.29-03.37.01:539][391]LogModuleManager: Shutting down and abandoning module AutomationWorker (184)
[2016.02.29-03.37.01:539][391]LogModuleManager: Shutting down and abandoning module CharacterAI (183)
[2016.02.29-03.37.01:539][391]LogModuleManager: Shutting down and abandoning module SmartSnapping (182)
[2016.02.29-03.37.01:539][391]LogModuleManager: Shutting down and abandoning module ViewportSnapping (181)
[2016.02.29-03.37.01:539][391]LogModuleManager: Shutting down and abandoning module LogVisualizer (180)
[2016.02.29-03.37.01:539][391]LogModuleManager: Shutting down and abandoning module GameProjectGeneration (179)
[2016.02.29-03.37.01:539][391]LogModuleManager: Shutting down and abandoning module IntroTutorials (178)
[2016.02.29-03.37.01:539][391]LogModuleManager: Shutting down and abandoning module EditorLiveStreaming (177)
[2016.02.29-03.37.01:539][391]LogModuleManager: Shutting down and abandoning module IOSPlatformEditor (176)
[2016.02.29-03.37.01:539][391]LogModuleManager: Shutting down and abandoning module HTML5PlatformEditor (175)
[2016.02.29-03.37.01:539][391]LogModuleManager: Shutting down and abandoning module AndroidDeviceDetection (174)
[2016.02.29-03.37.01:836][391]LogModuleManager: Shutting down and abandoning module AndroidPlatformEditor (173)
[2016.02.29-03.37.01:837][391]LogModuleManager: Shutting down and abandoning module IOSRuntimeSettings (172)
[2016.02.29-03.37.01:837][391]LogModuleManager: Shutting down and abandoning module AndroidRuntimeSettings (171)
[2016.02.29-03.37.01:837][391]LogModuleManager: Shutting down and abandoning module MergeActors (170)
[2016.02.29-03.37.01:837][391]LogModuleManager: Shutting down and abandoning module SizeMap (169)
[2016.02.29-03.37.01:837][391]LogModuleManager: Shutting down and abandoning module TreeMap (168)
[2016.02.29-03.37.01:837][391]LogModuleManager: Shutting down and abandoning module ReferenceViewer (167)
[2016.02.29-03.37.01:837][391]LogModuleManager: Shutting down and abandoning module LocalizationService (166)
[2016.02.29-03.37.01:837][391]LogModuleManager: Shutting down and abandoning module LocalizationDashboard (165)
[2016.02.29-03.37.01:837][391]LogModuleManager: Shutting down and abandoning module HardwareTargeting (164)
[2016.02.29-03.37.01:837][391]LogModuleManager: Shutting down and abandoning module DeviceProfileEditor (163)
[2016.02.29-03.37.01:837][391]LogModuleManager: Shutting down and abandoning module UndoHistory (162)
[2016.02.29-03.37.01:837][391]LogModuleManager: Shutting down and abandoning module GameplayTagsEditor (161)
[2016.02.29-03.37.01:837][391]LogModuleManager: Shutting down and abandoning module UserFeedback (160)
[2016.02.29-03.37.01:837][391]LogModuleManager: Shutting down and abandoning module XmlParser (159)
[2016.02.29-03.37.01:837][391]LogModuleManager: Shutting down and abandoning module Blutility (158)
[2016.02.29-03.37.01:837][391]LogModuleManager: Shutting down and abandoning module ProjectTargetPlatformEditor (157)
[2016.02.29-03.37.01:837][391]LogModuleManager: Shutting down and abandoning module ProjectSettingsViewer (156)
[2016.02.29-03.37.01:837][391]LogModuleManager: Shutting down and abandoning module InputBindingEditor (155)
[2016.02.29-03.37.01:838][391]LogModuleManager: Shutting down and abandoning module EditorSettingsViewer (154)
[2016.02.29-03.37.01:838][391]LogModuleManager: Shutting down and abandoning module SettingsEditor (153)
[2016.02.29-03.37.01:838][391]LogModuleManager: Shutting down and abandoning module ProjectLauncher (152)
[2016.02.29-03.37.01:838][391]LogModuleManager: Shutting down and abandoning module SessionFrontend (151)
[2016.02.29-03.37.01:838][391]LogModuleManager: Shutting down and abandoning module ProfilerClient (150)
[2016.02.29-03.37.01:838][391]LogModuleManager: Shutting down and abandoning module TargetDeviceServices (149)
[2016.02.29-03.37.01:838][391]LogModuleManager: Shutting down and abandoning module DeviceManager (148)
[2016.02.29-03.37.01:838][391]LogModuleManager: Shutting down and abandoning module AutomationController (147)
[2016.02.29-03.37.01:838][391]LogModuleManager: Shutting down and abandoning module AutomationWindow (146)
[2016.02.29-03.37.01:838][391]LogModuleManager: Shutting down and abandoning module Layers (145)
[2016.02.29-03.37.01:838][391]LogModuleManager: Shutting down and abandoning module ComponentVisualizers (144)
[2016.02.29-03.37.01:838][391]LogModuleManager: Shutting down and abandoning module DetailCustomizations (143)
[2016.02.29-03.37.01:839][391]LogModuleManager: Shutting down and abandoning module PackagesDialog (142)
[2016.02.29-03.37.01:839][391]LogModuleManager: Shutting down and abandoning module Persona (141)
[2016.02.29-03.37.01:839][391]LogModuleManager: Shutting down and abandoning module Kismet (140)
[2016.02.29-03.37.01:839][391]LogModuleManager: Shutting down and abandoning module GraphEditor (139)
[2016.02.29-03.37.01:839][391]LogModuleManager: Shutting down and abandoning module ClassViewer (138)
[2016.02.29-03.37.01:842][391]LogModuleManager: Shutting down and abandoning module Toolbox (137)
[2016.02.29-03.37.01:842][391]LogModuleManager: Shutting down and abandoning module ModuleUI (136)
[2016.02.29-03.37.01:842][391]LogModuleManager: Shutting down and abandoning module MovieSceneTools (135)
[2016.02.29-03.37.01:842][391]LogModuleManager: Shutting down and abandoning module OutputLog (134)
[2016.02.29-03.37.01:842][391]LogModuleManager: Shutting down and abandoning module GammaUI (133)
[2016.02.29-03.37.01:842][391]LogModuleManager: Shutting down and abandoning module Documentation (132)
[2016.02.29-03.37.01:842][391]LogModuleManager: Shutting down and abandoning module GameLiveStreaming (131)
[2016.02.29-03.37.01:842][391]LogModuleManager: Shutting down and abandoning module StreamingPauseRendering (130)
[2016.02.29-03.37.01:842][391]LogModuleManager: Shutting down and abandoning module AnalyticsET (129)
[2016.02.29-03.37.01:842][391]LogModuleManager: Shutting down and abandoning module Analytics (128)
[2016.02.29-03.37.01:842][391]LogModuleManager: Shutting down and abandoning module AITestSuite (127)
[2016.02.29-03.37.01:842][391]LogModuleManager: Shutting down and abandoning module GameplayDebugger (126)
[2016.02.29-03.37.01:842][391]LogModuleManager: Shutting down and abandoning module AIModule (125)
[2016.02.29-03.37.01:842][391]LogModuleManager: Shutting down and abandoning module ProfilerService (124)
[2016.02.29-03.37.02:050][391]LogModuleManager: Shutting down and abandoning module TaskGraph (123)
[2016.02.29-03.37.02:050][391]LogModuleManager: Shutting down and abandoning module SlateRemote (122)
[2016.02.29-03.37.02:050][391]LogModuleManager: Shutting down and abandoning module SteamVRController (121)
[2016.02.29-03.37.02:050][391]LogModuleManager: Shutting down and abandoning module SteamVR (120)
[2016.02.29-03.37.02:050][391]LogModuleManager: Shutting down and abandoning module ProceduralMeshComponent (119)
[2016.02.29-03.37.02:050][391]LogModuleManager: Shutting down and abandoning module OculusLibrary (118)
[2016.02.29-03.37.02:050][391]LogModuleManager: Shutting down and abandoning module OculusInput (117)
[2016.02.29-03.37.02:050][391]LogModuleManager: Shutting down and abandoning module LeapMotionController (116)
[2016.02.29-03.37.02:082][391]LogModuleManager: Shutting down and abandoning module CustomMeshComponent (115)
[2016.02.29-03.37.02:082][391]LogModuleManager: Shutting down and abandoning module CableComponent (114)
[2016.02.29-03.37.02:083][391]LogModuleManager: Shutting down and abandoning module ArchVisCharacter (113)
[2016.02.29-03.37.02:083][391]LogModuleManager: Shutting down and abandoning module MessagingDebugger (112)
[2016.02.29-03.37.02:083][391]LogModuleManager: Shutting down and abandoning module MediaPlayerEditor (111)
[2016.02.29-03.37.02:083][391]LogModuleManager: Shutting down and abandoning module HTML5Networking (110)
[2016.02.29-03.37.02:083][391]LogModuleManager: Shutting down and abandoning module CodeView (109)
[2016.02.29-03.37.02:083][391]LogModuleManager: Shutting down and abandoning module SpeedTreeImporter (108)
[2016.02.29-03.37.02:083][391]LogModuleManager: Shutting down and abandoning module PluginBrowser (107)
[2016.02.29-03.37.02:083][391]LogModuleManager: Shutting down and abandoning module EpicSurvey (106)
[2016.02.29-03.37.02:083][391]LogModuleManager: Shutting down and abandoning module DesktopPlatform (105)
[2016.02.29-03.37.02:083][391]LogModuleManager: Shutting down and abandoning module VisualStudioSourceCodeAccess (104)
[2016.02.29-03.37.02:083][391]LogModuleManager: Shutting down and abandoning module UObjectPlugin (103)
[2016.02.29-03.37.02:083][391]LogModuleManager: Shutting down and abandoning module SubversionSourceControl (102)
[2016.02.29-03.37.02:083][391]LogModuleManager: Shutting down and abandoning module PerforceSourceControl (101)
[2016.02.29-03.37.02:083][391]LogModuleManager: Shutting down and abandoning module SourceControl (100)
[2016.02.29-03.37.02:083][391]LogModuleManager: Shutting down and abandoning module GitSourceControl (99)
[2016.02.29-03.37.02:083][391]LogModuleManager: Shutting down and abandoning module LightPropagationVolumeEditor (98)
[2016.02.29-03.37.02:083][391]LogModuleManager: Shutting down and abandoning module PaperTiledImporter (97)
[2016.02.29-03.37.02:083][391]LogModuleManager: Shutting down and abandoning module PaperSpriteSheetImporter (96)
[2016.02.29-03.37.02:083][391]LogModuleManager: Shutting down and abandoning module MeshPaint (95)
[2016.02.29-03.37.02:083][391]LogModuleManager: Shutting down and abandoning module SlateReflector (94)
[2016.02.29-03.37.02:083][391]LogModuleManager: Shutting down and abandoning module HotReload (93)
[2016.02.29-03.37.02:083][391]LogModuleManager: Shutting down and abandoning module MainFrame (92)
[2016.02.29-03.37.02:083][391]LogModuleManager: Shutting down and abandoning module LevelEditor (91)
[2016.02.29-03.37.02:085][391]LogModuleManager: Shutting down and abandoning module DirectoryWatcher (90)
[2016.02.29-03.37.02:086][391]LogModuleManager: Shutting down and abandoning module AssetRegistry (89)
[2016.02.29-03.37.02:194][391]LogModuleManager: Shutting down and abandoning module ContentBrowser (88)
[2016.02.29-03.37.02:195][391]LogModuleManager: Shutting down and abandoning module Paper2DEditor (87)
[2016.02.29-03.37.02:195][391]LogModuleManager: Shutting down and abandoning module UdpMessaging (86)
[2016.02.29-03.37.02:296][391]LogModuleManager: Shutting down and abandoning module LightPropagationVolumeRuntime (85)
[2016.02.29-03.37.02:296][391]LogModuleManager: Shutting down and abandoning module Paper2D (84)
[2016.02.29-03.37.02:296][391]LogModuleManager: Shutting down and abandoning module WindowsMoviePlayer (83)
[2016.02.29-03.37.02:299][391]LogModuleManager: Shutting down and abandoning module Media (82)
[2016.02.29-03.37.02:299][391]LogModuleManager: Shutting down and abandoning module WmfMedia (81)
[2016.02.29-03.37.02:299][391]LogModuleManager: Shutting down and abandoning module OnlineBlueprintSupport (80)
[2016.02.29-03.37.02:299][391]LogModuleManager: Shutting down and abandoning module GameplayTasksEditor (79)
[2016.02.29-03.37.02:299][391]LogModuleManager: Shutting down and abandoning module PropertyEditor (78)
[2016.02.29-03.37.02:299][391]LogModuleManager: Shutting down and abandoning module BehaviorTreeEditor (77)
[2016.02.29-03.37.02:299][391]LogModuleManager: Shutting down and abandoning module FunctionalTesting (76)
[2016.02.29-03.37.02:299][391]LogModuleManager: Shutting down and abandoning module CollisionAnalyzer (75)
[2016.02.29-03.37.02:299][391]LogModuleManager: Shutting down and abandoning module WorkspaceMenuStructure (74)
[2016.02.29-03.37.02:299][391]LogModuleManager: Shutting down and abandoning module MessageLog (73)
[2016.02.29-03.37.02:299][391]LogModuleManager: Shutting down and abandoning module Sequencer (72)
[2016.02.29-03.37.02:299][391]LogModuleManager: Shutting down and abandoning module AssetTools (71)
[2016.02.29-03.37.02:299][391]LogModuleManager: Shutting down and abandoning module UMGEditor (70)
[2016.02.29-03.37.02:299][391]LogModuleManager: Shutting down and abandoning module UMG (69)
[2016.02.29-03.37.02:299][391]LogModuleManager: Shutting down and abandoning module Slate (68)
[2016.02.29-03.37.02:299][391]LogModuleManager: Shutting down and abandoning module EditorStyle (67)
[2016.02.29-03.37.02:301][391]LogModuleManager: Shutting down and abandoning module SessionServices (66)
[2016.02.29-03.37.02:301][391]LogModuleManager: Shutting down and abandoning module SourceCodeAccess (65)
[2016.02.29-03.37.02:301][391]LogModuleManager: Shutting down and abandoning module HeadMountedDisplay (64)
[2016.02.29-03.37.02:301][391]LogModuleManager: Shutting down and abandoning module XAudio2 (63)
[2016.02.29-03.37.02:301][391]LogModuleManager: Shutting down and abandoning module Networking (61)
[2016.02.29-03.37.02:301][391]LogModuleManager: Shutting down and abandoning module Core (60)
[2016.02.29-03.37.02:301][391]LogModuleManager: Shutting down and abandoning module KismetCompiler (59)
[2016.02.29-03.37.02:301][391]LogModuleManager: Shutting down and abandoning module PhysXFormats (58)
[2016.02.29-03.37.02:301][391]LogModuleManager: Shutting down and abandoning module MeshUtilities (57)
[2016.02.29-03.37.02:302][391]LogModuleManager: Shutting down and abandoning module DerivedDataCache (56)
[2016.02.29-03.37.02:342][391]LogDerivedDataCache: Shutdown
[2016.02.29-03.37.02:342][391]LogModuleManager: Shutting down and abandoning module ShaderFormatOpenGL (55)
[2016.02.29-03.37.02:342][391]LogModuleManager: Shutting down and abandoning module ShaderFormatD3D (54)
[2016.02.29-03.37.02:342][391]LogModuleManager: Shutting down and abandoning module MetalShaderFormat (53)
[2016.02.29-03.37.02:342][391]LogModuleManager: Shutting down and abandoning module TextureFormatUncompressed (52)
[2016.02.29-03.37.02:342][391]LogModuleManager: Shutting down and abandoning module TextureFormatPVR (51)
[2016.02.29-03.37.02:342][391]LogModuleManager: Shutting down and abandoning module TextureFormatIntelISPCTexComp (50)
[2016.02.29-03.37.02:342][391]LogModuleManager: Shutting down and abandoning module TextureFormatDXT (49)
[2016.02.29-03.37.02:342][391]LogModuleManager: Shutting down and abandoning module ImageWrapper (48)
[2016.02.29-03.37.02:342][391]LogModuleManager: Shutting down and abandoning module TextureFormatASTC (47)
[2016.02.29-03.37.02:342][391]LogModuleManager: Shutting down and abandoning module TextureFormatAndroid (46)
[2016.02.29-03.37.02:342][391]LogModuleManager: Shutting down and abandoning module AudioFormatOpus (45)
[2016.02.29-03.37.02:342][391]LogModuleManager: Shutting down and abandoning module AudioFormatOgg (44)
[2016.02.29-03.37.02:342][391]LogModuleManager: Shutting down and abandoning module AudioFormatADPCM (43)
[2016.02.29-03.37.02:342][391]LogModuleManager: Shutting down and abandoning module LinuxTargetPlatform (42)
[2016.02.29-03.37.02:342][391]LogModuleManager: Shutting down and abandoning module LinuxServerTargetPlatform (41)
[2016.02.29-03.37.02:342][391]LogModuleManager: Shutting down and abandoning module LinuxNoEditorTargetPlatform (40)
[2016.02.29-03.37.02:342][391]LogModuleManager: Shutting down and abandoning module Messaging (39)
[2016.02.29-03.37.02:342][391]LogModuleManager: Shutting down and abandoning module IOSTargetPlatform (38)
[2016.02.29-03.37.02:342][391]LogModuleManager: Shutting down and abandoning module HTML5TargetPlatform (37)
[2016.02.29-03.37.02:342][391]LogModuleManager: Shutting down and abandoning module Android_PVRTCTargetPlatform (36)
[2016.02.29-03.37.02:342][391]LogModuleManager: Shutting down and abandoning module Android_MultiTargetPlatform (35)
[2016.02.29-03.37.02:342][391]LogModuleManager: Shutting down and abandoning module Android_ETC2TargetPlatform (34)
[2016.02.29-03.37.02:342][391]LogModuleManager: Shutting down and abandoning module Android_ETC1TargetPlatform (33)
[2016.02.29-03.37.02:342][391]LogModuleManager: Shutting down and abandoning module Android_DXTTargetPlatform (32)
[2016.02.29-03.37.02:342][391]LogModuleManager: Shutting down and abandoning module Android_ATCTargetPlatform (31)
[2016.02.29-03.37.02:342][391]LogModuleManager: Shutting down and abandoning module Android_ASTCTargetPlatform (30)
[2016.02.29-03.37.02:342][391]LogModuleManager: Shutting down and abandoning module AndroidTargetPlatform (29)
[2016.02.29-03.37.02:342][391]LogModuleManager: Shutting down and abandoning module WindowsTargetPlatform (28)
[2016.02.29-03.37.02:342][391]LogModuleManager: Shutting down and abandoning module WindowsServerTargetPlatform (27)
[2016.02.29-03.37.02:343][391]LogModuleManager: Shutting down and abandoning module WindowsNoEditorTargetPlatform (26)
[2016.02.29-03.37.02:343][391]LogModuleManager: Shutting down and abandoning module WindowsClientTargetPlatform (25)
[2016.02.29-03.37.02:343][391]LogModuleManager: Shutting down and abandoning module AllDesktopTargetPlatform (24)
[2016.02.29-03.37.02:343][391]LogModuleManager: Shutting down and abandoning module TargetPlatform (23)
[2016.02.29-03.37.02:343][391]LogModuleManager: Shutting down and abandoning module InputCore (22)
[2016.02.29-03.37.02:343][391]LogModuleManager: Shutting down and abandoning module Settings (21)
[2016.02.29-03.37.02:343][391]LogModuleManager: Shutting down and abandoning module OnlineSubsystem (19)
[2016.02.29-03.37.02:343][391]LogModuleManager: Shutting down and abandoning module HTTP (18)
[2016.02.29-03.37.03:344][391]LogModuleManager: Shutting down and abandoning module XMPP (17)
[2016.02.29-03.37.03:344][391]LogModuleManager: Shutting down and abandoning module OculusRift (16)
[2016.02.29-03.37.03:344][391]LogModuleManager: Shutting down and abandoning module ExampleDeviceProfileSelector (15)
[2016.02.29-03.37.03:344][391]LogModuleManager: Shutting down and abandoning module TextureCompressor (14)
[2016.02.29-03.37.03:344][391]LogModuleManager: Shutting down and abandoning module ShaderCore (13)
[2016.02.29-03.37.03:344][391]LogModuleManager: Shutting down and abandoning module Landscape (12)
[2016.02.29-03.37.03:344][391]LogModuleManager: Shutting down and abandoning module SlateRHIRenderer (11)
[2016.02.29-03.37.03:346][391]LogModuleManager: Shutting down and abandoning module OpenGLDrv (10)
[2016.02.29-03.37.03:346][391]LogModuleManager: Shutting down and abandoning module D3D11RHI (9)
[2016.02.29-03.37.03:346][391]LogModuleManager: Shutting down and abandoning module AnimGraphRuntime (8)
[2016.02.29-03.37.03:346][391]LogModuleManager: Shutting down and abandoning module Renderer (7)
[2016.02.29-03.37.03:346][391]LogModuleManager: Shutting down and abandoning module Engine (6)
[2016.02.29-03.37.03:346][391]LogModuleManager: Shutting down and abandoning module CoreUObject (5)
[2016.02.29-03.37.03:346][391]LogModuleManager: Shutting down and abandoning module NetworkFile (4)
[2016.02.29-03.37.03:346][391]LogModuleManager: Shutting down and abandoning module StreamingFile (3)
[2016.02.29-03.37.03:346][391]LogModuleManager: Shutting down and abandoning module SandboxFile (2)
[2016.02.29-03.37.03:346][391]LogModuleManager: Shutting down and abandoning module PakFile (1)
[2016.02.29-03.37.03:348][391]LogExit: Exiting.
[2016.02.29-03.37.03:360][391]Log file closed, 02/28/16 20:37:03
