[2016.04.06-23.05.56:470][  0]Log file open, 04/06/16 17:05:56
[2016.04.06-23.05.56:470][  0]LogInit:Display: Running engine for game: Star_Traders
[2016.04.06-23.05.56:470][  0]LogPlatformFile: Not using cached read wrapper
[2016.04.06-23.05.56:470][  0]LogInit:Display: RandInit(861340297) SRandInit(861340298).
[2016.04.06-23.05.56:470][  0]LogTaskGraph: Started task graph with 4 named threads and 5 total threads.
[2016.04.06-23.05.56:470][  0]LogStats: Stats thread started at 0.063734
[2016.04.06-23.05.56:470][  0]LogInit: Version: 4.10.4-2872498+++depot+UE4-Releases+4.10
[2016.04.06-23.05.56:470][  0]LogInit: API Version: 2758231
[2016.04.06-23.05.56:470][  0]LogInit: Compiled (64-bit): Feb 18 2016 15:47:04
[2016.04.06-23.05.56:470][  0]LogInit: Compiled with Visual C++: 19.00.23026.00
[2016.04.06-23.05.56:470][  0]LogInit: Build Configuration: Development
[2016.04.06-23.05.56:470][  0]LogInit: Branch Name: ++depot+UE4-Releases+4.10
[2016.04.06-23.05.56:470][  0]LogInit: Command line: -EpicPortal 
[2016.04.06-23.05.56:470][  0]LogInit: Base directory: C:/Program Files (x86)/Epic Games/4.10/Engine/Binaries/Win64/
[2016.04.06-23.05.56:470][  0]LogInit: Rocket: 1
[2016.04.06-23.05.56:476][  0]LogInit: Using libcurl 7.41.0
[2016.04.06-23.05.56:476][  0]LogInit:  - built for x86_64-pc-win32
[2016.04.06-23.05.56:476][  0]LogInit:  - supports SSL with WinSSL
[2016.04.06-23.05.56:476][  0]LogInit:  - other features:
[2016.04.06-23.05.56:476][  0]LogInit:      CURL_VERSION_SSL
[2016.04.06-23.05.56:476][  0]LogInit:      CURL_VERSION_IPV6
[2016.04.06-23.05.56:476][  0]LogInit:      CURL_VERSION_ASYNCHDNS
[2016.04.06-23.05.56:476][  0]LogInit:      CURL_VERSION_LARGEFILE
[2016.04.06-23.05.56:476][  0]LogInit:      CURL_VERSION_IDN
[2016.04.06-23.05.56:476][  0]LogInit:  CurlRequestOptions (configurable via config and command line):
[2016.04.06-23.05.56:476][  0]LogInit:  - bVerifyPeer = true  - Libcurl will verify peer certificate
[2016.04.06-23.05.56:476][  0]LogInit:  - bUseHttpProxy = false  - Libcurl will NOT use HTTP proxy
[2016.04.06-23.05.56:476][  0]LogInit:  - bDontReuseConnections = false  - Libcurl will reuse connections
[2016.04.06-23.05.56:476][  0]LogInit:  - CertBundlePath = nullptr  - Libcurl will use whatever was configured at build time.
[2016.04.06-23.05.56:486][  0]LogInit: Presizing for 0 objects not considered by GC, pre-allocating 0 bytes.
[2016.04.06-23.05.56:492][  0]LogInit: Object subsystem initialized
[2016.04.06-23.05.56:493][  0]LogInit: Selected Device Profile: [Windows]
[2016.04.06-23.05.56:493][  0]LogInit: Applying CVar settings loaded from the selected device profile: [Windows]
[2016.04.06-23.05.56:504][  0]LogInit: Computer: DESKTOP-275DM9P
[2016.04.06-23.05.56:504][  0]LogInit: User: baroq
[2016.04.06-23.05.56:504][  0]LogInit: CPU Page size=4096, Cores=2
[2016.04.06-23.05.56:504][  0]LogInit: High frequency timer resolution =2.143474 MHz
[2016.04.06-23.05.56:505][  0]LogMemory: Memory total: Physical=7.9GB (8GB approx)
[2016.04.06-23.05.56:505][  0]LogMemory: Platform Memory Stats for Windows
[2016.04.06-23.05.56:505][  0]LogMemory: Process Physical Memory: 55.98 MB used, 55.98 MB peak
[2016.04.06-23.05.56:505][  0]LogMemory: Process Virtual Memory: 55.78 MB used, 55.78 MB peak
[2016.04.06-23.05.56:505][  0]LogMemory: Physical Memory: 5597.47 MB used, 8073.11 MB total
[2016.04.06-23.05.56:505][  0]LogMemory: Virtual Memory: 380.80 MB used, 134217728.00 MB total
[2016.04.06-23.05.56:540][  0]LogTextLocalizationManager: No specific translations for ('en-US') exist, so ('en') translations will be used.
[2016.04.06-23.05.57:158][  0]LogD3D11RHI: Found D3D11 adapter 0: Intel(R) HD Graphics 5500 (Feature Level 11_0)
[2016.04.06-23.05.57:158][  0]LogD3D11RHI: Adapter has 128MB of dedicated video memory, 0MB of dedicated system memory, and 4036MB of shared system memory, 1 output[s]
[2016.04.06-23.05.57:161][  0]LogD3D11RHI: Found D3D11 adapter 1: Microsoft Basic Render Driver (Feature Level 11_0)
[2016.04.06-23.05.57:161][  0]LogD3D11RHI: Adapter has 0MB of dedicated video memory, 0MB of dedicated system memory, and 4036MB of shared system memory, 0 output[s]
[2016.04.06-23.05.57:161][  0]LogD3D11RHI: Chosen D3D11 Adapter Id = 0
[2016.04.06-23.05.57:170][  0]LogD3D11RHI: !Direct3DDevice
[2016.04.06-23.05.57:170][  0]LogRHI: Texture pool is 1361 MB (70% of 1945 MB)
[2016.04.06-23.05.57:181][  0]LogD3D11RHI: Async texture creation enabled
[2016.04.06-23.05.57:187][  0]LogShaderCompilers: Guid format shader working directory is -35 characters bigger than the processId version (../../../../../../Users/baroq/OneDrive/Documents/GitHub/Star_Traders/Star_Traders/Intermediate/Shaders/WorkingDirectory/6808/).
[2016.04.06-23.05.57:187][  0]LogShaderCompilers: Cleaned the shader compiler working directory 'C:/Users/baroq/AppData/Local/Temp/UnrealShaderWorkingDir/A5C61C4D487AFD3E120C00A0A86A7F09/'.
[2016.04.06-23.05.57:188][  0]LogShaderCompilers:Display: Using Local Shader Compiler.
[2016.04.06-23.05.58:183][  0]LogTemp:Display: Loaded TP AllDesktopTargetPlatform
[2016.04.06-23.05.58:187][  0]LogTemp:Display: Loaded TP WindowsClientTargetPlatform
[2016.04.06-23.05.58:192][  0]LogTemp:Display: Loaded TP WindowsNoEditorTargetPlatform
[2016.04.06-23.05.58:196][  0]LogTemp:Display: Loaded TP WindowsServerTargetPlatform
[2016.04.06-23.05.58:200][  0]LogTemp:Display: Loaded TP WindowsTargetPlatform
[2016.04.06-23.05.58:203][  0]LogTemp:Display: Loaded TP AndroidTargetPlatform
[2016.04.06-23.05.58:207][  0]LogTemp:Display: Loaded TP Android_ASTCTargetPlatform
[2016.04.06-23.05.58:213][  0]LogTemp:Display: Loaded TP Android_ATCTargetPlatform
[2016.04.06-23.05.58:216][  0]LogTemp:Display: Loaded TP Android_DXTTargetPlatform
[2016.04.06-23.05.58:219][  0]LogTemp:Display: Loaded TP Android_ETC1TargetPlatform
[2016.04.06-23.05.58:223][  0]LogTemp:Display: Loaded TP Android_ETC2TargetPlatform
[2016.04.06-23.05.58:230][  0]LogTemp:Display: Loaded TP Android_MultiTargetPlatform
[2016.04.06-23.05.58:230][  0]LogTemp:Display: Loaded TP Android_PVRTCTargetPlatform
[2016.04.06-23.05.58:231][  0]LogTemp:Display: Loaded TP HTML5TargetPlatform
[2016.04.06-23.05.58:248][  0]LogTemp:Display: Loaded TP IOSTargetPlatform
[2016.04.06-23.05.58:251][  0]LogTemp:Display: Loaded TP LinuxNoEditorTargetPlatform
[2016.04.06-23.05.58:254][  0]LogTemp:Display: Loaded TP LinuxServerTargetPlatform
[2016.04.06-23.05.58:258][  0]LogTemp:Display: Loaded TP LinuxTargetPlatform
[2016.04.06-23.05.58:258][  0]LogTargetPlatformManager:Display: Building Assets For Windows
[2016.04.06-23.05.58:336][  0]LogDerivedDataCache:Display: Max Cache Size: 512 MB
[2016.04.06-23.05.58:409][  0]LogDerivedDataCache: Loaded boot cache 0.07s 41MB C:/Users/baroq/AppData/Local/UnrealEngine/4.10/DerivedDataCache/Boot.ddc.
[2016.04.06-23.05.58:409][  0]LogDerivedDataCache:Display: Loaded Boot cache: C:/Users/baroq/AppData/Local/UnrealEngine/4.10/DerivedDataCache/Boot.ddc
[2016.04.06-23.05.58:409][  0]LogDerivedDataCache: FDerivedDataBackendGraph:  Pak pak cache file ../../../../../../Users/baroq/OneDrive/Documents/GitHub/Star_Traders/Star_Traders/DerivedDataCache/DDC.ddp not found, will not use a pak cache.
[2016.04.06-23.05.58:409][  0]LogDerivedDataCache: Unable to find inner node Pak for hierarchical cache Hierarchy.
[2016.04.06-23.05.58:409][  0]LogDerivedDataCache: FDerivedDataBackendGraph:  CompressedPak pak cache file ../../../../../../Users/baroq/OneDrive/Documents/GitHub/Star_Traders/Star_Traders/DerivedDataCache/Compressed.ddp not found, will not use a pak cache.
[2016.04.06-23.05.58:409][  0]LogDerivedDataCache: Unable to find inner node CompressedPak for hierarchical cache Hierarchy.
[2016.04.06-23.05.58:484][  0]LogDerivedDataCache:Display: Pak cache opened for reading ../../../Engine/DerivedDataCache/Compressed.ddp.
[2016.04.06-23.05.58:496][  0]LogDerivedDataCache: Using Local data cache path C:/Users/baroq/AppData/Local/UnrealEngine/Common/DerivedDataCache: Writable
[2016.04.06-23.05.58:714][  0]LogInit: Selected Device Profile: [Windows]
[2016.04.06-23.05.58:718][  0]LogContentStreaming: Texture pool size is 0.000000MB
[2016.04.06-23.05.58:852][  0]LogMeshUtilities: No automatic mesh reduction module available
[2016.04.06-23.05.58:852][  0]LogMeshUtilities: No automatic mesh merging module available
[2016.04.06-23.05.59:212][  0]LogInit: WinSock: version 1.1 (2.2), MaxSocks=32767, MaxUdp=65467
[2016.04.06-23.06.00:168][  0]UdpMessaging: Initializing bridge on interface 0.0.0.0:0 to multicast group 230.0.0.1:6666.
[2016.04.06-23.06.00:329][  0]LogAssetRegistry: FAssetRegistry took 0.0111 seconds to start up
[2016.04.06-23.06.00:623][  0]SourceControl: Info Source control is disabled
[2016.04.06-23.06.00:625][  0]SourceControl: Info Source control is disabled
[2016.04.06-23.06.00:634][  0]SourceControl: Info Source control is disabled
[2016.04.06-23.06.00:646][  0]SourceControl: Info Source control is disabled
[2016.04.06-23.06.00:920][  0]LogObj: 28641 objects as part of root set at end of initial load.
[2016.04.06-23.06.00:920][  0]LogUObjectAllocator: 6108888 out of 0 bytes used by permanent object pool.
[2016.04.06-23.06.00:991][  0]LogEngine: Initializing Engine...
[2016.04.06-23.06.00:994][  0]LogHMD: Can't find Oculus library dev build: is proper Runtime installed? Version: 0.8.0.0
[2016.04.06-23.06.00:995][  0]LogHMD: SteamVR failed to initialize.  Err: 110
[2016.04.06-23.06.01:177][  0]LogAIModule: Creating AISystem for world NewWorld
[2016.04.06-23.06.01:181][  0]LogInit: XAudio2 using 'Speakers (Conexant SmartAudio HD)' : 2 channels at 44.1 kHz using 32 bits per sample (channel mask 0x3)
[2016.04.06-23.06.01:201][  0]LogInit: FAudioDevice initialized.
[2016.04.06-23.06.01:244][  0]LogDerivedDataCache: Saved boot cache 0.04s 41MB C:/Users/baroq/AppData/Local/UnrealEngine/4.10/DerivedDataCache/Boot.ddc.
[2016.04.06-23.06.01:256][  0]LogInit: Texture streaming: Enabled
[2016.04.06-23.06.01:262][  0]LogAnalytics: Creating configured Analytics provider AnalyticsET
[2016.04.06-23.06.01:262][  0]LogAnalytics: [UEEditor.Rocket.Release] APIServer = http://et2.epicgames.com/ET2/. AppVersion = 4.10.4-2872498+++depot+UE4-Releases+4.10
[2016.04.06-23.06.01:262][  0]LogAnalytics: [UEEditor.Rocket.Release] SetUserId 4b4d598842b4899fe4dc8b941a85a4d8|33dab70fd44b4664be9d6c7e480004c7|aae71f41-2021-4880-b802-f85557d08e84
[2016.04.06-23.06.01:262][  0]LogAnalytics: [UEEditor.Rocket.Release] AnalyticsET::StartSession
[2016.04.06-23.06.01:274][  0]LogInit: Transaction tracking system initialized
[2016.04.06-23.06.01:302][  0]BlueprintLog: New page: Editor Load
[2016.04.06-23.06.01:393][  0]LocalizationService: Info Localization service is disabled
[2016.04.06-23.06.01:472][  0]LogConsoleResponse:Display: 
[2016.04.06-23.06.01:666][  0]LogCook:Display: Done creating registry. It took  0.00s.
[2016.04.06-23.06.01:735][  0]LogFileCache: Scanning file cache for directory 'C:/Users/baroq/OneDrive/Documents/GitHub/Star_Traders/Star_Traders/Content/' took 0.02s
[2016.04.06-23.06.01:735][  0]SourceControl: Info Source control is disabled
[2016.04.06-23.06.01:735][  0]Cmd: MAP LOAD FILE="../../../../../../Users/baroq/OneDrive/Documents/GitHub/Star_Traders/Star_Traders/Content/Star_Traders_Resorces/Levels/DemoLevel.umap" TEMPLATE=0 SHOWPROGRESS=1 FEATURELEVEL=3
[2016.04.06-23.06.01:736][  0]LightingResults: New page: Lighting Build
[2016.04.06-23.06.01:739][  0]MapCheck: New page: Map Check
[2016.04.06-23.06.01:739][  0]LightingResults: New page: Lighting Build
[2016.04.06-23.06.01:764][  0]LogParticles: Destroying 0 GPU particle simulations for FXSystem 0x00000292463EFB00
[2016.04.06-23.06.02:761][  0]LogMaterial: Missing cached shader map for material Grass, compiling. 
[2016.04.06-23.06.02:798][  0]LogMaterial: Missing cached shader map for material Neptune, compiling. 
[2016.04.06-23.06.02:812][  0]LogMaterial: Missing cached shader map for material Mountain_02, compiling. 
[2016.04.06-23.06.02:825][  0]LogMaterial: Missing cached shader map for material Mountain, compiling. 
[2016.04.06-23.06.02:838][  0]LogMaterial: Missing cached shader map for material Snow, compiling. 
[2016.04.06-23.06.02:851][  0]LogMaterial: Missing cached shader map for material Rock_01, compiling. 
[2016.04.06-23.06.02:862][  0]LogMaterial: Missing cached shader map for material Terrain, compiling. 
[2016.04.06-23.06.02:875][  0]LogMaterial: Missing cached shader map for material Sun_01, compiling. 
[2016.04.06-23.06.02:890][  0]LogMaterial: Missing cached shader map for material Water, compiling. 
[2016.04.06-23.06.02:905][  0]LogTexture:Display: Building textures: HexTiles (AutoDXT)
[2016.04.06-23.06.03:207][  0]LogMaterial: Missing cached shader map for material HexTiles_Mat, compiling. 
[2016.04.06-23.06.03:340][  0]LogMaterial: Missing cached shader map for material Ice_01, compiling. 
[2016.04.06-23.06.03:663][  0]LogAIModule: Creating AISystem for world DemoLevel
[2016.04.06-23.06.03:676][  0]LogEditorServer: Finished looking for orphan Actors (0.000 secs)
[2016.04.06-23.06.03:677][  0]Cmd: MAP CHECKDEP NOCLEARLOG
[2016.04.06-23.06.03:777][  0]MapCheck: Info Map check complete: 0 Error(s), 0 Warning(s), took 99.654ms to complete.
[2016.04.06-23.06.03:777][  0]LogFileHelpers: Loading map 'DemoLevel' took 2.042
[2016.04.06-23.06.04:033][  0]LogCollectionManager: Loaded 0 collections in 0.004455 seconds
[2016.04.06-23.06.04:082][  0]LogFileCache: Scanning file cache for directory 'C:/Users/baroq/OneDrive/Documents/GitHub/Star_Traders/Star_Traders/Saved/Collections/' took 0.01s
[2016.04.06-23.06.04:082][  0]LogFileCache: Scanning file cache for directory 'C:/Users/baroq/OneDrive/Documents/GitHub/Star_Traders/Star_Traders/Content/Developers/baroq/Collections/' took 0.01s
[2016.04.06-23.06.04:082][  0]LogFileCache: Scanning file cache for directory 'C:/Users/baroq/OneDrive/Documents/GitHub/Star_Traders/Star_Traders/Content/Collections/' took 0.01s
[2016.04.06-23.06.04:082][  0]LogCollectionManager: Rebuilt the GUID cache for 0 collections in 0.000002 seconds
[2016.04.06-23.06.04:124][  0]LogContentBrowser: Native class hierarchy populated in 0.0416 seconds. Added 1894 classes and 340 folders.
[2016.04.06-23.06.04:153][  0]LogContentBrowser: Native class hierarchy updated for 'WidgetCarousel' in 0.0024 seconds. Added 0 classes and 0 folders.
[2016.04.06-23.06.04:902][  0]LogContentBrowser: Native class hierarchy updated for 'AddContentDialog' in 0.0037 seconds. Added 0 classes and 0 folders.
[2016.04.06-23.06.04:915][  0]LogContentBrowser: Native class hierarchy updated for 'SceneOutliner' in 0.0035 seconds. Added 1 classes and 2 folders.
[2016.04.06-23.06.04:971][  0]LogCrashTracker: Crashtracker disabled due to settings.
[2016.04.06-23.06.04:983][  0]LogUObjectGlobals:Warning: Failed to find object 'Class None.'
[2016.04.06-23.06.05:006][  0]LogLoad: Full Startup: 9.42 seconds (BP compile: 0.34 seconds)
[2016.04.06-23.06.05:025][  0]LogWindowsTextInputMethodSystem:Display: IME system now deactivated.
[2016.04.06-23.06.05:026][  0]LogWindowsTextInputMethodSystem:Display: IME system now deactivated.
[2016.04.06-23.06.05:033][  0]LogOcInput: Can't find Oculus library dev build: is proper Runtime installed? Version: 0.8.0.0
[2016.04.06-23.06.05:375][  0]LogContentStreaming: Texture pool size now 1000 MB
[2016.04.06-23.06.05:762][  0]LogRenderer: Reallocating scene render targets to support 804x340 (Frame:2).
[2016.04.06-23.06.34:394][409]LogAssetRegistry: Asset discovery search completed in 34.0758 seconds
[2016.04.06-23.06.34:395][409]LogCollectionManager: Rebuilt the object cache for 0 collections in 0.000012 seconds (found 0 objects)
[2016.04.06-23.06.34:395][409]LogCollectionManager: Fixed up redirectors for 0 collections in 0.000321 seconds (updated 0 objects)
[2016.04.06-23.11.29:226][562]LogEditorViewport: Clicking Background
[2016.04.06-23.11.53:659][ 92]LogWindowsTextInputMethodSystem:Display: IME system now deactivated.
[2016.04.06-23.11.53:660][ 92]LogWindowsTextInputMethodSystem:Display: IME system now deactivated.
[2016.04.06-23.11.54:217][ 93]Cmd: QUIT_EDITOR
[2016.04.06-23.11.54:630][ 93]LogExit: Preparing to exit.
[2016.04.06-23.11.55:434][ 93]LogExit: Editor shut down
[2016.04.06-23.11.55:436][ 93]LogExit: Transaction tracking system shut down
[2016.04.06-23.11.55:445][ 93]LogParticles: Destroying 0 GPU particle simulations for FXSystem 0x000002924AE86160
[2016.04.06-23.11.55:446][ 93]LogParticles: Destroying 0 GPU particle simulations for FXSystem 0x000002924EA07F60
[2016.04.06-23.11.55:446][ 93]LogParticles: Destroying 0 GPU particle simulations for FXSystem 0x0000029256B09D00
[2016.04.06-23.11.55:447][ 93]LogParticles: Destroying 0 GPU particle simulations for FXSystem 0x00000292457C8EA0
[2016.04.06-23.11.55:755][ 93]LogExit: Object subsystem successfully closed.
[2016.04.06-23.11.55:772][ 93]LogD3D11RHI: Shutdown
[2016.04.06-23.11.55:772][ 93]LogD3D11RHI: CleanupD3DDevice
[2016.04.06-23.11.55:932][ 93]LogD3D11RHI: ~FD3D11DynamicRHI
[2016.04.06-23.11.55:965][ 93]LogModuleManager: Shutting down and abandoning module CrashTracker (200)
[2016.04.06-23.11.55:965][ 93]LogModuleManager: Shutting down and abandoning module SceneOutliner (199)
[2016.04.06-23.11.55:965][ 93]LogModuleManager: Shutting down and abandoning module SuperSearch (198)
[2016.04.06-23.11.55:965][ 93]LogModuleManager: Shutting down and abandoning module WidgetCarousel (197)
[2016.04.06-23.11.55:965][ 93]LogModuleManager: Shutting down and abandoning module AddContentDialog (196)
[2016.04.06-23.11.55:968][ 93]LogModuleManager: Shutting down and abandoning module EditorWidgets (195)
[2016.04.06-23.11.55:968][ 93]LogModuleManager: Shutting down and abandoning module CollectionManager (194)
[2016.04.06-23.11.55:968][ 93]LogModuleManager: Shutting down and abandoning module StatsViewer (193)
[2016.04.06-23.11.55:968][ 93]LogModuleManager: Shutting down and abandoning module FoliageEdit (192)
[2016.04.06-23.11.55:969][ 93]LogModuleManager: Shutting down and abandoning module LandscapeEditor (191)
[2016.04.06-23.11.55:969][ 93]LogModuleManager: Shutting down and abandoning module ActorPickerMode (190)
[2016.04.06-23.11.55:970][ 93]LogModuleManager: Shutting down and abandoning module GeometryMode (189)
[2016.04.06-23.11.55:970][ 93]LogModuleManager: Shutting down and abandoning module TextureAlignMode (188)
[2016.04.06-23.11.55:970][ 93]LogModuleManager: Shutting down and abandoning module BspMode (187)
[2016.04.06-23.11.55:970][ 93]LogModuleManager: Shutting down and abandoning module PlacementMode (186)
[2016.04.06-23.11.55:970][ 93]LogModuleManager: Shutting down and abandoning module AutomationWorker (185)
[2016.04.06-23.11.55:970][ 93]LogModuleManager: Shutting down and abandoning module CharacterAI (184)
[2016.04.06-23.11.55:970][ 93]LogModuleManager: Shutting down and abandoning module SmartSnapping (183)
[2016.04.06-23.11.55:970][ 93]LogModuleManager: Shutting down and abandoning module ViewportSnapping (182)
[2016.04.06-23.11.55:970][ 93]LogModuleManager: Shutting down and abandoning module LogVisualizer (181)
[2016.04.06-23.11.55:970][ 93]LogModuleManager: Shutting down and abandoning module GameProjectGeneration (180)
[2016.04.06-23.11.55:970][ 93]LogModuleManager: Shutting down and abandoning module IntroTutorials (179)
[2016.04.06-23.11.55:970][ 93]LogModuleManager: Shutting down and abandoning module EditorLiveStreaming (178)
[2016.04.06-23.11.55:970][ 93]LogModuleManager: Shutting down and abandoning module IOSPlatformEditor (177)
[2016.04.06-23.11.55:970][ 93]LogModuleManager: Shutting down and abandoning module HTML5PlatformEditor (176)
[2016.04.06-23.11.55:970][ 93]LogModuleManager: Shutting down and abandoning module AndroidDeviceDetection (175)
[2016.04.06-23.11.56:686][ 93]LogModuleManager: Shutting down and abandoning module AndroidPlatformEditor (174)
[2016.04.06-23.11.56:686][ 93]LogModuleManager: Shutting down and abandoning module IOSRuntimeSettings (173)
[2016.04.06-23.11.56:686][ 93]LogModuleManager: Shutting down and abandoning module AndroidRuntimeSettings (172)
[2016.04.06-23.11.56:686][ 93]LogModuleManager: Shutting down and abandoning module MergeActors (171)
[2016.04.06-23.11.56:686][ 93]LogModuleManager: Shutting down and abandoning module SizeMap (170)
[2016.04.06-23.11.56:686][ 93]LogModuleManager: Shutting down and abandoning module TreeMap (169)
[2016.04.06-23.11.56:686][ 93]LogModuleManager: Shutting down and abandoning module ReferenceViewer (168)
[2016.04.06-23.11.56:686][ 93]LogModuleManager: Shutting down and abandoning module LocalizationService (167)
[2016.04.06-23.11.56:686][ 93]LogModuleManager: Shutting down and abandoning module LocalizationDashboard (166)
[2016.04.06-23.11.56:686][ 93]LogModuleManager: Shutting down and abandoning module HardwareTargeting (165)
[2016.04.06-23.11.56:686][ 93]LogModuleManager: Shutting down and abandoning module DeviceProfileEditor (164)
[2016.04.06-23.11.56:687][ 93]LogModuleManager: Shutting down and abandoning module UndoHistory (163)
[2016.04.06-23.11.56:687][ 93]LogModuleManager: Shutting down and abandoning module GameplayTagsEditor (162)
[2016.04.06-23.11.56:687][ 93]LogModuleManager: Shutting down and abandoning module UserFeedback (161)
[2016.04.06-23.11.56:687][ 93]LogModuleManager: Shutting down and abandoning module XmlParser (160)
[2016.04.06-23.11.56:687][ 93]LogModuleManager: Shutting down and abandoning module Blutility (159)
[2016.04.06-23.11.56:687][ 93]LogModuleManager: Shutting down and abandoning module ProjectTargetPlatformEditor (158)
[2016.04.06-23.11.56:687][ 93]LogModuleManager: Shutting down and abandoning module ProjectSettingsViewer (157)
[2016.04.06-23.11.56:687][ 93]LogModuleManager: Shutting down and abandoning module InputBindingEditor (156)
[2016.04.06-23.11.56:687][ 93]LogModuleManager: Shutting down and abandoning module EditorSettingsViewer (155)
[2016.04.06-23.11.56:687][ 93]LogModuleManager: Shutting down and abandoning module SettingsEditor (154)
[2016.04.06-23.11.56:687][ 93]LogModuleManager: Shutting down and abandoning module ProjectLauncher (153)
[2016.04.06-23.11.56:687][ 93]LogModuleManager: Shutting down and abandoning module SessionFrontend (152)
[2016.04.06-23.11.56:687][ 93]LogModuleManager: Shutting down and abandoning module ProfilerClient (151)
[2016.04.06-23.11.56:687][ 93]LogModuleManager: Shutting down and abandoning module TargetDeviceServices (150)
[2016.04.06-23.11.56:687][ 93]LogModuleManager: Shutting down and abandoning module DeviceManager (149)
[2016.04.06-23.11.56:696][ 93]LogModuleManager: Shutting down and abandoning module AutomationController (148)
[2016.04.06-23.11.56:696][ 93]LogModuleManager: Shutting down and abandoning module AutomationWindow (147)
[2016.04.06-23.11.56:696][ 93]LogModuleManager: Shutting down and abandoning module Layers (146)
[2016.04.06-23.11.56:697][ 93]LogModuleManager: Shutting down and abandoning module ComponentVisualizers (145)
[2016.04.06-23.11.56:697][ 93]LogModuleManager: Shutting down and abandoning module DetailCustomizations (144)
[2016.04.06-23.11.56:697][ 93]LogModuleManager: Shutting down and abandoning module PackagesDialog (143)
[2016.04.06-23.11.56:698][ 93]LogModuleManager: Shutting down and abandoning module Persona (142)
[2016.04.06-23.11.56:698][ 93]LogModuleManager: Shutting down and abandoning module Kismet (141)
[2016.04.06-23.11.56:698][ 93]LogModuleManager: Shutting down and abandoning module GraphEditor (140)
[2016.04.06-23.11.56:698][ 93]LogModuleManager: Shutting down and abandoning module ClassViewer (139)
[2016.04.06-23.11.56:698][ 93]LogModuleManager: Shutting down and abandoning module Toolbox (138)
[2016.04.06-23.11.56:698][ 93]LogModuleManager: Shutting down and abandoning module ModuleUI (137)
[2016.04.06-23.11.56:698][ 93]LogModuleManager: Shutting down and abandoning module MovieSceneTools (136)
[2016.04.06-23.11.56:698][ 93]LogModuleManager: Shutting down and abandoning module OutputLog (135)
[2016.04.06-23.11.56:698][ 93]LogModuleManager: Shutting down and abandoning module GammaUI (134)
[2016.04.06-23.11.56:699][ 93]LogModuleManager: Shutting down and abandoning module Documentation (133)
[2016.04.06-23.11.56:699][ 93]LogModuleManager: Shutting down and abandoning module GameLiveStreaming (132)
[2016.04.06-23.11.56:699][ 93]LogModuleManager: Shutting down and abandoning module StreamingPauseRendering (131)
[2016.04.06-23.11.56:699][ 93]LogModuleManager: Shutting down and abandoning module AnalyticsET (130)
[2016.04.06-23.11.56:699][ 93]LogModuleManager: Shutting down and abandoning module Analytics (129)
[2016.04.06-23.11.56:699][ 93]LogModuleManager: Shutting down and abandoning module AITestSuite (128)
[2016.04.06-23.11.56:699][ 93]LogModuleManager: Shutting down and abandoning module GameplayDebugger (127)
[2016.04.06-23.11.56:699][ 93]LogModuleManager: Shutting down and abandoning module AIModule (126)
[2016.04.06-23.11.56:699][ 93]LogModuleManager: Shutting down and abandoning module ProfilerService (125)
[2016.04.06-23.11.56:821][ 93]LogModuleManager: Shutting down and abandoning module TaskGraph (124)
[2016.04.06-23.11.56:821][ 93]LogModuleManager: Shutting down and abandoning module SlateRemote (123)
[2016.04.06-23.11.56:821][ 93]LogModuleManager: Shutting down and abandoning module SteamVRController (122)
[2016.04.06-23.11.56:821][ 93]LogModuleManager: Shutting down and abandoning module SteamVR (121)
[2016.04.06-23.11.56:821][ 93]LogModuleManager: Shutting down and abandoning module ProceduralMeshComponent (120)
[2016.04.06-23.11.56:821][ 93]LogModuleManager: Shutting down and abandoning module OculusLibrary (119)
[2016.04.06-23.11.56:821][ 93]LogModuleManager: Shutting down and abandoning module OculusInput (118)
[2016.04.06-23.11.56:821][ 93]LogModuleManager: Shutting down and abandoning module LeapMotionController (117)
[2016.04.06-23.11.56:876][ 93]LogModuleManager: Shutting down and abandoning module CustomMeshComponent (116)
[2016.04.06-23.11.56:876][ 93]LogModuleManager: Shutting down and abandoning module CableComponent (115)
[2016.04.06-23.11.56:876][ 93]LogModuleManager: Shutting down and abandoning module ArchVisCharacter (114)
[2016.04.06-23.11.56:876][ 93]LogModuleManager: Shutting down and abandoning module MessagingDebugger (113)
[2016.04.06-23.11.56:876][ 93]LogModuleManager: Shutting down and abandoning module MediaPlayerEditor (112)
[2016.04.06-23.11.56:876][ 93]LogModuleManager: Shutting down and abandoning module HTML5Networking (111)
[2016.04.06-23.11.56:876][ 93]LogModuleManager: Shutting down and abandoning module CodeView (110)
[2016.04.06-23.11.56:876][ 93]LogModuleManager: Shutting down and abandoning module SpeedTreeImporter (109)
[2016.04.06-23.11.56:876][ 93]LogModuleManager: Shutting down and abandoning module PluginBrowser (108)
[2016.04.06-23.11.56:876][ 93]LogModuleManager: Shutting down and abandoning module EpicSurvey (107)
[2016.04.06-23.11.56:877][ 93]LogModuleManager: Shutting down and abandoning module DesktopPlatform (106)
[2016.04.06-23.11.56:877][ 93]LogModuleManager: Shutting down and abandoning module VisualStudioSourceCodeAccess (105)
[2016.04.06-23.11.56:877][ 93]LogModuleManager: Shutting down and abandoning module UObjectPlugin (104)
[2016.04.06-23.11.56:877][ 93]LogModuleManager: Shutting down and abandoning module SubversionSourceControl (103)
[2016.04.06-23.11.56:877][ 93]LogModuleManager: Shutting down and abandoning module PerforceSourceControl (102)
[2016.04.06-23.11.56:877][ 93]LogModuleManager: Shutting down and abandoning module SourceControl (101)
[2016.04.06-23.11.56:877][ 93]LogModuleManager: Shutting down and abandoning module GitSourceControl (100)
[2016.04.06-23.11.56:877][ 93]LogModuleManager: Shutting down and abandoning module LightPropagationVolumeEditor (99)
[2016.04.06-23.11.56:877][ 93]LogModuleManager: Shutting down and abandoning module PaperTiledImporter (98)
[2016.04.06-23.11.56:877][ 93]LogModuleManager: Shutting down and abandoning module PaperSpriteSheetImporter (97)
[2016.04.06-23.11.56:877][ 93]LogModuleManager: Shutting down and abandoning module MeshPaint (96)
[2016.04.06-23.11.56:877][ 93]LogModuleManager: Shutting down and abandoning module SlateReflector (95)
[2016.04.06-23.11.56:877][ 93]LogModuleManager: Shutting down and abandoning module HotReload (94)
[2016.04.06-23.11.56:877][ 93]LogModuleManager: Shutting down and abandoning module MainFrame (93)
[2016.04.06-23.11.56:878][ 93]LogModuleManager: Shutting down and abandoning module LevelEditor (92)
[2016.04.06-23.11.56:880][ 93]LogModuleManager: Shutting down and abandoning module DirectoryWatcher (91)
[2016.04.06-23.11.56:883][ 93]LogModuleManager: Shutting down and abandoning module AssetRegistry (90)
[2016.04.06-23.11.57:072][ 93]LogModuleManager: Shutting down and abandoning module ContentBrowser (89)
[2016.04.06-23.11.57:074][ 93]LogModuleManager: Shutting down and abandoning module Paper2DEditor (88)
[2016.04.06-23.11.57:074][ 93]LogModuleManager: Shutting down and abandoning module Star_Traders (87)
[2016.04.06-23.11.57:074][ 93]LogModuleManager: Shutting down and abandoning module UdpMessaging (86)
[2016.04.06-23.11.57:175][ 93]LogModuleManager: Shutting down and abandoning module LightPropagationVolumeRuntime (85)
[2016.04.06-23.11.57:175][ 93]LogModuleManager: Shutting down and abandoning module Paper2D (84)
[2016.04.06-23.11.57:175][ 93]LogModuleManager: Shutting down and abandoning module WindowsMoviePlayer (83)
[2016.04.06-23.11.57:182][ 93]LogModuleManager: Shutting down and abandoning module Media (82)
[2016.04.06-23.11.57:182][ 93]LogModuleManager: Shutting down and abandoning module WmfMedia (81)
[2016.04.06-23.11.57:183][ 93]LogModuleManager: Shutting down and abandoning module OnlineBlueprintSupport (80)
[2016.04.06-23.11.57:183][ 93]LogModuleManager: Shutting down and abandoning module GameplayTasksEditor (79)
[2016.04.06-23.11.57:183][ 93]LogModuleManager: Shutting down and abandoning module PropertyEditor (78)
[2016.04.06-23.11.57:183][ 93]LogModuleManager: Shutting down and abandoning module BehaviorTreeEditor (77)
[2016.04.06-23.11.57:183][ 93]LogModuleManager: Shutting down and abandoning module FunctionalTesting (76)
[2016.04.06-23.11.57:183][ 93]LogModuleManager: Shutting down and abandoning module CollisionAnalyzer (75)
[2016.04.06-23.11.57:183][ 93]LogModuleManager: Shutting down and abandoning module WorkspaceMenuStructure (74)
[2016.04.06-23.11.57:183][ 93]LogModuleManager: Shutting down and abandoning module MessageLog (73)
[2016.04.06-23.11.57:183][ 93]LogModuleManager: Shutting down and abandoning module Sequencer (72)
[2016.04.06-23.11.57:183][ 93]LogModuleManager: Shutting down and abandoning module AssetTools (71)
[2016.04.06-23.11.57:184][ 93]LogModuleManager: Shutting down and abandoning module UMGEditor (70)
[2016.04.06-23.11.57:184][ 93]LogModuleManager: Shutting down and abandoning module UMG (69)
[2016.04.06-23.11.57:184][ 93]LogModuleManager: Shutting down and abandoning module Slate (68)
[2016.04.06-23.11.57:184][ 93]LogModuleManager: Shutting down and abandoning module EditorStyle (67)
[2016.04.06-23.11.57:192][ 93]LogModuleManager: Shutting down and abandoning module SessionServices (66)
[2016.04.06-23.11.57:192][ 93]LogModuleManager: Shutting down and abandoning module SourceCodeAccess (65)
[2016.04.06-23.11.57:192][ 93]LogModuleManager: Shutting down and abandoning module HeadMountedDisplay (64)
[2016.04.06-23.11.57:192][ 93]LogModuleManager: Shutting down and abandoning module XAudio2 (63)
[2016.04.06-23.11.57:192][ 93]LogModuleManager: Shutting down and abandoning module Networking (61)
[2016.04.06-23.11.57:192][ 93]LogModuleManager: Shutting down and abandoning module Core (60)
[2016.04.06-23.11.57:192][ 93]LogModuleManager: Shutting down and abandoning module KismetCompiler (59)
[2016.04.06-23.11.57:192][ 93]LogModuleManager: Shutting down and abandoning module PhysXFormats (58)
[2016.04.06-23.11.57:192][ 93]LogModuleManager: Shutting down and abandoning module MeshUtilities (57)
[2016.04.06-23.11.57:192][ 93]LogModuleManager: Shutting down and abandoning module DerivedDataCache (56)
[2016.04.06-23.11.57:277][ 93]LogDerivedDataCache: Shutdown
[2016.04.06-23.11.57:277][ 93]LogModuleManager: Shutting down and abandoning module ShaderFormatOpenGL (55)
[2016.04.06-23.11.57:277][ 93]LogModuleManager: Shutting down and abandoning module ShaderFormatD3D (54)
[2016.04.06-23.11.57:277][ 93]LogModuleManager: Shutting down and abandoning module MetalShaderFormat (53)
[2016.04.06-23.11.57:277][ 93]LogModuleManager: Shutting down and abandoning module TextureFormatUncompressed (52)
[2016.04.06-23.11.57:277][ 93]LogModuleManager: Shutting down and abandoning module TextureFormatPVR (51)
[2016.04.06-23.11.57:277][ 93]LogModuleManager: Shutting down and abandoning module TextureFormatIntelISPCTexComp (50)
[2016.04.06-23.11.57:277][ 93]LogModuleManager: Shutting down and abandoning module TextureFormatDXT (49)
[2016.04.06-23.11.57:277][ 93]LogModuleManager: Shutting down and abandoning module ImageWrapper (48)
[2016.04.06-23.11.57:277][ 93]LogModuleManager: Shutting down and abandoning module TextureFormatASTC (47)
[2016.04.06-23.11.57:277][ 93]LogModuleManager: Shutting down and abandoning module TextureFormatAndroid (46)
[2016.04.06-23.11.57:277][ 93]LogModuleManager: Shutting down and abandoning module AudioFormatOpus (45)
[2016.04.06-23.11.57:277][ 93]LogModuleManager: Shutting down and abandoning module AudioFormatOgg (44)
[2016.04.06-23.11.57:277][ 93]LogModuleManager: Shutting down and abandoning module AudioFormatADPCM (43)
[2016.04.06-23.11.57:277][ 93]LogModuleManager: Shutting down and abandoning module LinuxTargetPlatform (42)
[2016.04.06-23.11.57:277][ 93]LogModuleManager: Shutting down and abandoning module LinuxServerTargetPlatform (41)
[2016.04.06-23.11.57:277][ 93]LogModuleManager: Shutting down and abandoning module LinuxNoEditorTargetPlatform (40)
[2016.04.06-23.11.57:277][ 93]LogModuleManager: Shutting down and abandoning module Messaging (39)
[2016.04.06-23.11.57:277][ 93]LogModuleManager: Shutting down and abandoning module IOSTargetPlatform (38)
[2016.04.06-23.11.57:277][ 93]LogModuleManager: Shutting down and abandoning module HTML5TargetPlatform (37)
[2016.04.06-23.11.57:277][ 93]LogModuleManager: Shutting down and abandoning module Android_PVRTCTargetPlatform (36)
[2016.04.06-23.11.57:277][ 93]LogModuleManager: Shutting down and abandoning module Android_MultiTargetPlatform (35)
[2016.04.06-23.11.57:277][ 93]LogModuleManager: Shutting down and abandoning module Android_ETC2TargetPlatform (34)
[2016.04.06-23.11.57:278][ 93]LogModuleManager: Shutting down and abandoning module Android_ETC1TargetPlatform (33)
[2016.04.06-23.11.57:278][ 93]LogModuleManager: Shutting down and abandoning module Android_DXTTargetPlatform (32)
[2016.04.06-23.11.57:278][ 93]LogModuleManager: Shutting down and abandoning module Android_ATCTargetPlatform (31)
[2016.04.06-23.11.57:278][ 93]LogModuleManager: Shutting down and abandoning module Android_ASTCTargetPlatform (30)
[2016.04.06-23.11.57:278][ 93]LogModuleManager: Shutting down and abandoning module AndroidTargetPlatform (29)
[2016.04.06-23.11.57:278][ 93]LogModuleManager: Shutting down and abandoning module WindowsTargetPlatform (28)
[2016.04.06-23.11.57:278][ 93]LogModuleManager: Shutting down and abandoning module WindowsServerTargetPlatform (27)
[2016.04.06-23.11.57:278][ 93]LogModuleManager: Shutting down and abandoning module WindowsNoEditorTargetPlatform (26)
[2016.04.06-23.11.57:278][ 93]LogModuleManager: Shutting down and abandoning module WindowsClientTargetPlatform (25)
[2016.04.06-23.11.57:279][ 93]LogModuleManager: Shutting down and abandoning module AllDesktopTargetPlatform (24)
[2016.04.06-23.11.57:279][ 93]LogModuleManager: Shutting down and abandoning module TargetPlatform (23)
[2016.04.06-23.11.57:279][ 93]LogModuleManager: Shutting down and abandoning module InputCore (22)
[2016.04.06-23.11.57:279][ 93]LogModuleManager: Shutting down and abandoning module Settings (21)
[2016.04.06-23.11.57:279][ 93]LogModuleManager: Shutting down and abandoning module OnlineSubsystem (19)
[2016.04.06-23.11.57:279][ 93]LogModuleManager: Shutting down and abandoning module HTTP (18)
[2016.04.06-23.11.58:296][ 93]LogModuleManager: Shutting down and abandoning module XMPP (17)
[2016.04.06-23.11.58:296][ 93]LogModuleManager: Shutting down and abandoning module OculusRift (16)
[2016.04.06-23.11.58:296][ 93]LogModuleManager: Shutting down and abandoning module ExampleDeviceProfileSelector (15)
[2016.04.06-23.11.58:297][ 93]LogModuleManager: Shutting down and abandoning module TextureCompressor (14)
[2016.04.06-23.11.58:297][ 93]LogModuleManager: Shutting down and abandoning module ShaderCore (13)
[2016.04.06-23.11.58:297][ 93]LogModuleManager: Shutting down and abandoning module Landscape (12)
[2016.04.06-23.11.58:297][ 93]LogModuleManager: Shutting down and abandoning module SlateRHIRenderer (11)
[2016.04.06-23.11.58:299][ 93]LogModuleManager: Shutting down and abandoning module OpenGLDrv (10)
[2016.04.06-23.11.58:299][ 93]LogModuleManager: Shutting down and abandoning module D3D11RHI (9)
[2016.04.06-23.11.58:299][ 93]LogModuleManager: Shutting down and abandoning module AnimGraphRuntime (8)
[2016.04.06-23.11.58:299][ 93]LogModuleManager: Shutting down and abandoning module Renderer (7)
[2016.04.06-23.11.58:300][ 93]LogModuleManager: Shutting down and abandoning module Engine (6)
[2016.04.06-23.11.58:300][ 93]LogModuleManager: Shutting down and abandoning module CoreUObject (5)
[2016.04.06-23.11.58:300][ 93]LogModuleManager: Shutting down and abandoning module NetworkFile (4)
[2016.04.06-23.11.58:300][ 93]LogModuleManager: Shutting down and abandoning module StreamingFile (3)
[2016.04.06-23.11.58:300][ 93]LogModuleManager: Shutting down and abandoning module SandboxFile (2)
[2016.04.06-23.11.58:300][ 93]LogModuleManager: Shutting down and abandoning module PakFile (1)
[2016.04.06-23.11.58:304][ 93]LogExit: Exiting.
[2016.04.06-23.11.58:308][ 93]Log file closed, 04/06/16 17:11:58
