[2016.04.07-00.44.38:600][  0]Log file open, 04/06/16 18:44:38
[2016.04.07-00.44.38:600][  0]LogInit:Display: Running engine for game: Star_Traders
[2016.04.07-00.44.38:600][  0]LogPlatformFile: Not using cached read wrapper
[2016.04.07-00.44.38:600][  0]LogInit:Display: RandInit(670094901) SRandInit(670094903).
[2016.04.07-00.44.38:600][  0]LogTaskGraph: Started task graph with 4 named threads and 5 total threads.
[2016.04.07-00.44.38:600][  0]LogStats: Stats thread started at 0.081767
[2016.04.07-00.44.38:600][  0]LogInit: Version: 4.10.4-2872498+++depot+UE4-Releases+4.10
[2016.04.07-00.44.38:600][  0]LogInit: API Version: 2758231
[2016.04.07-00.44.38:600][  0]LogInit: Compiled (64-bit): Feb 18 2016 15:47:04
[2016.04.07-00.44.38:600][  0]LogInit: Compiled with Visual C++: 19.00.23026.00
[2016.04.07-00.44.38:600][  0]LogInit: Build Configuration: Development
[2016.04.07-00.44.38:600][  0]LogInit: Branch Name: ++depot+UE4-Releases+4.10
[2016.04.07-00.44.38:600][  0]LogInit: Command line: -EpicPortal 
[2016.04.07-00.44.38:600][  0]LogInit: Base directory: C:/Program Files (x86)/Epic Games/4.10/Engine/Binaries/Win64/
[2016.04.07-00.44.38:600][  0]LogInit: Rocket: 1
[2016.04.07-00.44.38:610][  0]LogInit: Using libcurl 7.41.0
[2016.04.07-00.44.38:610][  0]LogInit:  - built for x86_64-pc-win32
[2016.04.07-00.44.38:610][  0]LogInit:  - supports SSL with WinSSL
[2016.04.07-00.44.38:610][  0]LogInit:  - other features:
[2016.04.07-00.44.38:610][  0]LogInit:      CURL_VERSION_SSL
[2016.04.07-00.44.38:610][  0]LogInit:      CURL_VERSION_IPV6
[2016.04.07-00.44.38:610][  0]LogInit:      CURL_VERSION_ASYNCHDNS
[2016.04.07-00.44.38:610][  0]LogInit:      CURL_VERSION_LARGEFILE
[2016.04.07-00.44.38:610][  0]LogInit:      CURL_VERSION_IDN
[2016.04.07-00.44.38:610][  0]LogInit:  CurlRequestOptions (configurable via config and command line):
[2016.04.07-00.44.38:610][  0]LogInit:  - bVerifyPeer = true  - Libcurl will verify peer certificate
[2016.04.07-00.44.38:610][  0]LogInit:  - bUseHttpProxy = false  - Libcurl will NOT use HTTP proxy
[2016.04.07-00.44.38:610][  0]LogInit:  - bDontReuseConnections = false  - Libcurl will reuse connections
[2016.04.07-00.44.38:610][  0]LogInit:  - CertBundlePath = nullptr  - Libcurl will use whatever was configured at build time.
[2016.04.07-00.44.38:617][  0]LogInit: Presizing for 0 objects not considered by GC, pre-allocating 0 bytes.
[2016.04.07-00.44.38:629][  0]LogInit: Object subsystem initialized
[2016.04.07-00.44.38:630][  0]LogInit: Selected Device Profile: [Windows]
[2016.04.07-00.44.38:631][  0]LogInit: Applying CVar settings loaded from the selected device profile: [Windows]
[2016.04.07-00.44.38:656][  0]LogInit: Computer: DESKTOP-275DM9P
[2016.04.07-00.44.38:656][  0]LogInit: User: baroq
[2016.04.07-00.44.38:656][  0]LogInit: CPU Page size=4096, Cores=2
[2016.04.07-00.44.38:656][  0]LogInit: High frequency timer resolution =2.143474 MHz
[2016.04.07-00.44.38:657][  0]LogMemory: Memory total: Physical=7.9GB (8GB approx)
[2016.04.07-00.44.38:657][  0]LogMemory: Platform Memory Stats for Windows
[2016.04.07-00.44.38:657][  0]LogMemory: Process Physical Memory: 55.96 MB used, 55.96 MB peak
[2016.04.07-00.44.38:657][  0]LogMemory: Process Virtual Memory: 55.66 MB used, 55.66 MB peak
[2016.04.07-00.44.38:657][  0]LogMemory: Physical Memory: 5327.73 MB used, 8073.11 MB total
[2016.04.07-00.44.38:657][  0]LogMemory: Virtual Memory: 380.80 MB used, 134217728.00 MB total
[2016.04.07-00.44.38:713][  0]LogTextLocalizationManager: No specific translations for ('en-US') exist, so ('en') translations will be used.
[2016.04.07-00.44.39:410][  0]LogD3D11RHI: Found D3D11 adapter 0: Intel(R) HD Graphics 5500 (Feature Level 11_0)
[2016.04.07-00.44.39:410][  0]LogD3D11RHI: Adapter has 128MB of dedicated video memory, 0MB of dedicated system memory, and 4036MB of shared system memory, 1 output[s]
[2016.04.07-00.44.39:412][  0]LogD3D11RHI: Found D3D11 adapter 1: Microsoft Basic Render Driver (Feature Level 11_0)
[2016.04.07-00.44.39:412][  0]LogD3D11RHI: Adapter has 0MB of dedicated video memory, 0MB of dedicated system memory, and 4036MB of shared system memory, 0 output[s]
[2016.04.07-00.44.39:412][  0]LogD3D11RHI: Chosen D3D11 Adapter Id = 0
[2016.04.07-00.44.39:417][  0]LogD3D11RHI: !Direct3DDevice
[2016.04.07-00.44.39:417][  0]LogRHI: Texture pool is 1361 MB (70% of 1945 MB)
[2016.04.07-00.44.39:425][  0]LogD3D11RHI: Async texture creation enabled
[2016.04.07-00.44.39:432][  0]LogShaderCompilers: Guid format shader working directory is -36 characters bigger than the processId version (../../../../../../Users/baroq/OneDrive/Documents/GitHub/Star_Traders/Star_Traders/Intermediate/Shaders/WorkingDirectory/11020/).
[2016.04.07-00.44.39:432][  0]LogShaderCompilers: Cleaned the shader compiler working directory 'C:/Users/baroq/AppData/Local/Temp/UnrealShaderWorkingDir/EEDF51664DFC7FB89F564EBE402A7DCE/'.
[2016.04.07-00.44.39:432][  0]LogShaderCompilers:Display: Using Local Shader Compiler.
[2016.04.07-00.44.40:483][  0]LogTemp:Display: Loaded TP AllDesktopTargetPlatform
[2016.04.07-00.44.40:488][  0]LogTemp:Display: Loaded TP WindowsClientTargetPlatform
[2016.04.07-00.44.40:494][  0]LogTemp:Display: Loaded TP WindowsNoEditorTargetPlatform
[2016.04.07-00.44.40:500][  0]LogTemp:Display: Loaded TP WindowsServerTargetPlatform
[2016.04.07-00.44.40:507][  0]LogTemp:Display: Loaded TP WindowsTargetPlatform
[2016.04.07-00.44.40:512][  0]LogTemp:Display: Loaded TP AndroidTargetPlatform
[2016.04.07-00.44.40:517][  0]LogTemp:Display: Loaded TP Android_ASTCTargetPlatform
[2016.04.07-00.44.40:520][  0]LogTemp:Display: Loaded TP Android_ATCTargetPlatform
[2016.04.07-00.44.40:524][  0]LogTemp:Display: Loaded TP Android_DXTTargetPlatform
[2016.04.07-00.44.40:529][  0]LogTemp:Display: Loaded TP Android_ETC1TargetPlatform
[2016.04.07-00.44.40:533][  0]LogTemp:Display: Loaded TP Android_ETC2TargetPlatform
[2016.04.07-00.44.40:542][  0]LogTemp:Display: Loaded TP Android_MultiTargetPlatform
[2016.04.07-00.44.40:542][  0]LogTemp:Display: Loaded TP Android_PVRTCTargetPlatform
[2016.04.07-00.44.40:543][  0]LogTemp:Display: Loaded TP HTML5TargetPlatform
[2016.04.07-00.44.40:559][  0]LogTemp:Display: Loaded TP IOSTargetPlatform
[2016.04.07-00.44.40:564][  0]LogTemp:Display: Loaded TP LinuxNoEditorTargetPlatform
[2016.04.07-00.44.40:568][  0]LogTemp:Display: Loaded TP LinuxServerTargetPlatform
[2016.04.07-00.44.40:572][  0]LogTemp:Display: Loaded TP LinuxTargetPlatform
[2016.04.07-00.44.40:572][  0]LogTargetPlatformManager:Display: Building Assets For Windows
[2016.04.07-00.44.40:644][  0]LogDerivedDataCache:Display: Max Cache Size: 512 MB
[2016.04.07-00.44.40:715][  0]LogDerivedDataCache: Loaded boot cache 0.07s 41MB C:/Users/baroq/AppData/Local/UnrealEngine/4.10/DerivedDataCache/Boot.ddc.
[2016.04.07-00.44.40:715][  0]LogDerivedDataCache:Display: Loaded Boot cache: C:/Users/baroq/AppData/Local/UnrealEngine/4.10/DerivedDataCache/Boot.ddc
[2016.04.07-00.44.40:715][  0]LogDerivedDataCache: FDerivedDataBackendGraph:  Pak pak cache file ../../../../../../Users/baroq/OneDrive/Documents/GitHub/Star_Traders/Star_Traders/DerivedDataCache/DDC.ddp not found, will not use a pak cache.
[2016.04.07-00.44.40:715][  0]LogDerivedDataCache: Unable to find inner node Pak for hierarchical cache Hierarchy.
[2016.04.07-00.44.40:715][  0]LogDerivedDataCache: FDerivedDataBackendGraph:  CompressedPak pak cache file ../../../../../../Users/baroq/OneDrive/Documents/GitHub/Star_Traders/Star_Traders/DerivedDataCache/Compressed.ddp not found, will not use a pak cache.
[2016.04.07-00.44.40:715][  0]LogDerivedDataCache: Unable to find inner node CompressedPak for hierarchical cache Hierarchy.
[2016.04.07-00.44.40:784][  0]LogDerivedDataCache:Display: Pak cache opened for reading ../../../Engine/DerivedDataCache/Compressed.ddp.
[2016.04.07-00.44.40:797][  0]LogDerivedDataCache: Using Local data cache path C:/Users/baroq/AppData/Local/UnrealEngine/Common/DerivedDataCache: Writable
[2016.04.07-00.44.41:007][  0]LogInit: Selected Device Profile: [Windows]
[2016.04.07-00.44.41:011][  0]LogContentStreaming: Texture pool size is 0.000000MB
[2016.04.07-00.44.41:146][  0]LogMeshUtilities: No automatic mesh reduction module available
[2016.04.07-00.44.41:146][  0]LogMeshUtilities: No automatic mesh merging module available
[2016.04.07-00.44.41:492][  0]LogInit: WinSock: version 1.1 (2.2), MaxSocks=32767, MaxUdp=65467
[2016.04.07-00.44.42:342][  0]UdpMessaging: Initializing bridge on interface 0.0.0.0:0 to multicast group 230.0.0.1:6666.
[2016.04.07-00.44.42:457][  0]LogAssetRegistry: FAssetRegistry took 0.0135 seconds to start up
[2016.04.07-00.44.42:734][  0]SourceControl: Info Source control is disabled
[2016.04.07-00.44.42:736][  0]SourceControl: Info Source control is disabled
[2016.04.07-00.44.42:749][  0]SourceControl: Info Source control is disabled
[2016.04.07-00.44.42:761][  0]SourceControl: Info Source control is disabled
[2016.04.07-00.44.43:002][  0]LogObj: 28641 objects as part of root set at end of initial load.
[2016.04.07-00.44.43:002][  0]LogUObjectAllocator: 6108880 out of 0 bytes used by permanent object pool.
[2016.04.07-00.44.43:071][  0]LogEngine: Initializing Engine...
[2016.04.07-00.44.43:075][  0]LogHMD: Can't find Oculus library dev build: is proper Runtime installed? Version: 0.8.0.0
[2016.04.07-00.44.43:076][  0]LogHMD: SteamVR failed to initialize.  Err: 110
[2016.04.07-00.44.43:226][  0]LogAIModule: Creating AISystem for world NewWorld
[2016.04.07-00.44.43:230][  0]LogInit: XAudio2 using 'Speakers (Conexant SmartAudio HD)' : 2 channels at 44.1 kHz using 32 bits per sample (channel mask 0x3)
[2016.04.07-00.44.43:248][  0]LogInit: FAudioDevice initialized.
[2016.04.07-00.44.43:282][  0]LogDerivedDataCache: Saved boot cache 0.03s 41MB C:/Users/baroq/AppData/Local/UnrealEngine/4.10/DerivedDataCache/Boot.ddc.
[2016.04.07-00.44.43:291][  0]LogInit: Texture streaming: Enabled
[2016.04.07-00.44.43:295][  0]LogAnalytics: Creating configured Analytics provider AnalyticsET
[2016.04.07-00.44.43:295][  0]LogAnalytics: [UEEditor.Rocket.Release] APIServer = http://et2.epicgames.com/ET2/. AppVersion = 4.10.4-2872498+++depot+UE4-Releases+4.10
[2016.04.07-00.44.43:295][  0]LogAnalytics: [UEEditor.Rocket.Release] SetUserId 4b4d598842b4899fe4dc8b941a85a4d8|33dab70fd44b4664be9d6c7e480004c7|aae71f41-2021-4880-b802-f85557d08e84
[2016.04.07-00.44.43:295][  0]LogAnalytics: [UEEditor.Rocket.Release] AnalyticsET::StartSession
[2016.04.07-00.44.43:306][  0]LogInit: Transaction tracking system initialized
[2016.04.07-00.44.43:329][  0]BlueprintLog: New page: Editor Load
[2016.04.07-00.44.43:409][  0]LocalizationService: Info Localization service is disabled
[2016.04.07-00.44.43:479][  0]LogConsoleResponse:Display: 
[2016.04.07-00.44.43:638][  0]LogCook:Display: Done creating registry. It took  0.00s.
[2016.04.07-00.44.43:697][  0]LogFileCache: Scanning file cache for directory 'C:/Users/baroq/OneDrive/Documents/GitHub/Star_Traders/Star_Traders/Content/' took 0.01s
[2016.04.07-00.44.43:697][  0]SourceControl: Info Source control is disabled
[2016.04.07-00.44.43:697][  0]Cmd: MAP LOAD FILE="../../../../../../Users/baroq/OneDrive/Documents/GitHub/Star_Traders/Star_Traders/Content/Star_Traders_Resorces/Levels/DemoLevel.umap" TEMPLATE=0 SHOWPROGRESS=1 FEATURELEVEL=3
[2016.04.07-00.44.43:698][  0]LightingResults: New page: Lighting Build
[2016.04.07-00.44.43:701][  0]MapCheck: New page: Map Check
[2016.04.07-00.44.43:701][  0]LightingResults: New page: Lighting Build
[2016.04.07-00.44.43:724][  0]LogParticles: Destroying 0 GPU particle simulations for FXSystem 0x0000017C00D72160
[2016.04.07-00.44.44:684][  0]LogAIModule: Creating AISystem for world DemoLevel
[2016.04.07-00.44.44:690][  0]LogEditorServer: Finished looking for orphan Actors (0.000 secs)
[2016.04.07-00.44.44:691][  0]Cmd: MAP CHECKDEP NOCLEARLOG
[2016.04.07-00.44.44:757][  0]MapCheck: Info Map check complete: 0 Error(s), 0 Warning(s), took 65.59ms to complete.
[2016.04.07-00.44.44:757][  0]LogFileHelpers: Loading map 'DemoLevel' took 1.060
[2016.04.07-00.44.44:935][  0]LogCollectionManager: Loaded 0 collections in 0.003636 seconds
[2016.04.07-00.44.44:978][  0]LogFileCache: Scanning file cache for directory 'C:/Users/baroq/OneDrive/Documents/GitHub/Star_Traders/Star_Traders/Saved/Collections/' took 0.01s
[2016.04.07-00.44.44:978][  0]LogFileCache: Scanning file cache for directory 'C:/Users/baroq/OneDrive/Documents/GitHub/Star_Traders/Star_Traders/Content/Developers/baroq/Collections/' took 0.01s
[2016.04.07-00.44.44:978][  0]LogFileCache: Scanning file cache for directory 'C:/Users/baroq/OneDrive/Documents/GitHub/Star_Traders/Star_Traders/Content/Collections/' took 0.01s
[2016.04.07-00.44.44:978][  0]LogCollectionManager: Rebuilt the GUID cache for 0 collections in 0.000002 seconds
[2016.04.07-00.44.44:995][  0]LogContentBrowser: Native class hierarchy populated in 0.0163 seconds. Added 1894 classes and 340 folders.
[2016.04.07-00.44.45:006][  0]LogContentBrowser: Native class hierarchy updated for 'WidgetCarousel' in 0.0017 seconds. Added 0 classes and 0 folders.
[2016.04.07-00.44.45:084][  0]LogContentBrowser: Native class hierarchy updated for 'AddContentDialog' in 0.0019 seconds. Added 0 classes and 0 folders.
[2016.04.07-00.44.45:093][  0]LogContentBrowser: Native class hierarchy updated for 'SceneOutliner' in 0.0028 seconds. Added 1 classes and 2 folders.
[2016.04.07-00.44.45:124][  0]LogCrashTracker: Crashtracker disabled due to settings.
[2016.04.07-00.44.45:134][  0]LogUObjectGlobals:Warning: Failed to find object 'Class None.'
[2016.04.07-00.44.45:158][  0]LogLoad: Full Startup: 7.59 seconds (BP compile: 0.26 seconds)
[2016.04.07-00.44.45:170][  0]LogWindowsTextInputMethodSystem:Display: IME system now deactivated.
[2016.04.07-00.44.45:170][  0]LogWindowsTextInputMethodSystem:Display: IME system now deactivated.
[2016.04.07-00.44.45:175][  0]LogOcInput: Can't find Oculus library dev build: is proper Runtime installed? Version: 0.8.0.0
[2016.04.07-00.44.45:278][  0]LogContentStreaming: Texture pool size now 1000 MB
[2016.04.07-00.44.45:487][  0]LogRenderer: Reallocating scene render targets to support 804x340 (Frame:2).
[2016.04.07-00.44.46:995][  8]LogAssetRegistry: Asset discovery search completed in 4.5517 seconds
[2016.04.07-00.44.46:996][  8]LogCollectionManager: Rebuilt the object cache for 0 collections in 0.000001 seconds (found 0 objects)
[2016.04.07-00.44.46:996][  8]LogCollectionManager: Fixed up redirectors for 0 collections in 0.000029 seconds (updated 0 objects)
[2016.04.07-00.45.21:639][981]LogSavePackage: Save=74.289215ms
[2016.04.07-00.45.21:641][981]LogSavePackage: Moving '../../../../../../Users/baroq/OneDrive/Documents/GitHub/Star_Traders/Star_Traders/Saved/DemoLevelA3D7CD7445CFA194EE8E5FAA26CFB5DA.tmp' to '../../../../../../Users/baroq/OneDrive/Documents/GitHub/Star_Traders/Star_Traders/Content/Star_Traders_Resorces/Levels/DemoLevel.umap'
[2016.04.07-00.45.21:647][981]LogSavePackage: Total save time: 214.602090ms
[2016.04.07-00.45.21:647][981]LogSavePackage:Display: Finished SavePackage ../../../../../../Users/baroq/OneDrive/Documents/GitHub/Star_Traders/Star_Traders/Content/Star_Traders_Resorces/Levels/DemoLevel.umap
[2016.04.07-00.45.29:026][159]LogLinker:Warning: Asset '../../../Engine/Content/ArtTools/RenderToTexture/Macros/RenderToTextureMacros.uasset' has been saved with empty engine version. The asset will be loaded but may be incompatible.
[2016.04.07-00.45.30:716][159]LogContentBrowser: Native class hierarchy updated for 'BlueprintGraph' in 0.0047 seconds. Added 107 classes and 0 folders.
[2016.04.07-00.55.21:962][173]LogFileHelpers: Editor autosave (incl. sublevels) for '/Game/Star_Traders_Resorces/Levels/DemoLevel' took 0.100
[2016.04.07-00.55.21:977][173]OBJ SavePackage: Generating thumbnails for [0] asset(s) in package [/Game/Star_Traders_Resorces/Blueprints/Player/CameraSystem/PlayerCamera] ([1] browsable assets)...
[2016.04.07-00.55.21:977][173]OBJ SavePackage: Finished generating thumbnails for package [/Game/Star_Traders_Resorces/Blueprints/Player/CameraSystem/PlayerCamera]
[2016.04.07-00.55.22:300][173]LogSavePackage: Save=238.489487ms
[2016.04.07-00.55.22:300][173]LogSavePackage: Moving '../../../../../../Users/baroq/OneDrive/Documents/GitHub/Star_Traders/Star_Traders/Saved/PlayerCamera_Auto1FD752D7F44656FC20E60438980B32213.tmp' to '../../../../../../Users/baroq/OneDrive/Documents/GitHub/Star_Traders/Star_Traders/Saved/Autosaves/Game/Star_Traders_Resorces/Blueprints/Player/CameraSystem/PlayerCamera_Auto1.uasset'
[2016.04.07-00.55.22:303][173]LogSavePackage: Total save time: 323.413301ms
[2016.04.07-00.55.22:303][173]LogSavePackage:Display: Finished SavePackage ../../../../../../Users/baroq/OneDrive/Documents/GitHub/Star_Traders/Star_Traders/Saved/Autosaves/Game/Star_Traders_Resorces/Blueprints/Player/CameraSystem/PlayerCamera_Auto1.uasset
[2016.04.07-00.55.22:303][173]LogFileHelpers: Auto-saving content packages took 0.340
[2016.04.07-01.04.13:848][726]LogSavePackage: Save=307.130859ms
[2016.04.07-01.04.13:849][726]LogSavePackage: Moving '../../../../../../Users/baroq/OneDrive/Documents/GitHub/Star_Traders/Star_Traders/Saved/PlayerCamera48E1CF7F45828C36BA20ECAF272AAFAE.tmp' to '../../../../../../Users/baroq/OneDrive/Documents/GitHub/Star_Traders/Star_Traders/Content/Star_Traders_Resorces/Blueprints/Player/CameraSystem/PlayerCamera.uasset'
[2016.04.07-01.04.13:855][726]LogSavePackage: Total save time: 376.718353ms
[2016.04.07-01.04.13:855][726]LogSavePackage:Display: Finished SavePackage ../../../../../../Users/baroq/OneDrive/Documents/GitHub/Star_Traders/Star_Traders/Content/Star_Traders_Resorces/Blueprints/Player/CameraSystem/PlayerCamera.uasset
[2016.04.07-01.04.28:363][498]LogWindowsTextInputMethodSystem:Display: IME system now deactivated.
[2016.04.07-01.04.28:363][498]LogWindowsTextInputMethodSystem:Display: IME system now deactivated.
[2016.04.07-01.04.28:760][499]Cmd: QUIT_EDITOR
[2016.04.07-01.04.29:059][499]LogExit: Preparing to exit.
[2016.04.07-01.04.30:252][499]LogExit: Editor shut down
[2016.04.07-01.04.30:255][499]LogExit: Transaction tracking system shut down
[2016.04.07-01.04.30:276][499]LogParticles: Destroying 0 GPU particle simulations for FXSystem 0x0000017C728198A0
[2016.04.07-01.04.30:277][499]LogParticles: Destroying 0 GPU particle simulations for FXSystem 0x0000017C08F7B880
[2016.04.07-01.04.30:282][499]LogParticles: Destroying 0 GPU particle simulations for FXSystem 0x0000017C72249F80
[2016.04.07-01.04.30:282][499]LogParticles: Destroying 0 GPU particle simulations for FXSystem 0x0000017C099DF740
[2016.04.07-01.04.30:286][499]LogParticles: Destroying 0 GPU particle simulations for FXSystem 0x0000017C0D75EFC0
[2016.04.07-01.04.30:693][499]LogExit: Object subsystem successfully closed.
[2016.04.07-01.04.30:719][499]LogD3D11RHI: Shutdown
[2016.04.07-01.04.30:719][499]LogD3D11RHI: CleanupD3DDevice
[2016.04.07-01.04.30:838][499]LogD3D11RHI: ~FD3D11DynamicRHI
[2016.04.07-01.04.30:864][499]LogModuleManager: Shutting down and abandoning module BlueprintGraph (203)
[2016.04.07-01.04.30:864][499]LogModuleManager: Shutting down and abandoning module CookingStats (202)
[2016.04.07-01.04.30:864][499]LogModuleManager: Shutting down and abandoning module ExternalImagePicker (201)
[2016.04.07-01.04.30:864][499]LogModuleManager: Shutting down and abandoning module CrashTracker (200)
[2016.04.07-01.04.30:864][499]LogModuleManager: Shutting down and abandoning module SceneOutliner (199)
[2016.04.07-01.04.30:864][499]LogModuleManager: Shutting down and abandoning module SuperSearch (198)
[2016.04.07-01.04.30:864][499]LogModuleManager: Shutting down and abandoning module WidgetCarousel (197)
[2016.04.07-01.04.30:864][499]LogModuleManager: Shutting down and abandoning module AddContentDialog (196)
[2016.04.07-01.04.30:877][499]LogModuleManager: Shutting down and abandoning module EditorWidgets (195)
[2016.04.07-01.04.30:877][499]LogModuleManager: Shutting down and abandoning module CollectionManager (194)
[2016.04.07-01.04.30:877][499]LogModuleManager: Shutting down and abandoning module StatsViewer (193)
[2016.04.07-01.04.30:877][499]LogModuleManager: Shutting down and abandoning module FoliageEdit (192)
[2016.04.07-01.04.30:877][499]LogModuleManager: Shutting down and abandoning module LandscapeEditor (191)
[2016.04.07-01.04.30:877][499]LogModuleManager: Shutting down and abandoning module ActorPickerMode (190)
[2016.04.07-01.04.30:878][499]LogModuleManager: Shutting down and abandoning module GeometryMode (189)
[2016.04.07-01.04.30:878][499]LogModuleManager: Shutting down and abandoning module TextureAlignMode (188)
[2016.04.07-01.04.30:878][499]LogModuleManager: Shutting down and abandoning module BspMode (187)
[2016.04.07-01.04.30:878][499]LogModuleManager: Shutting down and abandoning module PlacementMode (186)
[2016.04.07-01.04.30:878][499]LogModuleManager: Shutting down and abandoning module AutomationWorker (185)
[2016.04.07-01.04.30:878][499]LogModuleManager: Shutting down and abandoning module CharacterAI (184)
[2016.04.07-01.04.30:878][499]LogModuleManager: Shutting down and abandoning module SmartSnapping (183)
[2016.04.07-01.04.30:878][499]LogModuleManager: Shutting down and abandoning module ViewportSnapping (182)
[2016.04.07-01.04.30:878][499]LogModuleManager: Shutting down and abandoning module LogVisualizer (181)
[2016.04.07-01.04.30:878][499]LogModuleManager: Shutting down and abandoning module GameProjectGeneration (180)
[2016.04.07-01.04.30:878][499]LogModuleManager: Shutting down and abandoning module IntroTutorials (179)
[2016.04.07-01.04.30:878][499]LogModuleManager: Shutting down and abandoning module EditorLiveStreaming (178)
[2016.04.07-01.04.30:878][499]LogModuleManager: Shutting down and abandoning module IOSPlatformEditor (177)
[2016.04.07-01.04.30:878][499]LogModuleManager: Shutting down and abandoning module HTML5PlatformEditor (176)
[2016.04.07-01.04.30:878][499]LogModuleManager: Shutting down and abandoning module AndroidDeviceDetection (175)
[2016.04.07-01.04.30:919][499]LogModuleManager: Shutting down and abandoning module AndroidPlatformEditor (174)
[2016.04.07-01.04.30:919][499]LogModuleManager: Shutting down and abandoning module IOSRuntimeSettings (173)
[2016.04.07-01.04.30:919][499]LogModuleManager: Shutting down and abandoning module AndroidRuntimeSettings (172)
[2016.04.07-01.04.30:919][499]LogModuleManager: Shutting down and abandoning module MergeActors (171)
[2016.04.07-01.04.30:919][499]LogModuleManager: Shutting down and abandoning module SizeMap (170)
[2016.04.07-01.04.30:919][499]LogModuleManager: Shutting down and abandoning module TreeMap (169)
[2016.04.07-01.04.30:919][499]LogModuleManager: Shutting down and abandoning module ReferenceViewer (168)
[2016.04.07-01.04.30:919][499]LogModuleManager: Shutting down and abandoning module LocalizationService (167)
[2016.04.07-01.04.30:919][499]LogModuleManager: Shutting down and abandoning module LocalizationDashboard (166)
[2016.04.07-01.04.30:919][499]LogModuleManager: Shutting down and abandoning module HardwareTargeting (165)
[2016.04.07-01.04.30:919][499]LogModuleManager: Shutting down and abandoning module DeviceProfileEditor (164)
[2016.04.07-01.04.30:919][499]LogModuleManager: Shutting down and abandoning module UndoHistory (163)
[2016.04.07-01.04.30:919][499]LogModuleManager: Shutting down and abandoning module GameplayTagsEditor (162)
[2016.04.07-01.04.30:919][499]LogModuleManager: Shutting down and abandoning module UserFeedback (161)
[2016.04.07-01.04.30:919][499]LogModuleManager: Shutting down and abandoning module XmlParser (160)
[2016.04.07-01.04.30:920][499]LogModuleManager: Shutting down and abandoning module Blutility (159)
[2016.04.07-01.04.30:920][499]LogModuleManager: Shutting down and abandoning module ProjectTargetPlatformEditor (158)
[2016.04.07-01.04.30:920][499]LogModuleManager: Shutting down and abandoning module ProjectSettingsViewer (157)
[2016.04.07-01.04.30:920][499]LogModuleManager: Shutting down and abandoning module InputBindingEditor (156)
[2016.04.07-01.04.30:921][499]LogModuleManager: Shutting down and abandoning module EditorSettingsViewer (155)
[2016.04.07-01.04.30:921][499]LogModuleManager: Shutting down and abandoning module SettingsEditor (154)
[2016.04.07-01.04.30:921][499]LogModuleManager: Shutting down and abandoning module ProjectLauncher (153)
[2016.04.07-01.04.30:921][499]LogModuleManager: Shutting down and abandoning module SessionFrontend (152)
[2016.04.07-01.04.30:921][499]LogModuleManager: Shutting down and abandoning module ProfilerClient (151)
[2016.04.07-01.04.30:921][499]LogModuleManager: Shutting down and abandoning module TargetDeviceServices (150)
[2016.04.07-01.04.30:921][499]LogModuleManager: Shutting down and abandoning module DeviceManager (149)
[2016.04.07-01.04.30:921][499]LogModuleManager: Shutting down and abandoning module AutomationController (148)
[2016.04.07-01.04.30:921][499]LogModuleManager: Shutting down and abandoning module AutomationWindow (147)
[2016.04.07-01.04.30:922][499]LogModuleManager: Shutting down and abandoning module Layers (146)
[2016.04.07-01.04.30:922][499]LogModuleManager: Shutting down and abandoning module ComponentVisualizers (145)
[2016.04.07-01.04.30:922][499]LogModuleManager: Shutting down and abandoning module DetailCustomizations (144)
[2016.04.07-01.04.30:922][499]LogModuleManager: Shutting down and abandoning module PackagesDialog (143)
[2016.04.07-01.04.30:922][499]LogModuleManager: Shutting down and abandoning module Persona (142)
[2016.04.07-01.04.30:923][499]LogModuleManager: Shutting down and abandoning module Kismet (141)
[2016.04.07-01.04.30:923][499]LogModuleManager: Shutting down and abandoning module GraphEditor (140)
[2016.04.07-01.04.30:923][499]LogModuleManager: Shutting down and abandoning module ClassViewer (139)
[2016.04.07-01.04.30:923][499]LogModuleManager: Shutting down and abandoning module Toolbox (138)
[2016.04.07-01.04.30:923][499]LogModuleManager: Shutting down and abandoning module ModuleUI (137)
[2016.04.07-01.04.30:923][499]LogModuleManager: Shutting down and abandoning module MovieSceneTools (136)
[2016.04.07-01.04.30:923][499]LogModuleManager: Shutting down and abandoning module OutputLog (135)
[2016.04.07-01.04.30:923][499]LogModuleManager: Shutting down and abandoning module GammaUI (134)
[2016.04.07-01.04.30:923][499]LogModuleManager: Shutting down and abandoning module Documentation (133)
[2016.04.07-01.04.30:923][499]LogModuleManager: Shutting down and abandoning module GameLiveStreaming (132)
[2016.04.07-01.04.30:923][499]LogModuleManager: Shutting down and abandoning module StreamingPauseRendering (131)
[2016.04.07-01.04.30:924][499]LogModuleManager: Shutting down and abandoning module AnalyticsET (130)
[2016.04.07-01.04.30:924][499]LogModuleManager: Shutting down and abandoning module Analytics (129)
[2016.04.07-01.04.30:924][499]LogModuleManager: Shutting down and abandoning module AITestSuite (128)
[2016.04.07-01.04.30:924][499]LogModuleManager: Shutting down and abandoning module GameplayDebugger (127)
[2016.04.07-01.04.30:924][499]LogModuleManager: Shutting down and abandoning module AIModule (126)
[2016.04.07-01.04.30:924][499]LogModuleManager: Shutting down and abandoning module ProfilerService (125)
[2016.04.07-01.04.31:036][499]LogModuleManager: Shutting down and abandoning module TaskGraph (124)
[2016.04.07-01.04.31:036][499]LogModuleManager: Shutting down and abandoning module SlateRemote (123)
[2016.04.07-01.04.31:036][499]LogModuleManager: Shutting down and abandoning module SteamVRController (122)
[2016.04.07-01.04.31:036][499]LogModuleManager: Shutting down and abandoning module SteamVR (121)
[2016.04.07-01.04.31:036][499]LogModuleManager: Shutting down and abandoning module ProceduralMeshComponent (120)
[2016.04.07-01.04.31:036][499]LogModuleManager: Shutting down and abandoning module OculusLibrary (119)
[2016.04.07-01.04.31:036][499]LogModuleManager: Shutting down and abandoning module OculusInput (118)
[2016.04.07-01.04.31:036][499]LogModuleManager: Shutting down and abandoning module LeapMotionController (117)
[2016.04.07-01.04.31:086][499]LogModuleManager: Shutting down and abandoning module CustomMeshComponent (116)
[2016.04.07-01.04.31:086][499]LogModuleManager: Shutting down and abandoning module CableComponent (115)
[2016.04.07-01.04.31:086][499]LogModuleManager: Shutting down and abandoning module ArchVisCharacter (114)
[2016.04.07-01.04.31:086][499]LogModuleManager: Shutting down and abandoning module MessagingDebugger (113)
[2016.04.07-01.04.31:086][499]LogModuleManager: Shutting down and abandoning module MediaPlayerEditor (112)
[2016.04.07-01.04.31:087][499]LogModuleManager: Shutting down and abandoning module HTML5Networking (111)
[2016.04.07-01.04.31:087][499]LogModuleManager: Shutting down and abandoning module CodeView (110)
[2016.04.07-01.04.31:087][499]LogModuleManager: Shutting down and abandoning module SpeedTreeImporter (109)
[2016.04.07-01.04.31:087][499]LogModuleManager: Shutting down and abandoning module PluginBrowser (108)
[2016.04.07-01.04.31:087][499]LogModuleManager: Shutting down and abandoning module EpicSurvey (107)
[2016.04.07-01.04.31:087][499]LogModuleManager: Shutting down and abandoning module DesktopPlatform (106)
[2016.04.07-01.04.31:087][499]LogModuleManager: Shutting down and abandoning module VisualStudioSourceCodeAccess (105)
[2016.04.07-01.04.31:087][499]LogModuleManager: Shutting down and abandoning module UObjectPlugin (104)
[2016.04.07-01.04.31:087][499]LogModuleManager: Shutting down and abandoning module SubversionSourceControl (103)
[2016.04.07-01.04.31:087][499]LogModuleManager: Shutting down and abandoning module PerforceSourceControl (102)
[2016.04.07-01.04.31:087][499]LogModuleManager: Shutting down and abandoning module SourceControl (101)
[2016.04.07-01.04.31:087][499]LogModuleManager: Shutting down and abandoning module GitSourceControl (100)
[2016.04.07-01.04.31:088][499]LogModuleManager: Shutting down and abandoning module LightPropagationVolumeEditor (99)
[2016.04.07-01.04.31:088][499]LogModuleManager: Shutting down and abandoning module PaperTiledImporter (98)
[2016.04.07-01.04.31:088][499]LogModuleManager: Shutting down and abandoning module PaperSpriteSheetImporter (97)
[2016.04.07-01.04.31:088][499]LogModuleManager: Shutting down and abandoning module MeshPaint (96)
[2016.04.07-01.04.31:088][499]LogModuleManager: Shutting down and abandoning module SlateReflector (95)
[2016.04.07-01.04.31:088][499]LogModuleManager: Shutting down and abandoning module HotReload (94)
[2016.04.07-01.04.31:088][499]LogModuleManager: Shutting down and abandoning module MainFrame (93)
[2016.04.07-01.04.31:088][499]LogModuleManager: Shutting down and abandoning module LevelEditor (92)
[2016.04.07-01.04.31:093][499]LogModuleManager: Shutting down and abandoning module DirectoryWatcher (91)
[2016.04.07-01.04.31:118][499]LogModuleManager: Shutting down and abandoning module AssetRegistry (90)
[2016.04.07-01.04.31:334][499]LogModuleManager: Shutting down and abandoning module ContentBrowser (89)
[2016.04.07-01.04.31:337][499]LogModuleManager: Shutting down and abandoning module Paper2DEditor (88)
[2016.04.07-01.04.31:337][499]LogModuleManager: Shutting down and abandoning module Star_Traders (87)
[2016.04.07-01.04.31:337][499]LogModuleManager: Shutting down and abandoning module UdpMessaging (86)
[2016.04.07-01.04.31:437][499]LogModuleManager: Shutting down and abandoning module LightPropagationVolumeRuntime (85)
[2016.04.07-01.04.31:437][499]LogModuleManager: Shutting down and abandoning module Paper2D (84)
[2016.04.07-01.04.31:437][499]LogModuleManager: Shutting down and abandoning module WindowsMoviePlayer (83)
[2016.04.07-01.04.31:446][499]LogModuleManager: Shutting down and abandoning module Media (82)
[2016.04.07-01.04.31:446][499]LogModuleManager: Shutting down and abandoning module WmfMedia (81)
[2016.04.07-01.04.31:446][499]LogModuleManager: Shutting down and abandoning module OnlineBlueprintSupport (80)
[2016.04.07-01.04.31:446][499]LogModuleManager: Shutting down and abandoning module GameplayTasksEditor (79)
[2016.04.07-01.04.31:447][499]LogModuleManager: Shutting down and abandoning module PropertyEditor (78)
[2016.04.07-01.04.31:447][499]LogModuleManager: Shutting down and abandoning module BehaviorTreeEditor (77)
[2016.04.07-01.04.31:447][499]LogModuleManager: Shutting down and abandoning module FunctionalTesting (76)
[2016.04.07-01.04.31:447][499]LogModuleManager: Shutting down and abandoning module CollisionAnalyzer (75)
[2016.04.07-01.04.31:447][499]LogModuleManager: Shutting down and abandoning module WorkspaceMenuStructure (74)
[2016.04.07-01.04.31:447][499]LogModuleManager: Shutting down and abandoning module MessageLog (73)
[2016.04.07-01.04.31:447][499]LogModuleManager: Shutting down and abandoning module Sequencer (72)
[2016.04.07-01.04.31:447][499]LogModuleManager: Shutting down and abandoning module AssetTools (71)
[2016.04.07-01.04.31:448][499]LogModuleManager: Shutting down and abandoning module UMGEditor (70)
[2016.04.07-01.04.31:448][499]LogModuleManager: Shutting down and abandoning module UMG (69)
[2016.04.07-01.04.31:448][499]LogModuleManager: Shutting down and abandoning module Slate (68)
[2016.04.07-01.04.31:448][499]LogModuleManager: Shutting down and abandoning module EditorStyle (67)
[2016.04.07-01.04.31:456][499]LogModuleManager: Shutting down and abandoning module SessionServices (66)
[2016.04.07-01.04.31:456][499]LogModuleManager: Shutting down and abandoning module SourceCodeAccess (65)
[2016.04.07-01.04.31:456][499]LogModuleManager: Shutting down and abandoning module HeadMountedDisplay (64)
[2016.04.07-01.04.31:456][499]LogModuleManager: Shutting down and abandoning module XAudio2 (63)
[2016.04.07-01.04.31:456][499]LogModuleManager: Shutting down and abandoning module Networking (61)
[2016.04.07-01.04.31:456][499]LogModuleManager: Shutting down and abandoning module Core (60)
[2016.04.07-01.04.31:456][499]LogModuleManager: Shutting down and abandoning module KismetCompiler (59)
[2016.04.07-01.04.31:456][499]LogModuleManager: Shutting down and abandoning module PhysXFormats (58)
[2016.04.07-01.04.31:456][499]LogModuleManager: Shutting down and abandoning module MeshUtilities (57)
[2016.04.07-01.04.31:456][499]LogModuleManager: Shutting down and abandoning module DerivedDataCache (56)
[2016.04.07-01.04.31:502][499]LogDerivedDataCache: Shutdown
[2016.04.07-01.04.31:502][499]LogModuleManager: Shutting down and abandoning module ShaderFormatOpenGL (55)
[2016.04.07-01.04.31:502][499]LogModuleManager: Shutting down and abandoning module ShaderFormatD3D (54)
[2016.04.07-01.04.31:503][499]LogModuleManager: Shutting down and abandoning module MetalShaderFormat (53)
[2016.04.07-01.04.31:503][499]LogModuleManager: Shutting down and abandoning module TextureFormatUncompressed (52)
[2016.04.07-01.04.31:503][499]LogModuleManager: Shutting down and abandoning module TextureFormatPVR (51)
[2016.04.07-01.04.31:503][499]LogModuleManager: Shutting down and abandoning module TextureFormatIntelISPCTexComp (50)
[2016.04.07-01.04.31:503][499]LogModuleManager: Shutting down and abandoning module TextureFormatDXT (49)
[2016.04.07-01.04.31:503][499]LogModuleManager: Shutting down and abandoning module ImageWrapper (48)
[2016.04.07-01.04.31:503][499]LogModuleManager: Shutting down and abandoning module TextureFormatASTC (47)
[2016.04.07-01.04.31:503][499]LogModuleManager: Shutting down and abandoning module TextureFormatAndroid (46)
[2016.04.07-01.04.31:503][499]LogModuleManager: Shutting down and abandoning module AudioFormatOpus (45)
[2016.04.07-01.04.31:503][499]LogModuleManager: Shutting down and abandoning module AudioFormatOgg (44)
[2016.04.07-01.04.31:503][499]LogModuleManager: Shutting down and abandoning module AudioFormatADPCM (43)
[2016.04.07-01.04.31:503][499]LogModuleManager: Shutting down and abandoning module LinuxTargetPlatform (42)
[2016.04.07-01.04.31:504][499]LogModuleManager: Shutting down and abandoning module LinuxServerTargetPlatform (41)
[2016.04.07-01.04.31:504][499]LogModuleManager: Shutting down and abandoning module LinuxNoEditorTargetPlatform (40)
[2016.04.07-01.04.31:504][499]LogModuleManager: Shutting down and abandoning module Messaging (39)
[2016.04.07-01.04.31:504][499]LogModuleManager: Shutting down and abandoning module IOSTargetPlatform (38)
[2016.04.07-01.04.31:504][499]LogModuleManager: Shutting down and abandoning module HTML5TargetPlatform (37)
[2016.04.07-01.04.31:504][499]LogModuleManager: Shutting down and abandoning module Android_PVRTCTargetPlatform (36)
[2016.04.07-01.04.31:504][499]LogModuleManager: Shutting down and abandoning module Android_MultiTargetPlatform (35)
[2016.04.07-01.04.31:504][499]LogModuleManager: Shutting down and abandoning module Android_ETC2TargetPlatform (34)
[2016.04.07-01.04.31:504][499]LogModuleManager: Shutting down and abandoning module Android_ETC1TargetPlatform (33)
[2016.04.07-01.04.31:504][499]LogModuleManager: Shutting down and abandoning module Android_DXTTargetPlatform (32)
[2016.04.07-01.04.31:504][499]LogModuleManager: Shutting down and abandoning module Android_ATCTargetPlatform (31)
[2016.04.07-01.04.31:504][499]LogModuleManager: Shutting down and abandoning module Android_ASTCTargetPlatform (30)
[2016.04.07-01.04.31:504][499]LogModuleManager: Shutting down and abandoning module AndroidTargetPlatform (29)
[2016.04.07-01.04.31:504][499]LogModuleManager: Shutting down and abandoning module WindowsTargetPlatform (28)
[2016.04.07-01.04.31:505][499]LogModuleManager: Shutting down and abandoning module WindowsServerTargetPlatform (27)
[2016.04.07-01.04.31:505][499]LogModuleManager: Shutting down and abandoning module WindowsNoEditorTargetPlatform (26)
[2016.04.07-01.04.31:505][499]LogModuleManager: Shutting down and abandoning module WindowsClientTargetPlatform (25)
[2016.04.07-01.04.31:505][499]LogModuleManager: Shutting down and abandoning module AllDesktopTargetPlatform (24)
[2016.04.07-01.04.31:505][499]LogModuleManager: Shutting down and abandoning module TargetPlatform (23)
[2016.04.07-01.04.31:506][499]LogModuleManager: Shutting down and abandoning module InputCore (22)
[2016.04.07-01.04.31:506][499]LogModuleManager: Shutting down and abandoning module Settings (21)
[2016.04.07-01.04.31:506][499]LogModuleManager: Shutting down and abandoning module OnlineSubsystem (19)
[2016.04.07-01.04.31:506][499]LogModuleManager: Shutting down and abandoning module HTTP (18)
[2016.04.07-01.04.32:510][499]LogModuleManager: Shutting down and abandoning module XMPP (17)
[2016.04.07-01.04.32:510][499]LogModuleManager: Shutting down and abandoning module OculusRift (16)
[2016.04.07-01.04.32:510][499]LogModuleManager: Shutting down and abandoning module ExampleDeviceProfileSelector (15)
[2016.04.07-01.04.32:510][499]LogModuleManager: Shutting down and abandoning module TextureCompressor (14)
[2016.04.07-01.04.32:510][499]LogModuleManager: Shutting down and abandoning module ShaderCore (13)
[2016.04.07-01.04.32:510][499]LogModuleManager: Shutting down and abandoning module Landscape (12)
[2016.04.07-01.04.32:510][499]LogModuleManager: Shutting down and abandoning module SlateRHIRenderer (11)
[2016.04.07-01.04.32:532][499]LogModuleManager: Shutting down and abandoning module OpenGLDrv (10)
[2016.04.07-01.04.32:532][499]LogModuleManager: Shutting down and abandoning module D3D11RHI (9)
[2016.04.07-01.04.32:532][499]LogModuleManager: Shutting down and abandoning module AnimGraphRuntime (8)
[2016.04.07-01.04.32:532][499]LogModuleManager: Shutting down and abandoning module Renderer (7)
[2016.04.07-01.04.32:532][499]LogModuleManager: Shutting down and abandoning module Engine (6)
[2016.04.07-01.04.32:532][499]LogModuleManager: Shutting down and abandoning module CoreUObject (5)
[2016.04.07-01.04.32:532][499]LogModuleManager: Shutting down and abandoning module NetworkFile (4)
[2016.04.07-01.04.32:532][499]LogModuleManager: Shutting down and abandoning module StreamingFile (3)
[2016.04.07-01.04.32:533][499]LogModuleManager: Shutting down and abandoning module SandboxFile (2)
[2016.04.07-01.04.32:533][499]LogModuleManager: Shutting down and abandoning module PakFile (1)
[2016.04.07-01.04.32:535][499]LogExit: Exiting.
[2016.04.07-01.04.32:592][499]Log file closed, 04/06/16 19:04:32
