[2016.04.21-00.59.42:566][  0]Log file open, 04/20/16 18:59:42
[2016.04.21-00.59.42:566][  0]LogInit:Display: Running engine for game: Star_Traders
[2016.04.21-00.59.42:566][  0]LogPlatformFile: Not using cached read wrapper
[2016.04.21-00.59.42:566][  0]LogInit:Display: RandInit(-1650206991) SRandInit(-1650206990).
[2016.04.21-00.59.42:566][  0]LogTaskGraph: Started task graph with 4 named threads and 5 total threads.
[2016.04.21-00.59.42:566][  0]LogStats: Stats thread started at 0.058252
[2016.04.21-00.59.42:566][  0]LogInit: Version: 4.10.4-2872498+++depot+UE4-Releases+4.10
[2016.04.21-00.59.42:566][  0]LogInit: API Version: 2758231
[2016.04.21-00.59.42:570][  0]LogInit: Compiled (64-bit): Feb 18 2016 15:47:04
[2016.04.21-00.59.42:570][  0]LogInit: Compiled with Visual C++: 19.00.23026.00
[2016.04.21-00.59.42:570][  0]LogInit: Build Configuration: Development
[2016.04.21-00.59.42:570][  0]LogInit: Branch Name: ++depot+UE4-Releases+4.10
[2016.04.21-00.59.42:570][  0]LogInit: Command line:  
[2016.04.21-00.59.42:570][  0]LogInit: Base directory: C:/Program Files/Epic Games/4.10/Engine/Binaries/Win64/
[2016.04.21-00.59.42:570][  0]LogInit: Rocket: 1
[2016.04.21-00.59.42:654][  0]LogInit: Using libcurl 7.41.0
[2016.04.21-00.59.42:654][  0]LogInit:  - built for x86_64-pc-win32
[2016.04.21-00.59.42:654][  0]LogInit:  - supports SSL with WinSSL
[2016.04.21-00.59.42:654][  0]LogInit:  - other features:
[2016.04.21-00.59.42:654][  0]LogInit:      CURL_VERSION_SSL
[2016.04.21-00.59.42:654][  0]LogInit:      CURL_VERSION_IPV6
[2016.04.21-00.59.42:654][  0]LogInit:      CURL_VERSION_ASYNCHDNS
[2016.04.21-00.59.42:654][  0]LogInit:      CURL_VERSION_LARGEFILE
[2016.04.21-00.59.42:654][  0]LogInit:      CURL_VERSION_IDN
[2016.04.21-00.59.42:655][  0]LogInit:  CurlRequestOptions (configurable via config and command line):
[2016.04.21-00.59.42:655][  0]LogInit:  - bVerifyPeer = true  - Libcurl will verify peer certificate
[2016.04.21-00.59.42:655][  0]LogInit:  - bUseHttpProxy = false  - Libcurl will NOT use HTTP proxy
[2016.04.21-00.59.42:656][  0]LogInit:  - bDontReuseConnections = false  - Libcurl will reuse connections
[2016.04.21-00.59.42:656][  0]LogInit:  - CertBundlePath = nullptr  - Libcurl will use whatever was configured at build time.
[2016.04.21-00.59.42:679][  0]LogInit: Presizing for 0 objects not considered by GC, pre-allocating 0 bytes.
[2016.04.21-00.59.42:701][  0]LogInit: Object subsystem initialized
[2016.04.21-00.59.42:715][  0]LogInit: Selected Device Profile: [Windows]
[2016.04.21-00.59.42:715][  0]LogInit: Applying CVar settings loaded from the selected device profile: [Windows]
[2016.04.21-00.59.42:783][  0]LogInit: Computer: NYK
[2016.04.21-00.59.42:783][  0]LogInit: User: Nicholas
[2016.04.21-00.59.42:783][  0]LogInit: CPU Page size=4096, Cores=2
[2016.04.21-00.59.42:783][  0]LogInit: High frequency timer resolution =2.435771 MHz
[2016.04.21-00.59.42:783][  0]LogMemory: Memory total: Physical=7.9GB (8GB approx)
[2016.04.21-00.59.42:784][  0]LogMemory: Platform Memory Stats for Windows
[2016.04.21-00.59.42:784][  0]LogMemory: Process Physical Memory: 55.85 MB used, 55.85 MB peak
[2016.04.21-00.59.42:784][  0]LogMemory: Process Virtual Memory: 57.54 MB used, 57.54 MB peak
[2016.04.21-00.59.42:784][  0]LogMemory: Physical Memory: 3261.51 MB used, 8097.09 MB total
[2016.04.21-00.59.42:784][  0]LogMemory: Virtual Memory: 382.74 MB used, 134217728.00 MB total
[2016.04.21-00.59.42:915][  0]LogTextLocalizationManager: No specific translations for ('en-US') exist, so ('en') translations will be used.
[2016.04.21-00.59.43:453][  0]LogD3D11RHI: Found D3D11 adapter 0: Intel(R) HD Graphics Family (Feature Level 11_0)
[2016.04.21-00.59.43:453][  0]LogD3D11RHI: Adapter has 112MB of dedicated video memory, 0MB of dedicated system memory, and 4048MB of shared system memory, 1 output[s]
[2016.04.21-00.59.43:454][  0]LogD3D11RHI: Found D3D11 adapter 1: Microsoft Basic Render Driver (Feature Level 11_0)
[2016.04.21-00.59.43:454][  0]LogD3D11RHI: Adapter has 0MB of dedicated video memory, 0MB of dedicated system memory, and 4048MB of shared system memory, 0 output[s]
[2016.04.21-00.59.43:454][  0]LogD3D11RHI: Chosen D3D11 Adapter Id = 0
[2016.04.21-00.59.43:460][  0]LogD3D11RHI: !Direct3DDevice
[2016.04.21-00.59.43:460][  0]LogRHI: Texture pool is 1361 MB (70% of 1945 MB)
[2016.04.21-00.59.43:466][  0]LogD3D11RHI: Async texture creation enabled
[2016.04.21-00.59.43:488][  0]LogShaderCompilers: Guid format shader working directory is 21 characters bigger than the processId version (E:/Star_Traders/Star_Traders/Intermediate/Shaders/WorkingDirectory/5284/).
[2016.04.21-00.59.43:489][  0]LogShaderCompilers: Cleaned the shader compiler working directory 'C:/Users/Nicholas/AppData/Local/Temp/UnrealShaderWorkingDir/9D2AFF9F49947D4FC3199889B8AF8A89/'.
[2016.04.21-00.59.43:489][  0]LogShaderCompilers:Display: Using Local Shader Compiler.
[2016.04.21-00.59.44:658][  0]LogTemp:Display: Loaded TP AllDesktopTargetPlatform
[2016.04.21-00.59.44:664][  0]LogTemp:Display: Loaded TP WindowsClientTargetPlatform
[2016.04.21-00.59.44:669][  0]LogTemp:Display: Loaded TP WindowsNoEditorTargetPlatform
[2016.04.21-00.59.44:675][  0]LogTemp:Display: Loaded TP WindowsServerTargetPlatform
[2016.04.21-00.59.44:683][  0]LogTemp:Display: Loaded TP WindowsTargetPlatform
[2016.04.21-00.59.44:688][  0]LogTemp:Display: Loaded TP AndroidTargetPlatform
[2016.04.21-00.59.44:693][  0]LogTemp:Display: Loaded TP Android_ASTCTargetPlatform
[2016.04.21-00.59.44:698][  0]LogTemp:Display: Loaded TP Android_ATCTargetPlatform
[2016.04.21-00.59.44:703][  0]LogTemp:Display: Loaded TP Android_DXTTargetPlatform
[2016.04.21-00.59.44:709][  0]LogTemp:Display: Loaded TP Android_ETC1TargetPlatform
[2016.04.21-00.59.44:715][  0]LogTemp:Display: Loaded TP Android_ETC2TargetPlatform
[2016.04.21-00.59.44:728][  0]LogTemp:Display: Loaded TP Android_MultiTargetPlatform
[2016.04.21-00.59.44:728][  0]LogTemp:Display: Loaded TP Android_PVRTCTargetPlatform
[2016.04.21-00.59.44:730][  0]LogTemp:Display: Loaded TP HTML5TargetPlatform
[2016.04.21-00.59.44:757][  0]LogTemp:Display: Loaded TP IOSTargetPlatform
[2016.04.21-00.59.44:763][  0]LogTemp:Display: Loaded TP LinuxNoEditorTargetPlatform
[2016.04.21-00.59.44:768][  0]LogTemp:Display: Loaded TP LinuxServerTargetPlatform
[2016.04.21-00.59.44:774][  0]LogTemp:Display: Loaded TP LinuxTargetPlatform
[2016.04.21-00.59.44:774][  0]LogTargetPlatformManager:Display: Building Assets For Windows
[2016.04.21-00.59.44:901][  0]LogDerivedDataCache:Display: Max Cache Size: 512 MB
[2016.04.21-00.59.45:100][  0]LogDerivedDataCache: Loaded boot cache 0.20s 41MB C:/Users/Nicholas/AppData/Local/UnrealEngine/4.10/DerivedDataCache/Boot.ddc.
[2016.04.21-00.59.45:100][  0]LogDerivedDataCache:Display: Loaded Boot cache: C:/Users/Nicholas/AppData/Local/UnrealEngine/4.10/DerivedDataCache/Boot.ddc
[2016.04.21-00.59.45:100][  0]LogDerivedDataCache: FDerivedDataBackendGraph:  Pak pak cache file E:/Star_Traders/Star_Traders/DerivedDataCache/DDC.ddp not found, will not use a pak cache.
[2016.04.21-00.59.45:100][  0]LogDerivedDataCache: Unable to find inner node Pak for hierarchical cache Hierarchy.
[2016.04.21-00.59.45:100][  0]LogDerivedDataCache: FDerivedDataBackendGraph:  CompressedPak pak cache file E:/Star_Traders/Star_Traders/DerivedDataCache/Compressed.ddp not found, will not use a pak cache.
[2016.04.21-00.59.45:100][  0]LogDerivedDataCache: Unable to find inner node CompressedPak for hierarchical cache Hierarchy.
[2016.04.21-00.59.45:173][  0]LogDerivedDataCache:Display: Pak cache opened for reading ../../../Engine/DerivedDataCache/Compressed.ddp.
[2016.04.21-00.59.45:185][  0]LogDerivedDataCache: Using Local data cache path C:/Users/Nicholas/AppData/Local/UnrealEngine/Common/DerivedDataCache: Writable
[2016.04.21-00.59.45:832][  0]LogInit: Selected Device Profile: [Windows]
[2016.04.21-00.59.45:840][  0]LogContentStreaming: Texture pool size is 0.000000MB
[2016.04.21-00.59.46:045][  0]LogMeshUtilities: No automatic mesh reduction module available
[2016.04.21-00.59.46:045][  0]LogMeshUtilities: No automatic mesh merging module available
[2016.04.21-00.59.46:507][  0]LogInit: WinSock: version 1.1 (2.2), MaxSocks=32767, MaxUdp=65467
[2016.04.21-00.59.48:646][  0]UdpMessaging: Initializing bridge on interface 0.0.0.0:0 to multicast group 230.0.0.1:6666.
[2016.04.21-00.59.48:813][  0]LogAssetRegistry: FAssetRegistry took 0.0126 seconds to start up
[2016.04.21-00.59.49:099][  0]SourceControl: Info Source control is disabled
[2016.04.21-00.59.49:163][  0]SourceControl: Info Source control is disabled
[2016.04.21-00.59.49:183][  0]SourceControl: Info Source control is disabled
[2016.04.21-00.59.49:201][  0]SourceControl: Info Source control is disabled
[2016.04.21-00.59.49:573][  0]LogObj: 28641 objects as part of root set at end of initial load.
[2016.04.21-00.59.49:573][  0]LogUObjectAllocator: 6108880 out of 0 bytes used by permanent object pool.
[2016.04.21-00.59.49:685][  0]LogEngine: Initializing Engine...
[2016.04.21-00.59.49:690][  0]LogHMD: Can't find Oculus library dev build: is proper Runtime installed? Version: 0.8.0.0
[2016.04.21-00.59.50:251][  0]LogHMD: SteamVR failed to initialize.  Err: 108
[2016.04.21-00.59.50:429][  0]LogAIModule: Creating AISystem for world NewWorld
[2016.04.21-00.59.50:456][  0]LogInit: XAudio2 using 'Speakers (Realtek High Definition Audio)' : 2 channels at 48 kHz using 32 bits per sample (channel mask 0x3)
[2016.04.21-00.59.50:603][  0]LogInit: FAudioDevice initialized.
[2016.04.21-00.59.50:629][  0]LogDerivedDataCache: Saved boot cache 0.03s 41MB C:/Users/Nicholas/AppData/Local/UnrealEngine/4.10/DerivedDataCache/Boot.ddc.
[2016.04.21-00.59.50:631][  0]LogInit: Texture streaming: Enabled
[2016.04.21-00.59.50:639][  0]LogAnalytics: Creating configured Analytics provider AnalyticsET
[2016.04.21-00.59.50:639][  0]LogAnalytics: [UEEditor.Rocket.Release] APIServer = http://et2.epicgames.com/ET2/. AppVersion = 4.10.4-2872498+++depot+UE4-Releases+4.10
[2016.04.21-00.59.50:640][  0]LogAnalytics: [UEEditor.Rocket.Release] SetUserId 80188b50411f2a5ff0bab5927dc9394b|e3c1f9506af74fedb8f3c66f147e7c41|503f1541-d5a4-4aac-801d-4d5e695784c7
[2016.04.21-00.59.50:641][  0]LogAnalytics: [UEEditor.Rocket.Release] AnalyticsET::StartSession
[2016.04.21-00.59.50:657][  0]LogInit: Transaction tracking system initialized
[2016.04.21-00.59.50:716][  0]BlueprintLog: New page: Editor Load
[2016.04.21-00.59.50:922][  0]LocalizationService: Info Localization service is disabled
[2016.04.21-00.59.51:224][  0]LogConsoleResponse:Display: 
[2016.04.21-00.59.51:431][  0]LogCook:Display: Done creating registry. It took  0.00s.
[2016.04.21-00.59.51:546][  0]LogFileCache: Scanning file cache for directory 'E:/Star_Traders/Star_Traders/Content/' took 0.02s
[2016.04.21-00.59.51:546][  0]SourceControl: Info Source control is disabled
[2016.04.21-00.59.51:548][  0]Cmd: MAP LOAD FILE="E:/Star_Traders/Star_Traders/Content/Star_Traders_Resorces/Levels/DemoLevel.umap" TEMPLATE=0 SHOWPROGRESS=1 FEATURELEVEL=3
[2016.04.21-00.59.51:563][  0]LightingResults: New page: Lighting Build
[2016.04.21-00.59.51:571][  0]MapCheck: New page: Map Check
[2016.04.21-00.59.51:571][  0]LightingResults: New page: Lighting Build
[2016.04.21-00.59.51:600][  0]LogParticles: Destroying 0 GPU particle simulations for FXSystem 0x00000252B0362AC0
[2016.04.21-00.59.51:611][  0]LogAIModule: Creating AISystem for world DemoLevel
[2016.04.21-00.59.51:622][  0]LogEditorServer: Finished looking for orphan Actors (0.000 secs)
[2016.04.21-00.59.51:624][  0]Cmd: MAP CHECKDEP NOCLEARLOG
[2016.04.21-00.59.51:676][  0]MapCheck: Info Map check complete: 0 Error(s), 0 Warning(s), took 51.845ms to complete.
[2016.04.21-00.59.51:676][  0]LogFileHelpers: Loading map 'DemoLevel' took 0.130
[2016.04.21-00.59.51:893][  0]LogCollectionManager: Loaded 0 collections in 0.014875 seconds
[2016.04.21-00.59.51:951][  0]LogFileCache: Scanning file cache for directory 'E:/Star_Traders/Star_Traders/Saved/Collections/' took 0.01s
[2016.04.21-00.59.51:951][  0]LogFileCache: Scanning file cache for directory 'E:/Star_Traders/Star_Traders/Content/Developers/Nicholas/Collections/' took 0.01s
[2016.04.21-00.59.51:951][  0]LogFileCache: Scanning file cache for directory 'E:/Star_Traders/Star_Traders/Content/Collections/' took 0.01s
[2016.04.21-00.59.51:951][  0]LogCollectionManager: Rebuilt the GUID cache for 0 collections in 0.000002 seconds
[2016.04.21-00.59.51:965][  0]LogContentBrowser: Native class hierarchy populated in 0.0131 seconds. Added 1894 classes and 340 folders.
[2016.04.21-00.59.51:978][  0]LogContentBrowser: Native class hierarchy updated for 'WidgetCarousel' in 0.0012 seconds. Added 0 classes and 0 folders.
[2016.04.21-00.59.52:146][  0]LogContentBrowser: Native class hierarchy updated for 'AddContentDialog' in 0.0014 seconds. Added 0 classes and 0 folders.
[2016.04.21-00.59.52:158][  0]LogContentBrowser: Native class hierarchy updated for 'SceneOutliner' in 0.0024 seconds. Added 1 classes and 2 folders.
[2016.04.21-00.59.52:219][  0]LogCrashTracker: Crashtracker disabled due to settings.
[2016.04.21-00.59.52:234][  0]LogUObjectGlobals:Warning: Failed to find object 'Class None.'
[2016.04.21-00.59.52:259][  0]LogLoad: Full Startup: 10.46 seconds (BP compile: 0.03 seconds)
[2016.04.21-00.59.52:277][  0]LogWindowsTextInputMethodSystem:Display: IME system now deactivated.
[2016.04.21-00.59.52:278][  0]LogWindowsTextInputMethodSystem:Display: IME system now deactivated.
[2016.04.21-00.59.52:281][  0]LogOcInput: Can't find Oculus library dev build: is proper Runtime installed? Version: 0.8.0.0
[2016.04.21-00.59.52:345][  0]LogContentStreaming: Texture pool size now 200 MB
[2016.04.21-00.59.52:512][  0]LogRenderer: Reallocating scene render targets to support 904x520 (Frame:2).
[2016.04.21-00.59.52:923][  2]LogAssetRegistry: Asset discovery search completed in 4.1222 seconds
[2016.04.21-00.59.52:924][  2]LogCollectionManager: Rebuilt the object cache for 0 collections in 0.000001 seconds (found 0 objects)
[2016.04.21-00.59.52:924][  2]LogCollectionManager: Fixed up redirectors for 0 collections in 0.000050 seconds (updated 0 objects)
[2016.04.21-01.00.03:057][487]LogLinker:Warning: Asset '../../../Engine/Content/ArtTools/RenderToTexture/Macros/RenderToTextureMacros.uasset' has been saved with empty engine version. The asset will be loaded but may be incompatible.
[2016.04.21-01.00.03:547][487]LogContentBrowser: Native class hierarchy updated for 'BlueprintGraph' in 0.0016 seconds. Added 107 classes and 0 folders.
[2016.04.21-01.00.05:562][487]LogPrimitiveComponent: Zero scaling not supported (/Engine/Transient.World_7:PersistentLevel.HexTile_C_0.Cube)
[2016.04.21-01.00.05:564][487]LogActor:Warning: GameNetworkManager /Engine/Transient.World_8:PersistentLevel.GameNetworkManager_0 has natively added scene component(s), but none of them were set as the actor's RootComponent - picking one arbitrarily
[2016.04.21-01.05.40:744][222]BlueprintLog: New page: Compile ItemInterface
[2016.04.21-01.05.41:671][222]BlueprintEditorCompileResults: Info The execution path doesn't end with a return node.  False 
[2016.04.21-01.05.41:671][222]BlueprintEditorCompileResults: Info [0359.87] Compile of ItemInterface successful! [in 926 ms]
[2016.04.21-01.05.42:307][246]Cmd: OBJ SAVEPACKAGE PACKAGE="/Game/Star_Traders_Resorces/Trade/ItemInterface" FILE="E:/Star_Traders/Star_Traders/Content/Star_Traders_Resorces/Trade/ItemInterface.uasset" SILENT=true
[2016.04.21-01.05.43:202][246]LogSavePackage: Save=719.772095ms
[2016.04.21-01.05.43:202][246]LogSavePackage: Moving 'E:/Star_Traders/Star_Traders/Saved/ItemInterfaceA97D2DDF4917F79E0EB6CBB10FAB4E8D.tmp' to 'E:/Star_Traders/Star_Traders/Content/Star_Traders_Resorces/Trade/ItemInterface.uasset'
[2016.04.21-01.05.43:208][246]LogSavePackage: Total save time: 896.992780ms
[2016.04.21-01.05.43:208][246]LogSavePackage:Display: Finished SavePackage E:/Star_Traders/Star_Traders/Content/Star_Traders_Resorces/Trade/ItemInterface.uasset
[2016.04.21-01.14.38:897][850]LogPlayLevel: PlayLevel: No blueprints needed recompiling
[2016.04.21-01.14.38:898][850]PIE: New page: PIE session: DemoLevel (Apr 20, 2016, 1:14:38 PM)
[2016.04.21-01.14.38:899][850]LogPlayLevel: Creating play world package: /Game/Star_Traders_Resorces/Levels/UEDPIE_0_DemoLevel
[2016.04.21-01.14.38:900][850]LogPlayLevel: PIE: StaticDuplicateObject took: (0.000886s)
[2016.04.21-01.14.38:900][850]LogAIModule: Creating AISystem for world DemoLevel
[2016.04.21-01.14.38:901][850]LogPlayLevel: PIE: World Init took: (0.000936s)
[2016.04.21-01.14.38:901][850]LogPlayLevel: PIE: Created PIE world by copying editor world from /Game/Star_Traders_Resorces/Levels/DemoLevel.DemoLevel to /Game/Star_Traders_Resorces/Levels/UEDPIE_0_DemoLevel.DemoLevel (0.002041s)
[2016.04.21-01.14.38:967][850]LogInit: XAudio2 using 'Speakers (Realtek High Definition Audio)' : 2 channels at 48 kHz using 32 bits per sample (channel mask 0x3)
[2016.04.21-01.14.38:975][850]LogInit: FAudioDevice initialized.
[2016.04.21-01.14.39:039][850]LogWorld: Game class is 'Star_Traders_GameMode_C'
[2016.04.21-01.14.39:041][850]LogWorld: Bringing World /Game/Star_Traders_Resorces/Levels/UEDPIE_0_DemoLevel.DemoLevel up for play (max tick rate 60) at 2016.04.20-19.14.39
[2016.04.21-01.14.39:041][850]LogActor:Warning: GameSession /Game/Star_Traders_Resorces/Levels/UEDPIE_0_DemoLevel.DemoLevel:PersistentLevel.GameSession_0 has natively added scene component(s), but none of them were set as the actor's RootComponent - picking one arbitrarily
[2016.04.21-01.14.39:041][850]LogActor:Warning: GameNetworkManager /Game/Star_Traders_Resorces/Levels/UEDPIE_0_DemoLevel.DemoLevel:PersistentLevel.GameNetworkManager_1 has natively added scene component(s), but none of them were set as the actor's RootComponent - picking one arbitrarily
[2016.04.21-01.14.39:041][850]LogWorld: Bringing up level for play took: 0.001960
[2016.04.21-01.14.39:054][850]LogPrimitiveComponent: Zero scaling not supported (/Game/Star_Traders_Resorces/Levels/UEDPIE_0_DemoLevel.DemoLevel:PersistentLevel.HexTile_C_1.Cube)
[2016.04.21-01.14.39:055][850]LogPrimitiveComponent: Zero scaling not supported (/Game/Star_Traders_Resorces/Levels/UEDPIE_0_DemoLevel.DemoLevel:PersistentLevel.HexTile_C_2.Cube)
[2016.04.21-01.14.39:056][850]LogPrimitiveComponent: Zero scaling not supported (/Game/Star_Traders_Resorces/Levels/UEDPIE_0_DemoLevel.DemoLevel:PersistentLevel.HexTile_C_3.Cube)
[2016.04.21-01.14.39:057][850]LogPrimitiveComponent: Zero scaling not supported (/Game/Star_Traders_Resorces/Levels/UEDPIE_0_DemoLevel.DemoLevel:PersistentLevel.HexTile_C_4.Cube)
[2016.04.21-01.14.39:058][850]LogPrimitiveComponent: Zero scaling not supported (/Game/Star_Traders_Resorces/Levels/UEDPIE_0_DemoLevel.DemoLevel:PersistentLevel.HexTile_C_5.Cube)
[2016.04.21-01.14.39:059][850]LogPrimitiveComponent: Zero scaling not supported (/Game/Star_Traders_Resorces/Levels/UEDPIE_0_DemoLevel.DemoLevel:PersistentLevel.HexTile_C_6.Cube)
[2016.04.21-01.14.39:060][850]LogPrimitiveComponent: Zero scaling not supported (/Game/Star_Traders_Resorces/Levels/UEDPIE_0_DemoLevel.DemoLevel:PersistentLevel.HexTile_C_7.Cube)
[2016.04.21-01.14.39:060][850]LogPrimitiveComponent: Zero scaling not supported (/Game/Star_Traders_Resorces/Levels/UEDPIE_0_DemoLevel.DemoLevel:PersistentLevel.HexTile_C_8.Cube)
[2016.04.21-01.14.39:061][850]LogPrimitiveComponent: Zero scaling not supported (/Game/Star_Traders_Resorces/Levels/UEDPIE_0_DemoLevel.DemoLevel:PersistentLevel.HexTile_C_9.Cube)
[2016.04.21-01.14.39:062][850]LogPrimitiveComponent: Zero scaling not supported (/Game/Star_Traders_Resorces/Levels/UEDPIE_0_DemoLevel.DemoLevel:PersistentLevel.HexTile_C_10.Cube)
[2016.04.21-01.14.39:063][850]LogPrimitiveComponent: Zero scaling not supported (/Game/Star_Traders_Resorces/Levels/UEDPIE_0_DemoLevel.DemoLevel:PersistentLevel.HexTile_C_11.Cube)
[2016.04.21-01.14.39:064][850]LogPrimitiveComponent: Zero scaling not supported (/Game/Star_Traders_Resorces/Levels/UEDPIE_0_DemoLevel.DemoLevel:PersistentLevel.HexTile_C_12.Cube)
[2016.04.21-01.14.39:065][850]LogPrimitiveComponent: Zero scaling not supported (/Game/Star_Traders_Resorces/Levels/UEDPIE_0_DemoLevel.DemoLevel:PersistentLevel.HexTile_C_13.Cube)
[2016.04.21-01.14.39:066][850]LogPrimitiveComponent: Zero scaling not supported (/Game/Star_Traders_Resorces/Levels/UEDPIE_0_DemoLevel.DemoLevel:PersistentLevel.HexTile_C_14.Cube)
[2016.04.21-01.14.39:066][850]LogPrimitiveComponent: Zero scaling not supported (/Game/Star_Traders_Resorces/Levels/UEDPIE_0_DemoLevel.DemoLevel:PersistentLevel.HexTile_C_15.Cube)
[2016.04.21-01.14.39:068][850]LogPrimitiveComponent: Zero scaling not supported (/Game/Star_Traders_Resorces/Levels/UEDPIE_0_DemoLevel.DemoLevel:PersistentLevel.HexTile_C_16.Cube)
[2016.04.21-01.14.39:068][850]LogPrimitiveComponent: Zero scaling not supported (/Game/Star_Traders_Resorces/Levels/UEDPIE_0_DemoLevel.DemoLevel:PersistentLevel.HexTile_C_17.Cube)
[2016.04.21-01.14.39:069][850]LogPrimitiveComponent: Zero scaling not supported (/Game/Star_Traders_Resorces/Levels/UEDPIE_0_DemoLevel.DemoLevel:PersistentLevel.HexTile_C_18.Cube)
[2016.04.21-01.14.39:070][850]LogPrimitiveComponent: Zero scaling not supported (/Game/Star_Traders_Resorces/Levels/UEDPIE_0_DemoLevel.DemoLevel:PersistentLevel.HexTile_C_19.Cube)
[2016.04.21-01.14.39:071][850]LogPrimitiveComponent: Zero scaling not supported (/Game/Star_Traders_Resorces/Levels/UEDPIE_0_DemoLevel.DemoLevel:PersistentLevel.HexTile_C_20.Cube)
[2016.04.21-01.14.39:072][850]LogPrimitiveComponent: Zero scaling not supported (/Game/Star_Traders_Resorces/Levels/UEDPIE_0_DemoLevel.DemoLevel:PersistentLevel.HexTile_C_21.Cube)
[2016.04.21-01.14.39:073][850]LogPrimitiveComponent: Zero scaling not supported (/Game/Star_Traders_Resorces/Levels/UEDPIE_0_DemoLevel.DemoLevel:PersistentLevel.HexTile_C_22.Cube)
[2016.04.21-01.14.39:074][850]LogPrimitiveComponent: Zero scaling not supported (/Game/Star_Traders_Resorces/Levels/UEDPIE_0_DemoLevel.DemoLevel:PersistentLevel.HexTile_C_23.Cube)
[2016.04.21-01.14.39:074][850]LogPrimitiveComponent: Zero scaling not supported (/Game/Star_Traders_Resorces/Levels/UEDPIE_0_DemoLevel.DemoLevel:PersistentLevel.HexTile_C_24.Cube)
[2016.04.21-01.14.39:075][850]LogPrimitiveComponent: Zero scaling not supported (/Game/Star_Traders_Resorces/Levels/UEDPIE_0_DemoLevel.DemoLevel:PersistentLevel.HexTile_C_25.Cube)
[2016.04.21-01.14.39:075][850]LogPrimitiveComponent: Zero scaling not supported (/Game/Star_Traders_Resorces/Levels/UEDPIE_0_DemoLevel.DemoLevel:PersistentLevel.HexTile_C_26.Cube)
[2016.04.21-01.14.39:076][850]LogPrimitiveComponent: Zero scaling not supported (/Game/Star_Traders_Resorces/Levels/UEDPIE_0_DemoLevel.DemoLevel:PersistentLevel.HexTile_C_27.Cube)
[2016.04.21-01.14.39:077][850]LogPrimitiveComponent: Zero scaling not supported (/Game/Star_Traders_Resorces/Levels/UEDPIE_0_DemoLevel.DemoLevel:PersistentLevel.HexTile_C_28.Cube)
[2016.04.21-01.14.39:078][850]LogPrimitiveComponent: Zero scaling not supported (/Game/Star_Traders_Resorces/Levels/UEDPIE_0_DemoLevel.DemoLevel:PersistentLevel.HexTile_C_29.Cube)
[2016.04.21-01.14.39:078][850]LogPrimitiveComponent: Zero scaling not supported (/Game/Star_Traders_Resorces/Levels/UEDPIE_0_DemoLevel.DemoLevel:PersistentLevel.HexTile_C_30.Cube)
[2016.04.21-01.14.39:079][850]LogPrimitiveComponent: Zero scaling not supported (/Game/Star_Traders_Resorces/Levels/UEDPIE_0_DemoLevel.DemoLevel:PersistentLevel.HexTile_C_31.Cube)
[2016.04.21-01.14.39:080][850]LogPrimitiveComponent: Zero scaling not supported (/Game/Star_Traders_Resorces/Levels/UEDPIE_0_DemoLevel.DemoLevel:PersistentLevel.HexTile_C_32.Cube)
[2016.04.21-01.14.39:081][850]LogPrimitiveComponent: Zero scaling not supported (/Game/Star_Traders_Resorces/Levels/UEDPIE_0_DemoLevel.DemoLevel:PersistentLevel.HexTile_C_33.Cube)
[2016.04.21-01.14.39:081][850]LogPrimitiveComponent: Zero scaling not supported (/Game/Star_Traders_Resorces/Levels/UEDPIE_0_DemoLevel.DemoLevel:PersistentLevel.HexTile_C_34.Cube)
[2016.04.21-01.14.39:082][850]LogPrimitiveComponent: Zero scaling not supported (/Game/Star_Traders_Resorces/Levels/UEDPIE_0_DemoLevel.DemoLevel:PersistentLevel.HexTile_C_35.Cube)
[2016.04.21-01.14.39:083][850]LogPrimitiveComponent: Zero scaling not supported (/Game/Star_Traders_Resorces/Levels/UEDPIE_0_DemoLevel.DemoLevel:PersistentLevel.HexTile_C_36.Cube)
[2016.04.21-01.14.39:084][850]LogPrimitiveComponent: Zero scaling not supported (/Game/Star_Traders_Resorces/Levels/UEDPIE_0_DemoLevel.DemoLevel:PersistentLevel.HexTile_C_37.Cube)
[2016.04.21-01.14.39:085][850]LogPrimitiveComponent: Zero scaling not supported (/Game/Star_Traders_Resorces/Levels/UEDPIE_0_DemoLevel.DemoLevel:PersistentLevel.HexTile_C_38.Cube)
[2016.04.21-01.14.39:086][850]LogPrimitiveComponent: Zero scaling not supported (/Game/Star_Traders_Resorces/Levels/UEDPIE_0_DemoLevel.DemoLevel:PersistentLevel.HexTile_C_39.Cube)
[2016.04.21-01.14.39:086][850]LogPrimitiveComponent: Zero scaling not supported (/Game/Star_Traders_Resorces/Levels/UEDPIE_0_DemoLevel.DemoLevel:PersistentLevel.HexTile_C_40.Cube)
[2016.04.21-01.14.39:088][850]LogPrimitiveComponent: Zero scaling not supported (/Game/Star_Traders_Resorces/Levels/UEDPIE_0_DemoLevel.DemoLevel:PersistentLevel.HexTile_C_41.Cube)
[2016.04.21-01.14.39:088][850]LogPrimitiveComponent: Zero scaling not supported (/Game/Star_Traders_Resorces/Levels/UEDPIE_0_DemoLevel.DemoLevel:PersistentLevel.HexTile_C_42.Cube)
[2016.04.21-01.14.39:089][850]LogPrimitiveComponent: Zero scaling not supported (/Game/Star_Traders_Resorces/Levels/UEDPIE_0_DemoLevel.DemoLevel:PersistentLevel.HexTile_C_43.Cube)
[2016.04.21-01.14.39:090][850]LogPrimitiveComponent: Zero scaling not supported (/Game/Star_Traders_Resorces/Levels/UEDPIE_0_DemoLevel.DemoLevel:PersistentLevel.HexTile_C_44.Cube)
[2016.04.21-01.14.39:091][850]LogPrimitiveComponent: Zero scaling not supported (/Game/Star_Traders_Resorces/Levels/UEDPIE_0_DemoLevel.DemoLevel:PersistentLevel.HexTile_C_45.Cube)
[2016.04.21-01.14.39:092][850]LogPrimitiveComponent: Zero scaling not supported (/Game/Star_Traders_Resorces/Levels/UEDPIE_0_DemoLevel.DemoLevel:PersistentLevel.HexTile_C_46.Cube)
[2016.04.21-01.14.39:092][850]LogPrimitiveComponent: Zero scaling not supported (/Game/Star_Traders_Resorces/Levels/UEDPIE_0_DemoLevel.DemoLevel:PersistentLevel.HexTile_C_47.Cube)
[2016.04.21-01.14.39:093][850]LogPrimitiveComponent: Zero scaling not supported (/Game/Star_Traders_Resorces/Levels/UEDPIE_0_DemoLevel.DemoLevel:PersistentLevel.HexTile_C_48.Cube)
[2016.04.21-01.14.39:093][850]LogPrimitiveComponent: Zero scaling not supported (/Game/Star_Traders_Resorces/Levels/UEDPIE_0_DemoLevel.DemoLevel:PersistentLevel.HexTile_C_49.Cube)
[2016.04.21-01.14.39:094][850]LogPrimitiveComponent: Zero scaling not supported (/Game/Star_Traders_Resorces/Levels/UEDPIE_0_DemoLevel.DemoLevel:PersistentLevel.HexTile_C_50.Cube)
[2016.04.21-01.14.39:094][850]LogPrimitiveComponent: Zero scaling not supported (/Game/Star_Traders_Resorces/Levels/UEDPIE_0_DemoLevel.DemoLevel:PersistentLevel.HexTile_C_51.Cube)
[2016.04.21-01.14.39:095][850]LogPrimitiveComponent: Zero scaling not supported (/Game/Star_Traders_Resorces/Levels/UEDPIE_0_DemoLevel.DemoLevel:PersistentLevel.HexTile_C_52.Cube)
[2016.04.21-01.14.39:096][850]LogPrimitiveComponent: Zero scaling not supported (/Game/Star_Traders_Resorces/Levels/UEDPIE_0_DemoLevel.DemoLevel:PersistentLevel.HexTile_C_53.Cube)
[2016.04.21-01.14.39:096][850]LogPrimitiveComponent: Zero scaling not supported (/Game/Star_Traders_Resorces/Levels/UEDPIE_0_DemoLevel.DemoLevel:PersistentLevel.HexTile_C_54.Cube)
[2016.04.21-01.14.39:097][850]LogPrimitiveComponent: Zero scaling not supported (/Game/Star_Traders_Resorces/Levels/UEDPIE_0_DemoLevel.DemoLevel:PersistentLevel.HexTile_C_55.Cube)
[2016.04.21-01.14.39:098][850]LogPrimitiveComponent: Zero scaling not supported (/Game/Star_Traders_Resorces/Levels/UEDPIE_0_DemoLevel.DemoLevel:PersistentLevel.HexTile_C_56.Cube)
[2016.04.21-01.14.39:098][850]LogPrimitiveComponent: Zero scaling not supported (/Game/Star_Traders_Resorces/Levels/UEDPIE_0_DemoLevel.DemoLevel:PersistentLevel.HexTile_C_57.Cube)
[2016.04.21-01.14.39:099][850]LogPrimitiveComponent: Zero scaling not supported (/Game/Star_Traders_Resorces/Levels/UEDPIE_0_DemoLevel.DemoLevel:PersistentLevel.HexTile_C_58.Cube)
[2016.04.21-01.14.39:100][850]LogPrimitiveComponent: Zero scaling not supported (/Game/Star_Traders_Resorces/Levels/UEDPIE_0_DemoLevel.DemoLevel:PersistentLevel.HexTile_C_59.Cube)
[2016.04.21-01.14.39:100][850]LogPrimitiveComponent: Zero scaling not supported (/Game/Star_Traders_Resorces/Levels/UEDPIE_0_DemoLevel.DemoLevel:PersistentLevel.HexTile_C_60.Cube)
[2016.04.21-01.14.39:101][850]LogPrimitiveComponent: Zero scaling not supported (/Game/Star_Traders_Resorces/Levels/UEDPIE_0_DemoLevel.DemoLevel:PersistentLevel.HexTile_C_61.Cube)
[2016.04.21-01.14.39:102][850]LogPrimitiveComponent: Zero scaling not supported (/Game/Star_Traders_Resorces/Levels/UEDPIE_0_DemoLevel.DemoLevel:PersistentLevel.HexTile_C_62.Cube)
[2016.04.21-01.14.39:102][850]LogPrimitiveComponent: Zero scaling not supported (/Game/Star_Traders_Resorces/Levels/UEDPIE_0_DemoLevel.DemoLevel:PersistentLevel.HexTile_C_63.Cube)
[2016.04.21-01.14.39:103][850]LogPrimitiveComponent: Zero scaling not supported (/Game/Star_Traders_Resorces/Levels/UEDPIE_0_DemoLevel.DemoLevel:PersistentLevel.HexTile_C_64.Cube)
[2016.04.21-01.14.39:103][850]LogPrimitiveComponent: Zero scaling not supported (/Game/Star_Traders_Resorces/Levels/UEDPIE_0_DemoLevel.DemoLevel:PersistentLevel.HexTile_C_65.Cube)
[2016.04.21-01.14.39:104][850]LogPrimitiveComponent: Zero scaling not supported (/Game/Star_Traders_Resorces/Levels/UEDPIE_0_DemoLevel.DemoLevel:PersistentLevel.HexTile_C_66.Cube)
[2016.04.21-01.14.39:105][850]LogPrimitiveComponent: Zero scaling not supported (/Game/Star_Traders_Resorces/Levels/UEDPIE_0_DemoLevel.DemoLevel:PersistentLevel.HexTile_C_67.Cube)
[2016.04.21-01.14.39:105][850]LogPrimitiveComponent: Zero scaling not supported (/Game/Star_Traders_Resorces/Levels/UEDPIE_0_DemoLevel.DemoLevel:PersistentLevel.HexTile_C_68.Cube)
[2016.04.21-01.14.39:106][850]LogPrimitiveComponent: Zero scaling not supported (/Game/Star_Traders_Resorces/Levels/UEDPIE_0_DemoLevel.DemoLevel:PersistentLevel.HexTile_C_69.Cube)
[2016.04.21-01.14.39:107][850]LogPrimitiveComponent: Zero scaling not supported (/Game/Star_Traders_Resorces/Levels/UEDPIE_0_DemoLevel.DemoLevel:PersistentLevel.HexTile_C_70.Cube)
[2016.04.21-01.14.39:107][850]LogPrimitiveComponent: Zero scaling not supported (/Game/Star_Traders_Resorces/Levels/UEDPIE_0_DemoLevel.DemoLevel:PersistentLevel.HexTile_C_71.Cube)
[2016.04.21-01.14.39:108][850]LogPrimitiveComponent: Zero scaling not supported (/Game/Star_Traders_Resorces/Levels/UEDPIE_0_DemoLevel.DemoLevel:PersistentLevel.HexTile_C_72.Cube)
[2016.04.21-01.14.39:109][850]LogPrimitiveComponent: Zero scaling not supported (/Game/Star_Traders_Resorces/Levels/UEDPIE_0_DemoLevel.DemoLevel:PersistentLevel.HexTile_C_73.Cube)
[2016.04.21-01.14.39:109][850]LogPrimitiveComponent: Zero scaling not supported (/Game/Star_Traders_Resorces/Levels/UEDPIE_0_DemoLevel.DemoLevel:PersistentLevel.HexTile_C_74.Cube)
[2016.04.21-01.14.39:110][850]LogPrimitiveComponent: Zero scaling not supported (/Game/Star_Traders_Resorces/Levels/UEDPIE_0_DemoLevel.DemoLevel:PersistentLevel.HexTile_C_75.Cube)
[2016.04.21-01.14.39:111][850]LogPrimitiveComponent: Zero scaling not supported (/Game/Star_Traders_Resorces/Levels/UEDPIE_0_DemoLevel.DemoLevel:PersistentLevel.HexTile_C_76.Cube)
[2016.04.21-01.14.39:112][850]LogPrimitiveComponent: Zero scaling not supported (/Game/Star_Traders_Resorces/Levels/UEDPIE_0_DemoLevel.DemoLevel:PersistentLevel.HexTile_C_77.Cube)
[2016.04.21-01.14.39:112][850]LogPrimitiveComponent: Zero scaling not supported (/Game/Star_Traders_Resorces/Levels/UEDPIE_0_DemoLevel.DemoLevel:PersistentLevel.HexTile_C_78.Cube)
[2016.04.21-01.14.39:113][850]LogPrimitiveComponent: Zero scaling not supported (/Game/Star_Traders_Resorces/Levels/UEDPIE_0_DemoLevel.DemoLevel:PersistentLevel.HexTile_C_79.Cube)
[2016.04.21-01.14.39:114][850]LogPrimitiveComponent: Zero scaling not supported (/Game/Star_Traders_Resorces/Levels/UEDPIE_0_DemoLevel.DemoLevel:PersistentLevel.HexTile_C_80.Cube)
[2016.04.21-01.14.39:115][850]LogPrimitiveComponent: Zero scaling not supported (/Game/Star_Traders_Resorces/Levels/UEDPIE_0_DemoLevel.DemoLevel:PersistentLevel.HexTile_C_81.Cube)
[2016.04.21-01.14.39:116][850]LogPrimitiveComponent: Zero scaling not supported (/Game/Star_Traders_Resorces/Levels/UEDPIE_0_DemoLevel.DemoLevel:PersistentLevel.HexTile_C_82.Cube)
[2016.04.21-01.14.39:117][850]LogPrimitiveComponent: Zero scaling not supported (/Game/Star_Traders_Resorces/Levels/UEDPIE_0_DemoLevel.DemoLevel:PersistentLevel.HexTile_C_83.Cube)
[2016.04.21-01.14.39:119][850]LogPrimitiveComponent: Zero scaling not supported (/Game/Star_Traders_Resorces/Levels/UEDPIE_0_DemoLevel.DemoLevel:PersistentLevel.HexTile_C_84.Cube)
[2016.04.21-01.14.39:120][850]LogPrimitiveComponent: Zero scaling not supported (/Game/Star_Traders_Resorces/Levels/UEDPIE_0_DemoLevel.DemoLevel:PersistentLevel.HexTile_C_85.Cube)
[2016.04.21-01.14.39:121][850]LogPrimitiveComponent: Zero scaling not supported (/Game/Star_Traders_Resorces/Levels/UEDPIE_0_DemoLevel.DemoLevel:PersistentLevel.HexTile_C_86.Cube)
[2016.04.21-01.14.39:122][850]LogPrimitiveComponent: Zero scaling not supported (/Game/Star_Traders_Resorces/Levels/UEDPIE_0_DemoLevel.DemoLevel:PersistentLevel.HexTile_C_87.Cube)
[2016.04.21-01.14.39:123][850]LogPrimitiveComponent: Zero scaling not supported (/Game/Star_Traders_Resorces/Levels/UEDPIE_0_DemoLevel.DemoLevel:PersistentLevel.HexTile_C_88.Cube)
[2016.04.21-01.14.39:124][850]LogPrimitiveComponent: Zero scaling not supported (/Game/Star_Traders_Resorces/Levels/UEDPIE_0_DemoLevel.DemoLevel:PersistentLevel.HexTile_C_89.Cube)
[2016.04.21-01.14.39:124][850]LogPrimitiveComponent: Zero scaling not supported (/Game/Star_Traders_Resorces/Levels/UEDPIE_0_DemoLevel.DemoLevel:PersistentLevel.HexTile_C_90.Cube)
[2016.04.21-01.14.39:125][850]LogPrimitiveComponent: Zero scaling not supported (/Game/Star_Traders_Resorces/Levels/UEDPIE_0_DemoLevel.DemoLevel:PersistentLevel.HexTile_C_91.Cube)
[2016.04.21-01.14.39:125][850]LogPrimitiveComponent: Zero scaling not supported (/Game/Star_Traders_Resorces/Levels/UEDPIE_0_DemoLevel.DemoLevel:PersistentLevel.HexTile_C_92.Cube)
[2016.04.21-01.14.39:126][850]LogPrimitiveComponent: Zero scaling not supported (/Game/Star_Traders_Resorces/Levels/UEDPIE_0_DemoLevel.DemoLevel:PersistentLevel.HexTile_C_93.Cube)
[2016.04.21-01.14.39:126][850]LogPrimitiveComponent: Zero scaling not supported (/Game/Star_Traders_Resorces/Levels/UEDPIE_0_DemoLevel.DemoLevel:PersistentLevel.HexTile_C_94.Cube)
[2016.04.21-01.14.39:127][850]LogPrimitiveComponent: Zero scaling not supported (/Game/Star_Traders_Resorces/Levels/UEDPIE_0_DemoLevel.DemoLevel:PersistentLevel.HexTile_C_95.Cube)
[2016.04.21-01.14.39:128][850]LogPrimitiveComponent: Zero scaling not supported (/Game/Star_Traders_Resorces/Levels/UEDPIE_0_DemoLevel.DemoLevel:PersistentLevel.HexTile_C_96.Cube)
[2016.04.21-01.14.39:128][850]LogPrimitiveComponent: Zero scaling not supported (/Game/Star_Traders_Resorces/Levels/UEDPIE_0_DemoLevel.DemoLevel:PersistentLevel.HexTile_C_97.Cube)
[2016.04.21-01.14.39:129][850]LogPrimitiveComponent: Zero scaling not supported (/Game/Star_Traders_Resorces/Levels/UEDPIE_0_DemoLevel.DemoLevel:PersistentLevel.HexTile_C_98.Cube)
[2016.04.21-01.14.39:129][850]LogPrimitiveComponent: Zero scaling not supported (/Game/Star_Traders_Resorces/Levels/UEDPIE_0_DemoLevel.DemoLevel:PersistentLevel.HexTile_C_99.Cube)
[2016.04.21-01.14.39:130][850]LogPrimitiveComponent: Zero scaling not supported (/Game/Star_Traders_Resorces/Levels/UEDPIE_0_DemoLevel.DemoLevel:PersistentLevel.HexTile_C_100.Cube)
[2016.04.21-01.14.39:203][850]PIE: Info Play in editor start time for /Game/Star_Traders_Resorces/Levels/UEDPIE_0_DemoLevel -0.388
[2016.04.21-01.15.11:571][754]LogParticles: Destroying 0 GPU particle simulations for FXSystem 0x00000252B13A94E0
[2016.04.21-01.21.52:749][282]LogPlayLevel: PlayLevel: No blueprints needed recompiling
[2016.04.21-01.21.52:749][282]PIE: New page: PIE session: DemoLevel (Apr 20, 2016, 1:21:52 PM)
[2016.04.21-01.21.52:749][282]LogPlayLevel: Creating play world package: /Game/Star_Traders_Resorces/Levels/UEDPIE_0_DemoLevel
[2016.04.21-01.21.52:750][282]LogPlayLevel: PIE: StaticDuplicateObject took: (0.001102s)
[2016.04.21-01.21.52:751][282]LogAIModule: Creating AISystem for world DemoLevel
[2016.04.21-01.21.52:751][282]LogPlayLevel: PIE: World Init took: (0.000929s)
[2016.04.21-01.21.52:751][282]LogPlayLevel: PIE: Created PIE world by copying editor world from /Game/Star_Traders_Resorces/Levels/DemoLevel.DemoLevel to /Game/Star_Traders_Resorces/Levels/UEDPIE_0_DemoLevel.DemoLevel (0.002352s)
[2016.04.21-01.21.52:811][282]LogInit: XAudio2 using 'Speakers (Realtek High Definition Audio)' : 2 channels at 48 kHz using 32 bits per sample (channel mask 0x3)
[2016.04.21-01.21.52:819][282]LogInit: FAudioDevice initialized.
[2016.04.21-01.21.52:854][282]LogWorld: Game class is 'Star_Traders_GameMode_C'
[2016.04.21-01.21.52:856][282]LogWorld: Bringing World /Game/Star_Traders_Resorces/Levels/UEDPIE_0_DemoLevel.DemoLevel up for play (max tick rate 60) at 2016.04.20-19.21.52
[2016.04.21-01.21.52:856][282]LogActor:Warning: GameSession /Game/Star_Traders_Resorces/Levels/UEDPIE_0_DemoLevel.DemoLevel:PersistentLevel.GameSession_1 has natively added scene component(s), but none of them were set as the actor's RootComponent - picking one arbitrarily
[2016.04.21-01.21.52:857][282]LogActor:Warning: GameNetworkManager /Game/Star_Traders_Resorces/Levels/UEDPIE_0_DemoLevel.DemoLevel:PersistentLevel.GameNetworkManager_2 has natively added scene component(s), but none of them were set as the actor's RootComponent - picking one arbitrarily
[2016.04.21-01.21.52:857][282]LogWorld: Bringing up level for play took: 0.002261
[2016.04.21-01.21.52:862][282]LogPrimitiveComponent: Zero scaling not supported (/Game/Star_Traders_Resorces/Levels/UEDPIE_0_DemoLevel.DemoLevel:PersistentLevel.HexTile_C_101.Cube)
[2016.04.21-01.21.52:863][282]LogPrimitiveComponent: Zero scaling not supported (/Game/Star_Traders_Resorces/Levels/UEDPIE_0_DemoLevel.DemoLevel:PersistentLevel.HexTile_C_102.Cube)
[2016.04.21-01.21.52:865][282]LogPrimitiveComponent: Zero scaling not supported (/Game/Star_Traders_Resorces/Levels/UEDPIE_0_DemoLevel.DemoLevel:PersistentLevel.HexTile_C_103.Cube)
[2016.04.21-01.21.52:865][282]LogPrimitiveComponent: Zero scaling not supported (/Game/Star_Traders_Resorces/Levels/UEDPIE_0_DemoLevel.DemoLevel:PersistentLevel.HexTile_C_104.Cube)
[2016.04.21-01.21.52:867][282]LogPrimitiveComponent: Zero scaling not supported (/Game/Star_Traders_Resorces/Levels/UEDPIE_0_DemoLevel.DemoLevel:PersistentLevel.HexTile_C_105.Cube)
[2016.04.21-01.21.52:868][282]LogPrimitiveComponent: Zero scaling not supported (/Game/Star_Traders_Resorces/Levels/UEDPIE_0_DemoLevel.DemoLevel:PersistentLevel.HexTile_C_106.Cube)
[2016.04.21-01.21.52:869][282]LogPrimitiveComponent: Zero scaling not supported (/Game/Star_Traders_Resorces/Levels/UEDPIE_0_DemoLevel.DemoLevel:PersistentLevel.HexTile_C_107.Cube)
[2016.04.21-01.21.52:869][282]LogPrimitiveComponent: Zero scaling not supported (/Game/Star_Traders_Resorces/Levels/UEDPIE_0_DemoLevel.DemoLevel:PersistentLevel.HexTile_C_108.Cube)
[2016.04.21-01.21.52:870][282]LogPrimitiveComponent: Zero scaling not supported (/Game/Star_Traders_Resorces/Levels/UEDPIE_0_DemoLevel.DemoLevel:PersistentLevel.HexTile_C_109.Cube)
[2016.04.21-01.21.52:870][282]LogPrimitiveComponent: Zero scaling not supported (/Game/Star_Traders_Resorces/Levels/UEDPIE_0_DemoLevel.DemoLevel:PersistentLevel.HexTile_C_110.Cube)
[2016.04.21-01.21.52:871][282]LogPrimitiveComponent: Zero scaling not supported (/Game/Star_Traders_Resorces/Levels/UEDPIE_0_DemoLevel.DemoLevel:PersistentLevel.HexTile_C_111.Cube)
[2016.04.21-01.21.52:872][282]LogPrimitiveComponent: Zero scaling not supported (/Game/Star_Traders_Resorces/Levels/UEDPIE_0_DemoLevel.DemoLevel:PersistentLevel.HexTile_C_112.Cube)
[2016.04.21-01.21.52:872][282]LogPrimitiveComponent: Zero scaling not supported (/Game/Star_Traders_Resorces/Levels/UEDPIE_0_DemoLevel.DemoLevel:PersistentLevel.HexTile_C_113.Cube)
[2016.04.21-01.21.52:873][282]LogPrimitiveComponent: Zero scaling not supported (/Game/Star_Traders_Resorces/Levels/UEDPIE_0_DemoLevel.DemoLevel:PersistentLevel.HexTile_C_114.Cube)
[2016.04.21-01.21.52:873][282]LogPrimitiveComponent: Zero scaling not supported (/Game/Star_Traders_Resorces/Levels/UEDPIE_0_DemoLevel.DemoLevel:PersistentLevel.HexTile_C_115.Cube)
[2016.04.21-01.21.52:874][282]LogPrimitiveComponent: Zero scaling not supported (/Game/Star_Traders_Resorces/Levels/UEDPIE_0_DemoLevel.DemoLevel:PersistentLevel.HexTile_C_116.Cube)
[2016.04.21-01.21.52:874][282]LogPrimitiveComponent: Zero scaling not supported (/Game/Star_Traders_Resorces/Levels/UEDPIE_0_DemoLevel.DemoLevel:PersistentLevel.HexTile_C_117.Cube)
[2016.04.21-01.21.52:875][282]LogPrimitiveComponent: Zero scaling not supported (/Game/Star_Traders_Resorces/Levels/UEDPIE_0_DemoLevel.DemoLevel:PersistentLevel.HexTile_C_118.Cube)
[2016.04.21-01.21.52:875][282]LogPrimitiveComponent: Zero scaling not supported (/Game/Star_Traders_Resorces/Levels/UEDPIE_0_DemoLevel.DemoLevel:PersistentLevel.HexTile_C_119.Cube)
[2016.04.21-01.21.52:876][282]LogPrimitiveComponent: Zero scaling not supported (/Game/Star_Traders_Resorces/Levels/UEDPIE_0_DemoLevel.DemoLevel:PersistentLevel.HexTile_C_120.Cube)
[2016.04.21-01.21.52:876][282]LogPrimitiveComponent: Zero scaling not supported (/Game/Star_Traders_Resorces/Levels/UEDPIE_0_DemoLevel.DemoLevel:PersistentLevel.HexTile_C_121.Cube)
[2016.04.21-01.21.52:878][282]LogPrimitiveComponent: Zero scaling not supported (/Game/Star_Traders_Resorces/Levels/UEDPIE_0_DemoLevel.DemoLevel:PersistentLevel.HexTile_C_122.Cube)
[2016.04.21-01.21.52:878][282]LogPrimitiveComponent: Zero scaling not supported (/Game/Star_Traders_Resorces/Levels/UEDPIE_0_DemoLevel.DemoLevel:PersistentLevel.HexTile_C_123.Cube)
[2016.04.21-01.21.52:879][282]LogPrimitiveComponent: Zero scaling not supported (/Game/Star_Traders_Resorces/Levels/UEDPIE_0_DemoLevel.DemoLevel:PersistentLevel.HexTile_C_124.Cube)
[2016.04.21-01.21.52:879][282]LogPrimitiveComponent: Zero scaling not supported (/Game/Star_Traders_Resorces/Levels/UEDPIE_0_DemoLevel.DemoLevel:PersistentLevel.HexTile_C_125.Cube)
[2016.04.21-01.21.52:880][282]LogPrimitiveComponent: Zero scaling not supported (/Game/Star_Traders_Resorces/Levels/UEDPIE_0_DemoLevel.DemoLevel:PersistentLevel.HexTile_C_126.Cube)
[2016.04.21-01.21.52:881][282]LogPrimitiveComponent: Zero scaling not supported (/Game/Star_Traders_Resorces/Levels/UEDPIE_0_DemoLevel.DemoLevel:PersistentLevel.HexTile_C_127.Cube)
[2016.04.21-01.21.52:882][282]LogPrimitiveComponent: Zero scaling not supported (/Game/Star_Traders_Resorces/Levels/UEDPIE_0_DemoLevel.DemoLevel:PersistentLevel.HexTile_C_128.Cube)
[2016.04.21-01.21.52:882][282]LogPrimitiveComponent: Zero scaling not supported (/Game/Star_Traders_Resorces/Levels/UEDPIE_0_DemoLevel.DemoLevel:PersistentLevel.HexTile_C_129.Cube)
[2016.04.21-01.21.52:883][282]LogPrimitiveComponent: Zero scaling not supported (/Game/Star_Traders_Resorces/Levels/UEDPIE_0_DemoLevel.DemoLevel:PersistentLevel.HexTile_C_130.Cube)
[2016.04.21-01.21.52:884][282]LogPrimitiveComponent: Zero scaling not supported (/Game/Star_Traders_Resorces/Levels/UEDPIE_0_DemoLevel.DemoLevel:PersistentLevel.HexTile_C_131.Cube)
[2016.04.21-01.21.52:884][282]LogPrimitiveComponent: Zero scaling not supported (/Game/Star_Traders_Resorces/Levels/UEDPIE_0_DemoLevel.DemoLevel:PersistentLevel.HexTile_C_132.Cube)
[2016.04.21-01.21.52:885][282]LogPrimitiveComponent: Zero scaling not supported (/Game/Star_Traders_Resorces/Levels/UEDPIE_0_DemoLevel.DemoLevel:PersistentLevel.HexTile_C_133.Cube)
[2016.04.21-01.21.52:885][282]LogPrimitiveComponent: Zero scaling not supported (/Game/Star_Traders_Resorces/Levels/UEDPIE_0_DemoLevel.DemoLevel:PersistentLevel.HexTile_C_134.Cube)
[2016.04.21-01.21.52:886][282]LogPrimitiveComponent: Zero scaling not supported (/Game/Star_Traders_Resorces/Levels/UEDPIE_0_DemoLevel.DemoLevel:PersistentLevel.HexTile_C_135.Cube)
[2016.04.21-01.21.52:887][282]LogPrimitiveComponent: Zero scaling not supported (/Game/Star_Traders_Resorces/Levels/UEDPIE_0_DemoLevel.DemoLevel:PersistentLevel.HexTile_C_136.Cube)
[2016.04.21-01.21.52:887][282]LogPrimitiveComponent: Zero scaling not supported (/Game/Star_Traders_Resorces/Levels/UEDPIE_0_DemoLevel.DemoLevel:PersistentLevel.HexTile_C_137.Cube)
[2016.04.21-01.21.52:888][282]LogPrimitiveComponent: Zero scaling not supported (/Game/Star_Traders_Resorces/Levels/UEDPIE_0_DemoLevel.DemoLevel:PersistentLevel.HexTile_C_138.Cube)
[2016.04.21-01.21.52:888][282]LogPrimitiveComponent: Zero scaling not supported (/Game/Star_Traders_Resorces/Levels/UEDPIE_0_DemoLevel.DemoLevel:PersistentLevel.HexTile_C_139.Cube)
[2016.04.21-01.21.52:889][282]LogPrimitiveComponent: Zero scaling not supported (/Game/Star_Traders_Resorces/Levels/UEDPIE_0_DemoLevel.DemoLevel:PersistentLevel.HexTile_C_140.Cube)
[2016.04.21-01.21.52:889][282]LogPrimitiveComponent: Zero scaling not supported (/Game/Star_Traders_Resorces/Levels/UEDPIE_0_DemoLevel.DemoLevel:PersistentLevel.HexTile_C_141.Cube)
[2016.04.21-01.21.52:890][282]LogPrimitiveComponent: Zero scaling not supported (/Game/Star_Traders_Resorces/Levels/UEDPIE_0_DemoLevel.DemoLevel:PersistentLevel.HexTile_C_142.Cube)
[2016.04.21-01.21.52:890][282]LogPrimitiveComponent: Zero scaling not supported (/Game/Star_Traders_Resorces/Levels/UEDPIE_0_DemoLevel.DemoLevel:PersistentLevel.HexTile_C_143.Cube)
[2016.04.21-01.21.52:891][282]LogPrimitiveComponent: Zero scaling not supported (/Game/Star_Traders_Resorces/Levels/UEDPIE_0_DemoLevel.DemoLevel:PersistentLevel.HexTile_C_144.Cube)
[2016.04.21-01.21.52:892][282]LogPrimitiveComponent: Zero scaling not supported (/Game/Star_Traders_Resorces/Levels/UEDPIE_0_DemoLevel.DemoLevel:PersistentLevel.HexTile_C_145.Cube)
[2016.04.21-01.21.52:893][282]LogPrimitiveComponent: Zero scaling not supported (/Game/Star_Traders_Resorces/Levels/UEDPIE_0_DemoLevel.DemoLevel:PersistentLevel.HexTile_C_146.Cube)
[2016.04.21-01.21.52:894][282]LogPrimitiveComponent: Zero scaling not supported (/Game/Star_Traders_Resorces/Levels/UEDPIE_0_DemoLevel.DemoLevel:PersistentLevel.HexTile_C_147.Cube)
[2016.04.21-01.21.52:894][282]LogPrimitiveComponent: Zero scaling not supported (/Game/Star_Traders_Resorces/Levels/UEDPIE_0_DemoLevel.DemoLevel:PersistentLevel.HexTile_C_148.Cube)
[2016.04.21-01.21.52:895][282]LogPrimitiveComponent: Zero scaling not supported (/Game/Star_Traders_Resorces/Levels/UEDPIE_0_DemoLevel.DemoLevel:PersistentLevel.HexTile_C_149.Cube)
[2016.04.21-01.21.52:896][282]LogPrimitiveComponent: Zero scaling not supported (/Game/Star_Traders_Resorces/Levels/UEDPIE_0_DemoLevel.DemoLevel:PersistentLevel.HexTile_C_150.Cube)
[2016.04.21-01.21.52:898][282]LogPrimitiveComponent: Zero scaling not supported (/Game/Star_Traders_Resorces/Levels/UEDPIE_0_DemoLevel.DemoLevel:PersistentLevel.HexTile_C_151.Cube)
[2016.04.21-01.21.52:899][282]LogPrimitiveComponent: Zero scaling not supported (/Game/Star_Traders_Resorces/Levels/UEDPIE_0_DemoLevel.DemoLevel:PersistentLevel.HexTile_C_152.Cube)
[2016.04.21-01.21.52:901][282]LogPrimitiveComponent: Zero scaling not supported (/Game/Star_Traders_Resorces/Levels/UEDPIE_0_DemoLevel.DemoLevel:PersistentLevel.HexTile_C_153.Cube)
[2016.04.21-01.21.52:902][282]LogPrimitiveComponent: Zero scaling not supported (/Game/Star_Traders_Resorces/Levels/UEDPIE_0_DemoLevel.DemoLevel:PersistentLevel.HexTile_C_154.Cube)
[2016.04.21-01.21.52:902][282]LogPrimitiveComponent: Zero scaling not supported (/Game/Star_Traders_Resorces/Levels/UEDPIE_0_DemoLevel.DemoLevel:PersistentLevel.HexTile_C_155.Cube)
[2016.04.21-01.21.52:903][282]LogPrimitiveComponent: Zero scaling not supported (/Game/Star_Traders_Resorces/Levels/UEDPIE_0_DemoLevel.DemoLevel:PersistentLevel.HexTile_C_156.Cube)
[2016.04.21-01.21.52:903][282]LogPrimitiveComponent: Zero scaling not supported (/Game/Star_Traders_Resorces/Levels/UEDPIE_0_DemoLevel.DemoLevel:PersistentLevel.HexTile_C_157.Cube)
[2016.04.21-01.21.52:904][282]LogPrimitiveComponent: Zero scaling not supported (/Game/Star_Traders_Resorces/Levels/UEDPIE_0_DemoLevel.DemoLevel:PersistentLevel.HexTile_C_158.Cube)
[2016.04.21-01.21.52:904][282]LogPrimitiveComponent: Zero scaling not supported (/Game/Star_Traders_Resorces/Levels/UEDPIE_0_DemoLevel.DemoLevel:PersistentLevel.HexTile_C_159.Cube)
[2016.04.21-01.21.52:905][282]LogPrimitiveComponent: Zero scaling not supported (/Game/Star_Traders_Resorces/Levels/UEDPIE_0_DemoLevel.DemoLevel:PersistentLevel.HexTile_C_160.Cube)
[2016.04.21-01.21.52:906][282]LogPrimitiveComponent: Zero scaling not supported (/Game/Star_Traders_Resorces/Levels/UEDPIE_0_DemoLevel.DemoLevel:PersistentLevel.HexTile_C_161.Cube)
[2016.04.21-01.21.52:907][282]LogPrimitiveComponent: Zero scaling not supported (/Game/Star_Traders_Resorces/Levels/UEDPIE_0_DemoLevel.DemoLevel:PersistentLevel.HexTile_C_162.Cube)
[2016.04.21-01.21.52:908][282]LogPrimitiveComponent: Zero scaling not supported (/Game/Star_Traders_Resorces/Levels/UEDPIE_0_DemoLevel.DemoLevel:PersistentLevel.HexTile_C_163.Cube)
[2016.04.21-01.21.52:908][282]LogPrimitiveComponent: Zero scaling not supported (/Game/Star_Traders_Resorces/Levels/UEDPIE_0_DemoLevel.DemoLevel:PersistentLevel.HexTile_C_164.Cube)
[2016.04.21-01.21.52:909][282]LogPrimitiveComponent: Zero scaling not supported (/Game/Star_Traders_Resorces/Levels/UEDPIE_0_DemoLevel.DemoLevel:PersistentLevel.HexTile_C_165.Cube)
[2016.04.21-01.21.52:909][282]LogPrimitiveComponent: Zero scaling not supported (/Game/Star_Traders_Resorces/Levels/UEDPIE_0_DemoLevel.DemoLevel:PersistentLevel.HexTile_C_166.Cube)
[2016.04.21-01.21.52:910][282]LogPrimitiveComponent: Zero scaling not supported (/Game/Star_Traders_Resorces/Levels/UEDPIE_0_DemoLevel.DemoLevel:PersistentLevel.HexTile_C_167.Cube)
[2016.04.21-01.21.52:910][282]LogPrimitiveComponent: Zero scaling not supported (/Game/Star_Traders_Resorces/Levels/UEDPIE_0_DemoLevel.DemoLevel:PersistentLevel.HexTile_C_168.Cube)
[2016.04.21-01.21.52:911][282]LogPrimitiveComponent: Zero scaling not supported (/Game/Star_Traders_Resorces/Levels/UEDPIE_0_DemoLevel.DemoLevel:PersistentLevel.HexTile_C_169.Cube)
[2016.04.21-01.21.52:912][282]LogPrimitiveComponent: Zero scaling not supported (/Game/Star_Traders_Resorces/Levels/UEDPIE_0_DemoLevel.DemoLevel:PersistentLevel.HexTile_C_170.Cube)
[2016.04.21-01.21.52:912][282]LogPrimitiveComponent: Zero scaling not supported (/Game/Star_Traders_Resorces/Levels/UEDPIE_0_DemoLevel.DemoLevel:PersistentLevel.HexTile_C_171.Cube)
[2016.04.21-01.21.52:913][282]LogPrimitiveComponent: Zero scaling not supported (/Game/Star_Traders_Resorces/Levels/UEDPIE_0_DemoLevel.DemoLevel:PersistentLevel.HexTile_C_172.Cube)
[2016.04.21-01.21.52:914][282]LogPrimitiveComponent: Zero scaling not supported (/Game/Star_Traders_Resorces/Levels/UEDPIE_0_DemoLevel.DemoLevel:PersistentLevel.HexTile_C_173.Cube)
[2016.04.21-01.21.52:915][282]LogPrimitiveComponent: Zero scaling not supported (/Game/Star_Traders_Resorces/Levels/UEDPIE_0_DemoLevel.DemoLevel:PersistentLevel.HexTile_C_174.Cube)
[2016.04.21-01.21.52:915][282]LogPrimitiveComponent: Zero scaling not supported (/Game/Star_Traders_Resorces/Levels/UEDPIE_0_DemoLevel.DemoLevel:PersistentLevel.HexTile_C_175.Cube)
[2016.04.21-01.21.52:916][282]LogPrimitiveComponent: Zero scaling not supported (/Game/Star_Traders_Resorces/Levels/UEDPIE_0_DemoLevel.DemoLevel:PersistentLevel.HexTile_C_176.Cube)
[2016.04.21-01.21.52:916][282]LogPrimitiveComponent: Zero scaling not supported (/Game/Star_Traders_Resorces/Levels/UEDPIE_0_DemoLevel.DemoLevel:PersistentLevel.HexTile_C_177.Cube)
[2016.04.21-01.21.52:917][282]LogPrimitiveComponent: Zero scaling not supported (/Game/Star_Traders_Resorces/Levels/UEDPIE_0_DemoLevel.DemoLevel:PersistentLevel.HexTile_C_178.Cube)
[2016.04.21-01.21.52:918][282]LogPrimitiveComponent: Zero scaling not supported (/Game/Star_Traders_Resorces/Levels/UEDPIE_0_DemoLevel.DemoLevel:PersistentLevel.HexTile_C_179.Cube)
[2016.04.21-01.21.52:919][282]LogPrimitiveComponent: Zero scaling not supported (/Game/Star_Traders_Resorces/Levels/UEDPIE_0_DemoLevel.DemoLevel:PersistentLevel.HexTile_C_180.Cube)
[2016.04.21-01.21.52:920][282]LogPrimitiveComponent: Zero scaling not supported (/Game/Star_Traders_Resorces/Levels/UEDPIE_0_DemoLevel.DemoLevel:PersistentLevel.HexTile_C_181.Cube)
[2016.04.21-01.21.52:920][282]LogPrimitiveComponent: Zero scaling not supported (/Game/Star_Traders_Resorces/Levels/UEDPIE_0_DemoLevel.DemoLevel:PersistentLevel.HexTile_C_182.Cube)
[2016.04.21-01.21.52:921][282]LogPrimitiveComponent: Zero scaling not supported (/Game/Star_Traders_Resorces/Levels/UEDPIE_0_DemoLevel.DemoLevel:PersistentLevel.HexTile_C_183.Cube)
[2016.04.21-01.21.52:922][282]LogPrimitiveComponent: Zero scaling not supported (/Game/Star_Traders_Resorces/Levels/UEDPIE_0_DemoLevel.DemoLevel:PersistentLevel.HexTile_C_184.Cube)
[2016.04.21-01.21.52:923][282]LogPrimitiveComponent: Zero scaling not supported (/Game/Star_Traders_Resorces/Levels/UEDPIE_0_DemoLevel.DemoLevel:PersistentLevel.HexTile_C_185.Cube)
[2016.04.21-01.21.52:923][282]LogPrimitiveComponent: Zero scaling not supported (/Game/Star_Traders_Resorces/Levels/UEDPIE_0_DemoLevel.DemoLevel:PersistentLevel.HexTile_C_186.Cube)
[2016.04.21-01.21.52:924][282]LogPrimitiveComponent: Zero scaling not supported (/Game/Star_Traders_Resorces/Levels/UEDPIE_0_DemoLevel.DemoLevel:PersistentLevel.HexTile_C_187.Cube)
[2016.04.21-01.21.52:924][282]LogPrimitiveComponent: Zero scaling not supported (/Game/Star_Traders_Resorces/Levels/UEDPIE_0_DemoLevel.DemoLevel:PersistentLevel.HexTile_C_188.Cube)
[2016.04.21-01.21.52:925][282]LogPrimitiveComponent: Zero scaling not supported (/Game/Star_Traders_Resorces/Levels/UEDPIE_0_DemoLevel.DemoLevel:PersistentLevel.HexTile_C_189.Cube)
[2016.04.21-01.21.52:926][282]LogPrimitiveComponent: Zero scaling not supported (/Game/Star_Traders_Resorces/Levels/UEDPIE_0_DemoLevel.DemoLevel:PersistentLevel.HexTile_C_190.Cube)
[2016.04.21-01.21.52:927][282]LogPrimitiveComponent: Zero scaling not supported (/Game/Star_Traders_Resorces/Levels/UEDPIE_0_DemoLevel.DemoLevel:PersistentLevel.HexTile_C_191.Cube)
[2016.04.21-01.21.52:928][282]LogPrimitiveComponent: Zero scaling not supported (/Game/Star_Traders_Resorces/Levels/UEDPIE_0_DemoLevel.DemoLevel:PersistentLevel.HexTile_C_192.Cube)
[2016.04.21-01.21.52:929][282]LogPrimitiveComponent: Zero scaling not supported (/Game/Star_Traders_Resorces/Levels/UEDPIE_0_DemoLevel.DemoLevel:PersistentLevel.HexTile_C_193.Cube)
[2016.04.21-01.21.52:930][282]LogPrimitiveComponent: Zero scaling not supported (/Game/Star_Traders_Resorces/Levels/UEDPIE_0_DemoLevel.DemoLevel:PersistentLevel.HexTile_C_194.Cube)
[2016.04.21-01.21.52:930][282]LogPrimitiveComponent: Zero scaling not supported (/Game/Star_Traders_Resorces/Levels/UEDPIE_0_DemoLevel.DemoLevel:PersistentLevel.HexTile_C_195.Cube)
[2016.04.21-01.21.52:931][282]LogPrimitiveComponent: Zero scaling not supported (/Game/Star_Traders_Resorces/Levels/UEDPIE_0_DemoLevel.DemoLevel:PersistentLevel.HexTile_C_196.Cube)
[2016.04.21-01.21.52:932][282]LogPrimitiveComponent: Zero scaling not supported (/Game/Star_Traders_Resorces/Levels/UEDPIE_0_DemoLevel.DemoLevel:PersistentLevel.HexTile_C_197.Cube)
[2016.04.21-01.21.52:933][282]LogPrimitiveComponent: Zero scaling not supported (/Game/Star_Traders_Resorces/Levels/UEDPIE_0_DemoLevel.DemoLevel:PersistentLevel.HexTile_C_198.Cube)
[2016.04.21-01.21.52:934][282]LogPrimitiveComponent: Zero scaling not supported (/Game/Star_Traders_Resorces/Levels/UEDPIE_0_DemoLevel.DemoLevel:PersistentLevel.HexTile_C_199.Cube)
[2016.04.21-01.21.52:935][282]LogPrimitiveComponent: Zero scaling not supported (/Game/Star_Traders_Resorces/Levels/UEDPIE_0_DemoLevel.DemoLevel:PersistentLevel.HexTile_C_200.Cube)
[2016.04.21-01.21.52:978][282]PIE: Info Play in editor start time for /Game/Star_Traders_Resorces/Levels/UEDPIE_0_DemoLevel -0.613
[2016.04.21-01.22.57:534][114]LogParticles: Destroying 0 GPU particle simulations for FXSystem 0x00000252FD27B600
[2016.04.21-01.23.08:893][761]LogActorComponent: UnregisterComponent: (/Engine/Transient.EditorFloorComp) Not registered. Aborting.
[2016.04.21-01.23.11:492][907]LogActorComponent: UnregisterComponent: (/Engine/Transient.EditorFloorComp) Not registered. Aborting.
[2016.04.21-01.23.20:007][383]LogRenderer: Reallocating scene render targets to support 904x648 (Frame:5860).
[2016.04.21-01.24.21:149][892]LogParticles: Destroying 0 GPU particle simulations for FXSystem 0x00000252C5696C00