[2016.04.07-16.03.43:427][  0]Log file open, 04/07/16 10:03:43
[2016.04.07-16.03.43:427][  0]LogInit:Display: Running engine for game: Star_Traders
[2016.04.07-16.03.43:427][  0]LogPlatformFile: Not using cached read wrapper
[2016.04.07-16.03.43:428][  0]LogInit:Display: RandInit(-158998516) SRandInit(-158998513).
[2016.04.07-16.03.43:428][  0]LogTaskGraph: Started task graph with 4 named threads and 5 total threads.
[2016.04.07-16.03.43:428][  0]LogStats: Stats thread started at 0.234337
[2016.04.07-16.03.43:428][  0]LogInit: Version: 4.10.4-2872498+++depot+UE4-Releases+4.10
[2016.04.07-16.03.43:428][  0]LogInit: API Version: 2758231
[2016.04.07-16.03.43:428][  0]LogInit: Compiled (64-bit): Feb 18 2016 15:47:04
[2016.04.07-16.03.43:428][  0]LogInit: Compiled with Visual C++: 19.00.23026.00
[2016.04.07-16.03.43:428][  0]LogInit: Build Configuration: Development
[2016.04.07-16.03.43:428][  0]LogInit: Branch Name: ++depot+UE4-Releases+4.10
[2016.04.07-16.03.43:428][  0]LogInit: Command line:  
[2016.04.07-16.03.43:428][  0]LogInit: Base directory: C:/Program Files (x86)/Epic Games/4.10/Engine/Binaries/Win64/
[2016.04.07-16.03.43:428][  0]LogInit: Rocket: 1
[2016.04.07-16.03.43:475][  0]LogInit: Using libcurl 7.41.0
[2016.04.07-16.03.43:475][  0]LogInit:  - built for x86_64-pc-win32
[2016.04.07-16.03.43:475][  0]LogInit:  - supports SSL with WinSSL
[2016.04.07-16.03.43:475][  0]LogInit:  - other features:
[2016.04.07-16.03.43:475][  0]LogInit:      CURL_VERSION_SSL
[2016.04.07-16.03.43:475][  0]LogInit:      CURL_VERSION_IPV6
[2016.04.07-16.03.43:476][  0]LogInit:      CURL_VERSION_ASYNCHDNS
[2016.04.07-16.03.43:476][  0]LogInit:      CURL_VERSION_LARGEFILE
[2016.04.07-16.03.43:476][  0]LogInit:      CURL_VERSION_IDN
[2016.04.07-16.03.43:477][  0]LogInit:  CurlRequestOptions (configurable via config and command line):
[2016.04.07-16.03.43:477][  0]LogInit:  - bVerifyPeer = true  - Libcurl will verify peer certificate
[2016.04.07-16.03.43:477][  0]LogInit:  - bUseHttpProxy = false  - Libcurl will NOT use HTTP proxy
[2016.04.07-16.03.43:477][  0]LogInit:  - bDontReuseConnections = false  - Libcurl will reuse connections
[2016.04.07-16.03.43:477][  0]LogInit:  - CertBundlePath = nullptr  - Libcurl will use whatever was configured at build time.
[2016.04.07-16.03.43:589][  0]LogInit: Presizing for 0 objects not considered by GC, pre-allocating 0 bytes.
[2016.04.07-16.03.43:609][  0]LogInit: Object subsystem initialized
[2016.04.07-16.03.43:611][  0]LogInit: Selected Device Profile: [Windows]
[2016.04.07-16.03.43:611][  0]LogInit: Applying CVar settings loaded from the selected device profile: [Windows]
[2016.04.07-16.03.43:731][  0]LogInit: Computer: DESKTOP-275DM9P
[2016.04.07-16.03.43:731][  0]LogInit: User: baroq
[2016.04.07-16.03.43:731][  0]LogInit: CPU Page size=4096, Cores=2
[2016.04.07-16.03.43:731][  0]LogInit: High frequency timer resolution =2.143477 MHz
[2016.04.07-16.03.43:737][  0]LogMemory: Memory total: Physical=7.9GB (8GB approx)
[2016.04.07-16.03.43:737][  0]LogMemory: Platform Memory Stats for Windows
[2016.04.07-16.03.43:737][  0]LogMemory: Process Physical Memory: 55.87 MB used, 55.87 MB peak
[2016.04.07-16.03.43:737][  0]LogMemory: Process Virtual Memory: 55.62 MB used, 55.62 MB peak
[2016.04.07-16.03.43:737][  0]LogMemory: Physical Memory: 6493.91 MB used, 8073.11 MB total
[2016.04.07-16.03.43:737][  0]LogMemory: Virtual Memory: 380.80 MB used, 134217728.00 MB total
[2016.04.07-16.03.44:218][  0]LogTextLocalizationManager: No specific translations for ('en-US') exist, so ('en') translations will be used.
[2016.04.07-16.03.45:456][  0]LogD3D11RHI: Found D3D11 adapter 0: Intel(R) HD Graphics 5500 (Feature Level 11_0)
[2016.04.07-16.03.45:456][  0]LogD3D11RHI: Adapter has 128MB of dedicated video memory, 0MB of dedicated system memory, and 4036MB of shared system memory, 1 output[s]
[2016.04.07-16.03.45:465][  0]LogD3D11RHI: Found D3D11 adapter 1: Microsoft Basic Render Driver (Feature Level 11_0)
[2016.04.07-16.03.45:465][  0]LogD3D11RHI: Adapter has 0MB of dedicated video memory, 0MB of dedicated system memory, and 4036MB of shared system memory, 0 output[s]
[2016.04.07-16.03.45:465][  0]LogD3D11RHI: Chosen D3D11 Adapter Id = 0
[2016.04.07-16.03.45:475][  0]LogD3D11RHI: !Direct3DDevice
[2016.04.07-16.03.45:475][  0]LogRHI: Texture pool is 1361 MB (70% of 1945 MB)
[2016.04.07-16.03.45:485][  0]LogD3D11RHI: Async texture creation enabled
[2016.04.07-16.03.45:519][  0]LogShaderCompilers: Guid format shader working directory is -35 characters bigger than the processId version (../../../../../../Users/baroq/OneDrive/Documents/GitHub/Star_Traders/Star_Traders/Intermediate/Shaders/WorkingDirectory/4836/).
[2016.04.07-16.03.45:519][  0]LogShaderCompilers: Cleaned the shader compiler working directory 'C:/Users/baroq/AppData/Local/Temp/UnrealShaderWorkingDir/110618E24CE1124903A8A6B061844516/'.
[2016.04.07-16.03.45:520][  0]LogShaderCompilers:Display: Using Local Shader Compiler.
[2016.04.07-16.03.50:560][  0]LogTemp:Display: Loaded TP AllDesktopTargetPlatform
[2016.04.07-16.03.50:570][  0]LogTemp:Display: Loaded TP WindowsClientTargetPlatform
[2016.04.07-16.03.50:578][  0]LogTemp:Display: Loaded TP WindowsNoEditorTargetPlatform
[2016.04.07-16.03.50:592][  0]LogTemp:Display: Loaded TP WindowsServerTargetPlatform
[2016.04.07-16.03.50:601][  0]LogTemp:Display: Loaded TP WindowsTargetPlatform
[2016.04.07-16.03.50:613][  0]LogTemp:Display: Loaded TP AndroidTargetPlatform
[2016.04.07-16.03.50:633][  0]LogTemp:Display: Loaded TP Android_ASTCTargetPlatform
[2016.04.07-16.03.50:643][  0]LogTemp:Display: Loaded TP Android_ATCTargetPlatform
[2016.04.07-16.03.50:651][  0]LogTemp:Display: Loaded TP Android_DXTTargetPlatform
[2016.04.07-16.03.50:667][  0]LogTemp:Display: Loaded TP Android_ETC1TargetPlatform
[2016.04.07-16.03.50:675][  0]LogTemp:Display: Loaded TP Android_ETC2TargetPlatform
[2016.04.07-16.03.50:698][  0]LogTemp:Display: Loaded TP Android_MultiTargetPlatform
[2016.04.07-16.03.50:698][  0]LogTemp:Display: Loaded TP Android_PVRTCTargetPlatform
[2016.04.07-16.03.50:699][  0]LogTemp:Display: Loaded TP HTML5TargetPlatform
[2016.04.07-16.03.50:777][  0]LogTemp:Display: Loaded TP IOSTargetPlatform
[2016.04.07-16.03.50:783][  0]LogTemp:Display: Loaded TP LinuxNoEditorTargetPlatform
[2016.04.07-16.03.50:791][  0]LogTemp:Display: Loaded TP LinuxServerTargetPlatform
[2016.04.07-16.03.50:812][  0]LogTemp:Display: Loaded TP LinuxTargetPlatform
[2016.04.07-16.03.50:812][  0]LogTargetPlatformManager:Display: Building Assets For Windows
[2016.04.07-16.03.51:557][  0]LogDerivedDataCache:Display: Max Cache Size: 512 MB
[2016.04.07-16.03.51:975][  0]LogDerivedDataCache: Loaded boot cache 0.42s 41MB C:/Users/baroq/AppData/Local/UnrealEngine/4.10/DerivedDataCache/Boot.ddc.
[2016.04.07-16.03.51:975][  0]LogDerivedDataCache:Display: Loaded Boot cache: C:/Users/baroq/AppData/Local/UnrealEngine/4.10/DerivedDataCache/Boot.ddc
[2016.04.07-16.03.51:975][  0]LogDerivedDataCache: FDerivedDataBackendGraph:  Pak pak cache file ../../../../../../Users/baroq/OneDrive/Documents/GitHub/Star_Traders/Star_Traders/DerivedDataCache/DDC.ddp not found, will not use a pak cache.
[2016.04.07-16.03.51:975][  0]LogDerivedDataCache: Unable to find inner node Pak for hierarchical cache Hierarchy.
[2016.04.07-16.03.51:976][  0]LogDerivedDataCache: FDerivedDataBackendGraph:  CompressedPak pak cache file ../../../../../../Users/baroq/OneDrive/Documents/GitHub/Star_Traders/Star_Traders/DerivedDataCache/Compressed.ddp not found, will not use a pak cache.
[2016.04.07-16.03.51:976][  0]LogDerivedDataCache: Unable to find inner node CompressedPak for hierarchical cache Hierarchy.
[2016.04.07-16.03.52:207][  0]LogDerivedDataCache:Display: Pak cache opened for reading ../../../Engine/DerivedDataCache/Compressed.ddp.
[2016.04.07-16.03.52:220][  0]LogDerivedDataCache: Using Local data cache path C:/Users/baroq/AppData/Local/UnrealEngine/Common/DerivedDataCache: Writable
[2016.04.07-16.03.58:100][  0]LogInit: Selected Device Profile: [Windows]
[2016.04.07-16.03.58:119][  0]LogContentStreaming: Texture pool size is 0.000000MB
[2016.04.07-16.03.58:627][  0]LogMeshUtilities: No automatic mesh reduction module available
[2016.04.07-16.03.58:627][  0]LogMeshUtilities: No automatic mesh merging module available
[2016.04.07-16.04.00:190][  0]LogInit: WinSock: version 1.1 (2.2), MaxSocks=32767, MaxUdp=65467
[2016.04.07-16.04.06:997][  0]UdpMessaging: Initializing bridge on interface 0.0.0.0:0 to multicast group 230.0.0.1:6666.
[2016.04.07-16.04.07:242][  0]LogAssetRegistry: FAssetRegistry took 0.0132 seconds to start up
[2016.04.07-16.04.07:948][  0]SourceControl: Info Source control is disabled
[2016.04.07-16.04.07:951][  0]SourceControl: Info Source control is disabled
[2016.04.07-16.04.07:975][  0]SourceControl: Info Source control is disabled
[2016.04.07-16.04.07:999][  0]SourceControl: Info Source control is disabled
[2016.04.07-16.04.08:780][  0]LogObj: 28641 objects as part of root set at end of initial load.
[2016.04.07-16.04.08:780][  0]LogUObjectAllocator: 6108888 out of 0 bytes used by permanent object pool.
[2016.04.07-16.04.08:989][  0]LogEngine: Initializing Engine...
[2016.04.07-16.04.08:996][  0]LogHMD: Can't find Oculus library dev build: is proper Runtime installed? Version: 0.8.0.0
[2016.04.07-16.04.09:022][  0]LogHMD: SteamVR failed to initialize.  Err: 110
[2016.04.07-16.04.09:606][  0]LogAIModule: Creating AISystem for world NewWorld
[2016.04.07-16.04.09:635][  0]LogInit: XAudio2 using 'Speakers (Conexant SmartAudio HD)' : 2 channels at 44.1 kHz using 32 bits per sample (channel mask 0x3)
[2016.04.07-16.04.09:675][  0]LogInit: FAudioDevice initialized.
[2016.04.07-16.04.09:739][  0]LogDerivedDataCache: Saved boot cache 0.06s 41MB C:/Users/baroq/AppData/Local/UnrealEngine/4.10/DerivedDataCache/Boot.ddc.
[2016.04.07-16.04.09:758][  0]LogInit: Texture streaming: Enabled
[2016.04.07-16.04.09:778][  0]LogAnalytics: Creating configured Analytics provider AnalyticsET
[2016.04.07-16.04.09:783][  0]LogAnalytics: [UEEditor.Rocket.Release] APIServer = http://et2.epicgames.com/ET2/. AppVersion = 4.10.4-2872498+++depot+UE4-Releases+4.10
[2016.04.07-16.04.09:783][  0]LogAnalytics: [UEEditor.Rocket.Release] SetUserId 4b4d598842b4899fe4dc8b941a85a4d8|33dab70fd44b4664be9d6c7e480004c7|aae71f41-2021-4880-b802-f85557d08e84
[2016.04.07-16.04.09:784][  0]LogAnalytics: [UEEditor.Rocket.Release] AnalyticsET::StartSession
[2016.04.07-16.04.09:821][  0]LogInit: Transaction tracking system initialized
[2016.04.07-16.04.09:925][  0]BlueprintLog: New page: Editor Load
[2016.04.07-16.04.10:272][  0]LocalizationService: Info Localization service is disabled
[2016.04.07-16.04.10:488][  0]LogConsoleResponse:Display: 
[2016.04.07-16.04.11:311][  0]LogFileCache: Scanning file cache for directory 'C:/Users/baroq/OneDrive/Documents/GitHub/Star_Traders/Star_Traders/Content/' took 0.02s
[2016.04.07-16.04.11:311][  0]LogCook:Display: Done creating registry. It took  0.00s.
[2016.04.07-16.04.11:553][  0]SourceControl: Info Source control is disabled
[2016.04.07-16.04.11:555][  0]Cmd: MAP LOAD FILE="../../../../../../Users/baroq/OneDrive/Documents/GitHub/Star_Traders/Star_Traders/Content/Star_Traders_Resorces/Levels/DemoLevel.umap" TEMPLATE=0 SHOWPROGRESS=1 FEATURELEVEL=3
[2016.04.07-16.04.11:562][  0]LightingResults: New page: Lighting Build
[2016.04.07-16.04.11:573][  0]MapCheck: New page: Map Check
[2016.04.07-16.04.11:573][  0]LightingResults: New page: Lighting Build
[2016.04.07-16.04.11:634][  0]LogParticles: Destroying 0 GPU particle simulations for FXSystem 0x0000024AC6727B00
[2016.04.07-16.04.14:432][  0]LogAIModule: Creating AISystem for world DemoLevel
[2016.04.07-16.04.14:483][  0]LogEditorServer: Finished looking for orphan Actors (0.000 secs)
[2016.04.07-16.04.14:487][  0]Cmd: MAP CHECKDEP NOCLEARLOG
[2016.04.07-16.04.14:607][  0]MapCheck: Info Map check complete: 0 Error(s), 0 Warning(s), took 119.6ms to complete.
[2016.04.07-16.04.14:607][  0]LogFileHelpers: Loading map 'DemoLevel' took 3.052
[2016.04.07-16.04.14:907][  0]LogCollectionManager: Loaded 0 collections in 0.001673 seconds
[2016.04.07-16.04.14:963][  0]LogFileCache: Scanning file cache for directory 'C:/Users/baroq/OneDrive/Documents/GitHub/Star_Traders/Star_Traders/Saved/Collections/' took 0.01s
[2016.04.07-16.04.14:963][  0]LogFileCache: Scanning file cache for directory 'C:/Users/baroq/OneDrive/Documents/GitHub/Star_Traders/Star_Traders/Content/Developers/baroq/Collections/' took 0.00s
[2016.04.07-16.04.14:963][  0]LogFileCache: Scanning file cache for directory 'C:/Users/baroq/OneDrive/Documents/GitHub/Star_Traders/Star_Traders/Content/Collections/' took 0.01s
[2016.04.07-16.04.14:963][  0]LogCollectionManager: Rebuilt the GUID cache for 0 collections in 0.000006 seconds
[2016.04.07-16.04.14:985][  0]LogContentBrowser: Native class hierarchy populated in 0.0203 seconds. Added 1894 classes and 340 folders.
[2016.04.07-16.04.15:008][  0]LogContentBrowser: Native class hierarchy updated for 'WidgetCarousel' in 0.0020 seconds. Added 0 classes and 0 folders.
[2016.04.07-16.04.15:628][  0]LogContentBrowser: Native class hierarchy updated for 'AddContentDialog' in 0.0033 seconds. Added 0 classes and 0 folders.
[2016.04.07-16.04.15:646][  0]LogContentBrowser: Native class hierarchy updated for 'SceneOutliner' in 0.0027 seconds. Added 1 classes and 2 folders.
[2016.04.07-16.04.15:748][  0]LogCrashTracker: Crashtracker disabled due to settings.
[2016.04.07-16.04.15:791][  0]LogUObjectGlobals:Warning: Failed to find object 'Class None.'
[2016.04.07-16.04.15:824][  0]LogLoad: Full Startup: 36.42 seconds (BP compile: 0.70 seconds)
[2016.04.07-16.04.16:186][  0]LogOcInput: Can't find Oculus library dev build: is proper Runtime installed? Version: 0.8.0.0
[2016.04.07-16.04.16:528][  0]LogContentStreaming: Texture pool size now 1000 MB
[2016.04.07-16.04.16:983][  0]LogRenderer: Reallocating scene render targets to support 804x340 (Frame:2).
[2016.04.07-16.04.21:372][ 10]LogAssetRegistry: Asset discovery search completed in 14.1414 seconds
[2016.04.07-16.04.21:373][ 10]LogCollectionManager: Rebuilt the object cache for 0 collections in 0.000003 seconds (found 0 objects)
[2016.04.07-16.04.21:373][ 10]LogCollectionManager: Fixed up redirectors for 0 collections in 0.000052 seconds (updated 0 objects)
[2016.04.07-16.05.16:684][148]LogLinker:Warning: Asset '../../../Engine/Content/ArtTools/RenderToTexture/Macros/RenderToTextureMacros.uasset' has been saved with empty engine version. The asset will be loaded but may be incompatible.
[2016.04.07-16.05.18:350][148]LogContentBrowser: Native class hierarchy updated for 'BlueprintGraph' in 0.0059 seconds. Added 107 classes and 0 folders.
[2016.04.07-16.14.16:998][797]LogFileHelpers: Editor autosave (incl. sublevels) for '/Game/Star_Traders_Resorces/Levels/DemoLevel' took 0.193
[2016.04.07-16.14.17:014][797]OBJ SavePackage: Generating thumbnails for [0] asset(s) in package [/Game/Star_Traders_Resorces/Blueprints/Player/CameraSystem/PlayerCamera] ([1] browsable assets)...
[2016.04.07-16.14.17:015][797]OBJ SavePackage: Finished generating thumbnails for package [/Game/Star_Traders_Resorces/Blueprints/Player/CameraSystem/PlayerCamera]
[2016.04.07-16.14.17:586][797]LogSavePackage: Save=333.636414ms
[2016.04.07-16.14.17:586][797]LogSavePackage: Moving '../../../../../../Users/baroq/OneDrive/Documents/GitHub/Star_Traders/Star_Traders/Saved/PlayerCamera_Auto124AE870F4ACB43BF9FD906999560ABB3.tmp' to '../../../../../../Users/baroq/OneDrive/Documents/GitHub/Star_Traders/Star_Traders/Saved/Autosaves/Game/Star_Traders_Resorces/Blueprints/Player/CameraSystem/PlayerCamera_Auto1.uasset'
[2016.04.07-16.14.17:591][797]LogSavePackage: Total save time: 556.214038ms
[2016.04.07-16.14.17:591][797]LogSavePackage:Display: Finished SavePackage ../../../../../../Users/baroq/OneDrive/Documents/GitHub/Star_Traders/Star_Traders/Saved/Autosaves/Game/Star_Traders_Resorces/Blueprints/Player/CameraSystem/PlayerCamera_Auto1.uasset
[2016.04.07-16.14.17:598][797]OBJ SavePackage: Generating thumbnails for [0] asset(s) in package [/Game/Star_Traders_Resorces/Blueprints/Menus/PlanetMenu] ([1] browsable assets)...
[2016.04.07-16.14.17:598][797]OBJ SavePackage: Finished generating thumbnails for package [/Game/Star_Traders_Resorces/Blueprints/Menus/PlanetMenu]
[2016.04.07-16.14.17:719][797]LogSavePackage: Save=56.325306ms
[2016.04.07-16.14.17:719][797]LogSavePackage: Moving '../../../../../../Users/baroq/OneDrive/Documents/GitHub/Star_Traders/Star_Traders/Saved/PlanetMenu_Auto13F0C86804AEFCBBFCE5445943CDEF27A.tmp' to '../../../../../../Users/baroq/OneDrive/Documents/GitHub/Star_Traders/Star_Traders/Saved/Autosaves/Game/Star_Traders_Resorces/Blueprints/Menus/PlanetMenu_Auto1.uasset'
[2016.04.07-16.14.17:722][797]LogSavePackage: Total save time: 122.143604ms
[2016.04.07-16.14.17:722][797]LogSavePackage:Display: Finished SavePackage ../../../../../../Users/baroq/OneDrive/Documents/GitHub/Star_Traders/Star_Traders/Saved/Autosaves/Game/Star_Traders_Resorces/Blueprints/Menus/PlanetMenu_Auto1.uasset
[2016.04.07-16.14.17:722][797]LogFileHelpers: Auto-saving content packages took 0.723
[2016.04.07-16.15.44:620][175]LogCrashTracker: 


[2016.04.07-16.15.44:623][175]LogCrashTracker: 


[2016.04.07-16.15.44:623][175]LogWindows:Error: === Critical error: ===
Fatal error!



[2016.04.07-16.15.44:838][175]LogExit: Executing StaticShutdownAfterError
[2016.04.07-16.15.44:863][175]LogPhysics:Warning: PHYSX: ..\..\PhysX\src\NpScene.cpp (2946) 8 : PxScene::unlockWrite() called without matching call to PxScene::lockWrite(), behaviour will be undefined.
[2016.04.07-16.15.44:864][175]LogPhysics:Warning: PHYSX: ..\..\PhysX\src\NpScene.cpp (2946) 8 : PxScene::unlockWrite() called without matching call to PxScene::lockWrite(), behaviour will be undefined.
[2016.04.07-16.15.44:865][175]LogPhysics:Warning: PHYSX: ..\..\PhysX\src\NpScene.cpp (2946) 8 : PxScene::unlockWrite() called without matching call to PxScene::lockWrite(), behaviour will be undefined.
[2016.04.07-16.15.44:865][175]LogPhysics:Warning: PHYSX: ..\..\PhysX\src\NpScene.cpp (2946) 8 : PxScene::unlockWrite() called without matching call to PxScene::lockWrite(), behaviour will be undefined.
[2016.04.07-16.15.44:866][175]LogPhysics:Warning: PHYSX: ..\..\PhysX\src\NpScene.cpp (2946) 8 : PxScene::unlockWrite() called without matching call to PxScene::lockWrite(), behaviour will be undefined.
[2016.04.07-16.15.44:866][175]LogPhysics:Warning: PHYSX: ..\..\PhysX\src\NpScene.cpp (2946) 8 : PxScene::unlockWrite() called without matching call to PxScene::lockWrite(), behaviour will be undefined.
[2016.04.07-16.15.44:867][175]LogPhysics:Warning: PHYSX: ..\..\PhysX\src\NpScene.cpp (2946) 8 : PxScene::unlockWrite() called without matching call to PxScene::lockWrite(), behaviour will be undefined.
[2016.04.07-16.15.44:867][175]LogPhysics:Warning: PHYSX: ..\..\PhysX\src\NpScene.cpp (2946) 8 : PxScene::unlockWrite() called without matching call to PxScene::lockWrite(), behaviour will be undefined.
[2016.04.07-16.15.44:868][175]LogWindows: FPlatformMisc::RequestExit(1)
[2016.04.07-16.15.44:868][175]Log file closed, 04/07/16 10:15:44
