[2016.04.07-21.36.55:213][  0]Log file open, 04/07/16 15:36:55
[2016.04.07-21.36.55:213][  0]LogInit:Display: Running engine for game: Star_Traders
[2016.04.07-21.36.55:213][  0]LogPlatformFile: Not using cached read wrapper
[2016.04.07-21.36.55:213][  0]LogInit:Display: RandInit(-250433948) SRandInit(-250433942).
[2016.04.07-21.36.55:213][  0]LogTaskGraph: Started task graph with 4 named threads and 5 total threads.
[2016.04.07-21.36.55:213][  0]LogStats: Stats thread started at 0.087219
[2016.04.07-21.36.55:213][  0]LogInit: Version: 4.10.4-2872498+++depot+UE4-Releases+4.10
[2016.04.07-21.36.55:213][  0]LogInit: API Version: 2758231
[2016.04.07-21.36.55:213][  0]LogInit: Compiled (64-bit): Feb 18 2016 15:47:04
[2016.04.07-21.36.55:213][  0]LogInit: Compiled with Visual C++: 19.00.23026.00
[2016.04.07-21.36.55:213][  0]LogInit: Build Configuration: Development
[2016.04.07-21.36.55:213][  0]LogInit: Branch Name: ++depot+UE4-Releases+4.10
[2016.04.07-21.36.55:213][  0]LogInit: Command line: -EpicPortal 
[2016.04.07-21.36.55:213][  0]LogInit: Base directory: C:/Program Files (x86)/Epic Games/4.10/Engine/Binaries/Win64/
[2016.04.07-21.36.55:213][  0]LogInit: Rocket: 1
[2016.04.07-21.36.55:222][  0]LogInit: Using libcurl 7.41.0
[2016.04.07-21.36.55:222][  0]LogInit:  - built for x86_64-pc-win32
[2016.04.07-21.36.55:222][  0]LogInit:  - supports SSL with WinSSL
[2016.04.07-21.36.55:222][  0]LogInit:  - other features:
[2016.04.07-21.36.55:222][  0]LogInit:      CURL_VERSION_SSL
[2016.04.07-21.36.55:222][  0]LogInit:      CURL_VERSION_IPV6
[2016.04.07-21.36.55:222][  0]LogInit:      CURL_VERSION_ASYNCHDNS
[2016.04.07-21.36.55:222][  0]LogInit:      CURL_VERSION_LARGEFILE
[2016.04.07-21.36.55:222][  0]LogInit:      CURL_VERSION_IDN
[2016.04.07-21.36.55:222][  0]LogInit:  CurlRequestOptions (configurable via config and command line):
[2016.04.07-21.36.55:222][  0]LogInit:  - bVerifyPeer = true  - Libcurl will verify peer certificate
[2016.04.07-21.36.55:222][  0]LogInit:  - bUseHttpProxy = false  - Libcurl will NOT use HTTP proxy
[2016.04.07-21.36.55:222][  0]LogInit:  - bDontReuseConnections = false  - Libcurl will reuse connections
[2016.04.07-21.36.55:222][  0]LogInit:  - CertBundlePath = nullptr  - Libcurl will use whatever was configured at build time.
[2016.04.07-21.36.55:228][  0]LogInit: Presizing for 0 objects not considered by GC, pre-allocating 0 bytes.
[2016.04.07-21.36.55:235][  0]LogInit: Object subsystem initialized
[2016.04.07-21.36.55:236][  0]LogInit: Selected Device Profile: [Windows]
[2016.04.07-21.36.55:236][  0]LogInit: Applying CVar settings loaded from the selected device profile: [Windows]
[2016.04.07-21.36.55:250][  0]LogInit: Computer: DESKTOP-275DM9P
[2016.04.07-21.36.55:250][  0]LogInit: User: baroq
[2016.04.07-21.36.55:250][  0]LogInit: CPU Page size=4096, Cores=2
[2016.04.07-21.36.55:250][  0]LogInit: High frequency timer resolution =2.143477 MHz
[2016.04.07-21.36.55:250][  0]LogMemory: Memory total: Physical=7.9GB (8GB approx)
[2016.04.07-21.36.55:250][  0]LogMemory: Platform Memory Stats for Windows
[2016.04.07-21.36.55:250][  0]LogMemory: Process Physical Memory: 55.94 MB used, 55.94 MB peak
[2016.04.07-21.36.55:250][  0]LogMemory: Process Virtual Memory: 55.70 MB used, 55.70 MB peak
[2016.04.07-21.36.55:250][  0]LogMemory: Physical Memory: 2925.67 MB used, 8073.11 MB total
[2016.04.07-21.36.55:250][  0]LogMemory: Virtual Memory: 380.80 MB used, 134217728.00 MB total
[2016.04.07-21.36.55:286][  0]LogTextLocalizationManager: No specific translations for ('en-US') exist, so ('en') translations will be used.
[2016.04.07-21.36.55:888][  0]LogD3D11RHI: Found D3D11 adapter 0: Intel(R) HD Graphics 5500 (Feature Level 11_0)
[2016.04.07-21.36.55:888][  0]LogD3D11RHI: Adapter has 128MB of dedicated video memory, 0MB of dedicated system memory, and 4036MB of shared system memory, 1 output[s]
[2016.04.07-21.36.55:889][  0]LogD3D11RHI: Found D3D11 adapter 1: Microsoft Basic Render Driver (Feature Level 11_0)
[2016.04.07-21.36.55:889][  0]LogD3D11RHI: Adapter has 0MB of dedicated video memory, 0MB of dedicated system memory, and 4036MB of shared system memory, 0 output[s]
[2016.04.07-21.36.55:889][  0]LogD3D11RHI: Chosen D3D11 Adapter Id = 0
[2016.04.07-21.36.55:895][  0]LogD3D11RHI: !Direct3DDevice
[2016.04.07-21.36.55:895][  0]LogRHI: Texture pool is 1361 MB (70% of 1945 MB)
[2016.04.07-21.36.55:900][  0]LogD3D11RHI: Async texture creation enabled
[2016.04.07-21.36.55:907][  0]LogShaderCompilers: Guid format shader working directory is -35 characters bigger than the processId version (../../../../../../Users/baroq/OneDrive/Documents/GitHub/Star_Traders/Star_Traders/Intermediate/Shaders/WorkingDirectory/9404/).
[2016.04.07-21.36.55:907][  0]LogShaderCompilers: Cleaned the shader compiler working directory 'C:/Users/baroq/AppData/Local/Temp/UnrealShaderWorkingDir/ECF763744E1F60A3A5E736AD177CF7C1/'.
[2016.04.07-21.36.55:907][  0]LogShaderCompilers:Display: Using Local Shader Compiler.
[2016.04.07-21.36.56:937][  0]LogTemp:Display: Loaded TP AllDesktopTargetPlatform
[2016.04.07-21.36.56:943][  0]LogTemp:Display: Loaded TP WindowsClientTargetPlatform
[2016.04.07-21.36.56:950][  0]LogTemp:Display: Loaded TP WindowsNoEditorTargetPlatform
[2016.04.07-21.36.56:954][  0]LogTemp:Display: Loaded TP WindowsServerTargetPlatform
[2016.04.07-21.36.56:959][  0]LogTemp:Display: Loaded TP WindowsTargetPlatform
[2016.04.07-21.36.56:963][  0]LogTemp:Display: Loaded TP AndroidTargetPlatform
[2016.04.07-21.36.56:966][  0]LogTemp:Display: Loaded TP Android_ASTCTargetPlatform
[2016.04.07-21.36.56:969][  0]LogTemp:Display: Loaded TP Android_ATCTargetPlatform
[2016.04.07-21.36.56:973][  0]LogTemp:Display: Loaded TP Android_DXTTargetPlatform
[2016.04.07-21.36.56:979][  0]LogTemp:Display: Loaded TP Android_ETC1TargetPlatform
[2016.04.07-21.36.56:983][  0]LogTemp:Display: Loaded TP Android_ETC2TargetPlatform
[2016.04.07-21.36.56:990][  0]LogTemp:Display: Loaded TP Android_MultiTargetPlatform
[2016.04.07-21.36.56:990][  0]LogTemp:Display: Loaded TP Android_PVRTCTargetPlatform
[2016.04.07-21.36.56:991][  0]LogTemp:Display: Loaded TP HTML5TargetPlatform
[2016.04.07-21.36.57:009][  0]LogTemp:Display: Loaded TP IOSTargetPlatform
[2016.04.07-21.36.57:014][  0]LogTemp:Display: Loaded TP LinuxNoEditorTargetPlatform
[2016.04.07-21.36.57:017][  0]LogTemp:Display: Loaded TP LinuxServerTargetPlatform
[2016.04.07-21.36.57:020][  0]LogTemp:Display: Loaded TP LinuxTargetPlatform
[2016.04.07-21.36.57:020][  0]LogTargetPlatformManager:Display: Building Assets For Windows
[2016.04.07-21.36.57:101][  0]LogDerivedDataCache:Display: Max Cache Size: 512 MB
[2016.04.07-21.36.57:179][  0]LogDerivedDataCache: Loaded boot cache 0.08s 41MB C:/Users/baroq/AppData/Local/UnrealEngine/4.10/DerivedDataCache/Boot.ddc.
[2016.04.07-21.36.57:179][  0]LogDerivedDataCache:Display: Loaded Boot cache: C:/Users/baroq/AppData/Local/UnrealEngine/4.10/DerivedDataCache/Boot.ddc
[2016.04.07-21.36.57:179][  0]LogDerivedDataCache: FDerivedDataBackendGraph:  Pak pak cache file ../../../../../../Users/baroq/OneDrive/Documents/GitHub/Star_Traders/Star_Traders/DerivedDataCache/DDC.ddp not found, will not use a pak cache.
[2016.04.07-21.36.57:179][  0]LogDerivedDataCache: Unable to find inner node Pak for hierarchical cache Hierarchy.
[2016.04.07-21.36.57:179][  0]LogDerivedDataCache: FDerivedDataBackendGraph:  CompressedPak pak cache file ../../../../../../Users/baroq/OneDrive/Documents/GitHub/Star_Traders/Star_Traders/DerivedDataCache/Compressed.ddp not found, will not use a pak cache.
[2016.04.07-21.36.57:179][  0]LogDerivedDataCache: Unable to find inner node CompressedPak for hierarchical cache Hierarchy.
[2016.04.07-21.36.57:251][  0]LogDerivedDataCache:Display: Pak cache opened for reading ../../../Engine/DerivedDataCache/Compressed.ddp.
[2016.04.07-21.36.57:263][  0]LogDerivedDataCache: Using Local data cache path C:/Users/baroq/AppData/Local/UnrealEngine/Common/DerivedDataCache: Writable
[2016.04.07-21.36.57:465][  0]LogInit: Selected Device Profile: [Windows]
[2016.04.07-21.36.57:468][  0]LogContentStreaming: Texture pool size is 0.000000MB
[2016.04.07-21.36.57:604][  0]LogMeshUtilities: No automatic mesh reduction module available
[2016.04.07-21.36.57:604][  0]LogMeshUtilities: No automatic mesh merging module available
[2016.04.07-21.36.57:925][  0]LogInit: WinSock: version 1.1 (2.2), MaxSocks=32767, MaxUdp=65467
[2016.04.07-21.36.58:720][  0]UdpMessaging: Initializing bridge on interface 0.0.0.0:0 to multicast group 230.0.0.1:6666.
[2016.04.07-21.36.58:892][  0]LogAssetRegistry: FAssetRegistry took 0.0114 seconds to start up
[2016.04.07-21.36.59:152][  0]SourceControl: Info Source control is disabled
[2016.04.07-21.36.59:154][  0]SourceControl: Info Source control is disabled
[2016.04.07-21.36.59:167][  0]SourceControl: Info Source control is disabled
[2016.04.07-21.36.59:178][  0]SourceControl: Info Source control is disabled
[2016.04.07-21.36.59:435][  0]LogObj: 28641 objects as part of root set at end of initial load.
[2016.04.07-21.36.59:435][  0]LogUObjectAllocator: 6108880 out of 0 bytes used by permanent object pool.
[2016.04.07-21.36.59:496][  0]LogEngine: Initializing Engine...
[2016.04.07-21.36.59:498][  0]LogHMD: Can't find Oculus library dev build: is proper Runtime installed? Version: 0.8.0.0
[2016.04.07-21.36.59:498][  0]LogHMD: SteamVR failed to initialize.  Err: 110
[2016.04.07-21.36.59:662][  0]LogAIModule: Creating AISystem for world NewWorld
[2016.04.07-21.36.59:666][  0]LogInit: XAudio2 using 'Speakers (Conexant SmartAudio HD)' : 2 channels at 44.1 kHz using 32 bits per sample (channel mask 0x3)
[2016.04.07-21.36.59:852][  0]LogInit: FAudioDevice initialized.
[2016.04.07-21.36.59:891][  0]LogDerivedDataCache: Saved boot cache 0.04s 41MB C:/Users/baroq/AppData/Local/UnrealEngine/4.10/DerivedDataCache/Boot.ddc.
[2016.04.07-21.36.59:899][  0]LogInit: Texture streaming: Enabled
[2016.04.07-21.36.59:906][  0]LogAnalytics: Creating configured Analytics provider AnalyticsET
[2016.04.07-21.36.59:906][  0]LogAnalytics: [UEEditor.Rocket.Release] APIServer = http://et2.epicgames.com/ET2/. AppVersion = 4.10.4-2872498+++depot+UE4-Releases+4.10
[2016.04.07-21.36.59:906][  0]LogAnalytics: [UEEditor.Rocket.Release] SetUserId 4b4d598842b4899fe4dc8b941a85a4d8|33dab70fd44b4664be9d6c7e480004c7|aae71f41-2021-4880-b802-f85557d08e84
[2016.04.07-21.36.59:906][  0]LogAnalytics: [UEEditor.Rocket.Release] AnalyticsET::StartSession
[2016.04.07-21.36.59:921][  0]LogInit: Transaction tracking system initialized
[2016.04.07-21.36.59:959][  0]BlueprintLog: New page: Editor Load
[2016.04.07-21.37.00:154][  0]LocalizationService: Info Localization service is disabled
[2016.04.07-21.37.00:318][  0]LogConsoleResponse:Display: 
[2016.04.07-21.37.00:656][  0]LogCook:Display: Done creating registry. It took  0.00s.
[2016.04.07-21.37.00:757][  0]LogFileCache: Scanning file cache for directory 'C:/Users/baroq/OneDrive/Documents/GitHub/Star_Traders/Star_Traders/Content/' took 0.02s
[2016.04.07-21.37.00:757][  0]SourceControl: Info Source control is disabled
[2016.04.07-21.37.00:757][  0]Cmd: MAP LOAD FILE="../../../../../../Users/baroq/OneDrive/Documents/GitHub/Star_Traders/Star_Traders/Content/Star_Traders_Resorces/Levels/DemoLevel.umap" TEMPLATE=0 SHOWPROGRESS=1 FEATURELEVEL=3
[2016.04.07-21.37.00:758][  0]LightingResults: New page: Lighting Build
[2016.04.07-21.37.00:762][  0]MapCheck: New page: Map Check
[2016.04.07-21.37.00:762][  0]LightingResults: New page: Lighting Build
[2016.04.07-21.37.00:792][  0]LogParticles: Destroying 0 GPU particle simulations for FXSystem 0x00000178370CFB00
[2016.04.07-21.37.02:231][  0]LogAIModule: Creating AISystem for world DemoLevel
[2016.04.07-21.37.02:239][  0]LogEditorServer: Finished looking for orphan Actors (0.000 secs)
[2016.04.07-21.37.02:240][  0]Cmd: MAP CHECKDEP NOCLEARLOG
[2016.04.07-21.37.02:313][  0]MapCheck: Info Map check complete: 0 Error(s), 0 Warning(s), took 73.608ms to complete.
[2016.04.07-21.37.02:313][  0]LogFileHelpers: Loading map 'DemoLevel' took 1.556
[2016.04.07-21.37.02:538][  0]LogCollectionManager: Loaded 0 collections in 0.001495 seconds
[2016.04.07-21.37.02:587][  0]LogFileCache: Scanning file cache for directory 'C:/Users/baroq/OneDrive/Documents/GitHub/Star_Traders/Star_Traders/Saved/Collections/' took 0.01s
[2016.04.07-21.37.02:587][  0]LogFileCache: Scanning file cache for directory 'C:/Users/baroq/OneDrive/Documents/GitHub/Star_Traders/Star_Traders/Content/Developers/baroq/Collections/' took 0.01s
[2016.04.07-21.37.02:587][  0]LogFileCache: Scanning file cache for directory 'C:/Users/baroq/OneDrive/Documents/GitHub/Star_Traders/Star_Traders/Content/Collections/' took 0.01s
[2016.04.07-21.37.02:587][  0]LogCollectionManager: Rebuilt the GUID cache for 0 collections in 0.000004 seconds
[2016.04.07-21.37.02:608][  0]LogContentBrowser: Native class hierarchy populated in 0.0210 seconds. Added 1894 classes and 340 folders.
[2016.04.07-21.37.02:625][  0]LogContentBrowser: Native class hierarchy updated for 'WidgetCarousel' in 0.0036 seconds. Added 0 classes and 0 folders.
[2016.04.07-21.37.02:738][  0]LogContentBrowser: Native class hierarchy updated for 'AddContentDialog' in 0.0026 seconds. Added 0 classes and 0 folders.
[2016.04.07-21.37.02:747][  0]LogContentBrowser: Native class hierarchy updated for 'SceneOutliner' in 0.0028 seconds. Added 1 classes and 2 folders.
[2016.04.07-21.37.02:791][  0]LogCrashTracker: Crashtracker disabled due to settings.
[2016.04.07-21.37.02:804][  0]LogUObjectGlobals:Warning: Failed to find object 'Class None.'
[2016.04.07-21.37.02:829][  0]LogLoad: Full Startup: 8.57 seconds (BP compile: 0.36 seconds)
[2016.04.07-21.37.02:839][  0]LogWindowsTextInputMethodSystem:Display: IME system now deactivated.
[2016.04.07-21.37.02:840][  0]LogWindowsTextInputMethodSystem:Display: IME system now deactivated.
[2016.04.07-21.37.02:847][  0]LogOcInput: Can't find Oculus library dev build: is proper Runtime installed? Version: 0.8.0.0
[2016.04.07-21.37.02:998][  0]LogContentStreaming: Texture pool size now 1000 MB
[2016.04.07-21.37.03:257][  0]LogRenderer: Reallocating scene render targets to support 804x340 (Frame:2).
[2016.04.07-21.37.04:803][  8]LogAssetRegistry: Asset discovery search completed in 5.9222 seconds
[2016.04.07-21.37.04:803][  8]LogCollectionManager: Rebuilt the object cache for 0 collections in 0.000001 seconds (found 0 objects)
[2016.04.07-21.37.04:803][  8]LogCollectionManager: Fixed up redirectors for 0 collections in 0.000035 seconds (updated 0 objects)
[2016.04.07-21.37.06:248][122]LogLinker:Warning: Asset '../../../Engine/Content/ArtTools/RenderToTexture/Macros/RenderToTextureMacros.uasset' has been saved with empty engine version. The asset will be loaded but may be incompatible.
[2016.04.07-21.37.07:065][122]LogContentBrowser: Native class hierarchy updated for 'BlueprintGraph' in 0.0033 seconds. Added 107 classes and 0 folders.
[2016.04.07-21.44.00:703][850]LogSavePackage: Save=39.269840ms
[2016.04.07-21.44.00:703][850]LogSavePackage: Moving '../../../../../../Users/baroq/OneDrive/Documents/GitHub/Star_Traders/Star_Traders/Saved/PauseMenuA1C00D3645AD3FFEA13FF69B101521A3.tmp' to '../../../../../../Users/baroq/OneDrive/Documents/GitHub/Star_Traders/Star_Traders/Content/Star_Traders_Resorces/Blueprints/Menus/PauseMenu.uasset'
[2016.04.07-21.44.00:709][850]LogSavePackage: Total save time: 109.348036ms
[2016.04.07-21.44.00:709][850]LogSavePackage:Display: Finished SavePackage ../../../../../../Users/baroq/OneDrive/Documents/GitHub/Star_Traders/Star_Traders/Content/Star_Traders_Resorces/Blueprints/Menus/PauseMenu.uasset
[2016.04.07-21.44.01:496][921]BlueprintLog: New page: Compile PauseMenu
[2016.04.07-21.44.01:837][921]BlueprintEditorCompileResults: Info [0427.58] Compile of PauseMenu successful! [in 340 ms]
[2016.04.07-21.44.05:877][253]LogPlayLevel: PlayLevel: No blueprints needed recompiling
[2016.04.07-21.44.05:877][253]PIE: New page: PIE session: DemoLevel (Apr 7, 2016, 9:44:05 AM)
[2016.04.07-21.44.05:877][253]LogPlayLevel: Creating play world package: /Game/Star_Traders_Resorces/Levels/UEDPIE_0_DemoLevel
[2016.04.07-21.44.05:879][253]LogPlayLevel: PIE: StaticDuplicateObject took: (0.001858s)
[2016.04.07-21.44.05:880][253]LogAIModule: Creating AISystem for world DemoLevel
[2016.04.07-21.44.05:881][253]LogPlayLevel: PIE: World Init took: (0.001360s)
[2016.04.07-21.44.05:881][253]LogPlayLevel: PIE: Created PIE world by copying editor world from /Game/Star_Traders_Resorces/Levels/DemoLevel.DemoLevel to /Game/Star_Traders_Resorces/Levels/UEDPIE_0_DemoLevel.DemoLevel (0.003608s)
[2016.04.07-21.44.05:956][253]LogInit: XAudio2 using 'Speakers (Conexant SmartAudio HD)' : 2 channels at 44.1 kHz using 32 bits per sample (channel mask 0x3)
[2016.04.07-21.44.05:973][253]LogInit: FAudioDevice initialized.
[2016.04.07-21.44.06:033][253]LogWorld: Game class is 'Star_Traders_GameMode_C'
[2016.04.07-21.44.06:037][253]LogWorld: Bringing World /Game/Star_Traders_Resorces/Levels/UEDPIE_0_DemoLevel.DemoLevel up for play (max tick rate 0) at 2016.04.07-15.44.06
[2016.04.07-21.44.06:037][253]LogActor:Warning: GameSession /Game/Star_Traders_Resorces/Levels/UEDPIE_0_DemoLevel.DemoLevel:PersistentLevel.GameSession_0 has natively added scene component(s), but none of them were set as the actor's RootComponent - picking one arbitrarily
[2016.04.07-21.44.06:038][253]LogActor:Warning: GameNetworkManager /Game/Star_Traders_Resorces/Levels/UEDPIE_0_DemoLevel.DemoLevel:PersistentLevel.GameNetworkManager_0 has natively added scene component(s), but none of them were set as the actor's RootComponent - picking one arbitrarily
[2016.04.07-21.44.06:039][253]LogWorld: Bringing up level for play took: 0.004418
[2016.04.07-21.44.06:042][253]LogBlueprintUserMessages: [Advanced_Star_C_0] Sand
[2016.04.07-21.44.06:042][253]LogPrimitiveComponent: Zero scaling not supported (/Game/Star_Traders_Resorces/Levels/UEDPIE_0_DemoLevel.DemoLevel:PersistentLevel.HexTile_C_0.Cube)
[2016.04.07-21.44.06:044][253]LogPrimitiveComponent: Zero scaling not supported (/Game/Star_Traders_Resorces/Levels/UEDPIE_0_DemoLevel.DemoLevel:PersistentLevel.HexTile_C_1.Cube)
[2016.04.07-21.44.06:045][253]LogPrimitiveComponent: Zero scaling not supported (/Game/Star_Traders_Resorces/Levels/UEDPIE_0_DemoLevel.DemoLevel:PersistentLevel.HexTile_C_2.Cube)
[2016.04.07-21.44.06:046][253]LogPrimitiveComponent: Zero scaling not supported (/Game/Star_Traders_Resorces/Levels/UEDPIE_0_DemoLevel.DemoLevel:PersistentLevel.HexTile_C_3.Cube)
[2016.04.07-21.44.06:048][253]LogPrimitiveComponent: Zero scaling not supported (/Game/Star_Traders_Resorces/Levels/UEDPIE_0_DemoLevel.DemoLevel:PersistentLevel.HexTile_C_4.Cube)
[2016.04.07-21.44.06:050][253]LogPrimitiveComponent: Zero scaling not supported (/Game/Star_Traders_Resorces/Levels/UEDPIE_0_DemoLevel.DemoLevel:PersistentLevel.HexTile_C_5.Cube)
[2016.04.07-21.44.06:050][253]LogPrimitiveComponent: Zero scaling not supported (/Game/Star_Traders_Resorces/Levels/UEDPIE_0_DemoLevel.DemoLevel:PersistentLevel.HexTile_C_6.Cube)
[2016.04.07-21.44.06:051][253]LogPrimitiveComponent: Zero scaling not supported (/Game/Star_Traders_Resorces/Levels/UEDPIE_0_DemoLevel.DemoLevel:PersistentLevel.HexTile_C_7.Cube)
[2016.04.07-21.44.06:052][253]LogPrimitiveComponent: Zero scaling not supported (/Game/Star_Traders_Resorces/Levels/UEDPIE_0_DemoLevel.DemoLevel:PersistentLevel.HexTile_C_8.Cube)
[2016.04.07-21.44.06:053][253]LogPrimitiveComponent: Zero scaling not supported (/Game/Star_Traders_Resorces/Levels/UEDPIE_0_DemoLevel.DemoLevel:PersistentLevel.HexTile_C_9.Cube)
[2016.04.07-21.44.06:054][253]LogPrimitiveComponent: Zero scaling not supported (/Game/Star_Traders_Resorces/Levels/UEDPIE_0_DemoLevel.DemoLevel:PersistentLevel.HexTile_C_10.Cube)
[2016.04.07-21.44.06:055][253]LogPrimitiveComponent: Zero scaling not supported (/Game/Star_Traders_Resorces/Levels/UEDPIE_0_DemoLevel.DemoLevel:PersistentLevel.HexTile_C_11.Cube)
[2016.04.07-21.44.06:055][253]LogPrimitiveComponent: Zero scaling not supported (/Game/Star_Traders_Resorces/Levels/UEDPIE_0_DemoLevel.DemoLevel:PersistentLevel.HexTile_C_12.Cube)
[2016.04.07-21.44.06:056][253]LogPrimitiveComponent: Zero scaling not supported (/Game/Star_Traders_Resorces/Levels/UEDPIE_0_DemoLevel.DemoLevel:PersistentLevel.HexTile_C_13.Cube)
[2016.04.07-21.44.06:057][253]LogPrimitiveComponent: Zero scaling not supported (/Game/Star_Traders_Resorces/Levels/UEDPIE_0_DemoLevel.DemoLevel:PersistentLevel.HexTile_C_14.Cube)
[2016.04.07-21.44.06:058][253]LogPrimitiveComponent: Zero scaling not supported (/Game/Star_Traders_Resorces/Levels/UEDPIE_0_DemoLevel.DemoLevel:PersistentLevel.HexTile_C_15.Cube)
[2016.04.07-21.44.06:059][253]LogPrimitiveComponent: Zero scaling not supported (/Game/Star_Traders_Resorces/Levels/UEDPIE_0_DemoLevel.DemoLevel:PersistentLevel.HexTile_C_16.Cube)
[2016.04.07-21.44.06:060][253]LogPrimitiveComponent: Zero scaling not supported (/Game/Star_Traders_Resorces/Levels/UEDPIE_0_DemoLevel.DemoLevel:PersistentLevel.HexTile_C_17.Cube)
[2016.04.07-21.44.06:061][253]LogPrimitiveComponent: Zero scaling not supported (/Game/Star_Traders_Resorces/Levels/UEDPIE_0_DemoLevel.DemoLevel:PersistentLevel.HexTile_C_18.Cube)
[2016.04.07-21.44.06:062][253]LogPrimitiveComponent: Zero scaling not supported (/Game/Star_Traders_Resorces/Levels/UEDPIE_0_DemoLevel.DemoLevel:PersistentLevel.HexTile_C_19.Cube)
[2016.04.07-21.44.06:063][253]LogPrimitiveComponent: Zero scaling not supported (/Game/Star_Traders_Resorces/Levels/UEDPIE_0_DemoLevel.DemoLevel:PersistentLevel.HexTile_C_20.Cube)
[2016.04.07-21.44.06:064][253]LogPrimitiveComponent: Zero scaling not supported (/Game/Star_Traders_Resorces/Levels/UEDPIE_0_DemoLevel.DemoLevel:PersistentLevel.HexTile_C_21.Cube)
[2016.04.07-21.44.06:064][253]LogPrimitiveComponent: Zero scaling not supported (/Game/Star_Traders_Resorces/Levels/UEDPIE_0_DemoLevel.DemoLevel:PersistentLevel.HexTile_C_22.Cube)
[2016.04.07-21.44.06:065][253]LogPrimitiveComponent: Zero scaling not supported (/Game/Star_Traders_Resorces/Levels/UEDPIE_0_DemoLevel.DemoLevel:PersistentLevel.HexTile_C_23.Cube)
[2016.04.07-21.44.06:066][253]LogPrimitiveComponent: Zero scaling not supported (/Game/Star_Traders_Resorces/Levels/UEDPIE_0_DemoLevel.DemoLevel:PersistentLevel.HexTile_C_24.Cube)
[2016.04.07-21.44.06:067][253]LogPrimitiveComponent: Zero scaling not supported (/Game/Star_Traders_Resorces/Levels/UEDPIE_0_DemoLevel.DemoLevel:PersistentLevel.HexTile_C_25.Cube)
[2016.04.07-21.44.06:068][253]LogPrimitiveComponent: Zero scaling not supported (/Game/Star_Traders_Resorces/Levels/UEDPIE_0_DemoLevel.DemoLevel:PersistentLevel.HexTile_C_26.Cube)
[2016.04.07-21.44.06:070][253]LogPrimitiveComponent: Zero scaling not supported (/Game/Star_Traders_Resorces/Levels/UEDPIE_0_DemoLevel.DemoLevel:PersistentLevel.HexTile_C_27.Cube)
[2016.04.07-21.44.06:072][253]LogPrimitiveComponent: Zero scaling not supported (/Game/Star_Traders_Resorces/Levels/UEDPIE_0_DemoLevel.DemoLevel:PersistentLevel.HexTile_C_28.Cube)
[2016.04.07-21.44.06:073][253]LogPrimitiveComponent: Zero scaling not supported (/Game/Star_Traders_Resorces/Levels/UEDPIE_0_DemoLevel.DemoLevel:PersistentLevel.HexTile_C_29.Cube)
[2016.04.07-21.44.06:073][253]LogPrimitiveComponent: Zero scaling not supported (/Game/Star_Traders_Resorces/Levels/UEDPIE_0_DemoLevel.DemoLevel:PersistentLevel.HexTile_C_30.Cube)
[2016.04.07-21.44.06:074][253]LogPrimitiveComponent: Zero scaling not supported (/Game/Star_Traders_Resorces/Levels/UEDPIE_0_DemoLevel.DemoLevel:PersistentLevel.HexTile_C_31.Cube)
[2016.04.07-21.44.06:075][253]LogPrimitiveComponent: Zero scaling not supported (/Game/Star_Traders_Resorces/Levels/UEDPIE_0_DemoLevel.DemoLevel:PersistentLevel.HexTile_C_32.Cube)
[2016.04.07-21.44.06:076][253]LogPrimitiveComponent: Zero scaling not supported (/Game/Star_Traders_Resorces/Levels/UEDPIE_0_DemoLevel.DemoLevel:PersistentLevel.HexTile_C_33.Cube)
[2016.04.07-21.44.06:076][253]LogPrimitiveComponent: Zero scaling not supported (/Game/Star_Traders_Resorces/Levels/UEDPIE_0_DemoLevel.DemoLevel:PersistentLevel.HexTile_C_34.Cube)
[2016.04.07-21.44.06:077][253]LogPrimitiveComponent: Zero scaling not supported (/Game/Star_Traders_Resorces/Levels/UEDPIE_0_DemoLevel.DemoLevel:PersistentLevel.HexTile_C_35.Cube)
[2016.04.07-21.44.06:078][253]LogPrimitiveComponent: Zero scaling not supported (/Game/Star_Traders_Resorces/Levels/UEDPIE_0_DemoLevel.DemoLevel:PersistentLevel.HexTile_C_36.Cube)
[2016.04.07-21.44.06:079][253]LogPrimitiveComponent: Zero scaling not supported (/Game/Star_Traders_Resorces/Levels/UEDPIE_0_DemoLevel.DemoLevel:PersistentLevel.HexTile_C_37.Cube)
[2016.04.07-21.44.06:080][253]LogPrimitiveComponent: Zero scaling not supported (/Game/Star_Traders_Resorces/Levels/UEDPIE_0_DemoLevel.DemoLevel:PersistentLevel.HexTile_C_38.Cube)
[2016.04.07-21.44.06:081][253]LogPrimitiveComponent: Zero scaling not supported (/Game/Star_Traders_Resorces/Levels/UEDPIE_0_DemoLevel.DemoLevel:PersistentLevel.HexTile_C_39.Cube)
[2016.04.07-21.44.06:081][253]LogPrimitiveComponent: Zero scaling not supported (/Game/Star_Traders_Resorces/Levels/UEDPIE_0_DemoLevel.DemoLevel:PersistentLevel.HexTile_C_40.Cube)
[2016.04.07-21.44.06:082][253]LogPrimitiveComponent: Zero scaling not supported (/Game/Star_Traders_Resorces/Levels/UEDPIE_0_DemoLevel.DemoLevel:PersistentLevel.HexTile_C_41.Cube)
[2016.04.07-21.44.06:083][253]LogPrimitiveComponent: Zero scaling not supported (/Game/Star_Traders_Resorces/Levels/UEDPIE_0_DemoLevel.DemoLevel:PersistentLevel.HexTile_C_42.Cube)
[2016.04.07-21.44.06:084][253]LogPrimitiveComponent: Zero scaling not supported (/Game/Star_Traders_Resorces/Levels/UEDPIE_0_DemoLevel.DemoLevel:PersistentLevel.HexTile_C_43.Cube)
[2016.04.07-21.44.06:084][253]LogPrimitiveComponent: Zero scaling not supported (/Game/Star_Traders_Resorces/Levels/UEDPIE_0_DemoLevel.DemoLevel:PersistentLevel.HexTile_C_44.Cube)
[2016.04.07-21.44.06:085][253]LogPrimitiveComponent: Zero scaling not supported (/Game/Star_Traders_Resorces/Levels/UEDPIE_0_DemoLevel.DemoLevel:PersistentLevel.HexTile_C_45.Cube)
[2016.04.07-21.44.06:086][253]LogPrimitiveComponent: Zero scaling not supported (/Game/Star_Traders_Resorces/Levels/UEDPIE_0_DemoLevel.DemoLevel:PersistentLevel.HexTile_C_46.Cube)
[2016.04.07-21.44.06:087][253]LogPrimitiveComponent: Zero scaling not supported (/Game/Star_Traders_Resorces/Levels/UEDPIE_0_DemoLevel.DemoLevel:PersistentLevel.HexTile_C_47.Cube)
[2016.04.07-21.44.06:088][253]LogPrimitiveComponent: Zero scaling not supported (/Game/Star_Traders_Resorces/Levels/UEDPIE_0_DemoLevel.DemoLevel:PersistentLevel.HexTile_C_48.Cube)
[2016.04.07-21.44.06:089][253]LogPrimitiveComponent: Zero scaling not supported (/Game/Star_Traders_Resorces/Levels/UEDPIE_0_DemoLevel.DemoLevel:PersistentLevel.HexTile_C_49.Cube)
[2016.04.07-21.44.06:090][253]LogPrimitiveComponent: Zero scaling not supported (/Game/Star_Traders_Resorces/Levels/UEDPIE_0_DemoLevel.DemoLevel:PersistentLevel.HexTile_C_50.Cube)
[2016.04.07-21.44.06:092][253]LogPrimitiveComponent: Zero scaling not supported (/Game/Star_Traders_Resorces/Levels/UEDPIE_0_DemoLevel.DemoLevel:PersistentLevel.HexTile_C_51.Cube)
[2016.04.07-21.44.06:093][253]LogPrimitiveComponent: Zero scaling not supported (/Game/Star_Traders_Resorces/Levels/UEDPIE_0_DemoLevel.DemoLevel:PersistentLevel.HexTile_C_52.Cube)
[2016.04.07-21.44.06:094][253]LogPrimitiveComponent: Zero scaling not supported (/Game/Star_Traders_Resorces/Levels/UEDPIE_0_DemoLevel.DemoLevel:PersistentLevel.HexTile_C_53.Cube)
[2016.04.07-21.44.06:096][253]LogPrimitiveComponent: Zero scaling not supported (/Game/Star_Traders_Resorces/Levels/UEDPIE_0_DemoLevel.DemoLevel:PersistentLevel.HexTile_C_54.Cube)
[2016.04.07-21.44.06:097][253]LogPrimitiveComponent: Zero scaling not supported (/Game/Star_Traders_Resorces/Levels/UEDPIE_0_DemoLevel.DemoLevel:PersistentLevel.HexTile_C_55.Cube)
[2016.04.07-21.44.06:097][253]LogPrimitiveComponent: Zero scaling not supported (/Game/Star_Traders_Resorces/Levels/UEDPIE_0_DemoLevel.DemoLevel:PersistentLevel.HexTile_C_56.Cube)
[2016.04.07-21.44.06:098][253]LogPrimitiveComponent: Zero scaling not supported (/Game/Star_Traders_Resorces/Levels/UEDPIE_0_DemoLevel.DemoLevel:PersistentLevel.HexTile_C_57.Cube)
[2016.04.07-21.44.06:099][253]LogPrimitiveComponent: Zero scaling not supported (/Game/Star_Traders_Resorces/Levels/UEDPIE_0_DemoLevel.DemoLevel:PersistentLevel.HexTile_C_58.Cube)
[2016.04.07-21.44.06:100][253]LogPrimitiveComponent: Zero scaling not supported (/Game/Star_Traders_Resorces/Levels/UEDPIE_0_DemoLevel.DemoLevel:PersistentLevel.HexTile_C_59.Cube)
[2016.04.07-21.44.06:101][253]LogPrimitiveComponent: Zero scaling not supported (/Game/Star_Traders_Resorces/Levels/UEDPIE_0_DemoLevel.DemoLevel:PersistentLevel.HexTile_C_60.Cube)
[2016.04.07-21.44.06:103][253]LogPrimitiveComponent: Zero scaling not supported (/Game/Star_Traders_Resorces/Levels/UEDPIE_0_DemoLevel.DemoLevel:PersistentLevel.HexTile_C_61.Cube)
[2016.04.07-21.44.06:104][253]LogPrimitiveComponent: Zero scaling not supported (/Game/Star_Traders_Resorces/Levels/UEDPIE_0_DemoLevel.DemoLevel:PersistentLevel.HexTile_C_62.Cube)
[2016.04.07-21.44.06:106][253]LogPrimitiveComponent: Zero scaling not supported (/Game/Star_Traders_Resorces/Levels/UEDPIE_0_DemoLevel.DemoLevel:PersistentLevel.HexTile_C_63.Cube)
[2016.04.07-21.44.06:107][253]LogPrimitiveComponent: Zero scaling not supported (/Game/Star_Traders_Resorces/Levels/UEDPIE_0_DemoLevel.DemoLevel:PersistentLevel.HexTile_C_64.Cube)
[2016.04.07-21.44.06:107][253]LogPrimitiveComponent: Zero scaling not supported (/Game/Star_Traders_Resorces/Levels/UEDPIE_0_DemoLevel.DemoLevel:PersistentLevel.HexTile_C_65.Cube)
[2016.04.07-21.44.06:108][253]LogPrimitiveComponent: Zero scaling not supported (/Game/Star_Traders_Resorces/Levels/UEDPIE_0_DemoLevel.DemoLevel:PersistentLevel.HexTile_C_66.Cube)
[2016.04.07-21.44.06:109][253]LogPrimitiveComponent: Zero scaling not supported (/Game/Star_Traders_Resorces/Levels/UEDPIE_0_DemoLevel.DemoLevel:PersistentLevel.HexTile_C_67.Cube)
[2016.04.07-21.44.06:110][253]LogPrimitiveComponent: Zero scaling not supported (/Game/Star_Traders_Resorces/Levels/UEDPIE_0_DemoLevel.DemoLevel:PersistentLevel.HexTile_C_68.Cube)
[2016.04.07-21.44.06:111][253]LogPrimitiveComponent: Zero scaling not supported (/Game/Star_Traders_Resorces/Levels/UEDPIE_0_DemoLevel.DemoLevel:PersistentLevel.HexTile_C_69.Cube)
[2016.04.07-21.44.06:112][253]LogPrimitiveComponent: Zero scaling not supported (/Game/Star_Traders_Resorces/Levels/UEDPIE_0_DemoLevel.DemoLevel:PersistentLevel.HexTile_C_70.Cube)
[2016.04.07-21.44.06:112][253]LogPrimitiveComponent: Zero scaling not supported (/Game/Star_Traders_Resorces/Levels/UEDPIE_0_DemoLevel.DemoLevel:PersistentLevel.HexTile_C_71.Cube)
[2016.04.07-21.44.06:113][253]LogPrimitiveComponent: Zero scaling not supported (/Game/Star_Traders_Resorces/Levels/UEDPIE_0_DemoLevel.DemoLevel:PersistentLevel.HexTile_C_72.Cube)
[2016.04.07-21.44.06:114][253]LogPrimitiveComponent: Zero scaling not supported (/Game/Star_Traders_Resorces/Levels/UEDPIE_0_DemoLevel.DemoLevel:PersistentLevel.HexTile_C_73.Cube)
[2016.04.07-21.44.06:114][253]LogPrimitiveComponent: Zero scaling not supported (/Game/Star_Traders_Resorces/Levels/UEDPIE_0_DemoLevel.DemoLevel:PersistentLevel.HexTile_C_74.Cube)
[2016.04.07-21.44.06:115][253]LogPrimitiveComponent: Zero scaling not supported (/Game/Star_Traders_Resorces/Levels/UEDPIE_0_DemoLevel.DemoLevel:PersistentLevel.HexTile_C_75.Cube)
[2016.04.07-21.44.06:116][253]LogPrimitiveComponent: Zero scaling not supported (/Game/Star_Traders_Resorces/Levels/UEDPIE_0_DemoLevel.DemoLevel:PersistentLevel.HexTile_C_76.Cube)
[2016.04.07-21.44.06:116][253]LogPrimitiveComponent: Zero scaling not supported (/Game/Star_Traders_Resorces/Levels/UEDPIE_0_DemoLevel.DemoLevel:PersistentLevel.HexTile_C_77.Cube)
[2016.04.07-21.44.06:117][253]LogPrimitiveComponent: Zero scaling not supported (/Game/Star_Traders_Resorces/Levels/UEDPIE_0_DemoLevel.DemoLevel:PersistentLevel.HexTile_C_78.Cube)
[2016.04.07-21.44.06:118][253]LogPrimitiveComponent: Zero scaling not supported (/Game/Star_Traders_Resorces/Levels/UEDPIE_0_DemoLevel.DemoLevel:PersistentLevel.HexTile_C_79.Cube)
[2016.04.07-21.44.06:119][253]LogPrimitiveComponent: Zero scaling not supported (/Game/Star_Traders_Resorces/Levels/UEDPIE_0_DemoLevel.DemoLevel:PersistentLevel.HexTile_C_80.Cube)
[2016.04.07-21.44.06:119][253]LogPrimitiveComponent: Zero scaling not supported (/Game/Star_Traders_Resorces/Levels/UEDPIE_0_DemoLevel.DemoLevel:PersistentLevel.HexTile_C_81.Cube)
[2016.04.07-21.44.06:120][253]LogPrimitiveComponent: Zero scaling not supported (/Game/Star_Traders_Resorces/Levels/UEDPIE_0_DemoLevel.DemoLevel:PersistentLevel.HexTile_C_82.Cube)
[2016.04.07-21.44.06:121][253]LogPrimitiveComponent: Zero scaling not supported (/Game/Star_Traders_Resorces/Levels/UEDPIE_0_DemoLevel.DemoLevel:PersistentLevel.HexTile_C_83.Cube)
[2016.04.07-21.44.06:122][253]LogPrimitiveComponent: Zero scaling not supported (/Game/Star_Traders_Resorces/Levels/UEDPIE_0_DemoLevel.DemoLevel:PersistentLevel.HexTile_C_84.Cube)
[2016.04.07-21.44.06:122][253]LogPrimitiveComponent: Zero scaling not supported (/Game/Star_Traders_Resorces/Levels/UEDPIE_0_DemoLevel.DemoLevel:PersistentLevel.HexTile_C_85.Cube)
[2016.04.07-21.44.06:123][253]LogPrimitiveComponent: Zero scaling not supported (/Game/Star_Traders_Resorces/Levels/UEDPIE_0_DemoLevel.DemoLevel:PersistentLevel.HexTile_C_86.Cube)
[2016.04.07-21.44.06:124][253]LogPrimitiveComponent: Zero scaling not supported (/Game/Star_Traders_Resorces/Levels/UEDPIE_0_DemoLevel.DemoLevel:PersistentLevel.HexTile_C_87.Cube)
[2016.04.07-21.44.06:125][253]LogPrimitiveComponent: Zero scaling not supported (/Game/Star_Traders_Resorces/Levels/UEDPIE_0_DemoLevel.DemoLevel:PersistentLevel.HexTile_C_88.Cube)
[2016.04.07-21.44.06:125][253]LogPrimitiveComponent: Zero scaling not supported (/Game/Star_Traders_Resorces/Levels/UEDPIE_0_DemoLevel.DemoLevel:PersistentLevel.HexTile_C_89.Cube)
[2016.04.07-21.44.06:126][253]LogPrimitiveComponent: Zero scaling not supported (/Game/Star_Traders_Resorces/Levels/UEDPIE_0_DemoLevel.DemoLevel:PersistentLevel.HexTile_C_90.Cube)
[2016.04.07-21.44.06:127][253]LogPrimitiveComponent: Zero scaling not supported (/Game/Star_Traders_Resorces/Levels/UEDPIE_0_DemoLevel.DemoLevel:PersistentLevel.HexTile_C_91.Cube)
[2016.04.07-21.44.06:128][253]LogPrimitiveComponent: Zero scaling not supported (/Game/Star_Traders_Resorces/Levels/UEDPIE_0_DemoLevel.DemoLevel:PersistentLevel.HexTile_C_92.Cube)
[2016.04.07-21.44.06:129][253]LogPrimitiveComponent: Zero scaling not supported (/Game/Star_Traders_Resorces/Levels/UEDPIE_0_DemoLevel.DemoLevel:PersistentLevel.HexTile_C_93.Cube)
[2016.04.07-21.44.06:129][253]LogPrimitiveComponent: Zero scaling not supported (/Game/Star_Traders_Resorces/Levels/UEDPIE_0_DemoLevel.DemoLevel:PersistentLevel.HexTile_C_94.Cube)
[2016.04.07-21.44.06:130][253]LogPrimitiveComponent: Zero scaling not supported (/Game/Star_Traders_Resorces/Levels/UEDPIE_0_DemoLevel.DemoLevel:PersistentLevel.HexTile_C_95.Cube)
[2016.04.07-21.44.06:131][253]LogPrimitiveComponent: Zero scaling not supported (/Game/Star_Traders_Resorces/Levels/UEDPIE_0_DemoLevel.DemoLevel:PersistentLevel.HexTile_C_96.Cube)
[2016.04.07-21.44.06:132][253]LogPrimitiveComponent: Zero scaling not supported (/Game/Star_Traders_Resorces/Levels/UEDPIE_0_DemoLevel.DemoLevel:PersistentLevel.HexTile_C_97.Cube)
[2016.04.07-21.44.06:132][253]LogPrimitiveComponent: Zero scaling not supported (/Game/Star_Traders_Resorces/Levels/UEDPIE_0_DemoLevel.DemoLevel:PersistentLevel.HexTile_C_98.Cube)
[2016.04.07-21.44.06:133][253]LogPrimitiveComponent: Zero scaling not supported (/Game/Star_Traders_Resorces/Levels/UEDPIE_0_DemoLevel.DemoLevel:PersistentLevel.HexTile_C_99.Cube)
[2016.04.07-21.44.06:134][253]PIE: Info Play in editor start time for /Game/Star_Traders_Resorces/Levels/UEDPIE_0_DemoLevel 0.1
[2016.04.07-21.44.10:708][388]LogBlueprintUserMessages: [PlayerCamera_C_12] Testing
[2016.04.07-21.44.15:552][519]LogBlueprintUserMessages: [PlayerCamera_C_12] Testing
[2016.04.07-21.44.20:978][642]LogBlueprintUserMessages: [PlayerCamera_C_12] Testing
[2016.04.07-21.44.22:416][667]LogParticles: Destroying 0 GPU particle simulations for FXSystem 0x00000178436B9F80
[2016.04.07-21.46.11:008][901]LogParticles: Destroying 0 GPU particle simulations for FXSystem 0x00000178717CFC40
[2016.04.07-21.46.11:009][901]LogParticles: Destroying 0 GPU particle simulations for FXSystem 0x000001787A1A9580
[2016.04.07-21.46.11:011][901]LogParticles: Destroying 0 GPU particle simulations for FXSystem 0x000001787A1A8FE0
[2016.04.07-21.46.11:104][901]LogSavePackage: Save=34.995476ms
[2016.04.07-21.46.11:104][901]LogSavePackage: Moving '../../../../../../Users/baroq/OneDrive/Documents/GitHub/Star_Traders/Star_Traders/Saved/DemoLevel66347577403A368B0CC3E2ADA63B76D5.tmp' to '../../../../../../Users/baroq/OneDrive/Documents/GitHub/Star_Traders/Star_Traders/Content/Star_Traders_Resorces/Levels/DemoLevel.umap'
[2016.04.07-21.46.11:107][901]LogSavePackage: Total save time: 90.824392ms
[2016.04.07-21.46.11:107][901]LogSavePackage:Display: Finished SavePackage ../../../../../../Users/baroq/OneDrive/Documents/GitHub/Star_Traders/Star_Traders/Content/Star_Traders_Resorces/Levels/DemoLevel.umap
[2016.04.07-21.46.14:478][137]LogSavePackage: Save=24.871738ms
[2016.04.07-21.46.14:478][137]LogSavePackage: Moving '../../../../../../Users/baroq/OneDrive/Documents/GitHub/Star_Traders/Star_Traders/Saved/BuyMenu6B7481834E603F786DDB25ABF0739F1B.tmp' to '../../../../../../Users/baroq/OneDrive/Documents/GitHub/Star_Traders/Star_Traders/Content/Star_Traders_Resorces/Blueprints/Menus/BuyMenu.uasset'
[2016.04.07-21.46.14:484][137]LogSavePackage: Total save time: 102.849714ms
[2016.04.07-21.46.14:484][137]LogSavePackage:Display: Finished SavePackage ../../../../../../Users/baroq/OneDrive/Documents/GitHub/Star_Traders/Star_Traders/Content/Star_Traders_Resorces/Blueprints/Menus/BuyMenu.uasset
[2016.04.07-21.46.14:943][174]BlueprintLog: New page: Compile BuyMenu
[2016.04.07-21.46.15:095][174]LogParticles: Destroying 0 GPU particle simulations for FXSystem 0x00000178717CF100
[2016.04.07-21.46.15:108][174]BlueprintEditorCompileResults: Info [0560.85] Compile of BuyMenu successful! [in 164 ms]
[2016.04.07-21.46.17:328][336]LogSavePackage: Save=41.036594ms
[2016.04.07-21.46.17:328][336]LogSavePackage: Moving '../../../../../../Users/baroq/OneDrive/Documents/GitHub/Star_Traders/Star_Traders/Saved/PlanetMenu416141D54B6CE34A3C22378DAB0FEA19.tmp' to '../../../../../../Users/baroq/OneDrive/Documents/GitHub/Star_Traders/Star_Traders/Content/Star_Traders_Resorces/Blueprints/Menus/PlanetMenu.uasset'
[2016.04.07-21.46.17:332][336]LogSavePackage: Total save time: 105.306938ms
[2016.04.07-21.46.17:332][336]LogSavePackage:Display: Finished SavePackage ../../../../../../Users/baroq/OneDrive/Documents/GitHub/Star_Traders/Star_Traders/Content/Star_Traders_Resorces/Blueprints/Menus/PlanetMenu.uasset
[2016.04.07-21.46.17:783][370]BlueprintLog: New page: Compile PlanetMenu
[2016.04.07-21.46.17:940][370]BlueprintEditorCompileResults: Info [0563.68] Compile of PlanetMenu successful! [in 156 ms]
[2016.04.07-21.46.20:080][471]LogSavePackage: Save=317.880707ms
[2016.04.07-21.46.20:080][471]LogSavePackage: Moving '../../../../../../Users/baroq/OneDrive/Documents/GitHub/Star_Traders/Star_Traders/Saved/PlayerCamera17B1361940211F43920EA9BFA1856DD5.tmp' to '../../../../../../Users/baroq/OneDrive/Documents/GitHub/Star_Traders/Star_Traders/Content/Star_Traders_Resorces/Blueprints/Player/CameraSystem/PlayerCamera.uasset'
[2016.04.07-21.46.20:084][471]LogSavePackage: Total save time: 392.606497ms
[2016.04.07-21.46.20:084][471]LogSavePackage:Display: Finished SavePackage ../../../../../../Users/baroq/OneDrive/Documents/GitHub/Star_Traders/Star_Traders/Content/Star_Traders_Resorces/Blueprints/Player/CameraSystem/PlayerCamera.uasset
[2016.04.07-21.46.20:563][500]BlueprintLog: New page: Compile PlayerCamera
[2016.04.07-21.46.20:941][500]BlueprintEditorCompileResults: Info [0566.68] Compile of PlayerCamera successful! [in 377 ms]
[2016.04.07-21.46.23:209][637]LogSavePackage: Save=28.314276ms
[2016.04.07-21.46.23:209][637]LogSavePackage: Moving '../../../../../../Users/baroq/OneDrive/Documents/GitHub/Star_Traders/Star_Traders/Saved/DemoLevelBFE1858940F27EA92C001A8D32D291B4.tmp' to '../../../../../../Users/baroq/OneDrive/Documents/GitHub/Star_Traders/Star_Traders/Content/Star_Traders_Resorces/Levels/DemoLevel.umap'
[2016.04.07-21.46.23:212][637]LogSavePackage: Total save time: 75.095743ms
[2016.04.07-21.46.23:212][637]LogSavePackage:Display: Finished SavePackage ../../../../../../Users/baroq/OneDrive/Documents/GitHub/Star_Traders/Star_Traders/Content/Star_Traders_Resorces/Levels/DemoLevel.umap
[2016.04.07-21.46.25:000][713]Cmd: QUIT_EDITOR
[2016.04.07-21.46.26:089][713]LogWindowsTextInputMethodSystem:Display: IME system now deactivated.
[2016.04.07-21.46.26:091][713]LogWindowsTextInputMethodSystem:Display: IME system now deactivated.
[2016.04.07-21.46.26:399][713]LogExit: Preparing to exit.
[2016.04.07-21.46.27:496][713]LogExit: Editor shut down
[2016.04.07-21.46.27:496][713]LogExit: Transaction tracking system shut down
[2016.04.07-21.46.27:499][713]LogParticles: Destroying 0 GPU particle simulations for FXSystem 0x0000017839E06AC0
[2016.04.07-21.46.27:500][713]LogParticles: Destroying 0 GPU particle simulations for FXSystem 0x000001783F497880
[2016.04.07-21.46.27:500][713]LogParticles: Destroying 0 GPU particle simulations for FXSystem 0x00000178436BA700
[2016.04.07-21.46.27:500][713]LogParticles: Destroying 0 GPU particle simulations for FXSystem 0x000001783F4D6B60
[2016.04.07-21.46.27:501][713]LogParticles: Destroying 0 GPU particle simulations for FXSystem 0x000001784D876020
[2016.04.07-21.46.27:504][713]LogParticles: Destroying 0 GPU particle simulations for FXSystem 0x0000017862EBEC00
[2016.04.07-21.46.27:505][713]LogParticles: Destroying 0 GPU particle simulations for FXSystem 0x0000017862EBE660
[2016.04.07-21.46.27:508][713]LogParticles: Destroying 0 GPU particle simulations for FXSystem 0x000001783F0EC400
[2016.04.07-21.46.27:510][713]LogParticles: Destroying 0 GPU particle simulations for FXSystem 0x000001783F0EC900
[2016.04.07-21.46.27:737][713]LogExit: Object subsystem successfully closed.
[2016.04.07-21.46.27:757][713]LogD3D11RHI: Shutdown
[2016.04.07-21.46.27:757][713]LogD3D11RHI: CleanupD3DDevice
[2016.04.07-21.46.27:863][713]LogD3D11RHI: ~FD3D11DynamicRHI
[2016.04.07-21.46.27:882][713]LogModuleManager: Shutting down and abandoning module CookingStats (203)
[2016.04.07-21.46.27:882][713]LogModuleManager: Shutting down and abandoning module SequencerWidgets (202)
[2016.04.07-21.46.27:882][713]LogModuleManager: Shutting down and abandoning module BlueprintGraph (201)
[2016.04.07-21.46.27:882][713]LogModuleManager: Shutting down and abandoning module CrashTracker (200)
[2016.04.07-21.46.27:882][713]LogModuleManager: Shutting down and abandoning module SceneOutliner (199)
[2016.04.07-21.46.27:882][713]LogModuleManager: Shutting down and abandoning module SuperSearch (198)
[2016.04.07-21.46.27:882][713]LogModuleManager: Shutting down and abandoning module WidgetCarousel (197)
[2016.04.07-21.46.27:882][713]LogModuleManager: Shutting down and abandoning module AddContentDialog (196)
[2016.04.07-21.46.27:884][713]LogModuleManager: Shutting down and abandoning module EditorWidgets (195)
[2016.04.07-21.46.27:884][713]LogModuleManager: Shutting down and abandoning module CollectionManager (194)
[2016.04.07-21.46.27:884][713]LogModuleManager: Shutting down and abandoning module StatsViewer (193)
[2016.04.07-21.46.27:884][713]LogModuleManager: Shutting down and abandoning module FoliageEdit (192)
[2016.04.07-21.46.27:884][713]LogModuleManager: Shutting down and abandoning module LandscapeEditor (191)
[2016.04.07-21.46.27:885][713]LogModuleManager: Shutting down and abandoning module ActorPickerMode (190)
[2016.04.07-21.46.27:885][713]LogModuleManager: Shutting down and abandoning module GeometryMode (189)
[2016.04.07-21.46.27:885][713]LogModuleManager: Shutting down and abandoning module TextureAlignMode (188)
[2016.04.07-21.46.27:885][713]LogModuleManager: Shutting down and abandoning module BspMode (187)
[2016.04.07-21.46.27:885][713]LogModuleManager: Shutting down and abandoning module PlacementMode (186)
[2016.04.07-21.46.27:885][713]LogModuleManager: Shutting down and abandoning module AutomationWorker (185)
[2016.04.07-21.46.27:885][713]LogModuleManager: Shutting down and abandoning module CharacterAI (184)
[2016.04.07-21.46.27:885][713]LogModuleManager: Shutting down and abandoning module SmartSnapping (183)
[2016.04.07-21.46.27:885][713]LogModuleManager: Shutting down and abandoning module ViewportSnapping (182)
[2016.04.07-21.46.27:885][713]LogModuleManager: Shutting down and abandoning module LogVisualizer (181)
[2016.04.07-21.46.27:885][713]LogModuleManager: Shutting down and abandoning module GameProjectGeneration (180)
[2016.04.07-21.46.27:885][713]LogModuleManager: Shutting down and abandoning module IntroTutorials (179)
[2016.04.07-21.46.27:885][713]LogModuleManager: Shutting down and abandoning module EditorLiveStreaming (178)
[2016.04.07-21.46.27:885][713]LogModuleManager: Shutting down and abandoning module IOSPlatformEditor (177)
[2016.04.07-21.46.27:885][713]LogModuleManager: Shutting down and abandoning module HTML5PlatformEditor (176)
[2016.04.07-21.46.27:885][713]LogModuleManager: Shutting down and abandoning module AndroidDeviceDetection (175)
[2016.04.07-21.46.28:424][713]LogModuleManager: Shutting down and abandoning module AndroidPlatformEditor (174)
[2016.04.07-21.46.28:424][713]LogModuleManager: Shutting down and abandoning module IOSRuntimeSettings (173)
[2016.04.07-21.46.28:424][713]LogModuleManager: Shutting down and abandoning module AndroidRuntimeSettings (172)
[2016.04.07-21.46.28:424][713]LogModuleManager: Shutting down and abandoning module MergeActors (171)
[2016.04.07-21.46.28:424][713]LogModuleManager: Shutting down and abandoning module SizeMap (170)
[2016.04.07-21.46.28:424][713]LogModuleManager: Shutting down and abandoning module TreeMap (169)
[2016.04.07-21.46.28:424][713]LogModuleManager: Shutting down and abandoning module ReferenceViewer (168)
[2016.04.07-21.46.28:424][713]LogModuleManager: Shutting down and abandoning module LocalizationService (167)
[2016.04.07-21.46.28:425][713]LogModuleManager: Shutting down and abandoning module LocalizationDashboard (166)
[2016.04.07-21.46.28:425][713]LogModuleManager: Shutting down and abandoning module HardwareTargeting (165)
[2016.04.07-21.46.28:425][713]LogModuleManager: Shutting down and abandoning module DeviceProfileEditor (164)
[2016.04.07-21.46.28:425][713]LogModuleManager: Shutting down and abandoning module UndoHistory (163)
[2016.04.07-21.46.28:425][713]LogModuleManager: Shutting down and abandoning module GameplayTagsEditor (162)
[2016.04.07-21.46.28:425][713]LogModuleManager: Shutting down and abandoning module UserFeedback (161)
[2016.04.07-21.46.28:425][713]LogModuleManager: Shutting down and abandoning module XmlParser (160)
[2016.04.07-21.46.28:425][713]LogModuleManager: Shutting down and abandoning module Blutility (159)
[2016.04.07-21.46.28:425][713]LogModuleManager: Shutting down and abandoning module ProjectTargetPlatformEditor (158)
[2016.04.07-21.46.28:425][713]LogModuleManager: Shutting down and abandoning module ProjectSettingsViewer (157)
[2016.04.07-21.46.28:425][713]LogModuleManager: Shutting down and abandoning module InputBindingEditor (156)
[2016.04.07-21.46.28:425][713]LogModuleManager: Shutting down and abandoning module EditorSettingsViewer (155)
[2016.04.07-21.46.28:425][713]LogModuleManager: Shutting down and abandoning module SettingsEditor (154)
[2016.04.07-21.46.28:425][713]LogModuleManager: Shutting down and abandoning module ProjectLauncher (153)
[2016.04.07-21.46.28:425][713]LogModuleManager: Shutting down and abandoning module SessionFrontend (152)
[2016.04.07-21.46.28:425][713]LogModuleManager: Shutting down and abandoning module ProfilerClient (151)
[2016.04.07-21.46.28:425][713]LogModuleManager: Shutting down and abandoning module TargetDeviceServices (150)
[2016.04.07-21.46.28:425][713]LogModuleManager: Shutting down and abandoning module DeviceManager (149)
[2016.04.07-21.46.28:425][713]LogModuleManager: Shutting down and abandoning module AutomationController (148)
[2016.04.07-21.46.28:425][713]LogModuleManager: Shutting down and abandoning module AutomationWindow (147)
[2016.04.07-21.46.28:425][713]LogModuleManager: Shutting down and abandoning module Layers (146)
[2016.04.07-21.46.28:426][713]LogModuleManager: Shutting down and abandoning module ComponentVisualizers (145)
[2016.04.07-21.46.28:426][713]LogModuleManager: Shutting down and abandoning module DetailCustomizations (144)
[2016.04.07-21.46.28:426][713]LogModuleManager: Shutting down and abandoning module PackagesDialog (143)
[2016.04.07-21.46.28:426][713]LogModuleManager: Shutting down and abandoning module Persona (142)
[2016.04.07-21.46.28:426][713]LogModuleManager: Shutting down and abandoning module Kismet (141)
[2016.04.07-21.46.28:426][713]LogModuleManager: Shutting down and abandoning module GraphEditor (140)
[2016.04.07-21.46.28:426][713]LogModuleManager: Shutting down and abandoning module ClassViewer (139)
[2016.04.07-21.46.28:426][713]LogModuleManager: Shutting down and abandoning module Toolbox (138)
[2016.04.07-21.46.28:426][713]LogModuleManager: Shutting down and abandoning module ModuleUI (137)
[2016.04.07-21.46.28:426][713]LogModuleManager: Shutting down and abandoning module MovieSceneTools (136)
[2016.04.07-21.46.28:426][713]LogModuleManager: Shutting down and abandoning module OutputLog (135)
[2016.04.07-21.46.28:426][713]LogModuleManager: Shutting down and abandoning module GammaUI (134)
[2016.04.07-21.46.28:426][713]LogModuleManager: Shutting down and abandoning module Documentation (133)
[2016.04.07-21.46.28:426][713]LogModuleManager: Shutting down and abandoning module GameLiveStreaming (132)
[2016.04.07-21.46.28:426][713]LogModuleManager: Shutting down and abandoning module StreamingPauseRendering (131)
[2016.04.07-21.46.28:426][713]LogModuleManager: Shutting down and abandoning module AnalyticsET (130)
[2016.04.07-21.46.28:426][713]LogModuleManager: Shutting down and abandoning module Analytics (129)
[2016.04.07-21.46.28:426][713]LogModuleManager: Shutting down and abandoning module AITestSuite (128)
[2016.04.07-21.46.28:426][713]LogModuleManager: Shutting down and abandoning module GameplayDebugger (127)
[2016.04.07-21.46.28:426][713]LogModuleManager: Shutting down and abandoning module AIModule (126)
[2016.04.07-21.46.28:426][713]LogModuleManager: Shutting down and abandoning module ProfilerService (125)
[2016.04.07-21.46.28:436][713]LogModuleManager: Shutting down and abandoning module TaskGraph (124)
[2016.04.07-21.46.28:437][713]LogModuleManager: Shutting down and abandoning module SlateRemote (123)
[2016.04.07-21.46.28:437][713]LogModuleManager: Shutting down and abandoning module SteamVRController (122)
[2016.04.07-21.46.28:437][713]LogModuleManager: Shutting down and abandoning module SteamVR (121)
[2016.04.07-21.46.28:437][713]LogModuleManager: Shutting down and abandoning module ProceduralMeshComponent (120)
[2016.04.07-21.46.28:437][713]LogModuleManager: Shutting down and abandoning module OculusLibrary (119)
[2016.04.07-21.46.28:437][713]LogModuleManager: Shutting down and abandoning module OculusInput (118)
[2016.04.07-21.46.28:437][713]LogModuleManager: Shutting down and abandoning module LeapMotionController (117)
[2016.04.07-21.46.28:507][713]LogModuleManager: Shutting down and abandoning module CustomMeshComponent (116)
[2016.04.07-21.46.28:507][713]LogModuleManager: Shutting down and abandoning module CableComponent (115)
[2016.04.07-21.46.28:507][713]LogModuleManager: Shutting down and abandoning module ArchVisCharacter (114)
[2016.04.07-21.46.28:507][713]LogModuleManager: Shutting down and abandoning module MessagingDebugger (113)
[2016.04.07-21.46.28:507][713]LogModuleManager: Shutting down and abandoning module MediaPlayerEditor (112)
[2016.04.07-21.46.28:507][713]LogModuleManager: Shutting down and abandoning module HTML5Networking (111)
[2016.04.07-21.46.28:507][713]LogModuleManager: Shutting down and abandoning module CodeView (110)
[2016.04.07-21.46.28:507][713]LogModuleManager: Shutting down and abandoning module SpeedTreeImporter (109)
[2016.04.07-21.46.28:507][713]LogModuleManager: Shutting down and abandoning module PluginBrowser (108)
[2016.04.07-21.46.28:507][713]LogModuleManager: Shutting down and abandoning module EpicSurvey (107)
[2016.04.07-21.46.28:507][713]LogModuleManager: Shutting down and abandoning module DesktopPlatform (106)
[2016.04.07-21.46.28:507][713]LogModuleManager: Shutting down and abandoning module VisualStudioSourceCodeAccess (105)
[2016.04.07-21.46.28:507][713]LogModuleManager: Shutting down and abandoning module UObjectPlugin (104)
[2016.04.07-21.46.28:507][713]LogModuleManager: Shutting down and abandoning module SubversionSourceControl (103)
[2016.04.07-21.46.28:507][713]LogModuleManager: Shutting down and abandoning module PerforceSourceControl (102)
[2016.04.07-21.46.28:508][713]LogModuleManager: Shutting down and abandoning module SourceControl (101)
[2016.04.07-21.46.28:508][713]LogModuleManager: Shutting down and abandoning module GitSourceControl (100)
[2016.04.07-21.46.28:508][713]LogModuleManager: Shutting down and abandoning module LightPropagationVolumeEditor (99)
[2016.04.07-21.46.28:508][713]LogModuleManager: Shutting down and abandoning module PaperTiledImporter (98)
[2016.04.07-21.46.28:508][713]LogModuleManager: Shutting down and abandoning module PaperSpriteSheetImporter (97)
[2016.04.07-21.46.28:508][713]LogModuleManager: Shutting down and abandoning module MeshPaint (96)
[2016.04.07-21.46.28:508][713]LogModuleManager: Shutting down and abandoning module SlateReflector (95)
[2016.04.07-21.46.28:508][713]LogModuleManager: Shutting down and abandoning module HotReload (94)
[2016.04.07-21.46.28:508][713]LogModuleManager: Shutting down and abandoning module MainFrame (93)
[2016.04.07-21.46.28:508][713]LogModuleManager: Shutting down and abandoning module LevelEditor (92)
[2016.04.07-21.46.28:510][713]LogModuleManager: Shutting down and abandoning module DirectoryWatcher (91)
[2016.04.07-21.46.28:511][713]LogModuleManager: Shutting down and abandoning module AssetRegistry (90)
[2016.04.07-21.46.28:604][713]LogModuleManager: Shutting down and abandoning module ContentBrowser (89)
[2016.04.07-21.46.28:605][713]LogModuleManager: Shutting down and abandoning module Paper2DEditor (88)
[2016.04.07-21.46.28:605][713]LogModuleManager: Shutting down and abandoning module Star_Traders (87)
[2016.04.07-21.46.28:605][713]LogModuleManager: Shutting down and abandoning module UdpMessaging (86)
[2016.04.07-21.46.28:712][713]LogModuleManager: Shutting down and abandoning module LightPropagationVolumeRuntime (85)
[2016.04.07-21.46.28:712][713]LogModuleManager: Shutting down and abandoning module Paper2D (84)
[2016.04.07-21.46.28:712][713]LogModuleManager: Shutting down and abandoning module WindowsMoviePlayer (83)
[2016.04.07-21.46.28:730][713]LogModuleManager: Shutting down and abandoning module Media (82)
[2016.04.07-21.46.28:730][713]LogModuleManager: Shutting down and abandoning module WmfMedia (81)
[2016.04.07-21.46.28:730][713]LogModuleManager: Shutting down and abandoning module OnlineBlueprintSupport (80)
[2016.04.07-21.46.28:730][713]LogModuleManager: Shutting down and abandoning module GameplayTasksEditor (79)
[2016.04.07-21.46.28:730][713]LogModuleManager: Shutting down and abandoning module PropertyEditor (78)
[2016.04.07-21.46.28:731][713]LogModuleManager: Shutting down and abandoning module BehaviorTreeEditor (77)
[2016.04.07-21.46.28:731][713]LogModuleManager: Shutting down and abandoning module FunctionalTesting (76)
[2016.04.07-21.46.28:731][713]LogModuleManager: Shutting down and abandoning module CollisionAnalyzer (75)
[2016.04.07-21.46.28:731][713]LogModuleManager: Shutting down and abandoning module WorkspaceMenuStructure (74)
[2016.04.07-21.46.28:731][713]LogModuleManager: Shutting down and abandoning module MessageLog (73)
[2016.04.07-21.46.28:731][713]LogModuleManager: Shutting down and abandoning module Sequencer (72)
[2016.04.07-21.46.28:731][713]LogModuleManager: Shutting down and abandoning module AssetTools (71)
[2016.04.07-21.46.28:731][713]LogModuleManager: Shutting down and abandoning module UMGEditor (70)
[2016.04.07-21.46.28:731][713]LogModuleManager: Shutting down and abandoning module UMG (69)
[2016.04.07-21.46.28:731][713]LogModuleManager: Shutting down and abandoning module Slate (68)
[2016.04.07-21.46.28:732][713]LogModuleManager: Shutting down and abandoning module EditorStyle (67)
[2016.04.07-21.46.28:737][713]LogModuleManager: Shutting down and abandoning module SessionServices (66)
[2016.04.07-21.46.28:737][713]LogModuleManager: Shutting down and abandoning module SourceCodeAccess (65)
[2016.04.07-21.46.28:737][713]LogModuleManager: Shutting down and abandoning module HeadMountedDisplay (64)
[2016.04.07-21.46.28:737][713]LogModuleManager: Shutting down and abandoning module XAudio2 (63)
[2016.04.07-21.46.28:737][713]LogModuleManager: Shutting down and abandoning module Networking (61)
[2016.04.07-21.46.28:737][713]LogModuleManager: Shutting down and abandoning module Core (60)
[2016.04.07-21.46.28:737][713]LogModuleManager: Shutting down and abandoning module KismetCompiler (59)
[2016.04.07-21.46.28:737][713]LogModuleManager: Shutting down and abandoning module PhysXFormats (58)
[2016.04.07-21.46.28:737][713]LogModuleManager: Shutting down and abandoning module MeshUtilities (57)
[2016.04.07-21.46.28:737][713]LogModuleManager: Shutting down and abandoning module DerivedDataCache (56)
[2016.04.07-21.46.28:822][713]LogDerivedDataCache: Shutdown
[2016.04.07-21.46.28:822][713]LogModuleManager: Shutting down and abandoning module ShaderFormatOpenGL (55)
[2016.04.07-21.46.28:823][713]LogModuleManager: Shutting down and abandoning module ShaderFormatD3D (54)
[2016.04.07-21.46.28:823][713]LogModuleManager: Shutting down and abandoning module MetalShaderFormat (53)
[2016.04.07-21.46.28:823][713]LogModuleManager: Shutting down and abandoning module TextureFormatUncompressed (52)
[2016.04.07-21.46.28:823][713]LogModuleManager: Shutting down and abandoning module TextureFormatPVR (51)
[2016.04.07-21.46.28:823][713]LogModuleManager: Shutting down and abandoning module TextureFormatIntelISPCTexComp (50)
[2016.04.07-21.46.28:823][713]LogModuleManager: Shutting down and abandoning module TextureFormatDXT (49)
[2016.04.07-21.46.28:823][713]LogModuleManager: Shutting down and abandoning module ImageWrapper (48)
[2016.04.07-21.46.28:823][713]LogModuleManager: Shutting down and abandoning module TextureFormatASTC (47)
[2016.04.07-21.46.28:823][713]LogModuleManager: Shutting down and abandoning module TextureFormatAndroid (46)
[2016.04.07-21.46.28:823][713]LogModuleManager: Shutting down and abandoning module AudioFormatOpus (45)
[2016.04.07-21.46.28:823][713]LogModuleManager: Shutting down and abandoning module AudioFormatOgg (44)
[2016.04.07-21.46.28:823][713]LogModuleManager: Shutting down and abandoning module AudioFormatADPCM (43)
[2016.04.07-21.46.28:823][713]LogModuleManager: Shutting down and abandoning module LinuxTargetPlatform (42)
[2016.04.07-21.46.28:823][713]LogModuleManager: Shutting down and abandoning module LinuxServerTargetPlatform (41)
[2016.04.07-21.46.28:823][713]LogModuleManager: Shutting down and abandoning module LinuxNoEditorTargetPlatform (40)
[2016.04.07-21.46.28:823][713]LogModuleManager: Shutting down and abandoning module Messaging (39)
[2016.04.07-21.46.28:823][713]LogModuleManager: Shutting down and abandoning module IOSTargetPlatform (38)
[2016.04.07-21.46.28:823][713]LogModuleManager: Shutting down and abandoning module HTML5TargetPlatform (37)
[2016.04.07-21.46.28:823][713]LogModuleManager: Shutting down and abandoning module Android_PVRTCTargetPlatform (36)
[2016.04.07-21.46.28:823][713]LogModuleManager: Shutting down and abandoning module Android_MultiTargetPlatform (35)
[2016.04.07-21.46.28:823][713]LogModuleManager: Shutting down and abandoning module Android_ETC2TargetPlatform (34)
[2016.04.07-21.46.28:824][713]LogModuleManager: Shutting down and abandoning module Android_ETC1TargetPlatform (33)
[2016.04.07-21.46.28:824][713]LogModuleManager: Shutting down and abandoning module Android_DXTTargetPlatform (32)
[2016.04.07-21.46.28:824][713]LogModuleManager: Shutting down and abandoning module Android_ATCTargetPlatform (31)
[2016.04.07-21.46.28:824][713]LogModuleManager: Shutting down and abandoning module Android_ASTCTargetPlatform (30)
[2016.04.07-21.46.28:824][713]LogModuleManager: Shutting down and abandoning module AndroidTargetPlatform (29)
[2016.04.07-21.46.28:824][713]LogModuleManager: Shutting down and abandoning module WindowsTargetPlatform (28)
[2016.04.07-21.46.28:824][713]LogModuleManager: Shutting down and abandoning module WindowsServerTargetPlatform (27)
[2016.04.07-21.46.28:824][713]LogModuleManager: Shutting down and abandoning module WindowsNoEditorTargetPlatform (26)
[2016.04.07-21.46.28:824][713]LogModuleManager: Shutting down and abandoning module WindowsClientTargetPlatform (25)
[2016.04.07-21.46.28:824][713]LogModuleManager: Shutting down and abandoning module AllDesktopTargetPlatform (24)
[2016.04.07-21.46.28:824][713]LogModuleManager: Shutting down and abandoning module TargetPlatform (23)
[2016.04.07-21.46.28:824][713]LogModuleManager: Shutting down and abandoning module InputCore (22)
[2016.04.07-21.46.28:824][713]LogModuleManager: Shutting down and abandoning module Settings (21)
[2016.04.07-21.46.28:825][713]LogModuleManager: Shutting down and abandoning module OnlineSubsystem (19)
[2016.04.07-21.46.28:825][713]LogModuleManager: Shutting down and abandoning module HTTP (18)
[2016.04.07-21.46.29:827][713]LogModuleManager: Shutting down and abandoning module XMPP (17)
[2016.04.07-21.46.29:827][713]LogModuleManager: Shutting down and abandoning module OculusRift (16)
[2016.04.07-21.46.29:827][713]LogModuleManager: Shutting down and abandoning module ExampleDeviceProfileSelector (15)
[2016.04.07-21.46.29:827][713]LogModuleManager: Shutting down and abandoning module TextureCompressor (14)
[2016.04.07-21.46.29:827][713]LogModuleManager: Shutting down and abandoning module ShaderCore (13)
[2016.04.07-21.46.29:827][713]LogModuleManager: Shutting down and abandoning module Landscape (12)
[2016.04.07-21.46.29:827][713]LogModuleManager: Shutting down and abandoning module SlateRHIRenderer (11)
[2016.04.07-21.46.29:830][713]LogModuleManager: Shutting down and abandoning module OpenGLDrv (10)
[2016.04.07-21.46.29:830][713]LogModuleManager: Shutting down and abandoning module D3D11RHI (9)
[2016.04.07-21.46.29:830][713]LogModuleManager: Shutting down and abandoning module AnimGraphRuntime (8)
[2016.04.07-21.46.29:830][713]LogModuleManager: Shutting down and abandoning module Renderer (7)
[2016.04.07-21.46.29:831][713]LogModuleManager: Shutting down and abandoning module Engine (6)
[2016.04.07-21.46.29:831][713]LogModuleManager: Shutting down and abandoning module CoreUObject (5)
[2016.04.07-21.46.29:831][713]LogModuleManager: Shutting down and abandoning module NetworkFile (4)
[2016.04.07-21.46.29:831][713]LogModuleManager: Shutting down and abandoning module StreamingFile (3)
[2016.04.07-21.46.29:831][713]LogModuleManager: Shutting down and abandoning module SandboxFile (2)
[2016.04.07-21.46.29:831][713]LogModuleManager: Shutting down and abandoning module PakFile (1)
[2016.04.07-21.46.29:832][713]LogExit: Exiting.
[2016.04.07-21.46.29:833][713]Log file closed, 04/07/16 15:46:29
