[2016.04.26-22.26.12:364][  0]Log file open, 04/26/16 16:26:12
[2016.04.26-22.26.12:364][  0]LogInit:Display: Running engine for game: Star_Traders
[2016.04.26-22.26.12:364][  0]LogPlatformFile: Not using cached read wrapper
[2016.04.26-22.26.12:364][  0]LogInit:Display: RandInit(881269806) SRandInit(881269807).
[2016.04.26-22.26.12:364][  0]LogTaskGraph: Started task graph with 4 named threads and 5 total threads.
[2016.04.26-22.26.12:364][  0]LogStats: Stats thread started at 0.073627
[2016.04.26-22.26.12:364][  0]LogInit: Version: 4.10.4-2872498+++depot+UE4-Releases+4.10
[2016.04.26-22.26.12:364][  0]LogInit: API Version: 2758231
[2016.04.26-22.26.12:364][  0]LogInit: Compiled (64-bit): Feb 18 2016 15:47:04
[2016.04.26-22.26.12:364][  0]LogInit: Compiled with Visual C++: 19.00.23026.00
[2016.04.26-22.26.12:364][  0]LogInit: Build Configuration: Development
[2016.04.26-22.26.12:364][  0]LogInit: Branch Name: ++depot+UE4-Releases+4.10
[2016.04.26-22.26.12:364][  0]LogInit: Command line: -EpicPortal 
[2016.04.26-22.26.12:364][  0]LogInit: Base directory: C:/Program Files (x86)/Epic Games/4.10/Engine/Binaries/Win64/
[2016.04.26-22.26.12:364][  0]LogInit: Rocket: 1
[2016.04.26-22.26.12:375][  0]LogInit: Using libcurl 7.41.0
[2016.04.26-22.26.12:376][  0]LogInit:  - built for x86_64-pc-win32
[2016.04.26-22.26.12:376][  0]LogInit:  - supports SSL with WinSSL
[2016.04.26-22.26.12:376][  0]LogInit:  - other features:
[2016.04.26-22.26.12:376][  0]LogInit:      CURL_VERSION_SSL
[2016.04.26-22.26.12:376][  0]LogInit:      CURL_VERSION_IPV6
[2016.04.26-22.26.12:376][  0]LogInit:      CURL_VERSION_ASYNCHDNS
[2016.04.26-22.26.12:376][  0]LogInit:      CURL_VERSION_LARGEFILE
[2016.04.26-22.26.12:376][  0]LogInit:      CURL_VERSION_IDN
[2016.04.26-22.26.12:376][  0]LogInit:  CurlRequestOptions (configurable via config and command line):
[2016.04.26-22.26.12:376][  0]LogInit:  - bVerifyPeer = true  - Libcurl will verify peer certificate
[2016.04.26-22.26.12:376][  0]LogInit:  - bUseHttpProxy = false  - Libcurl will NOT use HTTP proxy
[2016.04.26-22.26.12:376][  0]LogInit:  - bDontReuseConnections = false  - Libcurl will reuse connections
[2016.04.26-22.26.12:376][  0]LogInit:  - CertBundlePath = nullptr  - Libcurl will use whatever was configured at build time.
[2016.04.26-22.26.12:385][  0]LogInit: Presizing for 0 objects not considered by GC, pre-allocating 0 bytes.
[2016.04.26-22.26.12:398][  0]LogInit: Object subsystem initialized
[2016.04.26-22.26.12:400][  0]LogInit: Selected Device Profile: [Windows]
[2016.04.26-22.26.12:400][  0]LogInit: Applying CVar settings loaded from the selected device profile: [Windows]
[2016.04.26-22.26.12:418][  0]LogInit: Computer: DESKTOP-275DM9P
[2016.04.26-22.26.12:418][  0]LogInit: User: baroq
[2016.04.26-22.26.12:418][  0]LogInit: CPU Page size=4096, Cores=2
[2016.04.26-22.26.12:418][  0]LogInit: High frequency timer resolution =2.143473 MHz
[2016.04.26-22.26.12:418][  0]LogMemory: Memory total: Physical=7.9GB (8GB approx)
[2016.04.26-22.26.12:418][  0]LogMemory: Platform Memory Stats for Windows
[2016.04.26-22.26.12:418][  0]LogMemory: Process Physical Memory: 55.94 MB used, 55.94 MB peak
[2016.04.26-22.26.12:418][  0]LogMemory: Process Virtual Memory: 57.57 MB used, 57.57 MB peak
[2016.04.26-22.26.12:418][  0]LogMemory: Physical Memory: 4478.13 MB used, 8073.11 MB total
[2016.04.26-22.26.12:418][  0]LogMemory: Virtual Memory: 382.73 MB used, 134217728.00 MB total
[2016.04.26-22.26.12:454][  0]LogTextLocalizationManager: No specific translations for ('en-US') exist, so ('en') translations will be used.
[2016.04.26-22.26.12:979][  0]LogD3D11RHI: Found D3D11 adapter 0: Intel(R) HD Graphics 5500 (Feature Level 11_0)
[2016.04.26-22.26.12:979][  0]LogD3D11RHI: Adapter has 128MB of dedicated video memory, 0MB of dedicated system memory, and 4036MB of shared system memory, 1 output[s]
[2016.04.26-22.26.12:981][  0]LogD3D11RHI: Found D3D11 adapter 1: Microsoft Basic Render Driver (Feature Level 11_0)
[2016.04.26-22.26.12:981][  0]LogD3D11RHI: Adapter has 0MB of dedicated video memory, 0MB of dedicated system memory, and 4036MB of shared system memory, 0 output[s]
[2016.04.26-22.26.12:981][  0]LogD3D11RHI: Chosen D3D11 Adapter Id = 0
[2016.04.26-22.26.12:988][  0]LogD3D11RHI: !Direct3DDevice
[2016.04.26-22.26.12:989][  0]LogRHI: Texture pool is 1361 MB (70% of 1945 MB)
[2016.04.26-22.26.12:996][  0]LogD3D11RHI: Async texture creation enabled
[2016.04.26-22.26.13:007][  0]LogShaderCompilers: Guid format shader working directory is -35 characters bigger than the processId version (../../../../../../Users/baroq/OneDrive/Documents/GitHub/Star_Traders/Star_Traders/Intermediate/Shaders/WorkingDirectory/3792/).
[2016.04.26-22.26.13:008][  0]LogShaderCompilers: Cleaned the shader compiler working directory 'C:/Users/baroq/AppData/Local/Temp/UnrealShaderWorkingDir/146E880F42AFF485F8E8708841312051/'.
[2016.04.26-22.26.13:008][  0]LogShaderCompilers:Display: Using Local Shader Compiler.
[2016.04.26-22.26.14:386][  0]LogTemp:Display: Loaded TP AllDesktopTargetPlatform
[2016.04.26-22.26.14:392][  0]LogTemp:Display: Loaded TP WindowsClientTargetPlatform
[2016.04.26-22.26.14:398][  0]LogTemp:Display: Loaded TP WindowsNoEditorTargetPlatform
[2016.04.26-22.26.14:407][  0]LogTemp:Display: Loaded TP WindowsServerTargetPlatform
[2016.04.26-22.26.14:412][  0]LogTemp:Display: Loaded TP WindowsTargetPlatform
[2016.04.26-22.26.14:419][  0]LogTemp:Display: Loaded TP AndroidTargetPlatform
[2016.04.26-22.26.14:423][  0]LogTemp:Display: Loaded TP Android_ASTCTargetPlatform
[2016.04.26-22.26.14:427][  0]LogTemp:Display: Loaded TP Android_ATCTargetPlatform
[2016.04.26-22.26.14:430][  0]LogTemp:Display: Loaded TP Android_DXTTargetPlatform
[2016.04.26-22.26.14:434][  0]LogTemp:Display: Loaded TP Android_ETC1TargetPlatform
[2016.04.26-22.26.14:440][  0]LogTemp:Display: Loaded TP Android_ETC2TargetPlatform
[2016.04.26-22.26.14:447][  0]LogTemp:Display: Loaded TP Android_MultiTargetPlatform
[2016.04.26-22.26.14:447][  0]LogTemp:Display: Loaded TP Android_PVRTCTargetPlatform
[2016.04.26-22.26.14:448][  0]LogTemp:Display: Loaded TP HTML5TargetPlatform
[2016.04.26-22.26.14:464][  0]LogTemp:Display: Loaded TP IOSTargetPlatform
[2016.04.26-22.26.14:471][  0]LogTemp:Display: Loaded TP LinuxNoEditorTargetPlatform
[2016.04.26-22.26.14:476][  0]LogTemp:Display: Loaded TP LinuxServerTargetPlatform
[2016.04.26-22.26.14:480][  0]LogTemp:Display: Loaded TP LinuxTargetPlatform
[2016.04.26-22.26.14:481][  0]LogTargetPlatformManager:Display: Building Assets For Windows
[2016.04.26-22.26.14:590][  0]LogDerivedDataCache:Display: Max Cache Size: 512 MB
[2016.04.26-22.26.14:679][  0]LogDerivedDataCache: Loaded boot cache 0.09s 41MB C:/Users/baroq/AppData/Local/UnrealEngine/4.10/DerivedDataCache/Boot.ddc.
[2016.04.26-22.26.14:679][  0]LogDerivedDataCache:Display: Loaded Boot cache: C:/Users/baroq/AppData/Local/UnrealEngine/4.10/DerivedDataCache/Boot.ddc
[2016.04.26-22.26.14:680][  0]LogDerivedDataCache: FDerivedDataBackendGraph:  Pak pak cache file ../../../../../../Users/baroq/OneDrive/Documents/GitHub/Star_Traders/Star_Traders/DerivedDataCache/DDC.ddp not found, will not use a pak cache.
[2016.04.26-22.26.14:680][  0]LogDerivedDataCache: Unable to find inner node Pak for hierarchical cache Hierarchy.
[2016.04.26-22.26.14:680][  0]LogDerivedDataCache: FDerivedDataBackendGraph:  CompressedPak pak cache file ../../../../../../Users/baroq/OneDrive/Documents/GitHub/Star_Traders/Star_Traders/DerivedDataCache/Compressed.ddp not found, will not use a pak cache.
[2016.04.26-22.26.14:680][  0]LogDerivedDataCache: Unable to find inner node CompressedPak for hierarchical cache Hierarchy.
[2016.04.26-22.26.14:787][  0]LogDerivedDataCache:Display: Pak cache opened for reading ../../../Engine/DerivedDataCache/Compressed.ddp.
[2016.04.26-22.26.14:801][  0]LogDerivedDataCache: Using Local data cache path C:/Users/baroq/AppData/Local/UnrealEngine/Common/DerivedDataCache: Writable
[2016.04.26-22.26.15:100][  0]LogInit: Selected Device Profile: [Windows]
[2016.04.26-22.26.15:103][  0]LogContentStreaming: Texture pool size is 0.000000MB
[2016.04.26-22.26.15:291][  0]LogMeshUtilities: No automatic mesh reduction module available
[2016.04.26-22.26.15:291][  0]LogMeshUtilities: No automatic mesh merging module available
[2016.04.26-22.26.15:736][  0]LogInit: WinSock: version 1.1 (2.2), MaxSocks=32767, MaxUdp=65467
[2016.04.26-22.26.16:880][  0]UdpMessaging: Initializing bridge on interface 0.0.0.0:0 to multicast group 230.0.0.1:6666.
[2016.04.26-22.26.17:000][  0]LogAssetRegistry: FAssetRegistry took 0.0112 seconds to start up
[2016.04.26-22.26.17:308][  0]SourceControl: Info Source control is disabled
[2016.04.26-22.26.17:310][  0]SourceControl: Info Source control is disabled
[2016.04.26-22.26.17:326][  0]SourceControl: Info Source control is disabled
[2016.04.26-22.26.17:343][  0]SourceControl: Info Source control is disabled
[2016.04.26-22.26.17:745][  0]LogObj: 28641 objects as part of root set at end of initial load.
[2016.04.26-22.26.17:745][  0]LogUObjectAllocator: 6108880 out of 0 bytes used by permanent object pool.
[2016.04.26-22.26.17:831][  0]LogEngine: Initializing Engine...
[2016.04.26-22.26.17:836][  0]LogHMD: Can't find Oculus library dev build: is proper Runtime installed? Version: 0.8.0.0
[2016.04.26-22.26.17:837][  0]LogHMD: SteamVR failed to initialize.  Err: 110
[2016.04.26-22.26.18:152][  0]LogAIModule: Creating AISystem for world NewWorld
[2016.04.26-22.26.18:161][  0]LogInit: XAudio2 using 'Speakers (Conexant SmartAudio HD)' : 2 channels at 44.1 kHz using 32 bits per sample (channel mask 0x3)
[2016.04.26-22.26.18:384][  0]LogInit: FAudioDevice initialized.
[2016.04.26-22.26.18:429][  0]LogDerivedDataCache: Saved boot cache 0.05s 41MB C:/Users/baroq/AppData/Local/UnrealEngine/4.10/DerivedDataCache/Boot.ddc.
[2016.04.26-22.26.18:438][  0]LogInit: Texture streaming: Enabled
[2016.04.26-22.26.18:444][  0]LogAnalytics: Creating configured Analytics provider AnalyticsET
[2016.04.26-22.26.18:444][  0]LogAnalytics: [UEEditor.Rocket.Release] APIServer = http://et2.epicgames.com/ET2/. AppVersion = 4.10.4-2872498+++depot+UE4-Releases+4.10
[2016.04.26-22.26.18:444][  0]LogAnalytics: [UEEditor.Rocket.Release] SetUserId 4b4d598842b4899fe4dc8b941a85a4d8|33dab70fd44b4664be9d6c7e480004c7|aae71f41-2021-4880-b802-f85557d08e84
[2016.04.26-22.26.18:444][  0]LogAnalytics: [UEEditor.Rocket.Release] AnalyticsET::StartSession
[2016.04.26-22.26.18:456][  0]LogInit: Transaction tracking system initialized
[2016.04.26-22.26.18:499][  0]BlueprintLog: New page: Editor Load
[2016.04.26-22.26.18:611][  0]LocalizationService: Info Localization service is disabled
[2016.04.26-22.26.18:707][  0]LogConsoleResponse:Display: 
[2016.04.26-22.26.18:943][  0]LogCook:Display: Done creating registry. It took  0.00s.
[2016.04.26-22.26.19:028][  0]LogFileCache: Scanning file cache for directory 'C:/Users/baroq/OneDrive/Documents/GitHub/Star_Traders/Star_Traders/Content/' took 0.02s
[2016.04.26-22.26.19:028][  0]SourceControl: Info Source control is disabled
[2016.04.26-22.26.19:029][  0]Cmd: MAP LOAD FILE="../../../../../../Users/baroq/OneDrive/Documents/GitHub/Star_Traders/Star_Traders/Content/Star_Traders_Resorces/Levels/DemoLevel.umap" TEMPLATE=0 SHOWPROGRESS=1 FEATURELEVEL=3
[2016.04.26-22.26.19:030][  0]LightingResults: New page: Lighting Build
[2016.04.26-22.26.19:033][  0]MapCheck: New page: Map Check
[2016.04.26-22.26.19:033][  0]LightingResults: New page: Lighting Build
[2016.04.26-22.26.19:065][  0]LogParticles: Destroying 0 GPU particle simulations for FXSystem 0x00000274C0B4FB00
[2016.04.26-22.26.19:103][  0]LogAIModule: Creating AISystem for world DemoLevel
[2016.04.26-22.26.19:112][  0]LogEditorServer: Finished looking for orphan Actors (0.000 secs)
[2016.04.26-22.26.19:112][  0]Cmd: MAP CHECKDEP NOCLEARLOG
[2016.04.26-22.26.19:178][  0]MapCheck: Info Map check complete: 0 Error(s), 0 Warning(s), took 65.641ms to complete.
[2016.04.26-22.26.19:178][  0]LogFileHelpers: Loading map 'DemoLevel' took 0.150
[2016.04.26-22.26.19:346][  0]LogCollectionManager: Loaded 0 collections in 0.001830 seconds
[2016.04.26-22.26.19:392][  0]LogFileCache: Scanning file cache for directory 'C:/Users/baroq/OneDrive/Documents/GitHub/Star_Traders/Star_Traders/Saved/Collections/' took 0.01s
[2016.04.26-22.26.19:392][  0]LogFileCache: Scanning file cache for directory 'C:/Users/baroq/OneDrive/Documents/GitHub/Star_Traders/Star_Traders/Content/Developers/baroq/Collections/' took 0.01s
[2016.04.26-22.26.19:392][  0]LogFileCache: Scanning file cache for directory 'C:/Users/baroq/OneDrive/Documents/GitHub/Star_Traders/Star_Traders/Content/Collections/' took 0.01s
[2016.04.26-22.26.19:392][  0]LogCollectionManager: Rebuilt the GUID cache for 0 collections in 0.000003 seconds
[2016.04.26-22.26.19:405][  0]LogContentBrowser: Native class hierarchy populated in 0.0130 seconds. Added 1894 classes and 340 folders.
[2016.04.26-22.26.19:413][  0]LogContentBrowser: Native class hierarchy updated for 'WidgetCarousel' in 0.0013 seconds. Added 0 classes and 0 folders.
[2016.04.26-22.26.19:485][  0]LogContentBrowser: Native class hierarchy updated for 'AddContentDialog' in 0.0011 seconds. Added 0 classes and 0 folders.
[2016.04.26-22.26.19:490][  0]LogContentBrowser: Native class hierarchy updated for 'SceneOutliner' in 0.0011 seconds. Added 1 classes and 2 folders.
[2016.04.26-22.26.19:518][  0]LogCrashTracker: Crashtracker disabled due to settings.
[2016.04.26-22.26.19:530][  0]LogUObjectGlobals:Warning: Failed to find object 'Class None.'
[2016.04.26-22.26.19:554][  0]LogLoad: Full Startup: 8.11 seconds (BP compile: 0.01 seconds)
[2016.04.26-22.26.19:572][  0]LogWindowsTextInputMethodSystem:Display: IME system now deactivated.
[2016.04.26-22.26.19:572][  0]LogWindowsTextInputMethodSystem:Display: IME system now deactivated.
[2016.04.26-22.26.19:577][  0]LogOcInput: Can't find Oculus library dev build: is proper Runtime installed? Version: 0.8.0.0
[2016.04.26-22.26.19:642][  0]LogContentStreaming: Texture pool size now 1000 MB
[2016.04.26-22.26.19:802][  0]LogRenderer: Reallocating scene render targets to support 804x340 (Frame:2).
[2016.04.26-22.26.20:590][  3]LogAssetRegistry: Asset discovery search completed in 3.6012 seconds
[2016.04.26-22.26.20:590][  3]LogCollectionManager: Rebuilt the object cache for 0 collections in 0.000001 seconds (found 0 objects)
[2016.04.26-22.26.20:590][  3]LogCollectionManager: Fixed up redirectors for 0 collections in 0.000024 seconds (updated 0 objects)
[2016.04.26-22.26.55:986][839]LogFactory: FactoryCreateBinary: SoundWave with ReimportSoundFactory (0 0 C:\Users\baroq\Downloads\75235__creek23__cha-ching.wav)
[2016.04.26-22.26.56:008][839]LogAudioDerivedData:Display: Building compressed audio format OGG wave 75235__creek23__cha-ching...
[2016.04.26-22.26.56:064][839]LogAudioDerivedData:Warning: Updated SoundWave->RawPCMDataSize during cooking SoundWave /Game/Star_Traders_Resorces/Blueprints/Menus/MenuSFX/75235__creek23__cha-ching.75235__creek23__cha-ching.
[2016.04.26-22.27.44:263][342]LogFactory: FactoryCreateBinary: SoundWave with ReimportSoundFactory (0 0 C:\Users\baroq\Downloads\270588__michorvath__anvil-hit-2.wav)
[2016.04.26-22.27.44:271][342]LogAudioDerivedData:Display: Building compressed audio format OGG wave 270588__michorvath__anvil-hit-2...
[2016.04.26-22.27.44:309][342]LogAudioDerivedData:Warning: Updated SoundWave->RawPCMDataSize during cooking SoundWave /Game/Star_Traders_Resorces/Blueprints/Menus/MenuSFX/270588__michorvath__anvil-hit-2.270588__michorvath__anvil-hit-2.
[2016.04.26-22.27.52:996][758]LogSavePackage: Save=13.225732ms
[2016.04.26-22.27.52:996][758]LogSavePackage: Moving '../../../../../../Users/baroq/OneDrive/Documents/GitHub/Star_Traders/Star_Traders/Saved/BuySell7E1180EE4CE8B1D29C1AA8A66B7B55AF.tmp' to '../../../../../../Users/baroq/OneDrive/Documents/GitHub/Star_Traders/Star_Traders/Content/Star_Traders_Resorces/Blueprints/Menus/MenuSFX/BuySell.uasset'
[2016.04.26-22.27.53:000][758]LogSavePackage: Total save time: 21.164719ms
[2016.04.26-22.27.53:000][758]LogSavePackage:Display: Finished SavePackage ../../../../../../Users/baroq/OneDrive/Documents/GitHub/Star_Traders/Star_Traders/Content/Star_Traders_Resorces/Blueprints/Menus/MenuSFX/BuySell.uasset
[2016.04.26-22.27.57:425][  7]LogSavePackage: Save=11.467371ms
[2016.04.26-22.27.57:425][  7]LogSavePackage: Moving '../../../../../../Users/baroq/OneDrive/Documents/GitHub/Star_Traders/Star_Traders/Saved/CraftD9A06D104C6C6E9E1AC4E887FCA990BB.tmp' to '../../../../../../Users/baroq/OneDrive/Documents/GitHub/Star_Traders/Star_Traders/Content/Star_Traders_Resorces/Blueprints/Menus/MenuSFX/Craft.uasset'
[2016.04.26-22.27.57:429][  7]LogSavePackage: Total save time: 15.438028ms
[2016.04.26-22.27.57:429][  7]LogSavePackage:Display: Finished SavePackage ../../../../../../Users/baroq/OneDrive/Documents/GitHub/Star_Traders/Star_Traders/Content/Star_Traders_Resorces/Blueprints/Menus/MenuSFX/Craft.uasset
[2016.04.26-22.28.28:253][582]LogSavePackage: Save=11.940435ms
[2016.04.26-22.28.28:254][582]LogSavePackage: Moving '../../../../../../Users/baroq/OneDrive/Documents/GitHub/Star_Traders/Star_Traders/Saved/BuySellCueA83274134CDFD505571328A41A25CADE.tmp' to '../../../../../../Users/baroq/OneDrive/Documents/GitHub/Star_Traders/Star_Traders/Content/Star_Traders_Resorces/Blueprints/Menus/MenuSFX/BuySellCue.uasset'
[2016.04.26-22.28.28:258][582]LogSavePackage: Total save time: 16.947731ms
[2016.04.26-22.28.28:258][582]LogSavePackage:Display: Finished SavePackage ../../../../../../Users/baroq/OneDrive/Documents/GitHub/Star_Traders/Star_Traders/Content/Star_Traders_Resorces/Blueprints/Menus/MenuSFX/BuySellCue.uasset
[2016.04.26-22.28.54:956][723]LogSavePackage: Save=9.098785ms
[2016.04.26-22.28.54:956][723]LogSavePackage: Moving '../../../../../../Users/baroq/OneDrive/Documents/GitHub/Star_Traders/Star_Traders/Saved/CraftCue7659D49B41D5F07F879629BC5EDC95D0.tmp' to '../../../../../../Users/baroq/OneDrive/Documents/GitHub/Star_Traders/Star_Traders/Content/Star_Traders_Resorces/Blueprints/Menus/MenuSFX/CraftCue.uasset'
[2016.04.26-22.28.54:961][723]LogSavePackage: Total save time: 14.262833ms
[2016.04.26-22.28.54:961][723]LogSavePackage:Display: Finished SavePackage ../../../../../../Users/baroq/OneDrive/Documents/GitHub/Star_Traders/Star_Traders/Content/Star_Traders_Resorces/Blueprints/Menus/MenuSFX/CraftCue.uasset
[2016.04.26-22.29.26:173][532]LogSavePackage: Save=23.434864ms
[2016.04.26-22.29.26:173][532]LogSavePackage: Moving '../../../../../../Users/baroq/OneDrive/Documents/GitHub/Star_Traders/Star_Traders/Saved/DemoLevelADA523AD4DF0F5C448F007B92CB989B7.tmp' to '../../../../../../Users/baroq/OneDrive/Documents/GitHub/Star_Traders/Star_Traders/Content/Star_Traders_Resorces/Levels/DemoLevel.umap'
[2016.04.26-22.29.26:175][532]LogSavePackage: Total save time: 96.380968ms
[2016.04.26-22.29.26:175][532]LogSavePackage:Display: Finished SavePackage ../../../../../../Users/baroq/OneDrive/Documents/GitHub/Star_Traders/Star_Traders/Content/Star_Traders_Resorces/Levels/DemoLevel.umap
[2016.04.26-22.29.29:219][600]LogSavePackage: Save=6.987725ms
[2016.04.26-22.29.29:219][600]LogSavePackage: Moving '../../../../../../Users/baroq/OneDrive/Documents/GitHub/Star_Traders/Star_Traders/Saved/270588__michorvath__anvil-hit-23004E6D940336F3187AEE3A7CD484C33.tmp' to '../../../../../../Users/baroq/OneDrive/Documents/GitHub/Star_Traders/Star_Traders/Content/Star_Traders_Resorces/Blueprints/Menus/MenuSFX/270588__michorvath__anvil-hit-2.uasset'
[2016.04.26-22.29.29:225][600]LogSavePackage: Total save time: 13.287313ms
[2016.04.26-22.29.29:225][600]LogSavePackage:Display: Finished SavePackage ../../../../../../Users/baroq/OneDrive/Documents/GitHub/Star_Traders/Star_Traders/Content/Star_Traders_Resorces/Blueprints/Menus/MenuSFX/270588__michorvath__anvil-hit-2.uasset
[2016.04.26-22.29.29:250][600]LogSavePackage: Save=5.252224ms
[2016.04.26-22.29.29:250][600]LogSavePackage: Moving '../../../../../../Users/baroq/OneDrive/Documents/GitHub/Star_Traders/Star_Traders/Saved/75235__creek23__cha-ching47415C3D4D64B9F3548CC7B7205232D8.tmp' to '../../../../../../Users/baroq/OneDrive/Documents/GitHub/Star_Traders/Star_Traders/Content/Star_Traders_Resorces/Blueprints/Menus/MenuSFX/75235__creek23__cha-ching.uasset'
[2016.04.26-22.29.29:253][600]LogSavePackage: Total save time: 8.720893ms
[2016.04.26-22.29.29:253][600]LogSavePackage:Display: Finished SavePackage ../../../../../../Users/baroq/OneDrive/Documents/GitHub/Star_Traders/Star_Traders/Content/Star_Traders_Resorces/Blueprints/Menus/MenuSFX/75235__creek23__cha-ching.uasset
[2016.04.26-22.29.29:435][600]LogWindowsTextInputMethodSystem:Display: IME system now deactivated.
[2016.04.26-22.29.29:435][600]LogWindowsTextInputMethodSystem:Display: IME system now deactivated.
[2016.04.26-22.29.29:711][601]Cmd: QUIT_EDITOR
[2016.04.26-22.29.30:007][601]LogExit: Preparing to exit.
[2016.04.26-22.29.31:082][601]LogParticles: Destroying 0 GPU particle simulations for FXSystem 0x00000274B41863E0
[2016.04.26-22.29.31:085][601]LogExit: Editor shut down
[2016.04.26-22.29.31:087][601]LogExit: Transaction tracking system shut down
[2016.04.26-22.29.31:088][601]LogParticles: Destroying 0 GPU particle simulations for FXSystem 0x00000274B30E8A40
[2016.04.26-22.29.31:089][601]LogParticles: Destroying 0 GPU particle simulations for FXSystem 0x00000274D0800AE0
[2016.04.26-22.29.31:089][601]LogParticles: Destroying 0 GPU particle simulations for FXSystem 0x00000274D5C21440
[2016.04.26-22.29.31:401][601]LogExit: Object subsystem successfully closed.
[2016.04.26-22.29.31:432][601]LogD3D11RHI: Shutdown
[2016.04.26-22.29.31:432][601]LogD3D11RHI: CleanupD3DDevice
[2016.04.26-22.29.31:787][601]LogD3D11RHI: ~FD3D11DynamicRHI
[2016.04.26-22.29.31:845][601]LogModuleManager: Shutting down and abandoning module SoundCueEditor (202)
[2016.04.26-22.29.31:845][601]LogModuleManager: Shutting down and abandoning module CookingStats (201)
[2016.04.26-22.29.31:845][601]LogModuleManager: Shutting down and abandoning module CrashTracker (200)
[2016.04.26-22.29.31:845][601]LogModuleManager: Shutting down and abandoning module SceneOutliner (199)
[2016.04.26-22.29.31:845][601]LogModuleManager: Shutting down and abandoning module SuperSearch (198)
[2016.04.26-22.29.31:845][601]LogModuleManager: Shutting down and abandoning module WidgetCarousel (197)
[2016.04.26-22.29.31:845][601]LogModuleManager: Shutting down and abandoning module AddContentDialog (196)
[2016.04.26-22.29.31:847][601]LogModuleManager: Shutting down and abandoning module EditorWidgets (195)
[2016.04.26-22.29.31:847][601]LogModuleManager: Shutting down and abandoning module CollectionManager (194)
[2016.04.26-22.29.31:847][601]LogModuleManager: Shutting down and abandoning module StatsViewer (193)
[2016.04.26-22.29.31:847][601]LogModuleManager: Shutting down and abandoning module FoliageEdit (192)
[2016.04.26-22.29.31:847][601]LogModuleManager: Shutting down and abandoning module LandscapeEditor (191)
[2016.04.26-22.29.31:847][601]LogModuleManager: Shutting down and abandoning module ActorPickerMode (190)
[2016.04.26-22.29.31:847][601]LogModuleManager: Shutting down and abandoning module GeometryMode (189)
[2016.04.26-22.29.31:847][601]LogModuleManager: Shutting down and abandoning module TextureAlignMode (188)
[2016.04.26-22.29.31:847][601]LogModuleManager: Shutting down and abandoning module BspMode (187)
[2016.04.26-22.29.31:847][601]LogModuleManager: Shutting down and abandoning module PlacementMode (186)
[2016.04.26-22.29.31:847][601]LogModuleManager: Shutting down and abandoning module AutomationWorker (185)
[2016.04.26-22.29.31:847][601]LogModuleManager: Shutting down and abandoning module CharacterAI (184)
[2016.04.26-22.29.31:847][601]LogModuleManager: Shutting down and abandoning module SmartSnapping (183)
[2016.04.26-22.29.31:847][601]LogModuleManager: Shutting down and abandoning module ViewportSnapping (182)
[2016.04.26-22.29.31:847][601]LogModuleManager: Shutting down and abandoning module LogVisualizer (181)
[2016.04.26-22.29.31:847][601]LogModuleManager: Shutting down and abandoning module GameProjectGeneration (180)
[2016.04.26-22.29.31:848][601]LogModuleManager: Shutting down and abandoning module IntroTutorials (179)
[2016.04.26-22.29.31:848][601]LogModuleManager: Shutting down and abandoning module EditorLiveStreaming (178)
[2016.04.26-22.29.31:848][601]LogModuleManager: Shutting down and abandoning module IOSPlatformEditor (177)
[2016.04.26-22.29.31:848][601]LogModuleManager: Shutting down and abandoning module HTML5PlatformEditor (176)
[2016.04.26-22.29.31:848][601]LogModuleManager: Shutting down and abandoning module AndroidDeviceDetection (175)
[2016.04.26-22.29.32:719][601]LogModuleManager: Shutting down and abandoning module AndroidPlatformEditor (174)
[2016.04.26-22.29.32:719][601]LogModuleManager: Shutting down and abandoning module IOSRuntimeSettings (173)
[2016.04.26-22.29.32:719][601]LogModuleManager: Shutting down and abandoning module AndroidRuntimeSettings (172)
[2016.04.26-22.29.32:719][601]LogModuleManager: Shutting down and abandoning module MergeActors (171)
[2016.04.26-22.29.32:719][601]LogModuleManager: Shutting down and abandoning module SizeMap (170)
[2016.04.26-22.29.32:719][601]LogModuleManager: Shutting down and abandoning module TreeMap (169)
[2016.04.26-22.29.32:719][601]LogModuleManager: Shutting down and abandoning module ReferenceViewer (168)
[2016.04.26-22.29.32:719][601]LogModuleManager: Shutting down and abandoning module LocalizationService (167)
[2016.04.26-22.29.32:719][601]LogModuleManager: Shutting down and abandoning module LocalizationDashboard (166)
[2016.04.26-22.29.32:719][601]LogModuleManager: Shutting down and abandoning module HardwareTargeting (165)
[2016.04.26-22.29.32:719][601]LogModuleManager: Shutting down and abandoning module DeviceProfileEditor (164)
[2016.04.26-22.29.32:719][601]LogModuleManager: Shutting down and abandoning module UndoHistory (163)
[2016.04.26-22.29.32:719][601]LogModuleManager: Shutting down and abandoning module GameplayTagsEditor (162)
[2016.04.26-22.29.32:719][601]LogModuleManager: Shutting down and abandoning module UserFeedback (161)
[2016.04.26-22.29.32:719][601]LogModuleManager: Shutting down and abandoning module XmlParser (160)
[2016.04.26-22.29.32:719][601]LogModuleManager: Shutting down and abandoning module Blutility (159)
[2016.04.26-22.29.32:719][601]LogModuleManager: Shutting down and abandoning module ProjectTargetPlatformEditor (158)
[2016.04.26-22.29.32:719][601]LogModuleManager: Shutting down and abandoning module ProjectSettingsViewer (157)
[2016.04.26-22.29.32:719][601]LogModuleManager: Shutting down and abandoning module InputBindingEditor (156)
[2016.04.26-22.29.32:719][601]LogModuleManager: Shutting down and abandoning module EditorSettingsViewer (155)
[2016.04.26-22.29.32:719][601]LogModuleManager: Shutting down and abandoning module SettingsEditor (154)
[2016.04.26-22.29.32:720][601]LogModuleManager: Shutting down and abandoning module ProjectLauncher (153)
[2016.04.26-22.29.32:720][601]LogModuleManager: Shutting down and abandoning module SessionFrontend (152)
[2016.04.26-22.29.32:720][601]LogModuleManager: Shutting down and abandoning module ProfilerClient (151)
[2016.04.26-22.29.32:720][601]LogModuleManager: Shutting down and abandoning module TargetDeviceServices (150)
[2016.04.26-22.29.32:720][601]LogModuleManager: Shutting down and abandoning module DeviceManager (149)
[2016.04.26-22.29.32:720][601]LogModuleManager: Shutting down and abandoning module AutomationController (148)
[2016.04.26-22.29.32:720][601]LogModuleManager: Shutting down and abandoning module AutomationWindow (147)
[2016.04.26-22.29.32:720][601]LogModuleManager: Shutting down and abandoning module Layers (146)
[2016.04.26-22.29.32:720][601]LogModuleManager: Shutting down and abandoning module ComponentVisualizers (145)
[2016.04.26-22.29.32:720][601]LogModuleManager: Shutting down and abandoning module DetailCustomizations (144)
[2016.04.26-22.29.32:720][601]LogModuleManager: Shutting down and abandoning module PackagesDialog (143)
[2016.04.26-22.29.32:720][601]LogModuleManager: Shutting down and abandoning module Persona (142)
[2016.04.26-22.29.32:720][601]LogModuleManager: Shutting down and abandoning module Kismet (141)
[2016.04.26-22.29.32:720][601]LogModuleManager: Shutting down and abandoning module GraphEditor (140)
[2016.04.26-22.29.32:720][601]LogModuleManager: Shutting down and abandoning module ClassViewer (139)
[2016.04.26-22.29.32:720][601]LogModuleManager: Shutting down and abandoning module Toolbox (138)
[2016.04.26-22.29.32:720][601]LogModuleManager: Shutting down and abandoning module ModuleUI (137)
[2016.04.26-22.29.32:720][601]LogModuleManager: Shutting down and abandoning module MovieSceneTools (136)
[2016.04.26-22.29.32:720][601]LogModuleManager: Shutting down and abandoning module OutputLog (135)
[2016.04.26-22.29.32:720][601]LogModuleManager: Shutting down and abandoning module GammaUI (134)
[2016.04.26-22.29.32:720][601]LogModuleManager: Shutting down and abandoning module Documentation (133)
[2016.04.26-22.29.32:720][601]LogModuleManager: Shutting down and abandoning module GameLiveStreaming (132)
[2016.04.26-22.29.32:720][601]LogModuleManager: Shutting down and abandoning module StreamingPauseRendering (131)
[2016.04.26-22.29.32:720][601]LogModuleManager: Shutting down and abandoning module AnalyticsET (130)
[2016.04.26-22.29.32:720][601]LogModuleManager: Shutting down and abandoning module Analytics (129)
[2016.04.26-22.29.32:720][601]LogModuleManager: Shutting down and abandoning module AITestSuite (128)
[2016.04.26-22.29.32:720][601]LogModuleManager: Shutting down and abandoning module GameplayDebugger (127)
[2016.04.26-22.29.32:720][601]LogModuleManager: Shutting down and abandoning module AIModule (126)
[2016.04.26-22.29.32:720][601]LogModuleManager: Shutting down and abandoning module ProfilerService (125)
[2016.04.26-22.29.32:760][601]LogModuleManager: Shutting down and abandoning module TaskGraph (124)
[2016.04.26-22.29.32:760][601]LogModuleManager: Shutting down and abandoning module SlateRemote (123)
[2016.04.26-22.29.32:760][601]LogModuleManager: Shutting down and abandoning module SteamVRController (122)
[2016.04.26-22.29.32:760][601]LogModuleManager: Shutting down and abandoning module SteamVR (121)
[2016.04.26-22.29.32:760][601]LogModuleManager: Shutting down and abandoning module ProceduralMeshComponent (120)
[2016.04.26-22.29.32:760][601]LogModuleManager: Shutting down and abandoning module OculusLibrary (119)
[2016.04.26-22.29.32:760][601]LogModuleManager: Shutting down and abandoning module OculusInput (118)
[2016.04.26-22.29.32:760][601]LogModuleManager: Shutting down and abandoning module LeapMotionController (117)
[2016.04.26-22.29.32:785][601]LogModuleManager: Shutting down and abandoning module CustomMeshComponent (116)
[2016.04.26-22.29.32:785][601]LogModuleManager: Shutting down and abandoning module CableComponent (115)
[2016.04.26-22.29.32:785][601]LogModuleManager: Shutting down and abandoning module ArchVisCharacter (114)
[2016.04.26-22.29.32:785][601]LogModuleManager: Shutting down and abandoning module MessagingDebugger (113)
[2016.04.26-22.29.32:785][601]LogModuleManager: Shutting down and abandoning module MediaPlayerEditor (112)
[2016.04.26-22.29.32:786][601]LogModuleManager: Shutting down and abandoning module HTML5Networking (111)
[2016.04.26-22.29.32:786][601]LogModuleManager: Shutting down and abandoning module CodeView (110)
[2016.04.26-22.29.32:786][601]LogModuleManager: Shutting down and abandoning module SpeedTreeImporter (109)
[2016.04.26-22.29.32:786][601]LogModuleManager: Shutting down and abandoning module PluginBrowser (108)
[2016.04.26-22.29.32:786][601]LogModuleManager: Shutting down and abandoning module EpicSurvey (107)
[2016.04.26-22.29.32:786][601]LogModuleManager: Shutting down and abandoning module DesktopPlatform (106)
[2016.04.26-22.29.32:786][601]LogModuleManager: Shutting down and abandoning module VisualStudioSourceCodeAccess (105)
[2016.04.26-22.29.32:786][601]LogModuleManager: Shutting down and abandoning module UObjectPlugin (104)
[2016.04.26-22.29.32:786][601]LogModuleManager: Shutting down and abandoning module SubversionSourceControl (103)
[2016.04.26-22.29.32:786][601]LogModuleManager: Shutting down and abandoning module PerforceSourceControl (102)
[2016.04.26-22.29.32:786][601]LogModuleManager: Shutting down and abandoning module SourceControl (101)
[2016.04.26-22.29.32:786][601]LogModuleManager: Shutting down and abandoning module GitSourceControl (100)
[2016.04.26-22.29.32:786][601]LogModuleManager: Shutting down and abandoning module LightPropagationVolumeEditor (99)
[2016.04.26-22.29.32:786][601]LogModuleManager: Shutting down and abandoning module PaperTiledImporter (98)
[2016.04.26-22.29.32:786][601]LogModuleManager: Shutting down and abandoning module PaperSpriteSheetImporter (97)
[2016.04.26-22.29.32:787][601]LogModuleManager: Shutting down and abandoning module MeshPaint (96)
[2016.04.26-22.29.32:787][601]LogModuleManager: Shutting down and abandoning module SlateReflector (95)
[2016.04.26-22.29.32:787][601]LogModuleManager: Shutting down and abandoning module HotReload (94)
[2016.04.26-22.29.32:787][601]LogModuleManager: Shutting down and abandoning module MainFrame (93)
[2016.04.26-22.29.32:787][601]LogModuleManager: Shutting down and abandoning module LevelEditor (92)
[2016.04.26-22.29.32:790][601]LogModuleManager: Shutting down and abandoning module DirectoryWatcher (91)
[2016.04.26-22.29.32:792][601]LogModuleManager: Shutting down and abandoning module AssetRegistry (90)
[2016.04.26-22.29.32:886][601]LogModuleManager: Shutting down and abandoning module ContentBrowser (89)
[2016.04.26-22.29.32:888][601]LogModuleManager: Shutting down and abandoning module Paper2DEditor (88)
[2016.04.26-22.29.32:888][601]LogModuleManager: Shutting down and abandoning module Star_Traders (87)
[2016.04.26-22.29.32:888][601]LogModuleManager: Shutting down and abandoning module UdpMessaging (86)
[2016.04.26-22.29.32:990][601]LogModuleManager: Shutting down and abandoning module LightPropagationVolumeRuntime (85)
[2016.04.26-22.29.32:990][601]LogModuleManager: Shutting down and abandoning module Paper2D (84)
[2016.04.26-22.29.32:990][601]LogModuleManager: Shutting down and abandoning module WindowsMoviePlayer (83)
[2016.04.26-22.29.32:994][601]LogModuleManager: Shutting down and abandoning module Media (82)
[2016.04.26-22.29.32:994][601]LogModuleManager: Shutting down and abandoning module WmfMedia (81)
[2016.04.26-22.29.32:995][601]LogModuleManager: Shutting down and abandoning module OnlineBlueprintSupport (80)
[2016.04.26-22.29.32:995][601]LogModuleManager: Shutting down and abandoning module GameplayTasksEditor (79)
[2016.04.26-22.29.32:995][601]LogModuleManager: Shutting down and abandoning module PropertyEditor (78)
[2016.04.26-22.29.32:995][601]LogModuleManager: Shutting down and abandoning module BehaviorTreeEditor (77)
[2016.04.26-22.29.32:995][601]LogModuleManager: Shutting down and abandoning module FunctionalTesting (76)
[2016.04.26-22.29.32:995][601]LogModuleManager: Shutting down and abandoning module CollisionAnalyzer (75)
[2016.04.26-22.29.32:995][601]LogModuleManager: Shutting down and abandoning module WorkspaceMenuStructure (74)
[2016.04.26-22.29.32:995][601]LogModuleManager: Shutting down and abandoning module MessageLog (73)
[2016.04.26-22.29.32:995][601]LogModuleManager: Shutting down and abandoning module Sequencer (72)
[2016.04.26-22.29.32:996][601]LogModuleManager: Shutting down and abandoning module AssetTools (71)
[2016.04.26-22.29.32:997][601]LogModuleManager: Shutting down and abandoning module UMGEditor (70)
[2016.04.26-22.29.32:997][601]LogModuleManager: Shutting down and abandoning module UMG (69)
[2016.04.26-22.29.32:997][601]LogModuleManager: Shutting down and abandoning module Slate (68)
[2016.04.26-22.29.32:997][601]LogModuleManager: Shutting down and abandoning module EditorStyle (67)
[2016.04.26-22.29.33:001][601]LogModuleManager: Shutting down and abandoning module SessionServices (66)
[2016.04.26-22.29.33:001][601]LogModuleManager: Shutting down and abandoning module SourceCodeAccess (65)
[2016.04.26-22.29.33:001][601]LogModuleManager: Shutting down and abandoning module HeadMountedDisplay (64)
[2016.04.26-22.29.33:001][601]LogModuleManager: Shutting down and abandoning module XAudio2 (63)
[2016.04.26-22.29.33:001][601]LogModuleManager: Shutting down and abandoning module Networking (61)
[2016.04.26-22.29.33:001][601]LogModuleManager: Shutting down and abandoning module Core (60)
[2016.04.26-22.29.33:001][601]LogModuleManager: Shutting down and abandoning module KismetCompiler (59)
[2016.04.26-22.29.33:001][601]LogModuleManager: Shutting down and abandoning module PhysXFormats (58)
[2016.04.26-22.29.33:001][601]LogModuleManager: Shutting down and abandoning module MeshUtilities (57)
[2016.04.26-22.29.33:002][601]LogModuleManager: Shutting down and abandoning module DerivedDataCache (56)
[2016.04.26-22.29.33:024][601]LogDerivedDataCache: Shutdown
[2016.04.26-22.29.33:024][601]LogModuleManager: Shutting down and abandoning module ShaderFormatOpenGL (55)
[2016.04.26-22.29.33:024][601]LogModuleManager: Shutting down and abandoning module ShaderFormatD3D (54)
[2016.04.26-22.29.33:024][601]LogModuleManager: Shutting down and abandoning module MetalShaderFormat (53)
[2016.04.26-22.29.33:024][601]LogModuleManager: Shutting down and abandoning module TextureFormatUncompressed (52)
[2016.04.26-22.29.33:024][601]LogModuleManager: Shutting down and abandoning module TextureFormatPVR (51)
[2016.04.26-22.29.33:024][601]LogModuleManager: Shutting down and abandoning module TextureFormatIntelISPCTexComp (50)
[2016.04.26-22.29.33:024][601]LogModuleManager: Shutting down and abandoning module TextureFormatDXT (49)
[2016.04.26-22.29.33:024][601]LogModuleManager: Shutting down and abandoning module ImageWrapper (48)
[2016.04.26-22.29.33:024][601]LogModuleManager: Shutting down and abandoning module TextureFormatASTC (47)
[2016.04.26-22.29.33:024][601]LogModuleManager: Shutting down and abandoning module TextureFormatAndroid (46)
[2016.04.26-22.29.33:024][601]LogModuleManager: Shutting down and abandoning module AudioFormatOpus (45)
[2016.04.26-22.29.33:024][601]LogModuleManager: Shutting down and abandoning module AudioFormatOgg (44)
[2016.04.26-22.29.33:024][601]LogModuleManager: Shutting down and abandoning module AudioFormatADPCM (43)
[2016.04.26-22.29.33:024][601]LogModuleManager: Shutting down and abandoning module LinuxTargetPlatform (42)
[2016.04.26-22.29.33:024][601]LogModuleManager: Shutting down and abandoning module LinuxServerTargetPlatform (41)
[2016.04.26-22.29.33:024][601]LogModuleManager: Shutting down and abandoning module LinuxNoEditorTargetPlatform (40)
[2016.04.26-22.29.33:024][601]LogModuleManager: Shutting down and abandoning module Messaging (39)
[2016.04.26-22.29.33:024][601]LogModuleManager: Shutting down and abandoning module IOSTargetPlatform (38)
[2016.04.26-22.29.33:024][601]LogModuleManager: Shutting down and abandoning module HTML5TargetPlatform (37)
[2016.04.26-22.29.33:024][601]LogModuleManager: Shutting down and abandoning module Android_PVRTCTargetPlatform (36)
[2016.04.26-22.29.33:024][601]LogModuleManager: Shutting down and abandoning module Android_MultiTargetPlatform (35)
[2016.04.26-22.29.33:024][601]LogModuleManager: Shutting down and abandoning module Android_ETC2TargetPlatform (34)
[2016.04.26-22.29.33:024][601]LogModuleManager: Shutting down and abandoning module Android_ETC1TargetPlatform (33)
[2016.04.26-22.29.33:024][601]LogModuleManager: Shutting down and abandoning module Android_DXTTargetPlatform (32)
[2016.04.26-22.29.33:024][601]LogModuleManager: Shutting down and abandoning module Android_ATCTargetPlatform (31)
[2016.04.26-22.29.33:024][601]LogModuleManager: Shutting down and abandoning module Android_ASTCTargetPlatform (30)
[2016.04.26-22.29.33:024][601]LogModuleManager: Shutting down and abandoning module AndroidTargetPlatform (29)
[2016.04.26-22.29.33:024][601]LogModuleManager: Shutting down and abandoning module WindowsTargetPlatform (28)
[2016.04.26-22.29.33:024][601]LogModuleManager: Shutting down and abandoning module WindowsServerTargetPlatform (27)
[2016.04.26-22.29.33:024][601]LogModuleManager: Shutting down and abandoning module WindowsNoEditorTargetPlatform (26)
[2016.04.26-22.29.33:024][601]LogModuleManager: Shutting down and abandoning module WindowsClientTargetPlatform (25)
[2016.04.26-22.29.33:024][601]LogModuleManager: Shutting down and abandoning module AllDesktopTargetPlatform (24)
[2016.04.26-22.29.33:024][601]LogModuleManager: Shutting down and abandoning module TargetPlatform (23)
[2016.04.26-22.29.33:024][601]LogModuleManager: Shutting down and abandoning module InputCore (22)
[2016.04.26-22.29.33:024][601]LogModuleManager: Shutting down and abandoning module Settings (21)
[2016.04.26-22.29.33:025][601]LogModuleManager: Shutting down and abandoning module OnlineSubsystem (19)
[2016.04.26-22.29.33:025][601]LogModuleManager: Shutting down and abandoning module HTTP (18)
[2016.04.26-22.29.34:029][601]LogModuleManager: Shutting down and abandoning module XMPP (17)
[2016.04.26-22.29.34:029][601]LogModuleManager: Shutting down and abandoning module OculusRift (16)
[2016.04.26-22.29.34:030][601]LogModuleManager: Shutting down and abandoning module ExampleDeviceProfileSelector (15)
[2016.04.26-22.29.34:030][601]LogModuleManager: Shutting down and abandoning module TextureCompressor (14)
[2016.04.26-22.29.34:030][601]LogModuleManager: Shutting down and abandoning module ShaderCore (13)
[2016.04.26-22.29.34:030][601]LogModuleManager: Shutting down and abandoning module Landscape (12)
[2016.04.26-22.29.34:030][601]LogModuleManager: Shutting down and abandoning module SlateRHIRenderer (11)
[2016.04.26-22.29.34:033][601]LogModuleManager: Shutting down and abandoning module OpenGLDrv (10)
[2016.04.26-22.29.34:033][601]LogModuleManager: Shutting down and abandoning module D3D11RHI (9)
[2016.04.26-22.29.34:033][601]LogModuleManager: Shutting down and abandoning module AnimGraphRuntime (8)
[2016.04.26-22.29.34:033][601]LogModuleManager: Shutting down and abandoning module Renderer (7)
[2016.04.26-22.29.34:033][601]LogModuleManager: Shutting down and abandoning module Engine (6)
[2016.04.26-22.29.34:033][601]LogModuleManager: Shutting down and abandoning module CoreUObject (5)
[2016.04.26-22.29.34:033][601]LogModuleManager: Shutting down and abandoning module NetworkFile (4)
[2016.04.26-22.29.34:033][601]LogModuleManager: Shutting down and abandoning module StreamingFile (3)
[2016.04.26-22.29.34:033][601]LogModuleManager: Shutting down and abandoning module SandboxFile (2)
[2016.04.26-22.29.34:033][601]LogModuleManager: Shutting down and abandoning module PakFile (1)
[2016.04.26-22.29.34:035][601]LogExit: Exiting.
[2016.04.26-22.29.34:076][601]Log file closed, 04/26/16 16:29:34
