[2016.04.07-16.15.50:897][  0]Log file open, 04/07/16 10:15:50
[2016.04.07-16.15.50:897][  0]LogInit:Display: Running engine for game: Star_Traders
[2016.04.07-16.15.50:897][  0]LogPlatformFile: Not using cached read wrapper
[2016.04.07-16.15.50:897][  0]LogInit:Display: RandInit(1404810958) SRandInit(1404810960).
[2016.04.07-16.15.50:897][  0]LogTaskGraph: Started task graph with 4 named threads and 5 total threads.
[2016.04.07-16.15.50:897][  0]LogStats: Stats thread started at 0.137730
[2016.04.07-16.15.50:897][  0]LogInit: Version: 4.10.4-2872498+++depot+UE4-Releases+4.10
[2016.04.07-16.15.50:897][  0]LogInit: API Version: 2758231
[2016.04.07-16.15.50:897][  0]LogInit: Compiled (64-bit): Feb 18 2016 15:47:04
[2016.04.07-16.15.50:897][  0]LogInit: Compiled with Visual C++: 19.00.23026.00
[2016.04.07-16.15.50:897][  0]LogInit: Build Configuration: Development
[2016.04.07-16.15.50:898][  0]LogInit: Branch Name: ++depot+UE4-Releases+4.10
[2016.04.07-16.15.50:898][  0]LogInit: Command line:  
[2016.04.07-16.15.50:898][  0]LogInit: Base directory: C:/Program Files (x86)/Epic Games/4.10/Engine/Binaries/Win64/
[2016.04.07-16.15.50:898][  0]LogInit: Rocket: 1
[2016.04.07-16.15.50:904][  0]LogInit: Using libcurl 7.41.0
[2016.04.07-16.15.50:904][  0]LogInit:  - built for x86_64-pc-win32
[2016.04.07-16.15.50:904][  0]LogInit:  - supports SSL with WinSSL
[2016.04.07-16.15.50:904][  0]LogInit:  - other features:
[2016.04.07-16.15.50:904][  0]LogInit:      CURL_VERSION_SSL
[2016.04.07-16.15.50:904][  0]LogInit:      CURL_VERSION_IPV6
[2016.04.07-16.15.50:904][  0]LogInit:      CURL_VERSION_ASYNCHDNS
[2016.04.07-16.15.50:904][  0]LogInit:      CURL_VERSION_LARGEFILE
[2016.04.07-16.15.50:904][  0]LogInit:      CURL_VERSION_IDN
[2016.04.07-16.15.50:904][  0]LogInit:  CurlRequestOptions (configurable via config and command line):
[2016.04.07-16.15.50:904][  0]LogInit:  - bVerifyPeer = true  - Libcurl will verify peer certificate
[2016.04.07-16.15.50:905][  0]LogInit:  - bUseHttpProxy = false  - Libcurl will NOT use HTTP proxy
[2016.04.07-16.15.50:905][  0]LogInit:  - bDontReuseConnections = false  - Libcurl will reuse connections
[2016.04.07-16.15.50:905][  0]LogInit:  - CertBundlePath = nullptr  - Libcurl will use whatever was configured at build time.
[2016.04.07-16.15.50:912][  0]LogInit: Presizing for 0 objects not considered by GC, pre-allocating 0 bytes.
[2016.04.07-16.15.50:922][  0]LogInit: Object subsystem initialized
[2016.04.07-16.15.50:923][  0]LogInit: Selected Device Profile: [Windows]
[2016.04.07-16.15.50:923][  0]LogInit: Applying CVar settings loaded from the selected device profile: [Windows]
[2016.04.07-16.15.50:946][  0]LogInit: Computer: DESKTOP-275DM9P
[2016.04.07-16.15.50:946][  0]LogInit: User: baroq
[2016.04.07-16.15.50:946][  0]LogInit: CPU Page size=4096, Cores=2
[2016.04.07-16.15.50:946][  0]LogInit: High frequency timer resolution =2.143477 MHz
[2016.04.07-16.15.50:946][  0]LogMemory: Memory total: Physical=7.9GB (8GB approx)
[2016.04.07-16.15.50:946][  0]LogMemory: Platform Memory Stats for Windows
[2016.04.07-16.15.50:946][  0]LogMemory: Process Physical Memory: 55.89 MB used, 55.89 MB peak
[2016.04.07-16.15.50:946][  0]LogMemory: Process Virtual Memory: 57.63 MB used, 57.63 MB peak
[2016.04.07-16.15.50:946][  0]LogMemory: Physical Memory: 6246.38 MB used, 8073.11 MB total
[2016.04.07-16.15.50:946][  0]LogMemory: Virtual Memory: 382.73 MB used, 134217728.00 MB total
[2016.04.07-16.15.50:985][  0]LogTextLocalizationManager: No specific translations for ('en-US') exist, so ('en') translations will be used.
[2016.04.07-16.15.51:641][  0]LogD3D11RHI: Found D3D11 adapter 0: Intel(R) HD Graphics 5500 (Feature Level 11_0)
[2016.04.07-16.15.51:641][  0]LogD3D11RHI: Adapter has 128MB of dedicated video memory, 0MB of dedicated system memory, and 4036MB of shared system memory, 1 output[s]
[2016.04.07-16.15.51:643][  0]LogD3D11RHI: Found D3D11 adapter 1: Microsoft Basic Render Driver (Feature Level 11_0)
[2016.04.07-16.15.51:643][  0]LogD3D11RHI: Adapter has 0MB of dedicated video memory, 0MB of dedicated system memory, and 4036MB of shared system memory, 0 output[s]
[2016.04.07-16.15.51:644][  0]LogD3D11RHI: Chosen D3D11 Adapter Id = 0
[2016.04.07-16.15.51:650][  0]LogD3D11RHI: !Direct3DDevice
[2016.04.07-16.15.51:650][  0]LogRHI: Texture pool is 1361 MB (70% of 1945 MB)
[2016.04.07-16.15.51:658][  0]LogD3D11RHI: Async texture creation enabled
[2016.04.07-16.15.51:664][  0]LogShaderCompilers: Guid format shader working directory is -35 characters bigger than the processId version (../../../../../../Users/baroq/OneDrive/Documents/GitHub/Star_Traders/Star_Traders/Intermediate/Shaders/WorkingDirectory/7648/).
[2016.04.07-16.15.51:664][  0]LogShaderCompilers: Cleaned the shader compiler working directory 'C:/Users/baroq/AppData/Local/Temp/UnrealShaderWorkingDir/6B473D5F44A18A9804FCC1A281B9FC3A/'.
[2016.04.07-16.15.51:664][  0]LogShaderCompilers:Display: Using Local Shader Compiler.
[2016.04.07-16.15.53:798][  0]LogTemp:Display: Loaded TP AllDesktopTargetPlatform
[2016.04.07-16.15.53:803][  0]LogTemp:Display: Loaded TP WindowsClientTargetPlatform
[2016.04.07-16.15.53:808][  0]LogTemp:Display: Loaded TP WindowsNoEditorTargetPlatform
[2016.04.07-16.15.53:814][  0]LogTemp:Display: Loaded TP WindowsServerTargetPlatform
[2016.04.07-16.15.53:821][  0]LogTemp:Display: Loaded TP WindowsTargetPlatform
[2016.04.07-16.15.53:827][  0]LogTemp:Display: Loaded TP AndroidTargetPlatform
[2016.04.07-16.15.53:830][  0]LogTemp:Display: Loaded TP Android_ASTCTargetPlatform
[2016.04.07-16.15.53:834][  0]LogTemp:Display: Loaded TP Android_ATCTargetPlatform
[2016.04.07-16.15.53:837][  0]LogTemp:Display: Loaded TP Android_DXTTargetPlatform
[2016.04.07-16.15.53:842][  0]LogTemp:Display: Loaded TP Android_ETC1TargetPlatform
[2016.04.07-16.15.53:845][  0]LogTemp:Display: Loaded TP Android_ETC2TargetPlatform
[2016.04.07-16.15.53:855][  0]LogTemp:Display: Loaded TP Android_MultiTargetPlatform
[2016.04.07-16.15.53:855][  0]LogTemp:Display: Loaded TP Android_PVRTCTargetPlatform
[2016.04.07-16.15.53:856][  0]LogTemp:Display: Loaded TP HTML5TargetPlatform
[2016.04.07-16.15.53:878][  0]LogTemp:Display: Loaded TP IOSTargetPlatform
[2016.04.07-16.15.53:882][  0]LogTemp:Display: Loaded TP LinuxNoEditorTargetPlatform
[2016.04.07-16.15.53:887][  0]LogTemp:Display: Loaded TP LinuxServerTargetPlatform
[2016.04.07-16.15.53:896][  0]LogTemp:Display: Loaded TP LinuxTargetPlatform
[2016.04.07-16.15.53:896][  0]LogTargetPlatformManager:Display: Building Assets For Windows
[2016.04.07-16.15.54:004][  0]LogDerivedDataCache:Display: Max Cache Size: 512 MB
[2016.04.07-16.15.54:204][  0]LogDerivedDataCache: Loaded boot cache 0.20s 41MB C:/Users/baroq/AppData/Local/UnrealEngine/4.10/DerivedDataCache/Boot.ddc.
[2016.04.07-16.15.54:204][  0]LogDerivedDataCache:Display: Loaded Boot cache: C:/Users/baroq/AppData/Local/UnrealEngine/4.10/DerivedDataCache/Boot.ddc
[2016.04.07-16.15.54:204][  0]LogDerivedDataCache: FDerivedDataBackendGraph:  Pak pak cache file ../../../../../../Users/baroq/OneDrive/Documents/GitHub/Star_Traders/Star_Traders/DerivedDataCache/DDC.ddp not found, will not use a pak cache.
[2016.04.07-16.15.54:204][  0]LogDerivedDataCache: Unable to find inner node Pak for hierarchical cache Hierarchy.
[2016.04.07-16.15.54:204][  0]LogDerivedDataCache: FDerivedDataBackendGraph:  CompressedPak pak cache file ../../../../../../Users/baroq/OneDrive/Documents/GitHub/Star_Traders/Star_Traders/DerivedDataCache/Compressed.ddp not found, will not use a pak cache.
[2016.04.07-16.15.54:204][  0]LogDerivedDataCache: Unable to find inner node CompressedPak for hierarchical cache Hierarchy.
[2016.04.07-16.15.54:298][  0]LogDerivedDataCache:Display: Pak cache opened for reading ../../../Engine/DerivedDataCache/Compressed.ddp.
[2016.04.07-16.15.54:310][  0]LogDerivedDataCache: Using Local data cache path C:/Users/baroq/AppData/Local/UnrealEngine/Common/DerivedDataCache: Writable
[2016.04.07-16.15.55:809][  0]LogInit: Selected Device Profile: [Windows]
[2016.04.07-16.15.55:813][  0]LogContentStreaming: Texture pool size is 0.000000MB
[2016.04.07-16.15.55:975][  0]LogMeshUtilities: No automatic mesh reduction module available
[2016.04.07-16.15.55:975][  0]LogMeshUtilities: No automatic mesh merging module available
[2016.04.07-16.15.56:309][  0]LogInit: WinSock: version 1.1 (2.2), MaxSocks=32767, MaxUdp=65467
[2016.04.07-16.15.58:872][  0]UdpMessaging: Initializing bridge on interface 0.0.0.0:0 to multicast group 230.0.0.1:6666.
[2016.04.07-16.15.59:047][  0]LogAssetRegistry: FAssetRegistry took 0.0119 seconds to start up
[2016.04.07-16.15.59:319][  0]SourceControl: Info Source control is disabled
[2016.04.07-16.15.59:321][  0]SourceControl: Info Source control is disabled
[2016.04.07-16.15.59:337][  0]SourceControl: Info Source control is disabled
[2016.04.07-16.15.59:351][  0]SourceControl: Info Source control is disabled
[2016.04.07-16.15.59:687][  0]LogObj: 28641 objects as part of root set at end of initial load.
[2016.04.07-16.15.59:687][  0]LogUObjectAllocator: 6108888 out of 0 bytes used by permanent object pool.
[2016.04.07-16.15.59:760][  0]LogEngine: Initializing Engine...
[2016.04.07-16.15.59:764][  0]LogHMD: Can't find Oculus library dev build: is proper Runtime installed? Version: 0.8.0.0
[2016.04.07-16.15.59:779][  0]LogHMD: SteamVR failed to initialize.  Err: 110
[2016.04.07-16.15.59:954][  0]LogAIModule: Creating AISystem for world NewWorld
[2016.04.07-16.15.59:961][  0]LogInit: XAudio2 using 'Speakers (Conexant SmartAudio HD)' : 2 channels at 44.1 kHz using 32 bits per sample (channel mask 0x3)
[2016.04.07-16.15.59:979][  0]LogInit: FAudioDevice initialized.
[2016.04.07-16.16.00:018][  0]LogDerivedDataCache: Saved boot cache 0.04s 41MB C:/Users/baroq/AppData/Local/UnrealEngine/4.10/DerivedDataCache/Boot.ddc.
[2016.04.07-16.16.00:034][  0]LogInit: Texture streaming: Enabled
[2016.04.07-16.16.00:041][  0]LogAnalytics: Creating configured Analytics provider AnalyticsET
[2016.04.07-16.16.00:041][  0]LogAnalytics: [UEEditor.Rocket.Release] APIServer = http://et2.epicgames.com/ET2/. AppVersion = 4.10.4-2872498+++depot+UE4-Releases+4.10
[2016.04.07-16.16.00:041][  0]LogAnalytics: [UEEditor.Rocket.Release] SetUserId 4b4d598842b4899fe4dc8b941a85a4d8|33dab70fd44b4664be9d6c7e480004c7|aae71f41-2021-4880-b802-f85557d08e84
[2016.04.07-16.16.00:041][  0]LogAnalytics: [UEEditor.Rocket.Release] AnalyticsET::StartSession
[2016.04.07-16.16.00:054][  0]LogInit: Transaction tracking system initialized
[2016.04.07-16.16.00:088][  0]BlueprintLog: New page: Editor Load
[2016.04.07-16.16.00:187][  0]LocalizationService: Info Localization service is disabled
[2016.04.07-16.16.00:280][  0]LogConsoleResponse:Display: 
[2016.04.07-16.16.00:465][  0]LogCook:Display: Done creating registry. It took  0.00s.
[2016.04.07-16.16.00:543][  0]LogFileCache: Scanning file cache for directory 'C:/Users/baroq/OneDrive/Documents/GitHub/Star_Traders/Star_Traders/Content/' took 0.02s
[2016.04.07-16.16.00:543][  0]SourceControl: Info Source control is disabled
[2016.04.07-16.16.00:621][  0]LogWindowsTextInputMethodSystem:Display: IME system now deactivated.
[2016.04.07-16.16.00:621][  0]LogWindowsTextInputMethodSystem:Display: IME system now deactivated.
[2016.04.07-16.16.08:744][  0]LogWindowsTextInputMethodSystem:Display: IME system now deactivated.
[2016.04.07-16.16.08:744][  0]LogWindowsTextInputMethodSystem:Display: IME system now deactivated.
[2016.04.07-16.16.08:775][  0]LogWindowsTextInputMethodSystem:Display: IME system now deactivated.
[2016.04.07-16.16.08:775][  0]LogWindowsTextInputMethodSystem:Display: IME system now deactivated.
[2016.04.07-16.16.12:292][  0]LogWindowsTextInputMethodSystem:Display: IME system now deactivated.
[2016.04.07-16.16.12:292][  0]LogWindowsTextInputMethodSystem:Display: IME system now deactivated.
[2016.04.07-16.16.12:348][  0]LogWindowsTextInputMethodSystem:Display: IME system now deactivated.
[2016.04.07-16.16.12:348][  0]LogWindowsTextInputMethodSystem:Display: IME system now deactivated.
[2016.04.07-16.16.12:349][  0]Cmd: MAP LOAD FILE="../../../../../../Users/baroq/OneDrive/Documents/GitHub/Star_Traders/Star_Traders/Content/Star_Traders_Resorces/Levels/DemoLevel.umap" TEMPLATE=0 SHOWPROGRESS=1 FEATURELEVEL=3
[2016.04.07-16.16.12:353][  0]LightingResults: New page: Lighting Build
[2016.04.07-16.16.12:394][  0]MapCheck: New page: Map Check
[2016.04.07-16.16.12:394][  0]LightingResults: New page: Lighting Build
[2016.04.07-16.16.12:448][  0]LogParticles: Destroying 0 GPU particle simulations for FXSystem 0x000001DDAD8FBB00
[2016.04.07-16.16.14:256][  0]LogAIModule: Creating AISystem for world DemoLevel
[2016.04.07-16.16.14:271][  0]LogEditorServer: Finished looking for orphan Actors (0.000 secs)
[2016.04.07-16.16.14:273][  0]Cmd: MAP CHECKDEP NOCLEARLOG
[2016.04.07-16.16.14:372][  0]MapCheck: Info Map check complete: 0 Error(s), 0 Warning(s), took 97.875ms to complete.
[2016.04.07-16.16.14:372][  0]LogFileHelpers: Loading map 'DemoLevel' took 2.023
[2016.04.07-16.16.14:503][  0]LogCollectionManager: Loaded 0 collections in 0.001638 seconds
[2016.04.07-16.16.14:543][  0]LogFileCache: Scanning file cache for directory 'C:/Users/baroq/OneDrive/Documents/GitHub/Star_Traders/Star_Traders/Saved/Collections/' took 0.01s
[2016.04.07-16.16.14:543][  0]LogFileCache: Scanning file cache for directory 'C:/Users/baroq/OneDrive/Documents/GitHub/Star_Traders/Star_Traders/Content/Developers/baroq/Collections/' took 0.01s
[2016.04.07-16.16.14:543][  0]LogFileCache: Scanning file cache for directory 'C:/Users/baroq/OneDrive/Documents/GitHub/Star_Traders/Star_Traders/Content/Collections/' took 0.01s
[2016.04.07-16.16.14:543][  0]LogCollectionManager: Rebuilt the GUID cache for 0 collections in 0.000002 seconds
[2016.04.07-16.16.14:553][  0]LogContentBrowser: Native class hierarchy populated in 0.0105 seconds. Added 1894 classes and 340 folders.
[2016.04.07-16.16.14:561][  0]LogContentBrowser: Native class hierarchy updated for 'WidgetCarousel' in 0.0019 seconds. Added 0 classes and 0 folders.
[2016.04.07-16.16.14:905][  0]LogContentBrowser: Native class hierarchy updated for 'AddContentDialog' in 0.0013 seconds. Added 0 classes and 0 folders.
[2016.04.07-16.16.14:910][  0]LogContentBrowser: Native class hierarchy updated for 'SceneOutliner' in 0.0013 seconds. Added 1 classes and 2 folders.
[2016.04.07-16.16.14:931][  0]LogCrashTracker: Crashtracker disabled due to settings.
[2016.04.07-16.16.14:938][  0]LogUObjectGlobals:Warning: Failed to find object 'Class None.'
[2016.04.07-16.16.14:960][  0]LogStats:Warning: MetaData mismatch. Did you assign a stat to two groups? New //STATGROUP_Threads//SplashScreenThread///Thread_9d4_0///####STATCAT_Advanced#### old //STATGROUP_Threads//SplashScreenThread///Thread_218c_0///####STATCAT_Advanced####
[2016.04.07-16.16.14:960][  0]LogLoad: Full Startup: 25.89 seconds (BP compile: 0.44 seconds)
[2016.04.07-16.16.14:982][  0]LogOcInput: Can't find Oculus library dev build: is proper Runtime installed? Version: 0.8.0.0
[2016.04.07-16.16.15:116][  0]LogContentStreaming: Texture pool size now 1000 MB
[2016.04.07-16.16.15:281][  0]LogRenderer: Reallocating scene render targets to support 804x340 (Frame:2).
[2016.04.07-16.16.16:560][  9]LogAssetRegistry: Asset discovery search completed in 17.5247 seconds
[2016.04.07-16.16.16:560][  9]LogCollectionManager: Rebuilt the object cache for 0 collections in 0.000002 seconds (found 0 objects)
[2016.04.07-16.16.16:560][  9]LogCollectionManager: Fixed up redirectors for 0 collections in 0.000033 seconds (updated 0 objects)
[2016.04.07-16.16.22:688][173]LogLinker:Warning: Asset '../../../Engine/Content/ArtTools/RenderToTexture/Macros/RenderToTextureMacros.uasset' has been saved with empty engine version. The asset will be loaded but may be incompatible.
[2016.04.07-16.16.24:203][173]LogContentBrowser: Native class hierarchy updated for 'BlueprintGraph' in 0.0059 seconds. Added 107 classes and 0 folders.
[2016.04.07-16.25.40:997][335]LogSavePackage: Save=331.492706ms
[2016.04.07-16.25.40:997][335]LogSavePackage: Moving '../../../../../../Users/baroq/OneDrive/Documents/GitHub/Star_Traders/Star_Traders/Saved/PlayerCameraE21C60C14B6EBE7182A7F7B3CDC8BAF7.tmp' to '../../../../../../Users/baroq/OneDrive/Documents/GitHub/Star_Traders/Star_Traders/Content/Star_Traders_Resorces/Blueprints/Player/CameraSystem/PlayerCamera.uasset'
[2016.04.07-16.25.41:009][335]LogSavePackage: Total save time: 431.211997ms
[2016.04.07-16.25.41:009][335]LogSavePackage:Display: Finished SavePackage ../../../../../../Users/baroq/OneDrive/Documents/GitHub/Star_Traders/Star_Traders/Content/Star_Traders_Resorces/Blueprints/Player/CameraSystem/PlayerCamera.uasset
[2016.04.07-16.25.42:991][424]LogSavePackage: Save=326.470032ms
[2016.04.07-16.25.42:991][424]LogSavePackage: Moving '../../../../../../Users/baroq/OneDrive/Documents/GitHub/Star_Traders/Star_Traders/Saved/PlayerCamera5715197148C26E7AF69FEB9909982766.tmp' to '../../../../../../Users/baroq/OneDrive/Documents/GitHub/Star_Traders/Star_Traders/Content/Star_Traders_Resorces/Blueprints/Player/CameraSystem/PlayerCamera.uasset'
[2016.04.07-16.25.42:995][424]LogSavePackage: Total save time: 389.337044ms
[2016.04.07-16.25.42:995][424]LogSavePackage:Display: Finished SavePackage ../../../../../../Users/baroq/OneDrive/Documents/GitHub/Star_Traders/Star_Traders/Content/Star_Traders_Resorces/Blueprints/Player/CameraSystem/PlayerCamera.uasset
[2016.04.07-16.25.43:454][451]BlueprintLog: New page: Compile PlayerCamera
[2016.04.07-16.25.43:814][451]BlueprintEditorCompileResults: Info [0594.74] Compile of PlayerCamera successful! [in 357 ms]
[2016.04.07-16.25.46:255][579]LogSavePackage: Save=46.991875ms
[2016.04.07-16.25.46:255][579]LogSavePackage: Moving '../../../../../../Users/baroq/OneDrive/Documents/GitHub/Star_Traders/Star_Traders/Saved/PlanetMenu824829644B1DB04CACB9158B1864A095.tmp' to '../../../../../../Users/baroq/OneDrive/Documents/GitHub/Star_Traders/Star_Traders/Content/Star_Traders_Resorces/Blueprints/Menus/PlanetMenu.uasset'
[2016.04.07-16.25.46:260][579]LogSavePackage: Total save time: 118.211672ms
[2016.04.07-16.25.46:260][579]LogSavePackage:Display: Finished SavePackage ../../../../../../Users/baroq/OneDrive/Documents/GitHub/Star_Traders/Star_Traders/Content/Star_Traders_Resorces/Blueprints/Menus/PlanetMenu.uasset
[2016.04.07-16.25.46:962][619]BlueprintLog: New page: Compile PlanetMenu
[2016.04.07-16.25.47:182][619]BlueprintEditorCompileResults: Info [0598.11] Compile of PlanetMenu successful! [in 219 ms]
[2016.04.07-16.26.14:606][492]LogPlayLevel: PlayLevel: No blueprints needed recompiling
[2016.04.07-16.26.14:608][492]PIE: New page: PIE session: DemoLevel (Apr 7, 2016, 4:26:14 AM)
[2016.04.07-16.26.14:608][492]LogPlayLevel: Creating play world package: /Game/Star_Traders_Resorces/Levels/UEDPIE_0_DemoLevel
[2016.04.07-16.26.14:613][492]LogPlayLevel: PIE: StaticDuplicateObject took: (0.004859s)
[2016.04.07-16.26.14:614][492]LogAIModule: Creating AISystem for world DemoLevel
[2016.04.07-16.26.14:615][492]LogPlayLevel: PIE: World Init took: (0.001166s)
[2016.04.07-16.26.14:615][492]LogPlayLevel: PIE: Created PIE world by copying editor world from /Game/Star_Traders_Resorces/Levels/DemoLevel.DemoLevel to /Game/Star_Traders_Resorces/Levels/UEDPIE_0_DemoLevel.DemoLevel (0.006721s)
[2016.04.07-16.26.14:687][492]LogInit: XAudio2 using 'Speakers (Conexant SmartAudio HD)' : 2 channels at 44.1 kHz using 32 bits per sample (channel mask 0x3)
[2016.04.07-16.26.14:704][492]LogInit: FAudioDevice initialized.
[2016.04.07-16.26.14:778][492]LogWorld: Game class is 'Star_Traders_GameMode_C'
[2016.04.07-16.26.14:781][492]LogWorld: Bringing World /Game/Star_Traders_Resorces/Levels/UEDPIE_0_DemoLevel.DemoLevel up for play (max tick rate 60) at 2016.04.07-10.26.14
[2016.04.07-16.26.14:781][492]LogActor:Warning: GameSession /Game/Star_Traders_Resorces/Levels/UEDPIE_0_DemoLevel.DemoLevel:PersistentLevel.GameSession_0 has natively added scene component(s), but none of them were set as the actor's RootComponent - picking one arbitrarily
[2016.04.07-16.26.14:782][492]LogActor:Warning: GameNetworkManager /Game/Star_Traders_Resorces/Levels/UEDPIE_0_DemoLevel.DemoLevel:PersistentLevel.GameNetworkManager_0 has natively added scene component(s), but none of them were set as the actor's RootComponent - picking one arbitrarily
[2016.04.07-16.26.14:783][492]LogWorld: Bringing up level for play took: 0.004068
[2016.04.07-16.26.14:809][492]LogBlueprintUserMessages: [Advanced_Star_C_0] Rock
[2016.04.07-16.26.14:811][492]LogPrimitiveComponent: Zero scaling not supported (/Game/Star_Traders_Resorces/Levels/UEDPIE_0_DemoLevel.DemoLevel:PersistentLevel.HexTile_C_0.Cube)
[2016.04.07-16.26.14:813][492]LogPrimitiveComponent: Zero scaling not supported (/Game/Star_Traders_Resorces/Levels/UEDPIE_0_DemoLevel.DemoLevel:PersistentLevel.HexTile_C_1.Cube)
[2016.04.07-16.26.14:814][492]LogPrimitiveComponent: Zero scaling not supported (/Game/Star_Traders_Resorces/Levels/UEDPIE_0_DemoLevel.DemoLevel:PersistentLevel.HexTile_C_2.Cube)
[2016.04.07-16.26.14:815][492]LogPrimitiveComponent: Zero scaling not supported (/Game/Star_Traders_Resorces/Levels/UEDPIE_0_DemoLevel.DemoLevel:PersistentLevel.HexTile_C_3.Cube)
[2016.04.07-16.26.14:816][492]LogPrimitiveComponent: Zero scaling not supported (/Game/Star_Traders_Resorces/Levels/UEDPIE_0_DemoLevel.DemoLevel:PersistentLevel.HexTile_C_4.Cube)
[2016.04.07-16.26.14:817][492]LogPrimitiveComponent: Zero scaling not supported (/Game/Star_Traders_Resorces/Levels/UEDPIE_0_DemoLevel.DemoLevel:PersistentLevel.HexTile_C_5.Cube)
[2016.04.07-16.26.14:818][492]LogPrimitiveComponent: Zero scaling not supported (/Game/Star_Traders_Resorces/Levels/UEDPIE_0_DemoLevel.DemoLevel:PersistentLevel.HexTile_C_6.Cube)
[2016.04.07-16.26.14:819][492]LogPrimitiveComponent: Zero scaling not supported (/Game/Star_Traders_Resorces/Levels/UEDPIE_0_DemoLevel.DemoLevel:PersistentLevel.HexTile_C_7.Cube)
[2016.04.07-16.26.14:820][492]LogPrimitiveComponent: Zero scaling not supported (/Game/Star_Traders_Resorces/Levels/UEDPIE_0_DemoLevel.DemoLevel:PersistentLevel.HexTile_C_8.Cube)
[2016.04.07-16.26.14:821][492]LogPrimitiveComponent: Zero scaling not supported (/Game/Star_Traders_Resorces/Levels/UEDPIE_0_DemoLevel.DemoLevel:PersistentLevel.HexTile_C_9.Cube)
[2016.04.07-16.26.14:822][492]LogPrimitiveComponent: Zero scaling not supported (/Game/Star_Traders_Resorces/Levels/UEDPIE_0_DemoLevel.DemoLevel:PersistentLevel.HexTile_C_10.Cube)
[2016.04.07-16.26.14:823][492]LogPrimitiveComponent: Zero scaling not supported (/Game/Star_Traders_Resorces/Levels/UEDPIE_0_DemoLevel.DemoLevel:PersistentLevel.HexTile_C_11.Cube)
[2016.04.07-16.26.14:824][492]LogPrimitiveComponent: Zero scaling not supported (/Game/Star_Traders_Resorces/Levels/UEDPIE_0_DemoLevel.DemoLevel:PersistentLevel.HexTile_C_12.Cube)
[2016.04.07-16.26.14:824][492]LogPrimitiveComponent: Zero scaling not supported (/Game/Star_Traders_Resorces/Levels/UEDPIE_0_DemoLevel.DemoLevel:PersistentLevel.HexTile_C_13.Cube)
[2016.04.07-16.26.14:825][492]LogPrimitiveComponent: Zero scaling not supported (/Game/Star_Traders_Resorces/Levels/UEDPIE_0_DemoLevel.DemoLevel:PersistentLevel.HexTile_C_14.Cube)
[2016.04.07-16.26.14:826][492]LogPrimitiveComponent: Zero scaling not supported (/Game/Star_Traders_Resorces/Levels/UEDPIE_0_DemoLevel.DemoLevel:PersistentLevel.HexTile_C_15.Cube)
[2016.04.07-16.26.14:827][492]LogPrimitiveComponent: Zero scaling not supported (/Game/Star_Traders_Resorces/Levels/UEDPIE_0_DemoLevel.DemoLevel:PersistentLevel.HexTile_C_16.Cube)
[2016.04.07-16.26.14:827][492]LogPrimitiveComponent: Zero scaling not supported (/Game/Star_Traders_Resorces/Levels/UEDPIE_0_DemoLevel.DemoLevel:PersistentLevel.HexTile_C_17.Cube)
[2016.04.07-16.26.14:828][492]LogPrimitiveComponent: Zero scaling not supported (/Game/Star_Traders_Resorces/Levels/UEDPIE_0_DemoLevel.DemoLevel:PersistentLevel.HexTile_C_18.Cube)
[2016.04.07-16.26.14:829][492]LogPrimitiveComponent: Zero scaling not supported (/Game/Star_Traders_Resorces/Levels/UEDPIE_0_DemoLevel.DemoLevel:PersistentLevel.HexTile_C_19.Cube)
[2016.04.07-16.26.14:829][492]LogPrimitiveComponent: Zero scaling not supported (/Game/Star_Traders_Resorces/Levels/UEDPIE_0_DemoLevel.DemoLevel:PersistentLevel.HexTile_C_20.Cube)
[2016.04.07-16.26.14:830][492]LogPrimitiveComponent: Zero scaling not supported (/Game/Star_Traders_Resorces/Levels/UEDPIE_0_DemoLevel.DemoLevel:PersistentLevel.HexTile_C_21.Cube)
[2016.04.07-16.26.14:830][492]LogPrimitiveComponent: Zero scaling not supported (/Game/Star_Traders_Resorces/Levels/UEDPIE_0_DemoLevel.DemoLevel:PersistentLevel.HexTile_C_22.Cube)
[2016.04.07-16.26.14:831][492]LogPrimitiveComponent: Zero scaling not supported (/Game/Star_Traders_Resorces/Levels/UEDPIE_0_DemoLevel.DemoLevel:PersistentLevel.HexTile_C_23.Cube)
[2016.04.07-16.26.14:832][492]LogPrimitiveComponent: Zero scaling not supported (/Game/Star_Traders_Resorces/Levels/UEDPIE_0_DemoLevel.DemoLevel:PersistentLevel.HexTile_C_24.Cube)
[2016.04.07-16.26.14:832][492]LogPrimitiveComponent: Zero scaling not supported (/Game/Star_Traders_Resorces/Levels/UEDPIE_0_DemoLevel.DemoLevel:PersistentLevel.HexTile_C_25.Cube)
[2016.04.07-16.26.14:833][492]LogPrimitiveComponent: Zero scaling not supported (/Game/Star_Traders_Resorces/Levels/UEDPIE_0_DemoLevel.DemoLevel:PersistentLevel.HexTile_C_26.Cube)
[2016.04.07-16.26.14:833][492]LogPrimitiveComponent: Zero scaling not supported (/Game/Star_Traders_Resorces/Levels/UEDPIE_0_DemoLevel.DemoLevel:PersistentLevel.HexTile_C_27.Cube)
[2016.04.07-16.26.14:834][492]LogPrimitiveComponent: Zero scaling not supported (/Game/Star_Traders_Resorces/Levels/UEDPIE_0_DemoLevel.DemoLevel:PersistentLevel.HexTile_C_28.Cube)
[2016.04.07-16.26.14:835][492]LogPrimitiveComponent: Zero scaling not supported (/Game/Star_Traders_Resorces/Levels/UEDPIE_0_DemoLevel.DemoLevel:PersistentLevel.HexTile_C_29.Cube)
[2016.04.07-16.26.14:836][492]LogPrimitiveComponent: Zero scaling not supported (/Game/Star_Traders_Resorces/Levels/UEDPIE_0_DemoLevel.DemoLevel:PersistentLevel.HexTile_C_30.Cube)
[2016.04.07-16.26.14:836][492]LogPrimitiveComponent: Zero scaling not supported (/Game/Star_Traders_Resorces/Levels/UEDPIE_0_DemoLevel.DemoLevel:PersistentLevel.HexTile_C_31.Cube)
[2016.04.07-16.26.14:837][492]LogPrimitiveComponent: Zero scaling not supported (/Game/Star_Traders_Resorces/Levels/UEDPIE_0_DemoLevel.DemoLevel:PersistentLevel.HexTile_C_32.Cube)
[2016.04.07-16.26.14:837][492]LogPrimitiveComponent: Zero scaling not supported (/Game/Star_Traders_Resorces/Levels/UEDPIE_0_DemoLevel.DemoLevel:PersistentLevel.HexTile_C_33.Cube)
[2016.04.07-16.26.14:838][492]LogPrimitiveComponent: Zero scaling not supported (/Game/Star_Traders_Resorces/Levels/UEDPIE_0_DemoLevel.DemoLevel:PersistentLevel.HexTile_C_34.Cube)
[2016.04.07-16.26.14:839][492]LogPrimitiveComponent: Zero scaling not supported (/Game/Star_Traders_Resorces/Levels/UEDPIE_0_DemoLevel.DemoLevel:PersistentLevel.HexTile_C_35.Cube)
[2016.04.07-16.26.14:840][492]LogPrimitiveComponent: Zero scaling not supported (/Game/Star_Traders_Resorces/Levels/UEDPIE_0_DemoLevel.DemoLevel:PersistentLevel.HexTile_C_36.Cube)
[2016.04.07-16.26.14:841][492]LogPrimitiveComponent: Zero scaling not supported (/Game/Star_Traders_Resorces/Levels/UEDPIE_0_DemoLevel.DemoLevel:PersistentLevel.HexTile_C_37.Cube)
[2016.04.07-16.26.14:843][492]LogPrimitiveComponent: Zero scaling not supported (/Game/Star_Traders_Resorces/Levels/UEDPIE_0_DemoLevel.DemoLevel:PersistentLevel.HexTile_C_38.Cube)
[2016.04.07-16.26.14:844][492]LogPrimitiveComponent: Zero scaling not supported (/Game/Star_Traders_Resorces/Levels/UEDPIE_0_DemoLevel.DemoLevel:PersistentLevel.HexTile_C_39.Cube)
[2016.04.07-16.26.14:845][492]LogPrimitiveComponent: Zero scaling not supported (/Game/Star_Traders_Resorces/Levels/UEDPIE_0_DemoLevel.DemoLevel:PersistentLevel.HexTile_C_40.Cube)
[2016.04.07-16.26.14:846][492]LogPrimitiveComponent: Zero scaling not supported (/Game/Star_Traders_Resorces/Levels/UEDPIE_0_DemoLevel.DemoLevel:PersistentLevel.HexTile_C_41.Cube)
[2016.04.07-16.26.14:847][492]LogPrimitiveComponent: Zero scaling not supported (/Game/Star_Traders_Resorces/Levels/UEDPIE_0_DemoLevel.DemoLevel:PersistentLevel.HexTile_C_42.Cube)
[2016.04.07-16.26.14:847][492]LogPrimitiveComponent: Zero scaling not supported (/Game/Star_Traders_Resorces/Levels/UEDPIE_0_DemoLevel.DemoLevel:PersistentLevel.HexTile_C_43.Cube)
[2016.04.07-16.26.14:848][492]LogPrimitiveComponent: Zero scaling not supported (/Game/Star_Traders_Resorces/Levels/UEDPIE_0_DemoLevel.DemoLevel:PersistentLevel.HexTile_C_44.Cube)
[2016.04.07-16.26.14:848][492]LogPrimitiveComponent: Zero scaling not supported (/Game/Star_Traders_Resorces/Levels/UEDPIE_0_DemoLevel.DemoLevel:PersistentLevel.HexTile_C_45.Cube)
[2016.04.07-16.26.14:849][492]LogPrimitiveComponent: Zero scaling not supported (/Game/Star_Traders_Resorces/Levels/UEDPIE_0_DemoLevel.DemoLevel:PersistentLevel.HexTile_C_46.Cube)
[2016.04.07-16.26.14:850][492]LogPrimitiveComponent: Zero scaling not supported (/Game/Star_Traders_Resorces/Levels/UEDPIE_0_DemoLevel.DemoLevel:PersistentLevel.HexTile_C_47.Cube)
[2016.04.07-16.26.14:850][492]LogPrimitiveComponent: Zero scaling not supported (/Game/Star_Traders_Resorces/Levels/UEDPIE_0_DemoLevel.DemoLevel:PersistentLevel.HexTile_C_48.Cube)
[2016.04.07-16.26.14:851][492]LogPrimitiveComponent: Zero scaling not supported (/Game/Star_Traders_Resorces/Levels/UEDPIE_0_DemoLevel.DemoLevel:PersistentLevel.HexTile_C_49.Cube)
[2016.04.07-16.26.14:851][492]LogPrimitiveComponent: Zero scaling not supported (/Game/Star_Traders_Resorces/Levels/UEDPIE_0_DemoLevel.DemoLevel:PersistentLevel.HexTile_C_50.Cube)
[2016.04.07-16.26.14:852][492]LogPrimitiveComponent: Zero scaling not supported (/Game/Star_Traders_Resorces/Levels/UEDPIE_0_DemoLevel.DemoLevel:PersistentLevel.HexTile_C_51.Cube)
[2016.04.07-16.26.14:853][492]LogPrimitiveComponent: Zero scaling not supported (/Game/Star_Traders_Resorces/Levels/UEDPIE_0_DemoLevel.DemoLevel:PersistentLevel.HexTile_C_52.Cube)
[2016.04.07-16.26.14:853][492]LogPrimitiveComponent: Zero scaling not supported (/Game/Star_Traders_Resorces/Levels/UEDPIE_0_DemoLevel.DemoLevel:PersistentLevel.HexTile_C_53.Cube)
[2016.04.07-16.26.14:854][492]LogPrimitiveComponent: Zero scaling not supported (/Game/Star_Traders_Resorces/Levels/UEDPIE_0_DemoLevel.DemoLevel:PersistentLevel.HexTile_C_54.Cube)
[2016.04.07-16.26.14:855][492]LogPrimitiveComponent: Zero scaling not supported (/Game/Star_Traders_Resorces/Levels/UEDPIE_0_DemoLevel.DemoLevel:PersistentLevel.HexTile_C_55.Cube)
[2016.04.07-16.26.14:855][492]LogPrimitiveComponent: Zero scaling not supported (/Game/Star_Traders_Resorces/Levels/UEDPIE_0_DemoLevel.DemoLevel:PersistentLevel.HexTile_C_56.Cube)
[2016.04.07-16.26.14:856][492]LogPrimitiveComponent: Zero scaling not supported (/Game/Star_Traders_Resorces/Levels/UEDPIE_0_DemoLevel.DemoLevel:PersistentLevel.HexTile_C_57.Cube)
[2016.04.07-16.26.14:857][492]LogPrimitiveComponent: Zero scaling not supported (/Game/Star_Traders_Resorces/Levels/UEDPIE_0_DemoLevel.DemoLevel:PersistentLevel.HexTile_C_58.Cube)
[2016.04.07-16.26.14:857][492]LogPrimitiveComponent: Zero scaling not supported (/Game/Star_Traders_Resorces/Levels/UEDPIE_0_DemoLevel.DemoLevel:PersistentLevel.HexTile_C_59.Cube)
[2016.04.07-16.26.14:858][492]LogPrimitiveComponent: Zero scaling not supported (/Game/Star_Traders_Resorces/Levels/UEDPIE_0_DemoLevel.DemoLevel:PersistentLevel.HexTile_C_60.Cube)
[2016.04.07-16.26.14:859][492]LogPrimitiveComponent: Zero scaling not supported (/Game/Star_Traders_Resorces/Levels/UEDPIE_0_DemoLevel.DemoLevel:PersistentLevel.HexTile_C_61.Cube)
[2016.04.07-16.26.14:859][492]LogPrimitiveComponent: Zero scaling not supported (/Game/Star_Traders_Resorces/Levels/UEDPIE_0_DemoLevel.DemoLevel:PersistentLevel.HexTile_C_62.Cube)
[2016.04.07-16.26.14:860][492]LogPrimitiveComponent: Zero scaling not supported (/Game/Star_Traders_Resorces/Levels/UEDPIE_0_DemoLevel.DemoLevel:PersistentLevel.HexTile_C_63.Cube)
[2016.04.07-16.26.14:861][492]LogPrimitiveComponent: Zero scaling not supported (/Game/Star_Traders_Resorces/Levels/UEDPIE_0_DemoLevel.DemoLevel:PersistentLevel.HexTile_C_64.Cube)
[2016.04.07-16.26.14:862][492]LogPrimitiveComponent: Zero scaling not supported (/Game/Star_Traders_Resorces/Levels/UEDPIE_0_DemoLevel.DemoLevel:PersistentLevel.HexTile_C_65.Cube)
[2016.04.07-16.26.14:863][492]LogPrimitiveComponent: Zero scaling not supported (/Game/Star_Traders_Resorces/Levels/UEDPIE_0_DemoLevel.DemoLevel:PersistentLevel.HexTile_C_66.Cube)
[2016.04.07-16.26.14:864][492]LogPrimitiveComponent: Zero scaling not supported (/Game/Star_Traders_Resorces/Levels/UEDPIE_0_DemoLevel.DemoLevel:PersistentLevel.HexTile_C_67.Cube)
[2016.04.07-16.26.14:864][492]LogPrimitiveComponent: Zero scaling not supported (/Game/Star_Traders_Resorces/Levels/UEDPIE_0_DemoLevel.DemoLevel:PersistentLevel.HexTile_C_68.Cube)
[2016.04.07-16.26.14:865][492]LogPrimitiveComponent: Zero scaling not supported (/Game/Star_Traders_Resorces/Levels/UEDPIE_0_DemoLevel.DemoLevel:PersistentLevel.HexTile_C_69.Cube)
[2016.04.07-16.26.14:866][492]LogPrimitiveComponent: Zero scaling not supported (/Game/Star_Traders_Resorces/Levels/UEDPIE_0_DemoLevel.DemoLevel:PersistentLevel.HexTile_C_70.Cube)
[2016.04.07-16.26.14:867][492]LogPrimitiveComponent: Zero scaling not supported (/Game/Star_Traders_Resorces/Levels/UEDPIE_0_DemoLevel.DemoLevel:PersistentLevel.HexTile_C_71.Cube)
[2016.04.07-16.26.14:868][492]LogPrimitiveComponent: Zero scaling not supported (/Game/Star_Traders_Resorces/Levels/UEDPIE_0_DemoLevel.DemoLevel:PersistentLevel.HexTile_C_72.Cube)
[2016.04.07-16.26.14:869][492]LogPrimitiveComponent: Zero scaling not supported (/Game/Star_Traders_Resorces/Levels/UEDPIE_0_DemoLevel.DemoLevel:PersistentLevel.HexTile_C_73.Cube)
[2016.04.07-16.26.14:870][492]LogPrimitiveComponent: Zero scaling not supported (/Game/Star_Traders_Resorces/Levels/UEDPIE_0_DemoLevel.DemoLevel:PersistentLevel.HexTile_C_74.Cube)
[2016.04.07-16.26.14:870][492]LogPrimitiveComponent: Zero scaling not supported (/Game/Star_Traders_Resorces/Levels/UEDPIE_0_DemoLevel.DemoLevel:PersistentLevel.HexTile_C_75.Cube)
[2016.04.07-16.26.14:871][492]LogPrimitiveComponent: Zero scaling not supported (/Game/Star_Traders_Resorces/Levels/UEDPIE_0_DemoLevel.DemoLevel:PersistentLevel.HexTile_C_76.Cube)
[2016.04.07-16.26.14:872][492]LogPrimitiveComponent: Zero scaling not supported (/Game/Star_Traders_Resorces/Levels/UEDPIE_0_DemoLevel.DemoLevel:PersistentLevel.HexTile_C_77.Cube)
[2016.04.07-16.26.14:873][492]LogPrimitiveComponent: Zero scaling not supported (/Game/Star_Traders_Resorces/Levels/UEDPIE_0_DemoLevel.DemoLevel:PersistentLevel.HexTile_C_78.Cube)
[2016.04.07-16.26.14:875][492]LogPrimitiveComponent: Zero scaling not supported (/Game/Star_Traders_Resorces/Levels/UEDPIE_0_DemoLevel.DemoLevel:PersistentLevel.HexTile_C_79.Cube)
[2016.04.07-16.26.14:878][492]LogPrimitiveComponent: Zero scaling not supported (/Game/Star_Traders_Resorces/Levels/UEDPIE_0_DemoLevel.DemoLevel:PersistentLevel.HexTile_C_80.Cube)
[2016.04.07-16.26.14:879][492]LogPrimitiveComponent: Zero scaling not supported (/Game/Star_Traders_Resorces/Levels/UEDPIE_0_DemoLevel.DemoLevel:PersistentLevel.HexTile_C_81.Cube)
[2016.04.07-16.26.14:880][492]LogPrimitiveComponent: Zero scaling not supported (/Game/Star_Traders_Resorces/Levels/UEDPIE_0_DemoLevel.DemoLevel:PersistentLevel.HexTile_C_82.Cube)
[2016.04.07-16.26.14:881][492]LogPrimitiveComponent: Zero scaling not supported (/Game/Star_Traders_Resorces/Levels/UEDPIE_0_DemoLevel.DemoLevel:PersistentLevel.HexTile_C_83.Cube)
[2016.04.07-16.26.14:882][492]LogPrimitiveComponent: Zero scaling not supported (/Game/Star_Traders_Resorces/Levels/UEDPIE_0_DemoLevel.DemoLevel:PersistentLevel.HexTile_C_84.Cube)
[2016.04.07-16.26.14:883][492]LogPrimitiveComponent: Zero scaling not supported (/Game/Star_Traders_Resorces/Levels/UEDPIE_0_DemoLevel.DemoLevel:PersistentLevel.HexTile_C_85.Cube)
[2016.04.07-16.26.14:884][492]LogPrimitiveComponent: Zero scaling not supported (/Game/Star_Traders_Resorces/Levels/UEDPIE_0_DemoLevel.DemoLevel:PersistentLevel.HexTile_C_86.Cube)
[2016.04.07-16.26.14:885][492]LogPrimitiveComponent: Zero scaling not supported (/Game/Star_Traders_Resorces/Levels/UEDPIE_0_DemoLevel.DemoLevel:PersistentLevel.HexTile_C_87.Cube)
[2016.04.07-16.26.14:886][492]LogPrimitiveComponent: Zero scaling not supported (/Game/Star_Traders_Resorces/Levels/UEDPIE_0_DemoLevel.DemoLevel:PersistentLevel.HexTile_C_88.Cube)
[2016.04.07-16.26.14:887][492]LogPrimitiveComponent: Zero scaling not supported (/Game/Star_Traders_Resorces/Levels/UEDPIE_0_DemoLevel.DemoLevel:PersistentLevel.HexTile_C_89.Cube)
[2016.04.07-16.26.14:888][492]LogPrimitiveComponent: Zero scaling not supported (/Game/Star_Traders_Resorces/Levels/UEDPIE_0_DemoLevel.DemoLevel:PersistentLevel.HexTile_C_90.Cube)
[2016.04.07-16.26.14:889][492]LogPrimitiveComponent: Zero scaling not supported (/Game/Star_Traders_Resorces/Levels/UEDPIE_0_DemoLevel.DemoLevel:PersistentLevel.HexTile_C_91.Cube)
[2016.04.07-16.26.14:890][492]LogPrimitiveComponent: Zero scaling not supported (/Game/Star_Traders_Resorces/Levels/UEDPIE_0_DemoLevel.DemoLevel:PersistentLevel.HexTile_C_92.Cube)
[2016.04.07-16.26.14:891][492]LogPrimitiveComponent: Zero scaling not supported (/Game/Star_Traders_Resorces/Levels/UEDPIE_0_DemoLevel.DemoLevel:PersistentLevel.HexTile_C_93.Cube)
[2016.04.07-16.26.14:892][492]LogPrimitiveComponent: Zero scaling not supported (/Game/Star_Traders_Resorces/Levels/UEDPIE_0_DemoLevel.DemoLevel:PersistentLevel.HexTile_C_94.Cube)
[2016.04.07-16.26.14:893][492]LogPrimitiveComponent: Zero scaling not supported (/Game/Star_Traders_Resorces/Levels/UEDPIE_0_DemoLevel.DemoLevel:PersistentLevel.HexTile_C_95.Cube)
[2016.04.07-16.26.14:894][492]LogPrimitiveComponent: Zero scaling not supported (/Game/Star_Traders_Resorces/Levels/UEDPIE_0_DemoLevel.DemoLevel:PersistentLevel.HexTile_C_96.Cube)
[2016.04.07-16.26.14:895][492]LogPrimitiveComponent: Zero scaling not supported (/Game/Star_Traders_Resorces/Levels/UEDPIE_0_DemoLevel.DemoLevel:PersistentLevel.HexTile_C_97.Cube)
[2016.04.07-16.26.14:896][492]LogPrimitiveComponent: Zero scaling not supported (/Game/Star_Traders_Resorces/Levels/UEDPIE_0_DemoLevel.DemoLevel:PersistentLevel.HexTile_C_98.Cube)
[2016.04.07-16.26.14:897][492]LogPrimitiveComponent: Zero scaling not supported (/Game/Star_Traders_Resorces/Levels/UEDPIE_0_DemoLevel.DemoLevel:PersistentLevel.HexTile_C_99.Cube)
[2016.04.07-16.26.14:899][492]PIE: Info Play in editor start time for /Game/Star_Traders_Resorces/Levels/UEDPIE_0_DemoLevel 0.846
[2016.04.07-16.26.23:496][726]LogSavePackage: Save=46.336395ms
[2016.04.07-16.26.23:496][726]LogSavePackage: Moving '../../../../../../Users/baroq/OneDrive/Documents/GitHub/Star_Traders/Star_Traders/Saved/DemoLevel545A129B4B8A99940021BD9C772D936C.tmp' to '../../../../../../Users/baroq/OneDrive/Documents/GitHub/Star_Traders/Star_Traders/Content/Star_Traders_Resorces/Levels/DemoLevel.umap'
[2016.04.07-16.26.23:500][726]LogSavePackage: Total save time: 114.767268ms
[2016.04.07-16.26.23:500][726]LogSavePackage:Display: Finished SavePackage ../../../../../../Users/baroq/OneDrive/Documents/GitHub/Star_Traders/Star_Traders/Content/Star_Traders_Resorces/Levels/DemoLevel.umap
[2016.04.07-16.26.27:506][792]LogParticles: Destroying 0 GPU particle simulations for FXSystem 0x000001DD9F7B2480
[2016.04.07-16.26.27:513][792]LogParticles: Destroying 0 GPU particle simulations for FXSystem 0x000001DDD62B91C0
[2016.04.07-16.26.27:516][792]LogParticles: Destroying 0 GPU particle simulations for FXSystem 0x000001DDD62B8C20
[2016.04.07-16.26.27:520][792]LogParticles: Destroying 0 GPU particle simulations for FXSystem 0x000001DDB544F240
[2016.04.07-16.26.27:732][793]Cmd: QUIT_EDITOR
[2016.04.07-16.26.28:703][793]LogWindowsTextInputMethodSystem:Display: IME system now deactivated.
[2016.04.07-16.26.28:707][793]LogWindowsTextInputMethodSystem:Display: IME system now deactivated.
[2016.04.07-16.26.28:970][793]LogExit: Preparing to exit.
[2016.04.07-16.26.29:669][793]LogExit: Editor shut down
[2016.04.07-16.26.29:672][793]LogExit: Transaction tracking system shut down
[2016.04.07-16.26.29:679][793]LogParticles: Destroying 0 GPU particle simulations for FXSystem 0x000001DDB4E34680
[2016.04.07-16.26.29:680][793]LogParticles: Destroying 0 GPU particle simulations for FXSystem 0x000001DD9FA8F920
[2016.04.07-16.26.29:680][793]LogParticles: Destroying 0 GPU particle simulations for FXSystem 0x000001DD9F9E7B00
[2016.04.07-16.26.29:696][793]LogParticles: Destroying 0 GPU particle simulations for FXSystem 0x000001DDED211800
[2016.04.07-16.26.30:316][793]LogExit: Object subsystem successfully closed.
[2016.04.07-16.26.30:354][793]LogD3D11RHI: Shutdown
[2016.04.07-16.26.30:354][793]LogD3D11RHI: CleanupD3DDevice
[2016.04.07-16.26.30:615][793]LogD3D11RHI: ~FD3D11DynamicRHI
[2016.04.07-16.26.30:673][793]LogModuleManager: Shutting down and abandoning module CookingStats (203)
[2016.04.07-16.26.30:674][793]LogModuleManager: Shutting down and abandoning module SequencerWidgets (202)
[2016.04.07-16.26.30:674][793]LogModuleManager: Shutting down and abandoning module BlueprintGraph (201)
[2016.04.07-16.26.30:674][793]LogModuleManager: Shutting down and abandoning module CrashTracker (200)
[2016.04.07-16.26.30:674][793]LogModuleManager: Shutting down and abandoning module SceneOutliner (199)
[2016.04.07-16.26.30:674][793]LogModuleManager: Shutting down and abandoning module SuperSearch (198)
[2016.04.07-16.26.30:674][793]LogModuleManager: Shutting down and abandoning module WidgetCarousel (197)
[2016.04.07-16.26.30:674][793]LogModuleManager: Shutting down and abandoning module AddContentDialog (196)
[2016.04.07-16.26.30:678][793]LogModuleManager: Shutting down and abandoning module EditorWidgets (195)
[2016.04.07-16.26.30:678][793]LogModuleManager: Shutting down and abandoning module CollectionManager (194)
[2016.04.07-16.26.30:679][793]LogModuleManager: Shutting down and abandoning module StatsViewer (193)
[2016.04.07-16.26.30:679][793]LogModuleManager: Shutting down and abandoning module FoliageEdit (192)
[2016.04.07-16.26.30:679][793]LogModuleManager: Shutting down and abandoning module LandscapeEditor (191)
[2016.04.07-16.26.30:681][793]LogModuleManager: Shutting down and abandoning module ActorPickerMode (190)
[2016.04.07-16.26.30:681][793]LogModuleManager: Shutting down and abandoning module GeometryMode (189)
[2016.04.07-16.26.30:681][793]LogModuleManager: Shutting down and abandoning module TextureAlignMode (188)
[2016.04.07-16.26.30:681][793]LogModuleManager: Shutting down and abandoning module BspMode (187)
[2016.04.07-16.26.30:681][793]LogModuleManager: Shutting down and abandoning module PlacementMode (186)
[2016.04.07-16.26.30:681][793]LogModuleManager: Shutting down and abandoning module AutomationWorker (185)
[2016.04.07-16.26.30:681][793]LogModuleManager: Shutting down and abandoning module CharacterAI (184)
[2016.04.07-16.26.30:681][793]LogModuleManager: Shutting down and abandoning module SmartSnapping (183)
[2016.04.07-16.26.30:681][793]LogModuleManager: Shutting down and abandoning module ViewportSnapping (182)
[2016.04.07-16.26.30:681][793]LogModuleManager: Shutting down and abandoning module LogVisualizer (181)
[2016.04.07-16.26.30:683][793]LogModuleManager: Shutting down and abandoning module GameProjectGeneration (180)
[2016.04.07-16.26.30:684][793]LogModuleManager: Shutting down and abandoning module IntroTutorials (179)
[2016.04.07-16.26.30:685][793]LogModuleManager: Shutting down and abandoning module EditorLiveStreaming (178)
[2016.04.07-16.26.30:685][793]LogModuleManager: Shutting down and abandoning module IOSPlatformEditor (177)
[2016.04.07-16.26.30:685][793]LogModuleManager: Shutting down and abandoning module HTML5PlatformEditor (176)
[2016.04.07-16.26.30:685][793]LogModuleManager: Shutting down and abandoning module AndroidDeviceDetection (175)
[2016.04.07-16.26.31:448][793]LogModuleManager: Shutting down and abandoning module AndroidPlatformEditor (174)
[2016.04.07-16.26.31:448][793]LogModuleManager: Shutting down and abandoning module IOSRuntimeSettings (173)
[2016.04.07-16.26.31:448][793]LogModuleManager: Shutting down and abandoning module AndroidRuntimeSettings (172)
[2016.04.07-16.26.31:448][793]LogModuleManager: Shutting down and abandoning module MergeActors (171)
[2016.04.07-16.26.31:450][793]LogModuleManager: Shutting down and abandoning module SizeMap (170)
[2016.04.07-16.26.31:450][793]LogModuleManager: Shutting down and abandoning module TreeMap (169)
[2016.04.07-16.26.31:451][793]LogModuleManager: Shutting down and abandoning module ReferenceViewer (168)
[2016.04.07-16.26.31:452][793]LogModuleManager: Shutting down and abandoning module LocalizationService (167)
[2016.04.07-16.26.31:452][793]LogModuleManager: Shutting down and abandoning module LocalizationDashboard (166)
[2016.04.07-16.26.31:453][793]LogModuleManager: Shutting down and abandoning module HardwareTargeting (165)
[2016.04.07-16.26.31:454][793]LogModuleManager: Shutting down and abandoning module DeviceProfileEditor (164)
[2016.04.07-16.26.31:455][793]LogModuleManager: Shutting down and abandoning module UndoHistory (163)
[2016.04.07-16.26.31:455][793]LogModuleManager: Shutting down and abandoning module GameplayTagsEditor (162)
[2016.04.07-16.26.31:456][793]LogModuleManager: Shutting down and abandoning module UserFeedback (161)
[2016.04.07-16.26.31:456][793]LogModuleManager: Shutting down and abandoning module XmlParser (160)
[2016.04.07-16.26.31:456][793]LogModuleManager: Shutting down and abandoning module Blutility (159)
[2016.04.07-16.26.31:456][793]LogModuleManager: Shutting down and abandoning module ProjectTargetPlatformEditor (158)
[2016.04.07-16.26.31:457][793]LogModuleManager: Shutting down and abandoning module ProjectSettingsViewer (157)
[2016.04.07-16.26.31:457][793]LogModuleManager: Shutting down and abandoning module InputBindingEditor (156)
[2016.04.07-16.26.31:459][793]LogModuleManager: Shutting down and abandoning module EditorSettingsViewer (155)
[2016.04.07-16.26.31:459][793]LogModuleManager: Shutting down and abandoning module SettingsEditor (154)
[2016.04.07-16.26.31:461][793]LogModuleManager: Shutting down and abandoning module ProjectLauncher (153)
[2016.04.07-16.26.31:462][793]LogModuleManager: Shutting down and abandoning module SessionFrontend (152)
[2016.04.07-16.26.31:463][793]LogModuleManager: Shutting down and abandoning module ProfilerClient (151)
[2016.04.07-16.26.31:464][793]LogModuleManager: Shutting down and abandoning module TargetDeviceServices (150)
[2016.04.07-16.26.31:464][793]LogModuleManager: Shutting down and abandoning module DeviceManager (149)
[2016.04.07-16.26.31:466][793]LogModuleManager: Shutting down and abandoning module AutomationController (148)
[2016.04.07-16.26.31:467][793]LogModuleManager: Shutting down and abandoning module AutomationWindow (147)
[2016.04.07-16.26.31:467][793]LogModuleManager: Shutting down and abandoning module Layers (146)
[2016.04.07-16.26.31:471][793]LogModuleManager: Shutting down and abandoning module ComponentVisualizers (145)
[2016.04.07-16.26.31:471][793]LogModuleManager: Shutting down and abandoning module DetailCustomizations (144)
[2016.04.07-16.26.31:471][793]LogModuleManager: Shutting down and abandoning module PackagesDialog (143)
[2016.04.07-16.26.31:472][793]LogModuleManager: Shutting down and abandoning module Persona (142)
[2016.04.07-16.26.31:475][793]LogModuleManager: Shutting down and abandoning module Kismet (141)
[2016.04.07-16.26.31:475][793]LogModuleManager: Shutting down and abandoning module GraphEditor (140)
[2016.04.07-16.26.31:475][793]LogModuleManager: Shutting down and abandoning module ClassViewer (139)
[2016.04.07-16.26.31:476][793]LogModuleManager: Shutting down and abandoning module Toolbox (138)
[2016.04.07-16.26.31:476][793]LogModuleManager: Shutting down and abandoning module ModuleUI (137)
[2016.04.07-16.26.31:477][793]LogModuleManager: Shutting down and abandoning module MovieSceneTools (136)
[2016.04.07-16.26.31:477][793]LogModuleManager: Shutting down and abandoning module OutputLog (135)
[2016.04.07-16.26.31:477][793]LogModuleManager: Shutting down and abandoning module GammaUI (134)
[2016.04.07-16.26.31:477][793]LogModuleManager: Shutting down and abandoning module Documentation (133)
[2016.04.07-16.26.31:477][793]LogModuleManager: Shutting down and abandoning module GameLiveStreaming (132)
[2016.04.07-16.26.31:478][793]LogModuleManager: Shutting down and abandoning module StreamingPauseRendering (131)
[2016.04.07-16.26.31:478][793]LogModuleManager: Shutting down and abandoning module AnalyticsET (130)
[2016.04.07-16.26.31:478][793]LogModuleManager: Shutting down and abandoning module Analytics (129)
[2016.04.07-16.26.31:478][793]LogModuleManager: Shutting down and abandoning module AITestSuite (128)
[2016.04.07-16.26.31:479][793]LogModuleManager: Shutting down and abandoning module GameplayDebugger (127)
[2016.04.07-16.26.31:479][793]LogModuleManager: Shutting down and abandoning module AIModule (126)
[2016.04.07-16.26.31:479][793]LogModuleManager: Shutting down and abandoning module ProfilerService (125)
[2016.04.07-16.26.31:542][793]LogModuleManager: Shutting down and abandoning module TaskGraph (124)
[2016.04.07-16.26.31:544][793]LogModuleManager: Shutting down and abandoning module SlateRemote (123)
[2016.04.07-16.26.31:544][793]LogModuleManager: Shutting down and abandoning module SteamVRController (122)
[2016.04.07-16.26.31:544][793]LogModuleManager: Shutting down and abandoning module SteamVR (121)
[2016.04.07-16.26.31:544][793]LogModuleManager: Shutting down and abandoning module ProceduralMeshComponent (120)
[2016.04.07-16.26.31:545][793]LogModuleManager: Shutting down and abandoning module OculusLibrary (119)
[2016.04.07-16.26.31:545][793]LogModuleManager: Shutting down and abandoning module OculusInput (118)
[2016.04.07-16.26.31:545][793]LogModuleManager: Shutting down and abandoning module LeapMotionController (117)
[2016.04.07-16.26.31:597][793]LogModuleManager: Shutting down and abandoning module CustomMeshComponent (116)
[2016.04.07-16.26.31:597][793]LogModuleManager: Shutting down and abandoning module CableComponent (115)
[2016.04.07-16.26.31:598][793]LogModuleManager: Shutting down and abandoning module ArchVisCharacter (114)
[2016.04.07-16.26.31:598][793]LogModuleManager: Shutting down and abandoning module MessagingDebugger (113)
[2016.04.07-16.26.31:600][793]LogModuleManager: Shutting down and abandoning module MediaPlayerEditor (112)
[2016.04.07-16.26.31:602][793]LogModuleManager: Shutting down and abandoning module HTML5Networking (111)
[2016.04.07-16.26.31:602][793]LogModuleManager: Shutting down and abandoning module CodeView (110)
[2016.04.07-16.26.31:603][793]LogModuleManager: Shutting down and abandoning module SpeedTreeImporter (109)
[2016.04.07-16.26.31:603][793]LogModuleManager: Shutting down and abandoning module PluginBrowser (108)
[2016.04.07-16.26.31:604][793]LogModuleManager: Shutting down and abandoning module EpicSurvey (107)
[2016.04.07-16.26.31:605][793]LogModuleManager: Shutting down and abandoning module DesktopPlatform (106)
[2016.04.07-16.26.31:605][793]LogModuleManager: Shutting down and abandoning module VisualStudioSourceCodeAccess (105)
[2016.04.07-16.26.31:605][793]LogModuleManager: Shutting down and abandoning module UObjectPlugin (104)
[2016.04.07-16.26.31:605][793]LogModuleManager: Shutting down and abandoning module SubversionSourceControl (103)
[2016.04.07-16.26.31:606][793]LogModuleManager: Shutting down and abandoning module PerforceSourceControl (102)
[2016.04.07-16.26.31:609][793]LogModuleManager: Shutting down and abandoning module SourceControl (101)
[2016.04.07-16.26.31:610][793]LogModuleManager: Shutting down and abandoning module GitSourceControl (100)
[2016.04.07-16.26.31:611][793]LogModuleManager: Shutting down and abandoning module LightPropagationVolumeEditor (99)
[2016.04.07-16.26.31:611][793]LogModuleManager: Shutting down and abandoning module PaperTiledImporter (98)
[2016.04.07-16.26.31:611][793]LogModuleManager: Shutting down and abandoning module PaperSpriteSheetImporter (97)
[2016.04.07-16.26.31:612][793]LogModuleManager: Shutting down and abandoning module MeshPaint (96)
[2016.04.07-16.26.31:612][793]LogModuleManager: Shutting down and abandoning module SlateReflector (95)
[2016.04.07-16.26.31:613][793]LogModuleManager: Shutting down and abandoning module HotReload (94)
[2016.04.07-16.26.31:614][793]LogModuleManager: Shutting down and abandoning module MainFrame (93)
[2016.04.07-16.26.31:614][793]LogModuleManager: Shutting down and abandoning module LevelEditor (92)
[2016.04.07-16.26.31:618][793]LogModuleManager: Shutting down and abandoning module DirectoryWatcher (91)
[2016.04.07-16.26.31:632][793]LogModuleManager: Shutting down and abandoning module AssetRegistry (90)
[2016.04.07-16.26.31:830][793]LogModuleManager: Shutting down and abandoning module ContentBrowser (89)
[2016.04.07-16.26.31:832][793]LogModuleManager: Shutting down and abandoning module Paper2DEditor (88)
[2016.04.07-16.26.31:833][793]LogModuleManager: Shutting down and abandoning module Star_Traders (87)
[2016.04.07-16.26.31:833][793]LogModuleManager: Shutting down and abandoning module UdpMessaging (86)
[2016.04.07-16.26.31:934][793]LogModuleManager: Shutting down and abandoning module LightPropagationVolumeRuntime (85)
[2016.04.07-16.26.31:934][793]LogModuleManager: Shutting down and abandoning module Paper2D (84)
[2016.04.07-16.26.31:934][793]LogModuleManager: Shutting down and abandoning module WindowsMoviePlayer (83)
[2016.04.07-16.26.31:942][793]LogModuleManager: Shutting down and abandoning module Media (82)
[2016.04.07-16.26.31:942][793]LogModuleManager: Shutting down and abandoning module WmfMedia (81)
[2016.04.07-16.26.31:943][793]LogModuleManager: Shutting down and abandoning module OnlineBlueprintSupport (80)
[2016.04.07-16.26.31:943][793]LogModuleManager: Shutting down and abandoning module GameplayTasksEditor (79)
[2016.04.07-16.26.31:943][793]LogModuleManager: Shutting down and abandoning module PropertyEditor (78)
[2016.04.07-16.26.31:943][793]LogModuleManager: Shutting down and abandoning module BehaviorTreeEditor (77)
[2016.04.07-16.26.31:945][793]LogModuleManager: Shutting down and abandoning module FunctionalTesting (76)
[2016.04.07-16.26.31:945][793]LogModuleManager: Shutting down and abandoning module CollisionAnalyzer (75)
[2016.04.07-16.26.31:946][793]LogModuleManager: Shutting down and abandoning module WorkspaceMenuStructure (74)
[2016.04.07-16.26.31:946][793]LogModuleManager: Shutting down and abandoning module MessageLog (73)
[2016.04.07-16.26.31:946][793]LogModuleManager: Shutting down and abandoning module Sequencer (72)
[2016.04.07-16.26.31:946][793]LogModuleManager: Shutting down and abandoning module AssetTools (71)
[2016.04.07-16.26.31:948][793]LogModuleManager: Shutting down and abandoning module UMGEditor (70)
[2016.04.07-16.26.31:948][793]LogModuleManager: Shutting down and abandoning module UMG (69)
[2016.04.07-16.26.31:948][793]LogModuleManager: Shutting down and abandoning module Slate (68)
[2016.04.07-16.26.31:948][793]LogModuleManager: Shutting down and abandoning module EditorStyle (67)
[2016.04.07-16.26.31:955][793]LogModuleManager: Shutting down and abandoning module SessionServices (66)
[2016.04.07-16.26.31:955][793]LogModuleManager: Shutting down and abandoning module SourceCodeAccess (65)
[2016.04.07-16.26.31:955][793]LogModuleManager: Shutting down and abandoning module HeadMountedDisplay (64)
[2016.04.07-16.26.31:955][793]LogModuleManager: Shutting down and abandoning module XAudio2 (63)
[2016.04.07-16.26.31:955][793]LogModuleManager: Shutting down and abandoning module Networking (61)
[2016.04.07-16.26.31:955][793]LogModuleManager: Shutting down and abandoning module Core (60)
[2016.04.07-16.26.31:955][793]LogModuleManager: Shutting down and abandoning module KismetCompiler (59)
[2016.04.07-16.26.31:955][793]LogModuleManager: Shutting down and abandoning module PhysXFormats (58)
[2016.04.07-16.26.31:955][793]LogModuleManager: Shutting down and abandoning module MeshUtilities (57)
[2016.04.07-16.26.31:957][793]LogModuleManager: Shutting down and abandoning module DerivedDataCache (56)
[2016.04.07-16.26.31:981][793]LogDerivedDataCache: Shutdown
[2016.04.07-16.26.31:981][793]LogModuleManager: Shutting down and abandoning module ShaderFormatOpenGL (55)
[2016.04.07-16.26.31:982][793]LogModuleManager: Shutting down and abandoning module ShaderFormatD3D (54)
[2016.04.07-16.26.31:982][793]LogModuleManager: Shutting down and abandoning module MetalShaderFormat (53)
[2016.04.07-16.26.31:983][793]LogModuleManager: Shutting down and abandoning module TextureFormatUncompressed (52)
[2016.04.07-16.26.31:983][793]LogModuleManager: Shutting down and abandoning module TextureFormatPVR (51)
[2016.04.07-16.26.31:983][793]LogModuleManager: Shutting down and abandoning module TextureFormatIntelISPCTexComp (50)
[2016.04.07-16.26.31:983][793]LogModuleManager: Shutting down and abandoning module TextureFormatDXT (49)
[2016.04.07-16.26.31:983][793]LogModuleManager: Shutting down and abandoning module ImageWrapper (48)
[2016.04.07-16.26.31:983][793]LogModuleManager: Shutting down and abandoning module TextureFormatASTC (47)
[2016.04.07-16.26.31:983][793]LogModuleManager: Shutting down and abandoning module TextureFormatAndroid (46)
[2016.04.07-16.26.31:983][793]LogModuleManager: Shutting down and abandoning module AudioFormatOpus (45)
[2016.04.07-16.26.31:984][793]LogModuleManager: Shutting down and abandoning module AudioFormatOgg (44)
[2016.04.07-16.26.31:984][793]LogModuleManager: Shutting down and abandoning module AudioFormatADPCM (43)
[2016.04.07-16.26.31:984][793]LogModuleManager: Shutting down and abandoning module LinuxTargetPlatform (42)
[2016.04.07-16.26.31:984][793]LogModuleManager: Shutting down and abandoning module LinuxServerTargetPlatform (41)
[2016.04.07-16.26.31:984][793]LogModuleManager: Shutting down and abandoning module LinuxNoEditorTargetPlatform (40)
[2016.04.07-16.26.31:984][793]LogModuleManager: Shutting down and abandoning module Messaging (39)
[2016.04.07-16.26.31:984][793]LogModuleManager: Shutting down and abandoning module IOSTargetPlatform (38)
[2016.04.07-16.26.31:984][793]LogModuleManager: Shutting down and abandoning module HTML5TargetPlatform (37)
[2016.04.07-16.26.31:984][793]LogModuleManager: Shutting down and abandoning module Android_PVRTCTargetPlatform (36)
[2016.04.07-16.26.31:984][793]LogModuleManager: Shutting down and abandoning module Android_MultiTargetPlatform (35)
[2016.04.07-16.26.31:984][793]LogModuleManager: Shutting down and abandoning module Android_ETC2TargetPlatform (34)
[2016.04.07-16.26.31:984][793]LogModuleManager: Shutting down and abandoning module Android_ETC1TargetPlatform (33)
[2016.04.07-16.26.31:984][793]LogModuleManager: Shutting down and abandoning module Android_DXTTargetPlatform (32)
[2016.04.07-16.26.31:984][793]LogModuleManager: Shutting down and abandoning module Android_ATCTargetPlatform (31)
[2016.04.07-16.26.31:984][793]LogModuleManager: Shutting down and abandoning module Android_ASTCTargetPlatform (30)
[2016.04.07-16.26.31:984][793]LogModuleManager: Shutting down and abandoning module AndroidTargetPlatform (29)
[2016.04.07-16.26.31:984][793]LogModuleManager: Shutting down and abandoning module WindowsTargetPlatform (28)
[2016.04.07-16.26.31:984][793]LogModuleManager: Shutting down and abandoning module WindowsServerTargetPlatform (27)
[2016.04.07-16.26.31:984][793]LogModuleManager: Shutting down and abandoning module WindowsNoEditorTargetPlatform (26)
[2016.04.07-16.26.31:984][793]LogModuleManager: Shutting down and abandoning module WindowsClientTargetPlatform (25)
[2016.04.07-16.26.31:984][793]LogModuleManager: Shutting down and abandoning module AllDesktopTargetPlatform (24)
[2016.04.07-16.26.31:984][793]LogModuleManager: Shutting down and abandoning module TargetPlatform (23)
[2016.04.07-16.26.31:984][793]LogModuleManager: Shutting down and abandoning module InputCore (22)
[2016.04.07-16.26.31:984][793]LogModuleManager: Shutting down and abandoning module Settings (21)
[2016.04.07-16.26.31:984][793]LogModuleManager: Shutting down and abandoning module OnlineSubsystem (19)
[2016.04.07-16.26.31:984][793]LogModuleManager: Shutting down and abandoning module HTTP (18)
[2016.04.07-16.26.32:986][793]LogModuleManager: Shutting down and abandoning module XMPP (17)
[2016.04.07-16.26.32:987][793]LogModuleManager: Shutting down and abandoning module OculusRift (16)
[2016.04.07-16.26.32:988][793]LogModuleManager: Shutting down and abandoning module ExampleDeviceProfileSelector (15)
[2016.04.07-16.26.32:988][793]LogModuleManager: Shutting down and abandoning module TextureCompressor (14)
[2016.04.07-16.26.32:988][793]LogModuleManager: Shutting down and abandoning module ShaderCore (13)
[2016.04.07-16.26.32:988][793]LogModuleManager: Shutting down and abandoning module Landscape (12)
[2016.04.07-16.26.32:988][793]LogModuleManager: Shutting down and abandoning module SlateRHIRenderer (11)
[2016.04.07-16.26.32:997][793]LogModuleManager: Shutting down and abandoning module OpenGLDrv (10)
[2016.04.07-16.26.32:998][793]LogModuleManager: Shutting down and abandoning module D3D11RHI (9)
[2016.04.07-16.26.32:998][793]LogModuleManager: Shutting down and abandoning module AnimGraphRuntime (8)
[2016.04.07-16.26.32:998][793]LogModuleManager: Shutting down and abandoning module Renderer (7)
[2016.04.07-16.26.32:998][793]LogModuleManager: Shutting down and abandoning module Engine (6)
[2016.04.07-16.26.32:998][793]LogModuleManager: Shutting down and abandoning module CoreUObject (5)
[2016.04.07-16.26.32:998][793]LogModuleManager: Shutting down and abandoning module NetworkFile (4)
[2016.04.07-16.26.32:999][793]LogModuleManager: Shutting down and abandoning module StreamingFile (3)
[2016.04.07-16.26.32:999][793]LogModuleManager: Shutting down and abandoning module SandboxFile (2)
[2016.04.07-16.26.32:999][793]LogModuleManager: Shutting down and abandoning module PakFile (1)
[2016.04.07-16.26.33:003][793]LogExit: Exiting.
[2016.04.07-16.26.33:009][793]Log file closed, 04/07/16 10:26:33
